2024-10-31 18:47:18,319 [INFO] Activator:176 - 


2024-10-31 18:47:18,328 [INFO] Activator:177 - !SESSION log4j initialized
2024-10-31 18:47:22,269 [INFO] LogOutputStream:77 - [STDOUT_REDIRECT] 
2024-10-31 18:47:23,110 [ERROR] LogOutputStream:75 - [STDERR_REDIRECT] 
2024-10-31 18:47:26,869 [INFO] LogOutputStream:77 - [STDOUT_REDIRECT] 
2024-10-31 18:47:31,678 [INFO] ApplicationProperties:184 - Using Application install path: /Applications/STM32CubeIDE.app/Contents/Eclipse/plugins/com.st.stm32cube.common.mx_6.12.1.202409122256
2024-10-31 18:47:31,701 [INFO] DbMcusXml:78 - Set database path to: /Applications/STM32CubeIDE.app/Contents/Eclipse/plugins/com.st.stm32cube.common.mx_6.12.1.202409122256//db//mcu/
2024-10-31 18:47:31,701 [INFO] ApiDb:274 - Set plugin database path to: /Applications/STM32CubeIDE.app/Contents/Eclipse/plugins/com.st.stm32cube.common.mx_6.12.1.202409122256//db//plugins/boardmanager/
2024-10-31 18:47:31,702 [WARN] ApiDb:259 - Overriding images path with different value:  => /Applications/STM32CubeIDE.app/Contents/Eclipse/plugins/com.st.stm32cube.common.mx_6.12.1.202409122256//db//plugins/mcufinder/images/
2024-10-31 18:47:31,709 [INFO] ApiDb:250 - Set database path to: /Users/apple/.stmcufinder/plugins/mcufinder//mcu/
2024-10-31 18:47:31,710 [INFO] DbMcusAds:125 - Set database path to: /Users/apple/.stmcufinder/plugins/mcufinder//mcu/
2024-10-31 18:47:31,713 [INFO] CrossReferenceDbSqlite:203 - Set database path to: /Users/apple/.stmcufinder/plugins/mcufinder//mcu/cs/
2024-10-31 18:47:31,930 [INFO] RulesReader:64 - Compatibility file has been processed (297 Rules)
2024-10-31 18:47:32,024 [INFO] DbMcusXml:78 - Set database path to: /Applications/STM32CubeIDE.app/Contents/Eclipse/plugins/com.st.stm32cube.common.mx_6.12.1.202409122256//db//mcu/
2024-10-31 18:47:32,025 [INFO] ApiDb:274 - Set plugin database path to: /Applications/STM32CubeIDE.app/Contents/Eclipse/plugins/com.st.stm32cube.common.mx_6.12.1.202409122256//db//plugins/boardmanager/
2024-10-31 18:47:32,025 [INFO] ApiDb:261 - Set plugin images path to: /Applications/STM32CubeIDE.app/Contents/Eclipse/plugins/com.st.stm32cube.common.mx_6.12.1.202409122256//db//plugins/mcufinder/images/
2024-10-31 18:47:32,025 [WARN] DbFile:41 - Overriding database path with different value: /Users/apple/.stmcufinder/plugins/mcufinder/ => /Users/apple/.stmcufinder/plugins/mcufinder
2024-10-31 18:47:32,025 [INFO] ApiDb:250 - Set database path to: /Users/apple/.stmcufinder/plugins/mcufinder//mcu/
2024-10-31 18:47:32,025 [WARN] DbFile:41 - Overriding database path with different value: /Users/apple/.stmcufinder/plugins/mcufinder/ => /Users/apple/.stmcufinder/plugins/mcufinder
2024-10-31 18:47:32,026 [INFO] DbMcusAds:125 - Set database path to: /Users/apple/.stmcufinder/plugins/mcufinder//mcu/
2024-10-31 18:47:32,026 [WARN] DbFile:41 - Overriding database path with different value: /Users/apple/.stmcufinder/plugins/mcufinder/ => /Users/apple/.stmcufinder/plugins/mcufinder
2024-10-31 18:47:32,026 [WARN] DbFile:41 - Overriding database path with different value: /Users/apple/.stmcufinder/plugins/mcufinder/ => /Users/apple/.stmcufinder/plugins/mcufinder
2024-10-31 18:47:32,026 [INFO] CrossReferenceDbSqlite:203 - Set database path to: /Users/apple/.stmcufinder/plugins/mcufinder//mcu/cs/
2024-10-31 18:47:32,139 [INFO] MainPanel:268 - HeapMemory: 268435456
2024-10-31 18:47:32,994 [INFO] DbMcusXml:78 - Set database path to: /Applications/STM32CubeIDE.app/Contents/Eclipse/plugins/com.st.stm32cube.common.mx_6.12.1.202409122256//db//mcu/
2024-10-31 18:47:32,994 [INFO] ApiDb:274 - Set plugin database path to: /Applications/STM32CubeIDE.app/Contents/Eclipse/plugins/com.st.stm32cube.common.mx_6.12.1.202409122256//db//plugins/boardmanager/
2024-10-31 18:47:32,994 [INFO] ApiDb:261 - Set plugin images path to: /Applications/STM32CubeIDE.app/Contents/Eclipse/plugins/com.st.stm32cube.common.mx_6.12.1.202409122256//db//plugins/mcufinder/images/
2024-10-31 18:47:32,995 [WARN] DbFile:41 - Overriding database path with different value: /Users/apple/.stmcufinder/plugins/mcufinder/ => /Users/apple/.stmcufinder/plugins/mcufinder
2024-10-31 18:47:32,995 [INFO] ApiDb:250 - Set database path to: /Users/apple/.stmcufinder/plugins/mcufinder//mcu/
2024-10-31 18:47:32,995 [WARN] DbFile:41 - Overriding database path with different value: /Users/apple/.stmcufinder/plugins/mcufinder/ => /Users/apple/.stmcufinder/plugins/mcufinder
2024-10-31 18:47:32,995 [INFO] DbMcusAds:125 - Set database path to: /Users/apple/.stmcufinder/plugins/mcufinder//mcu/
2024-10-31 18:47:32,995 [WARN] DbFile:41 - Overriding database path with different value: /Users/apple/.stmcufinder/plugins/mcufinder/ => /Users/apple/.stmcufinder/plugins/mcufinder
2024-10-31 18:47:32,996 [WARN] DbFile:41 - Overriding database path with different value: /Users/apple/.stmcufinder/plugins/mcufinder/ => /Users/apple/.stmcufinder/plugins/mcufinder
2024-10-31 18:47:32,996 [INFO] CrossReferenceDbSqlite:203 - Set database path to: /Users/apple/.stmcufinder/plugins/mcufinder//mcu/cs/
2024-10-31 18:47:33,027 [INFO] ApplicationProperties:184 - Using Application install path: /Applications/STM32CubeIDE.app/Contents/Eclipse/plugins/com.st.stm32cube.common.mx_6.12.1.202409122256
2024-10-31 18:47:33,029 [INFO] PluginManage:196 - Search for loadable plugins [exclusion list=, ]
2024-10-31 18:47:33,031 [INFO] PluginManage:310 - Check plugin analytics
2024-10-31 18:47:33,193 [ERROR] LogOutputStream:75 - [STDERR_REDIRECT] [Fatal Error] :2:10: DOCTYPE is disallowed when the feature "http://apache.org/xml/features/disallow-doctype-decl" set to true.
2024-10-31 18:47:33,194 [ERROR] LogOutputStream:75 - [STDERR_REDIRECT] 
2024-10-31 18:47:33,496 [INFO] AnalyticsPlugin:253 - Accepted Software Licenses: 
2024-10-31 18:47:33,499 [INFO] AnalyticsPlugin:255 - Accepted CMSIS Pack Licenses: 
2024-10-31 18:47:33,499 [INFO] AnalyticsPlugin:257 - Accepted Firmware Licenses: 
2024-10-31 18:47:33,547 [INFO] PluginManage:359 - Loaded plugin analytics (category:tool,tabindex:-1)
2024-10-31 18:47:33,549 [INFO] PluginManage:310 - Check plugin cadmodel
2024-10-31 18:47:33,579 [INFO] CADModel:105 - Init CAD model plugin
2024-10-31 18:47:33,579 [INFO] PluginManage:359 - Loaded plugin cadmodel (category:power,tabindex:5)
2024-10-31 18:47:33,580 [INFO] PluginManage:310 - Check plugin clock
2024-10-31 18:47:33,595 [INFO] PluginManage:359 - Loaded plugin clock (category:base,tabindex:2)
2024-10-31 18:47:33,596 [INFO] PluginManage:310 - Check plugin ddr
2024-10-31 18:47:33,598 [INFO] PluginManage:359 - Loaded plugin ddr (category:tool,tabindex:6)
2024-10-31 18:47:33,598 [INFO] PluginManage:310 - Check plugin filemanager
2024-10-31 18:47:33,844 [INFO] PluginManage:359 - Loaded plugin filemanager (category:base,tabindex:10)
2024-10-31 18:47:33,845 [INFO] PluginManage:310 - Check plugin ipmanager
2024-10-31 18:47:33,855 [INFO] PluginManage:359 - Loaded plugin ipmanager (category:base,tabindex:5)
2024-10-31 18:47:33,856 [INFO] PluginManage:310 - Check plugin lpbam
2024-10-31 18:47:33,866 [INFO] PluginManage:359 - Loaded plugin lpbam (category:base,tabindex:0)
2024-10-31 18:47:33,866 [INFO] PluginManage:310 - Check plugin memorymap
2024-10-31 18:47:33,879 [INFO] PluginManage:359 - Loaded plugin memorymap (category:base,tabindex:4)
2024-10-31 18:47:33,879 [INFO] PluginManage:310 - Check plugin pinoutandconfiguration
2024-10-31 18:47:33,888 [INFO] PluginManage:359 - Loaded plugin pinoutandconfiguration (category:base,tabindex:1)
2024-10-31 18:47:33,888 [INFO] PluginManage:310 - Check plugin pinoutconfig
2024-10-31 18:47:34,011 [WARN] SupportedApi:132 - Cannot load RTOS API schema: s4s-elt-must-match.1: The content of 'definitions' must match (annotation?, (simpleType | complexType)?, (unique | key | keyref)*)). A problem was found starting at: attribute.
2024-10-31 18:47:34,209 [INFO] PluginManage:359 - Loaded plugin pinoutconfig (category:base,tabindex:0)
2024-10-31 18:47:34,209 [INFO] PluginManage:310 - Check plugin power
2024-10-31 18:47:34,223 [INFO] PluginManage:359 - Loaded plugin power (category:power,tabindex:4)
2024-10-31 18:47:34,223 [INFO] PluginManage:310 - Check plugin projectmanager
2024-10-31 18:47:34,256 [INFO] PluginManage:359 - Loaded plugin projectmanager (category:projectmanager,tabindex:4)
2024-10-31 18:47:34,256 [INFO] PluginManage:310 - Check plugin rif
2024-10-31 18:47:34,263 [INFO] PluginManage:359 - Loaded plugin rif (category:base,tabindex:3)
2024-10-31 18:47:34,263 [INFO] PluginManage:310 - Check plugin thirdparty
2024-10-31 18:47:34,466 [INFO] PluginManage:359 - Loaded plugin thirdparty (category:base,tabindex:-1)
2024-10-31 18:47:34,466 [INFO] PluginManage:310 - Check plugin tools
2024-10-31 18:47:34,466 [WARN] IntegrityCheckThread:84 - waiting for thirdparty lock release [integrity check]
2024-10-31 18:47:34,468 [INFO] IntegrityCheckThread:86 - entering critical section [integrity check]
2024-10-31 18:47:34,470 [INFO] ThirdPartyUpdaterWithRetryManager:70 - Updater plugin not ready yet. [1/15]
2024-10-31 18:47:34,471 [INFO] PluginManage:359 - Loaded plugin tools (category:base,tabindex:7)
2024-10-31 18:47:34,471 [INFO] PluginManage:310 - Check plugin tutovideos
2024-10-31 18:47:34,795 [INFO] PluginManage:359 - Loaded plugin tutovideos (category:base,tabindex:-1)
2024-10-31 18:47:34,798 [INFO] PluginManage:310 - Check plugin updater
2024-10-31 18:47:34,883 [INFO] PluginManage:359 - Loaded plugin updater (category:base,tabindex:12)
2024-10-31 18:47:34,885 [INFO] PluginManage:310 - Check plugin userauth
2024-10-31 18:47:34,910 [INFO] UserAuth:113 - Init User Auth plugin
2024-10-31 18:47:34,911 [INFO] PluginManage:359 - Loaded plugin userauth (category:base,tabindex:14)
2024-10-31 18:47:34,914 [INFO] PluginManage:283 - PluginManage : Loaded plugins [18]
2024-10-31 18:47:35,451 [INFO] PinOutPanel:1561 - setPackage(No Configuration,No Configuration)
2024-10-31 18:47:35,571 [INFO] CADModel:165 - CPN selected for project level
2024-10-31 18:47:35,572 [INFO] CADModel:114 - Register for checkConnection events
2024-10-31 18:47:35,594 [INFO] IPUIPlugin:80 - create IPUIPlugin
2024-10-31 18:47:35,595 [INFO] PluginManager:220 - loadIPPluginJar : add mdma
2024-10-31 18:47:35,601 [INFO] IPUIPlugin:80 - create IPUIPlugin
2024-10-31 18:47:35,602 [INFO] PluginManager:220 - loadIPPluginJar : add freertos
2024-10-31 18:47:35,607 [INFO] IPUIPlugin:80 - create IPUIPlugin
2024-10-31 18:47:35,607 [INFO] PluginManager:220 - loadIPPluginJar : add gic
2024-10-31 18:47:35,617 [INFO] IPUIPlugin:80 - create IPUIPlugin
2024-10-31 18:47:35,617 [INFO] PluginManager:220 - loadIPPluginJar : add adc
2024-10-31 18:47:35,619 [INFO] IPUIPlugin:80 - create IPUIPlugin
2024-10-31 18:47:35,619 [INFO] PluginManager:220 - loadIPPluginJar : add gtzc
2024-10-31 18:47:35,620 [INFO] IPUIPlugin:80 - create IPUIPlugin
2024-10-31 18:47:35,620 [INFO] PluginManager:220 - loadIPPluginJar : add quadspi
2024-10-31 18:47:35,622 [INFO] IPUIPlugin:80 - create IPUIPlugin
2024-10-31 18:47:35,622 [INFO] PluginManager:220 - loadIPPluginJar : add aes
2024-10-31 18:47:35,624 [INFO] IPUIPlugin:80 - create IPUIPlugin
2024-10-31 18:47:35,624 [INFO] PluginManager:220 - loadIPPluginJar : add pdm2pcm
2024-10-31 18:47:35,626 [INFO] IPUIPlugin:80 - create IPUIPlugin
2024-10-31 18:47:35,626 [INFO] PluginManager:220 - loadIPPluginJar : add hash
2024-10-31 18:47:35,628 [INFO] IPUIPlugin:80 - create IPUIPlugin
2024-10-31 18:47:35,628 [INFO] PluginManager:220 - loadIPPluginJar : add tim
2024-10-31 18:47:35,629 [INFO] IPUIPlugin:80 - create IPUIPlugin
2024-10-31 18:47:35,629 [INFO] PluginManager:220 - loadIPPluginJar : add tsc
2024-10-31 18:47:35,632 [INFO] IPUIPlugin:80 - create IPUIPlugin
2024-10-31 18:47:35,632 [INFO] PluginManager:220 - loadIPPluginJar : add extmemmanager
2024-10-31 18:47:35,634 [INFO] IPUIPlugin:80 - create IPUIPlugin
2024-10-31 18:47:35,634 [INFO] PluginManager:220 - loadIPPluginJar : add ts
2024-10-31 18:47:35,635 [INFO] IPUIPlugin:80 - create IPUIPlugin
2024-10-31 18:47:35,635 [INFO] PluginManager:220 - loadIPPluginJar : add radio
2024-10-31 18:47:35,637 [INFO] IPUIPlugin:80 - create IPUIPlugin
2024-10-31 18:47:35,637 [INFO] PluginManager:220 - loadIPPluginJar : add can
2024-10-31 18:47:35,640 [INFO] IPUIPlugin:80 - create IPUIPlugin
2024-10-31 18:47:35,640 [INFO] PluginManager:220 - loadIPPluginJar : add dma3
2024-10-31 18:47:35,642 [INFO] IPUIPlugin:80 - create IPUIPlugin
2024-10-31 18:47:35,643 [INFO] PluginManager:220 - loadIPPluginJar : add dfsdm
2024-10-31 18:47:35,644 [INFO] IPUIPlugin:80 - create IPUIPlugin
2024-10-31 18:47:35,645 [INFO] PluginManager:220 - loadIPPluginJar : add spi
2024-10-31 18:47:35,647 [INFO] IPUIPlugin:80 - create IPUIPlugin
2024-10-31 18:47:35,647 [INFO] PluginManager:220 - loadIPPluginJar : add gfxmmu
2024-10-31 18:47:35,648 [INFO] IPUIPlugin:80 - create IPUIPlugin
2024-10-31 18:47:35,648 [INFO] PluginManager:220 - loadIPPluginJar : add genericplugin
2024-10-31 18:47:35,650 [INFO] IPUIPlugin:80 - create IPUIPlugin
2024-10-31 18:47:35,650 [INFO] PluginManager:220 - loadIPPluginJar : add cryp
2024-10-31 18:47:35,653 [INFO] IPUIPlugin:80 - create IPUIPlugin
2024-10-31 18:47:35,653 [INFO] PluginManager:220 - loadIPPluginJar : add gpio
2024-10-31 18:47:35,656 [INFO] IPUIPlugin:80 - create IPUIPlugin
2024-10-31 18:47:35,656 [INFO] PluginManager:220 - loadIPPluginJar : add ddr_ctrl_phy
2024-10-31 18:47:35,657 [INFO] IPUIPlugin:80 - create IPUIPlugin
2024-10-31 18:47:35,658 [INFO] PluginManager:220 - loadIPPluginJar : add comp
2024-10-31 18:47:35,661 [INFO] IPUIPlugin:80 - create IPUIPlugin
2024-10-31 18:47:35,661 [INFO] PluginManager:220 - loadIPPluginJar : add tracer_emb
2024-10-31 18:47:35,663 [INFO] IPUIPlugin:80 - create IPUIPlugin
2024-10-31 18:47:35,663 [INFO] PluginManager:220 - loadIPPluginJar : add openamp
2024-10-31 18:47:35,667 [INFO] IPUIPlugin:80 - create IPUIPlugin
2024-10-31 18:47:35,667 [INFO] PluginManager:220 - loadIPPluginJar : add stm32_wpan
2024-10-31 18:47:35,672 [INFO] IPUIPlugin:80 - create IPUIPlugin
2024-10-31 18:47:35,677 [INFO] PluginManager:220 - loadIPPluginJar : add plateformsettings
2024-10-31 18:47:35,680 [INFO] IPUIPlugin:80 - create IPUIPlugin
2024-10-31 18:47:35,680 [INFO] PluginManager:220 - loadIPPluginJar : add ipddr
2024-10-31 18:47:35,682 [INFO] IPUIPlugin:80 - create IPUIPlugin
2024-10-31 18:47:35,682 [INFO] PluginManager:220 - loadIPPluginJar : add usart
2024-10-31 18:47:35,683 [INFO] IPUIPlugin:80 - create IPUIPlugin
2024-10-31 18:47:35,683 [INFO] PluginManager:220 - loadIPPluginJar : add ltdc
2024-10-31 18:47:35,685 [INFO] IPUIPlugin:80 - create IPUIPlugin
2024-10-31 18:47:35,686 [INFO] PluginManager:220 - loadIPPluginJar : add nvic
2024-10-31 18:47:35,687 [INFO] IPUIPlugin:80 - create IPUIPlugin
2024-10-31 18:47:35,687 [INFO] PluginManager:220 - loadIPPluginJar : add fatfs
2024-10-31 18:47:35,697 [INFO] IPUIPlugin:80 - create IPUIPlugin
2024-10-31 18:47:35,697 [INFO] PluginManager:220 - loadIPPluginJar : add linkedlist
2024-10-31 18:47:35,703 [INFO] IPUIPlugin:80 - create IPUIPlugin
2024-10-31 18:47:35,703 [INFO] PluginManager:220 - loadIPPluginJar : add dma
2024-10-31 18:47:35,708 [INFO] IPUIPlugin:80 - create IPUIPlugin
2024-10-31 18:47:35,708 [INFO] PluginManager:220 - loadIPPluginJar : add fmc
2024-10-31 18:47:35,710 [INFO] IPUIPlugin:80 - create IPUIPlugin
2024-10-31 18:47:35,710 [INFO] PluginManager:220 - loadIPPluginJar : add i2s
2024-10-31 18:47:35,712 [INFO] IPUIPlugin:80 - create IPUIPlugin
2024-10-31 18:47:35,712 [INFO] PluginManager:220 - loadIPPluginJar : add ucpd
2024-10-31 18:47:35,714 [INFO] IPUIPlugin:80 - create IPUIPlugin
2024-10-31 18:47:35,715 [INFO] PluginManager:220 - loadIPPluginJar : add lorawan
2024-10-31 18:47:35,716 [INFO] IPUIPlugin:80 - create IPUIPlugin
2024-10-31 18:47:35,717 [INFO] PluginManager:220 - loadIPPluginJar : add opamp
2024-10-31 18:47:35,720 [INFO] IPUIPlugin:80 - create IPUIPlugin
2024-10-31 18:47:35,720 [INFO] PluginManager:220 - loadIPPluginJar : add i3c
2024-10-31 18:47:35,722 [INFO] IPUIPlugin:80 - create IPUIPlugin
2024-10-31 18:47:35,722 [INFO] PluginManager:220 - loadIPPluginJar : add touchsensing
2024-10-31 18:47:35,726 [INFO] IPUIPlugin:80 - create IPUIPlugin
2024-10-31 18:47:35,726 [INFO] PluginManager:220 - loadIPPluginJar : add i2c
2024-10-31 18:47:35,730 [INFO] IPUIPlugin:80 - create IPUIPlugin
2024-10-31 18:47:35,730 [INFO] PluginManager:220 - loadIPPluginJar : add resmgrutility
2024-10-31 18:47:35,732 [INFO] IPUIPlugin:80 - create IPUIPlugin
2024-10-31 18:47:35,732 [INFO] PluginManager:220 - loadIPPluginJar : add sai
2024-10-31 18:47:35,734 [INFO] IPUIPlugin:80 - create IPUIPlugin
2024-10-31 18:47:35,734 [INFO] PluginManager:220 - loadIPPluginJar : add usbx
2024-10-31 18:47:35,876 [INFO] CADModel:165 - CPN selected for project level
2024-10-31 18:47:35,877 [INFO] CADModel:114 - Register for checkConnection events
2024-10-31 18:47:35,878 [FATAL] Updater:334 - Updater called before beeing initialized
2024-10-31 18:47:35,879 [ERROR] CADModel:125 - Updater not yet initialized, retry later 
2024-10-31 18:47:36,190 [INFO] CADModel:165 - CPN selected for project level
2024-10-31 18:47:36,191 [INFO] CADModel:114 - Register for checkConnection events
2024-10-31 18:47:36,191 [FATAL] Updater:334 - Updater called before beeing initialized
2024-10-31 18:47:36,191 [ERROR] CADModel:125 - Updater not yet initialized, retry later 
2024-10-31 18:47:36,195 [FATAL] Updater:334 - Updater called before beeing initialized
2024-10-31 18:47:36,427 [FATAL] Updater:334 - Updater called before beeing initialized
2024-10-31 18:47:36,433 [INFO] DbMcusAds:53 - JSON generation date=Mon Sep 16 11:40:22 ART 2024 (1726497622318)
2024-10-31 18:47:36,434 [FATAL] Updater:334 - Updater called before beeing initialized
2024-10-31 18:47:36,538 [WARN] DetailPanel:346 - Failed to get advertising image, set to default
2024-10-31 18:47:36,681 [FATAL] Updater:334 - Updater called before beeing initialized
2024-10-31 18:47:36,685 [FATAL] Updater:334 - Updater called before beeing initialized
2024-10-31 18:47:36,685 [FATAL] Updater:334 - Updater called before beeing initialized
2024-10-31 18:47:36,685 [WARN] DetailPanel:346 - Failed to get advertising image, set to default
2024-10-31 18:47:36,689 [FATAL] Updater:334 - Updater called before beeing initialized
2024-10-31 18:47:36,798 [ERROR] Updater:1164 - MainUpdater not yet initialized. External WinMGr cannot be set.
2024-10-31 18:47:36,808 [INFO] Updater:1100 - Updater Version found : 6.12.1
2024-10-31 18:47:36,828 [INFO] ApplicationProperties:184 - Using Application install path: /Applications/STM32CubeIDE.app/Contents/Eclipse/plugins/com.st.stm32cube.common.mx_6.12.1.202409122256
2024-10-31 18:47:37,298 [INFO] MainUpdater:2873 - connection check result : 10
2024-10-31 18:47:37,299 [INFO] MainUpdater:290 - Updater Check For Update Now.
2024-10-31 18:47:37,300 [INFO] MicroXplorer:498 - Change Database Version : DB.6.0.121
2024-10-31 18:47:37,309 [INFO] McuFinderGlobals:63 - Set McuFinder mode to 2 (CubeIDE integrated)
2024-10-31 18:47:37,309 [INFO] UserAuth:179 - activating auth plugin
2024-10-31 18:47:37,331 [INFO] UserAuth:417 - Internet connection configuration mode: 1
2024-10-31 18:47:37,352 [INFO] JxBrowserEngine:152 - Initiate JxBrowser Engine with user profile folder
2024-10-31 18:47:37,476 [WARN] MainUpdater:1194 - Updater busy. Cannot search thirdparties
2024-10-31 18:47:37,477 [INFO] ThirdPartyUpdaterWithRetryManager:96 - Updater plugin is busy. [1/15]
2024-10-31 18:47:37,665 [INFO] CheckServerUpdateThread:120 - End of CheckServer Thread
2024-10-31 18:47:40,846 [WARN] PackLoader:240 - Cannot read IP mode file for STMicroelectronics.FP-SNS-MOTENVWB1.1.4.0
2024-10-31 18:47:40,910 [WARN] PackLoader:240 - Cannot read IP mode file for STMicroelectronics.X-CUBE-SMBUS.2.1.0
2024-10-31 18:47:40,957 [WARN] PackLoader:240 - Cannot read IP mode file for STMicroelectronics.X-CUBE-WB05N.1.1.0
2024-10-31 18:47:41,181 [WARN] PackLoader:240 - Cannot read IP mode file for STMicroelectronics.X-CUBE-AZRTOS-F7.1.1.0
2024-10-31 18:47:41,809 [WARN] PackLoader:240 - Cannot read IP mode file for STMicroelectronics.X-CUBE-MEMS1.11.0.0
2024-10-31 18:47:42,653 [WARN] PackLoader:240 - Cannot read IP mode file for STMicroelectronics.FP-SNS-FLIGHT1.5.0.2
2024-10-31 18:47:42,941 [WARN] PackLoader:240 - Cannot read IP mode file for STMicroelectronics.X-CUBE-DISPLAY.3.0.0
2024-10-31 18:47:43,029 [WARN] PackLoader:240 - Cannot read IP mode file for STMicroelectronics.X-CUBE-BLE1.7.0.0
2024-10-31 18:47:43,360 [WARN] PackLoader:240 - Cannot read IP mode file for STMicroelectronics.X-CUBE-NFC10.1.0.0
2024-10-31 18:47:43,524 [WARN] PackLoader:240 - Cannot read IP mode file for emotas.I-CUBE-CANOPEN.1.3.0
2024-10-31 18:47:43,861 [WARN] PackLoader:240 - Cannot read IP mode file for STMicroelectronics.X-CUBE-BLEMGR.3.1.0
2024-10-31 18:47:43,956 [WARN] PackLoader:240 - Cannot read IP mode file for STMicroelectronics.FP-SNS-SMARTAG2.1.2.0
2024-10-31 18:47:44,011 [INFO] LogOutputStream:77 - [STDOUT_REDIRECT] 1 : Invalid condition id : UX_CORESTACK_Condition cause : null
2024-10-31 18:47:44,022 [INFO] LogOutputStream:77 - [STDOUT_REDIRECT] 1 : Invalid condition id : UX_CORESTACK_Condition cause : null
2024-10-31 18:47:44,027 [INFO] LogOutputStream:77 - [STDOUT_REDIRECT] 1 : Invalid condition id : UX_CORESTACK_Condition cause : null
2024-10-31 18:47:44,032 [INFO] LogOutputStream:77 - [STDOUT_REDIRECT] 1 : Invalid condition id : UX_CORESTACK_Condition cause : null
2024-10-31 18:47:44,034 [INFO] LogOutputStream:77 - [STDOUT_REDIRECT] 1 : Invalid condition id : UX_CORESTACK_Condition cause : null
2024-10-31 18:47:44,087 [WARN] PackLoader:240 - Cannot read IP mode file for STMicroelectronics.X-CUBE-AZRTOS-WL.2.0.0
2024-10-31 18:47:44,141 [WARN] PackLoader:240 - Cannot read IP mode file for STMicroelectronics.FP-SNS-MOTENV1.5.0.0
2024-10-31 18:47:44,167 [WARN] PackLoader:240 - Cannot read IP mode file for wolfSSL.I-CUBE-wolfMQTT.1.19.0
2024-10-31 18:47:44,219 [WARN] PackLoader:240 - Cannot read IP mode file for WES.I-CUBE-Cesium.1.3.0
2024-10-31 18:47:44,244 [WARN] PackLoader:240 - Cannot read IP mode file for STMicroelectronics.X-CUBE-BLE2.3.3.0
2024-10-31 18:47:44,277 [WARN] PackLoader:240 - Cannot read IP mode file for STMicroelectronics.X-CUBE-NFC9.1.0.0
2024-10-31 18:47:44,317 [WARN] PackLoader:240 - Cannot read IP mode file for STMicroelectronics.X-CUBE-TCPP.4.1.0
2024-10-31 18:47:44,448 [WARN] PackLoader:240 - Cannot read IP mode file for STMicroelectronics.X-CUBE-AZRTOS-G0.1.1.0
2024-10-31 18:47:44,494 [WARN] PackLoader:240 - Cannot read IP mode file for STMicroelectronics.X-CUBE-SAFEA1.1.2.2
2024-10-31 18:47:44,502 [INFO] WebApp:167 - Instantiating new browser for Auth
2024-10-31 18:47:44,689 [WARN] PackLoader:240 - Cannot read IP mode file for STMicroelectronics.X-CUBE-NFC4.3.0.0
2024-10-31 18:47:44,779 [WARN] PackLoader:240 - Cannot read IP mode file for EmbeddedOffice.I-CUBE-FS-RTOS.1.0.1
2024-10-31 18:47:44,781 [ERROR] ConditionMgr:805 - Attr not supported : Dmpu
2024-10-31 18:47:44,784 [ERROR] ConditionMgr:805 - Attr not supported : Dmpu
2024-10-31 18:47:44,788 [ERROR] ConditionMgr:805 - Attr not supported : Dmpu
2024-10-31 18:47:44,789 [ERROR] ConditionMgr:805 - Attr not supported : Dmpu
2024-10-31 18:47:44,790 [ERROR] ConditionMgr:805 - Attr not supported : Dmpu
2024-10-31 18:47:44,790 [ERROR] ConditionMgr:805 - Attr not supported : Dmpu
2024-10-31 18:47:44,790 [ERROR] ConditionMgr:805 - Attr not supported : Dmpu
2024-10-31 18:47:44,790 [ERROR] ConditionMgr:805 - Attr not supported : Dmpu
2024-10-31 18:47:44,790 [ERROR] ConditionMgr:805 - Attr not supported : Dmpu
2024-10-31 18:47:44,791 [ERROR] ConditionMgr:805 - Attr not supported : Dmpu
2024-10-31 18:47:44,791 [ERROR] ConditionMgr:805 - Attr not supported : Dmpu
2024-10-31 18:47:44,791 [ERROR] ConditionMgr:805 - Attr not supported : Dmpu
2024-10-31 18:47:44,793 [ERROR] ConditionMgr:805 - Attr not supported : Dmpu
2024-10-31 18:47:44,797 [ERROR] ConditionMgr:805 - Attr not supported : Dmpu
2024-10-31 18:47:44,799 [ERROR] ConditionMgr:805 - Attr not supported : Dmpu
2024-10-31 18:47:44,800 [ERROR] ConditionMgr:805 - Attr not supported : Dmpu
2024-10-31 18:47:44,800 [ERROR] ConditionMgr:805 - Attr not supported : Dmpu
2024-10-31 18:47:44,801 [ERROR] ConditionMgr:805 - Attr not supported : Dmpu
2024-10-31 18:47:44,801 [ERROR] ConditionMgr:805 - Attr not supported : Dmpu
2024-10-31 18:47:44,803 [ERROR] ConditionMgr:805 - Attr not supported : Dmpu
2024-10-31 18:47:44,804 [ERROR] ConditionMgr:805 - Attr not supported : Dmpu
2024-10-31 18:47:44,807 [ERROR] ConditionMgr:805 - Attr not supported : Dmpu
2024-10-31 18:47:44,808 [ERROR] ConditionMgr:805 - Attr not supported : Dmpu
2024-10-31 18:47:44,808 [ERROR] ConditionMgr:805 - Attr not supported : Dmpu
2024-10-31 18:47:44,809 [ERROR] ConditionMgr:805 - Attr not supported : Dmpu
2024-10-31 18:47:44,810 [ERROR] ConditionMgr:805 - Attr not supported : Dmpu
2024-10-31 18:47:44,810 [ERROR] ConditionMgr:805 - Attr not supported : Dmpu
2024-10-31 18:47:44,811 [ERROR] ConditionMgr:805 - Attr not supported : Dmpu
2024-10-31 18:47:44,812 [ERROR] ConditionMgr:805 - Attr not supported : Dmpu
2024-10-31 18:47:44,812 [ERROR] ConditionMgr:805 - Attr not supported : Dmpu
2024-10-31 18:47:44,812 [ERROR] ConditionMgr:805 - Attr not supported : Dmpu
2024-10-31 18:47:44,813 [ERROR] ConditionMgr:805 - Attr not supported : Dmpu
2024-10-31 18:47:44,814 [ERROR] ConditionMgr:805 - Attr not supported : Dmpu
2024-10-31 18:47:44,815 [ERROR] ConditionMgr:805 - Attr not supported : Dmpu
2024-10-31 18:47:44,816 [ERROR] ConditionMgr:805 - Attr not supported : Dmpu
2024-10-31 18:47:44,818 [ERROR] ConditionMgr:805 - Attr not supported : Dmpu
2024-10-31 18:47:44,830 [ERROR] ConditionMgr:805 - Attr not supported : Dmpu
2024-10-31 18:47:44,833 [ERROR] ConditionMgr:805 - Attr not supported : Dmpu
2024-10-31 18:47:44,833 [ERROR] ConditionMgr:805 - Attr not supported : Dmpu
2024-10-31 18:47:44,834 [ERROR] ConditionMgr:805 - Attr not supported : Dmpu
2024-10-31 18:47:44,834 [ERROR] ConditionMgr:805 - Attr not supported : Dmpu
2024-10-31 18:47:44,834 [ERROR] ConditionMgr:805 - Attr not supported : Dmpu
2024-10-31 18:47:44,834 [ERROR] ConditionMgr:805 - Attr not supported : Dmpu
2024-10-31 18:47:44,834 [ERROR] ConditionMgr:805 - Attr not supported : Dmpu
2024-10-31 18:47:44,834 [ERROR] ConditionMgr:805 - Attr not supported : Dmpu
2024-10-31 18:47:44,834 [ERROR] ConditionMgr:805 - Attr not supported : Dmpu
2024-10-31 18:47:44,834 [ERROR] ConditionMgr:805 - Attr not supported : Dmpu
2024-10-31 18:47:44,834 [ERROR] ConditionMgr:805 - Attr not supported : Dmpu
2024-10-31 18:47:44,835 [ERROR] ConditionMgr:805 - Attr not supported : Dmpu
2024-10-31 18:47:44,835 [ERROR] ConditionMgr:805 - Attr not supported : Dmpu
2024-10-31 18:47:44,836 [ERROR] ConditionMgr:805 - Attr not supported : Dmpu
2024-10-31 18:47:44,837 [ERROR] ConditionMgr:805 - Attr not supported : Dmpu
2024-10-31 18:47:44,838 [ERROR] ConditionMgr:805 - Attr not supported : Dmpu
2024-10-31 18:47:44,839 [ERROR] ConditionMgr:805 - Attr not supported : Dmpu
2024-10-31 18:47:44,841 [ERROR] ConditionMgr:805 - Attr not supported : Dmpu
2024-10-31 18:47:44,841 [ERROR] ConditionMgr:805 - Attr not supported : Dmpu
2024-10-31 18:47:44,841 [ERROR] ConditionMgr:805 - Attr not supported : Dmpu
2024-10-31 18:47:44,841 [ERROR] ConditionMgr:805 - Attr not supported : Dmpu
2024-10-31 18:47:44,842 [ERROR] ConditionMgr:805 - Attr not supported : Dmpu
2024-10-31 18:47:44,842 [ERROR] ConditionMgr:805 - Attr not supported : Dmpu
2024-10-31 18:47:44,842 [ERROR] ConditionMgr:805 - Attr not supported : Dmpu
2024-10-31 18:47:44,842 [ERROR] ConditionMgr:805 - Attr not supported : Dmpu
2024-10-31 18:47:44,842 [ERROR] ConditionMgr:805 - Attr not supported : Dmpu
2024-10-31 18:47:44,842 [ERROR] ConditionMgr:805 - Attr not supported : Dmpu
2024-10-31 18:47:44,866 [WARN] PackLoader:240 - Cannot read IP mode file for RealThread.X-CUBE-RT-Thread_Nano.4.1.1
2024-10-31 18:47:44,878 [WARN] PackLoader:240 - Cannot read IP mode file for STMicroelectronics.FP-ATR-SIGFOX1.3.2.0
2024-10-31 18:47:44,897 [WARN] PackLoader:240 - Cannot read IP mode file for wolfSSL.I-CUBE-wolfSSL.5.7.2
2024-10-31 18:47:44,917 [WARN] PackLoader:240 - Cannot read IP mode file for STMicroelectronics.X-CUBE-EEPRMA1.5.1.0
2024-10-31 18:47:44,941 [WARN] PackLoader:240 - Cannot read IP mode file for ITTIA_DB.I-CUBE-ITTIADB.8.9.0
2024-10-31 18:47:45,118 [WARN] PackLoader:240 - Cannot read IP mode file for SEGGER.I-CUBE-embOS.1.3.1
2024-10-31 18:47:45,466 [WARN] PackLoader:240 - Cannot read IP mode file for STMicroelectronics.X-CUBE-ALGOBUILD.1.4.0
2024-10-31 18:47:45,502 [WARN] PackLoader:240 - Cannot read IP mode file for STMicroelectronics.X-CUBE-AI.9.1.0
2024-10-31 18:47:45,569 [WARN] PackLoader:240 - Cannot read IP mode file for STMicroelectronics.X-CUBE-AZRTOS-F4.1.1.0
2024-10-31 18:47:45,641 [WARN] PackLoader:240 - Cannot read IP mode file for STMicroelectronics.X-CUBE-ISPU.2.1.0
2024-10-31 18:47:45,706 [WARN] PackLoader:240 - Cannot read IP mode file for STMicroelectronics.X-CUBE-FREERTOS.1.2.0
2024-10-31 18:47:45,784 [WARN] PackLoader:240 - Cannot read IP mode file for STMicroelectronics.X-CUBE-AZRTOS-L5.2.0.0
2024-10-31 18:47:45,824 [WARN] PackLoader:240 - Cannot read IP mode file for STMicroelectronics.X-CUBE-NFC6.3.1.0
2024-10-31 18:47:45,870 [WARN] PackLoader:240 - Cannot read IP mode file for STMicroelectronics.X-CUBE-DPower.1.2.0
2024-10-31 18:47:45,882 [WARN] PackLoader:240 - Cannot read IP mode file for STMicroelectronics.X-CUBE-AI.9.0.0
2024-10-31 18:47:45,897 [WARN] PackLoader:240 - Cannot read IP mode file for STMicroelectronics.X-CUBE-NFC7.1.0.1
2024-10-31 18:47:45,974 [WARN] ConditionMgr:438 - getConditionDescription Invalid condition id : LAN8742 Phy interface Condition cause : null
2024-10-31 18:47:45,978 [WARN] PackLoader:240 - Cannot read IP mode file for STMicroelectronics.X-CUBE-AZRTOS-L4.2.0.0
2024-10-31 18:47:45,987 [WARN] ConditionMgr:1039 - genDependencies : Invalid condition id : LAN8742 Phy interface Condition cause : null
2024-10-31 18:47:45,989 [WARN] ConditionMgr:1039 - genDependencies : Invalid condition id : LAN8742 Phy interface Condition cause : null
2024-10-31 18:47:45,992 [WARN] ConditionMgr:1039 - genDependencies : Invalid condition id : LAN8742 Phy interface Condition cause : null
2024-10-31 18:47:46,043 [WARN] PackLoader:240 - Cannot read IP mode file for STMicroelectronics.X-CUBE-SFXS2LP1.4.0.0
2024-10-31 18:47:46,113 [WARN] PackLoader:240 - Cannot read IP mode file for STMicroelectronics.X-CUBE-AZRTOS-H7.3.3.0
2024-10-31 18:47:46,178 [WARN] PackLoader:240 - Cannot read IP mode file for STMicroelectronics.X-CUBE-IPS.3.0.0
2024-10-31 18:47:46,244 [WARN] ConditionMgr:438 - getConditionDescription Invalid condition id : UX DEVICE CLASS RTOS Condition cause : null
2024-10-31 18:47:46,245 [WARN] ConditionMgr:438 - getConditionDescription Invalid condition id : UX DEVICE CLASS RTOS Condition cause : null
2024-10-31 18:47:46,256 [WARN] PackLoader:240 - Cannot read IP mode file for STMicroelectronics.X-CUBE-AZRTOS-WB.2.0.0
2024-10-31 18:47:46,258 [WARN] ConditionMgr:1039 - genDependencies : Invalid condition id : UX DEVICE CLASS RTOS Condition cause : null
2024-10-31 18:47:46,259 [WARN] ConditionMgr:1039 - genDependencies : Invalid condition id : UX DEVICE CLASS RTOS Condition cause : null
2024-10-31 18:47:46,260 [WARN] ConditionMgr:1039 - genDependencies : Invalid condition id : UX DEVICE CLASS RTOS Condition cause : null
2024-10-31 18:47:46,261 [WARN] ConditionMgr:1039 - genDependencies : Invalid condition id : UX DEVICE CLASS RTOS Condition cause : null
2024-10-31 18:47:46,262 [WARN] ConditionMgr:1039 - genDependencies : Invalid condition id : UX DEVICE CLASS RTOS Condition cause : null
2024-10-31 18:47:46,277 [WARN] PackLoader:240 - Cannot read IP mode file for STMicroelectronics.X-CUBE-GNSS1.7.0.0
2024-10-31 18:47:46,324 [WARN] PackLoader:240 - Cannot read IP mode file for STMicroelectronics.FP-SNS-STBOX1.2.0.0
2024-10-31 18:47:46,377 [WARN] PackLoader:240 - Cannot read IP mode file for STMicroelectronics.X-CUBE-SUBG2.5.0.0
2024-10-31 18:47:46,410 [WARN] PackLoader:240 - Cannot read IP mode file for Cesanta.I-CUBE-Mongoose.7.13.0
2024-10-31 18:47:46,474 [WARN] PackLoader:240 - Cannot read IP mode file for STMicroelectronics.X-CUBE-AZRTOS-G4.2.0.0
2024-10-31 18:47:46,495 [WARN] PackLoader:240 - Cannot read IP mode file for STMicroelectronics.X-CUBE-ALS.1.0.2
2024-10-31 18:47:46,514 [WARN] PackLoader:240 - Cannot read IP mode file for STMicroelectronics.X-CUBE-TOUCHGFX.4.24.0
2024-10-31 18:47:46,520 [WARN] PackLoader:240 - Cannot read IP mode file for STMicroelectronics.X-CUBE-TOUCHGFX.4.24.1
2024-10-31 18:47:46,527 [WARN] PackLoader:240 - Cannot read IP mode file for wolfSSL.I-CUBE-wolfTPM.3.4.0
2024-10-31 18:47:46,540 [WARN] PackLoader:240 - Cannot read IP mode file for portGmbH.I-Cube-SoM-uGOAL.1.1.0
2024-10-31 18:47:46,606 [WARN] PackLoader:240 - Cannot read IP mode file for STMicroelectronics.X-CUBE-AZRTOS-H7RS.1.0.0
2024-10-31 18:47:46,631 [WARN] PackLoader:240 - Cannot read IP mode file for STMicroelectronics.FP-ATR-ASTRA1.2.0.0
2024-10-31 18:47:46,668 [WARN] PackLoader:240 - Cannot read IP mode file for STMicroelectronics.X-CUBE-TOF1.3.4.2
2024-10-31 18:47:46,796 [WARN] PackLoader:240 - Cannot read IP mode file for Infineon.AIROC-Wi-Fi-Bluetooth-STM32.1.6.1
2024-10-31 18:47:46,848 [WARN] PackLoader:240 - Cannot read IP mode file for wolfSSL.I-CUBE-wolfSSH.1.4.17
2024-10-31 18:47:46,851 [INFO] ThirdParty:978 - Integrity check success = true
2024-10-31 18:47:46,851 [INFO] IntegrityCheckThread:100 - exiting critical section [integrity check]
2024-10-31 18:47:46,852 [INFO] IntegrityCheckThread:103 - End integrity checks thread
2024-10-31 18:47:48,344 [INFO] WebApp:448 - Apply proxy settings
2024-10-31 18:47:48,369 [INFO] WebApp:493 - Chromium authenticates against Manually configured proxy
2024-10-31 18:47:48,411 [INFO] WebApp:501 - Username used for proxy authentication: 
2024-10-31 18:47:48,533 [INFO] WebApp:869 - Register for checkConnection events
2024-10-31 18:47:48,534 [INFO] WebApp:448 - Apply proxy settings
2024-10-31 18:47:48,538 [INFO] WebApp:493 - Chromium authenticates against Manually configured proxy
2024-10-31 18:47:48,541 [INFO] WebApp:501 - Username used for proxy authentication: 
2024-10-31 18:47:48,869 [INFO] WebApp:220 - Starting web application
2024-10-31 18:47:48,870 [INFO] WebApp:578 - Web application path used /Applications/STM32CubeIDE.app/Contents/Eclipse/plugins/com.st.stm32cube.common.mx_6.12.1.202409122256/db/plugins/mcufinder/reactClient1/index.html
2024-10-31 18:47:49,708 [INFO] WebApp:186 - Connection restablished
2024-10-31 19:22:00,811 [ERROR] LogOutputStream:75 - [STDERR_REDIRECT] 
