19:18:17 **** Incremental Build of configuration Debug for project BLUEPILL ****
make -j7 all 
arm-none-eabi-gcc "../Core/Src/main.c" -mcpu=cortex-m3 -std=gnu11 -g3 -DDEBUG -DUSE_HAL_DRIVER -DSTM32F103xB -c -I../Core/Inc -I../Drivers/STM32F1xx_HAL_Driver/Inc/Legacy -I../Drivers/STM32F1xx_HAL_Driver/Inc -I../Drivers/CMSIS/Device/ST/STM32F1xx/Include -I../Drivers/CMSIS/Include -O0 -ffunction-sections -fdata-sections -Wall -fstack-usage -fcyclomatic-complexity -MMD -MP -MF"Core/Src/main.d" -MT"Core/Src/main.o" --specs=nano.specs -mfloat-abi=soft -mthumb -o "Core/Src/main.o"
In file included from ../Core/Inc/stm32f1xx_hal_conf.h:334,
                 from ../Drivers/STM32F1xx_HAL_Driver/Inc/stm32f1xx_hal.h:29,
                 from ../Core/Inc/main.h:30,
                 from ../Core/Src/main.c:20:
../Core/Src/main.c: In function 'mppt':
../Drivers/STM32F1xx_HAL_Driver/Inc/stm32f1xx_hal_tim.h:1395:69: warning: assignment to 'uint32_t' {aka 'long unsigned int'} from 'int *' makes integer from pointer without a cast [-Wint-conversion]
 1395 |   (((__CHANNEL__) == TIM_CHANNEL_1) ? ((__HANDLE__)->Instance->CCR1 = (__COMPARE__)) :\
      |                                                                     ^
../Core/Src/main.c:96:5: note: in expansion of macro '__HAL_TIM_SET_COMPARE'
   96 |     __HAL_TIM_SET_COMPARE(&htim1, TIM_CHANNEL_1, dutyCycle);                  // Actualizar el PWM con el nuevo Duty Cycle
      |     ^~~~~~~~~~~~~~~~~~~~~
../Drivers/STM32F1xx_HAL_Driver/Inc/stm32f1xx_hal_tim.h:1396:69: warning: assignment to 'uint32_t' {aka 'long unsigned int'} from 'int *' makes integer from pointer without a cast [-Wint-conversion]
 1396 |    ((__CHANNEL__) == TIM_CHANNEL_2) ? ((__HANDLE__)->Instance->CCR2 = (__COMPARE__)) :\
      |                                                                     ^
../Core/Src/main.c:96:5: note: in expansion of macro '__HAL_TIM_SET_COMPARE'
   96 |     __HAL_TIM_SET_COMPARE(&htim1, TIM_CHANNEL_1, dutyCycle);                  // Actualizar el PWM con el nuevo Duty Cycle
      |     ^~~~~~~~~~~~~~~~~~~~~
../Drivers/STM32F1xx_HAL_Driver/Inc/stm32f1xx_hal_tim.h:1397:69: warning: assignment to 'uint32_t' {aka 'long unsigned int'} from 'int *' makes integer from pointer without a cast [-Wint-conversion]
 1397 |    ((__CHANNEL__) == TIM_CHANNEL_3) ? ((__HANDLE__)->Instance->CCR3 = (__COMPARE__)) :\
      |                                                                     ^
../Core/Src/main.c:96:5: note: in expansion of macro '__HAL_TIM_SET_COMPARE'
   96 |     __HAL_TIM_SET_COMPARE(&htim1, TIM_CHANNEL_1, dutyCycle);                  // Actualizar el PWM con el nuevo Duty Cycle
      |     ^~~~~~~~~~~~~~~~~~~~~
../Drivers/STM32F1xx_HAL_Driver/Inc/stm32f1xx_hal_tim.h:1398:34: warning: assignment to 'uint32_t' {aka 'long unsigned int'} from 'int *' makes integer from pointer without a cast [-Wint-conversion]
 1398 |    ((__HANDLE__)->Instance->CCR4 = (__COMPARE__)))
      |                                  ^
../Core/Src/main.c:96:5: note: in expansion of macro '__HAL_TIM_SET_COMPARE'
   96 |     __HAL_TIM_SET_COMPARE(&htim1, TIM_CHANNEL_1, dutyCycle);                  // Actualizar el PWM con el nuevo Duty Cycle
      |     ^~~~~~~~~~~~~~~~~~~~~
../Core/Src/main.c: In function 'main':
../Core/Src/main.c:163:53: warning: implicit declaration of function 'strlen' [-Wimplicit-function-declaration]
  163 |       HAL_UART_Transmit(&huart1, (uint8_t *)buffer, strlen(buffer), HAL_MAX_DELAY);
      |                                                     ^~~~~~
../Core/Src/main.c:29:1: note: include '<string.h>' or provide a declaration of 'strlen'
   28 | #include <stdio.h>
  +++ |+#include <string.h>
   29 | 
../Core/Src/main.c:163:53: warning: incompatible implicit declaration of built-in function 'strlen' [-Wbuiltin-declaration-mismatch]
  163 |       HAL_UART_Transmit(&huart1, (uint8_t *)buffer, strlen(buffer), HAL_MAX_DELAY);
      |                                                     ^~~~~~
../Core/Src/main.c:163:53: note: include '<string.h>' or provide a declaration of 'strlen'
arm-none-eabi-gcc -o "BLUEPILL.elf" @"objects.list"   -mcpu=cortex-m3 -T"/Users/apple/STM32CubeIDE/bluepill/BLUEPILL/STM32F103C8TX_FLASH.ld" --specs=nosys.specs -Wl,-Map="BLUEPILL.map" -Wl,--gc-sections -static --specs=nano.specs -mfloat-abi=soft -mthumb -Wl,--start-group -lc -lm -Wl,--end-group
Finished building target: BLUEPILL.elf
 
arm-none-eabi-size  BLUEPILL.elf 
arm-none-eabi-objdump -h -S BLUEPILL.elf  > "BLUEPILL.list"
   text	   data	    bss	    dec	    hex	filename
  14860	     96	   2112	  17068	   42ac	BLUEPILL.elf
Finished building: default.size.stdout
 
Finished building: BLUEPILL.list
 

19:18:18 Build Finished. 0 errors, 6 warnings. (took 1s.972ms)

