2025-06-22 00:09:36,312 [INFO] WebApp:189 - Connection lost
2025-06-22 00:09:38,143 [INFO] WebApp:186 - Connection restablished
2025-06-22 00:26:08,558 [INFO] WebApp:189 - Connection lost
2025-06-22 00:26:10,760 [INFO] WebApp:186 - Connection restablished
2025-06-22 00:38:28,466 [INFO] WebApp:189 - Connection lost
2025-06-22 00:38:30,066 [INFO] WebApp:186 - Connection restablished
2025-06-22 01:03:56,928 [INFO] WebApp:189 - Connection lost
2025-06-22 01:03:57,965 [INFO] WebApp:186 - Connection restablished
2025-06-22 01:33:03,574 [INFO] WebApp:189 - Connection lost
2025-06-22 01:33:04,922 [INFO] WebApp:186 - Connection restablished
2025-06-22 02:28:24,450 [INFO] WebApp:189 - Connection lost
2025-06-22 02:28:25,582 [INFO] WebApp:186 - Connection restablished
2025-06-22 02:43:51,079 [INFO] WebApp:189 - Connection lost
2025-06-22 02:43:52,016 [INFO] WebApp:186 - Connection restablished
2025-06-22 02:59:18,081 [INFO] WebApp:189 - Connection lost
2025-06-22 02:59:19,033 [INFO] WebApp:186 - Connection restablished
2025-06-22 03:14:44,707 [INFO] WebApp:189 - Connection lost
2025-06-22 03:14:45,652 [INFO] WebApp:186 - Connection restablished
2025-06-22 03:30:11,525 [INFO] WebApp:189 - Connection lost
2025-06-22 03:30:12,384 [INFO] WebApp:186 - Connection restablished
2025-06-22 03:30:13,194 [INFO] WebApp:189 - Connection lost
2025-06-22 03:30:13,407 [INFO] WebApp:186 - Connection restablished
2025-06-22 03:45:39,316 [INFO] WebApp:189 - Connection lost
2025-06-22 03:45:39,686 [INFO] WebApp:186 - Connection restablished
2025-06-22 04:00:48,467 [INFO] WebApp:189 - Connection lost
2025-06-22 04:00:48,939 [INFO] WebApp:186 - Connection restablished
2025-06-22 04:14:17,546 [INFO] WebApp:189 - Connection lost
2025-06-22 04:14:17,902 [INFO] WebApp:186 - Connection restablished
2025-06-22 04:29:25,963 [INFO] WebApp:189 - Connection lost
2025-06-22 04:29:26,323 [INFO] WebApp:186 - Connection restablished
2025-06-22 04:44:33,251 [INFO] WebApp:189 - Connection lost
2025-06-22 04:44:33,643 [INFO] WebApp:186 - Connection restablished
2025-06-22 04:59:42,752 [INFO] WebApp:189 - Connection lost
2025-06-22 04:59:43,134 [INFO] WebApp:186 - Connection restablished
2025-06-22 05:14:49,630 [INFO] WebApp:189 - Connection lost
2025-06-22 05:14:49,997 [INFO] WebApp:186 - Connection restablished
2025-06-22 05:29:57,330 [INFO] WebApp:189 - Connection lost
2025-06-22 05:29:57,706 [INFO] WebApp:186 - Connection restablished
2025-06-22 05:45:05,739 [INFO] WebApp:189 - Connection lost
2025-06-22 05:45:06,115 [INFO] WebApp:186 - Connection restablished
2025-06-22 06:00:14,352 [INFO] WebApp:189 - Connection lost
2025-06-22 06:00:14,706 [INFO] WebApp:186 - Connection restablished
2025-06-22 06:15:22,868 [INFO] WebApp:189 - Connection lost
2025-06-22 06:15:23,332 [INFO] WebApp:186 - Connection restablished
2025-06-22 06:30:33,888 [INFO] WebApp:189 - Connection lost
2025-06-22 06:30:34,253 [INFO] WebApp:186 - Connection restablished
2025-06-22 06:30:34,640 [INFO] WebApp:189 - Connection lost
2025-06-22 06:30:34,757 [INFO] WebApp:186 - Connection restablished
2025-06-22 06:45:41,603 [INFO] WebApp:189 - Connection lost
2025-06-22 06:45:41,974 [INFO] WebApp:186 - Connection restablished
2025-06-22 07:00:51,603 [INFO] WebApp:189 - Connection lost
2025-06-22 07:00:51,970 [INFO] WebApp:186 - Connection restablished
2025-06-22 07:00:53,049 [INFO] WebApp:189 - Connection lost
2025-06-22 07:00:53,181 [INFO] WebApp:186 - Connection restablished
2025-06-22 07:15:59,395 [INFO] WebApp:189 - Connection lost
2025-06-22 07:15:59,761 [INFO] WebApp:186 - Connection restablished
2025-06-22 07:31:07,092 [INFO] WebApp:189 - Connection lost
2025-06-22 07:31:07,579 [INFO] WebApp:186 - Connection restablished
2025-06-22 07:46:14,772 [INFO] WebApp:189 - Connection lost
2025-06-22 07:46:15,130 [INFO] WebApp:186 - Connection restablished
2025-06-22 08:01:22,552 [INFO] WebApp:189 - Connection lost
2025-06-22 08:01:22,922 [INFO] WebApp:186 - Connection restablished
2025-06-22 08:16:30,357 [INFO] WebApp:189 - Connection lost
2025-06-22 08:16:30,726 [INFO] WebApp:186 - Connection restablished
2025-06-22 08:16:34,219 [INFO] WebApp:189 - Connection lost
2025-06-22 08:16:34,341 [INFO] WebApp:186 - Connection restablished
2025-06-22 08:31:37,817 [INFO] WebApp:189 - Connection lost
2025-06-22 08:31:38,272 [INFO] WebApp:186 - Connection restablished
2025-06-22 08:46:45,257 [INFO] WebApp:189 - Connection lost
2025-06-22 08:46:45,645 [INFO] WebApp:186 - Connection restablished
2025-06-22 09:01:53,249 [INFO] WebApp:189 - Connection lost
2025-06-22 09:01:53,620 [INFO] WebApp:186 - Connection restablished
2025-06-22 09:17:01,288 [INFO] WebApp:189 - Connection lost
2025-06-22 09:17:01,655 [INFO] WebApp:186 - Connection restablished
2025-06-22 09:17:03,310 [INFO] WebApp:189 - Connection lost
2025-06-22 09:17:03,439 [INFO] WebApp:186 - Connection restablished
2025-06-22 09:32:09,689 [INFO] WebApp:189 - Connection lost
2025-06-22 09:32:10,057 [INFO] WebApp:186 - Connection restablished
2025-06-22 09:47:17,381 [INFO] WebApp:189 - Connection lost
2025-06-22 09:47:17,751 [INFO] WebApp:186 - Connection restablished
2025-06-22 10:02:26,284 [INFO] WebApp:189 - Connection lost
2025-06-22 10:02:26,665 [INFO] WebApp:186 - Connection restablished
2025-06-22 10:17:34,060 [INFO] WebApp:189 - Connection lost
2025-06-22 10:17:34,430 [INFO] WebApp:186 - Connection restablished
2025-06-22 10:32:41,330 [INFO] WebApp:189 - Connection lost
2025-06-22 10:32:41,693 [INFO] WebApp:186 - Connection restablished
2025-06-22 10:47:48,837 [INFO] WebApp:189 - Connection lost
2025-06-22 10:47:49,212 [INFO] WebApp:186 - Connection restablished
2025-06-22 10:56:53,411 [INFO] WebApp:189 - Connection lost
2025-06-22 10:56:53,783 [INFO] WebApp:186 - Connection restablished
2025-06-22 11:12:01,109 [INFO] WebApp:189 - Connection lost
2025-06-22 11:12:01,493 [INFO] WebApp:186 - Connection restablished
2025-06-22 11:18:34,285 [INFO] WebApp:189 - Connection lost
2025-06-22 11:18:34,658 [INFO] WebApp:186 - Connection restablished
2025-06-22 11:18:36,792 [INFO] WebApp:189 - Connection lost
2025-06-22 11:18:36,925 [INFO] WebApp:186 - Connection restablished
2025-06-22 11:26:44,727 [INFO] WebApp:189 - Connection lost
2025-06-22 11:26:45,106 [INFO] WebApp:186 - Connection restablished
2025-06-22 11:38:20,637 [INFO] WebApp:189 - Connection lost
2025-06-22 11:38:21,016 [INFO] WebApp:186 - Connection restablished
2025-06-22 11:43:46,777 [INFO] MainUpdater:2873 - connection check result : 10
2025-06-22 11:43:46,787 [INFO] MainUpdater:2873 - connection check result : 10
2025-06-22 11:43:47,368 [INFO] MicroXplorer:468 - Change Database Path : 
2025-06-22 11:43:47,368 [INFO] MicroXplorer:498 - Change Database Version : DB.6.0.121
2025-06-22 11:43:47,454 [ERROR] ProjectManagerView:394 - 
java.lang.NullPointerException: Cannot invoke "javax.swing.JTextField.getText()" because the return value of "java.util.List.get(int)" is null
	at com.st.microxplorer.plugins.projectmanager.gui.ProjectChoiceTab$10.caretUpdate(ProjectChoiceTab.java:2622) ~[filemanager.jar:?]
	at javax.swing.text.JTextComponent.fireCaretUpdate(JTextComponent.java:412) ~[?:?]
	at javax.swing.text.JTextComponent$MutableCaretEvent.fire(JTextComponent.java:4491) ~[?:?]
	at javax.swing.text.JTextComponent$MutableCaretEvent.stateChanged(JTextComponent.java:4513) ~[?:?]
	at javax.swing.text.DefaultCaret.fireStateChanged(DefaultCaret.java:842) ~[?:?]
	at javax.swing.text.DefaultCaret.changeCaretPosition(DefaultCaret.java:1313) ~[?:?]
	at javax.swing.text.DefaultCaret.handleSetDot(DefaultCaret.java:1212) ~[?:?]
	at javax.swing.text.DefaultCaret.setDot(DefaultCaret.java:1193) ~[?:?]
	at javax.swing.text.DefaultCaret$Handler.insertUpdate(DefaultCaret.java:1789) ~[?:?]
	at javax.swing.text.AbstractDocument.fireInsertUpdate(AbstractDocument.java:226) ~[?:?]
	at javax.swing.text.AbstractDocument.handleInsertString(AbstractDocument.java:780) ~[?:?]
	at javax.swing.text.AbstractDocument.insertString(AbstractDocument.java:739) ~[?:?]
	at javax.swing.text.PlainDocument.insertString(PlainDocument.java:131) ~[?:?]
	at javax.swing.text.AbstractDocument.replace(AbstractDocument.java:698) ~[?:?]
	at javax.swing.text.JTextComponent.setText(JTextComponent.java:1729) ~[?:?]
	at com.st.microxplorer.plugins.projectmanager.gui.ProjectChoiceTab.createHeapStackFields(ProjectChoiceTab.java:972) ~[filemanager.jar:?]
	at com.st.microxplorer.plugins.projectmanager.gui.ProjectChoiceTab.buildLinkSettingsPanel(ProjectChoiceTab.java:3597) ~[filemanager.jar:?]
	at com.st.microxplorer.plugins.projectmanager.gui.ProjectChoiceTab.defineWindowsFields(ProjectChoiceTab.java:1940) ~[filemanager.jar:?]
	at com.st.microxplorer.plugins.projectmanager.gui.ProjectChoiceTab.updateSettings(ProjectChoiceTab.java:550) ~[filemanager.jar:?]
	at com.st.microxplorer.plugins.projectmanager.gui.ProjectSettingsPanel.UpdateDialog(ProjectSettingsPanel.java:245) ~[filemanager.jar:?]
	at com.st.microxplorer.plugins.projectmanager.ProjectManagerView.propertyChange(ProjectManagerView.java:391) ~[filemanager.jar:?]
	at java.beans.PropertyChangeSupport.fire(PropertyChangeSupport.java:343) ~[?:?]
	at java.beans.PropertyChangeSupport.firePropertyChange(PropertyChangeSupport.java:335) ~[?:?]
	at java.beans.PropertyChangeSupport.firePropertyChange(PropertyChangeSupport.java:268) ~[?:?]
	at com.st.microxplorer.util.MXPropertyChangeSupport.firePropertyChange(MXPropertyChangeSupport.java:54) ~[STM32CubeMX.jar:?]
	at com.st.microxplorer.mxsystem.MxSystem.closeConfig(MxSystem.java:900) ~[STM32CubeMX.jar:?]
	at com.st.microxplorer.maingui.MainPanel.closeConfig(MainPanel.java:781) ~[STM32CubeMX.jar:?]
	at com.st.microxplorer.plugins.filemanager.engine.OpenFileManager.loadConfigurationFile(OpenFileManager.java:265) ~[filemanager.jar:?]
	at com.st.microxplorer.plugins.filemanager.engine.MainFileManager.userLoadConfig(MainFileManager.java:352) ~[filemanager.jar:?]
	at com.st.microxplorer.plugins.filemanager.engine.MainFileManager.userLoadConfig(MainFileManager.java:330) ~[filemanager.jar:?]
	at com.st.microxplorer.plugins.filemanager.FileManagerView.getSpecificTask(FileManagerView.java:246) ~[filemanager.jar:?]
	at com.st.stm32cube.common.mx.editor.CubeMxEditor.getMxTabbedPaneInstance(CubeMxEditor.java:1198) ~[com.st.stm32cube.common.mx_6.12.1.202409122256/:?]
	at com.st.stm32cube.common.mx.editor.CubeMxEditor$12$1.createSwingComponent(CubeMxEditor.java:1068) ~[com.st.stm32cube.common.mx_6.12.1.202409122256/:?]
	at com.st.stm32cube.common.mx.oss.core.awtswtbridge.EmbeddedSwingComposite.doComponentCreation(EmbeddedSwingComposite.java:492) ~[com.st.stm32cube.common.mx.oss_6.12.1.202409122256/:?]
	at com.st.stm32cube.common.mx.oss.core.awtswtbridge.EmbeddedSwingComposite$4.run(EmbeddedSwingComposite.java:291) ~[com.st.stm32cube.common.mx.oss_6.12.1.202409122256/:?]
	at com.st.stm32cube.common.mx.oss.core.awtswtbridge.AwtEnvironment$2.run(AwtEnvironment.java:166) ~[com.st.stm32cube.common.mx.oss_6.12.1.202409122256/:?]
	at java.awt.event.InvocationEvent.dispatch(InvocationEvent.java:318) ~[?:?]
	at java.awt.EventQueue.dispatchEventImpl(EventQueue.java:773) ~[?:?]
	at java.awt.EventQueue$4.run(EventQueue.java:720) ~[?:?]
	at java.awt.EventQueue$4.run(EventQueue.java:714) ~[?:?]
	at java.security.AccessController.doPrivileged(AccessController.java:399) ~[?:?]
	at java.security.ProtectionDomain$JavaSecurityAccessImpl.doIntersectionPrivilege(ProtectionDomain.java:86) ~[?:?]
	at java.awt.EventQueue.dispatchEvent(EventQueue.java:742) ~[?:?]
	at java.awt.EventDispatchThread.pumpOneEventForFilters(EventDispatchThread.java:203) ~[?:?]
	at java.awt.EventDispatchThread.pumpEventsForFilter(EventDispatchThread.java:124) ~[?:?]
	at java.awt.EventDispatchThread.pumpEventsForHierarchy(EventDispatchThread.java:113) ~[?:?]
	at java.awt.EventDispatchThread.pumpEvents(EventDispatchThread.java:109) ~[?:?]
	at java.awt.EventDispatchThread.pumpEvents(EventDispatchThread.java:101) ~[?:?]
	at java.awt.EventDispatchThread.run(EventDispatchThread.java:90) ~[?:?]
2025-06-22 11:43:47,473 [WARN] ThirdParty:871 - waiting for thirdparty lock release [close project]
2025-06-22 11:43:47,473 [INFO] ThirdParty:873 - entering critical section [close project]
2025-06-22 11:43:47,473 [INFO] ThirdParty:883 - exiting critical section [close project]
2025-06-22 11:43:47,480 [INFO] PinOutPanel:1561 - setPackage(No Configuration,No Configuration)
2025-06-22 11:43:47,512 [INFO] UtilMem:75 - Begin LoadConfig() Used Memory: 715169896 Bytes (1073741824)
2025-06-22 11:43:47,514 [INFO] MicroXplorer:468 - Change Database Path : 
2025-06-22 11:43:47,514 [INFO] MicroXplorer:498 - Change Database Version : DB.6.0.121
2025-06-22 11:43:47,514 [INFO] OpenFileManager:332 - Change cursor
2025-06-22 11:43:47,567 [INFO] RulesReader:64 - Compatibility file has been processed (297 Rules)
2025-06-22 11:43:47,589 [INFO] Mcu:2032 - Initializing MCU STM32F103C(8-B)Tx STM32F103C8Tx STM32F103C8T6TR
2025-06-22 11:43:48,604 [INFO] Context:742 - Trying to add GPIOservice into a context  which must be forbidden
2025-06-22 11:43:49,067 [INFO] RtosManager:555 - Registered RTOS mode: class=CMSIS, group=RTOS, mode=CMSIS_V1, owner=FREERTOS
2025-06-22 11:43:49,068 [INFO] RtosManager:555 - Registered RTOS mode: class=CMSIS, group=RTOS2, mode=CMSIS_V2, owner=FREERTOS
2025-06-22 11:43:49,068 [INFO] RtosManager:555 - Registered RTOS mode: class=RTOS, group=Core, mode=CMSIS_V1, owner=FREERTOS
2025-06-22 11:43:49,068 [INFO] RtosManager:555 - Registered RTOS mode: class=RTOS, group=Core, mode=CMSIS_V2, owner=FREERTOS
2025-06-22 11:43:49,068 [WARN] ModelIntegratedComponent:184 - Missing modes for component STMicroelectronics:FreeRTOS:0.0.1:STMicroelectronics:RTOS:FreeRTOS:Core:::10.2.0:
2025-06-22 11:43:49,070 [WARN] ModelIntegratedComponent:63 - No mode defined for component null
2025-06-22 11:43:49,071 [WARN] ModelIntegratedComponent:63 - No mode defined for component null
2025-06-22 11:43:49,071 [WARN] ModelIntegratedComponent:63 - No mode defined for component null
2025-06-22 11:43:49,071 [WARN] ModelIntegratedComponent:63 - No mode defined for component null
2025-06-22 11:43:49,071 [WARN] ModelIntegratedComponent:63 - No mode defined for component null
2025-06-22 11:43:49,071 [WARN] ModelIntegratedComponent:63 - No mode defined for component null
2025-06-22 11:43:49,071 [WARN] ModelIntegratedComponent:63 - No mode defined for component null
2025-06-22 11:43:49,071 [WARN] ModelIntegratedComponent:63 - No mode defined for component null
2025-06-22 11:43:49,071 [WARN] ModelIntegratedComponent:63 - No mode defined for component null
2025-06-22 11:43:49,071 [WARN] ModelIntegratedComponent:63 - No mode defined for component null
2025-06-22 11:43:49,071 [WARN] ModelIntegratedComponent:63 - No mode defined for component null
2025-06-22 11:43:49,071 [WARN] ModelIntegratedComponent:63 - No mode defined for component null
2025-06-22 11:43:49,071 [WARN] ModelIntegratedComponent:63 - No mode defined for component null
2025-06-22 11:43:49,071 [WARN] ModelIntegratedComponent:63 - No mode defined for component null
2025-06-22 11:43:49,071 [WARN] ModelIntegratedComponent:63 - No mode defined for component null
2025-06-22 11:43:49,071 [WARN] ModelIntegratedComponent:63 - No mode defined for component null
2025-06-22 11:43:49,071 [WARN] ModelIntegratedComponent:63 - No mode defined for component null
2025-06-22 11:43:49,071 [WARN] ModelIntegratedComponent:63 - No mode defined for component null
2025-06-22 11:43:49,071 [WARN] ModelIntegratedComponent:63 - No mode defined for component null
2025-06-22 11:43:49,071 [WARN] ModelIntegratedComponent:63 - No mode defined for component null
2025-06-22 11:43:49,071 [WARN] ModelIntegratedComponent:63 - No mode defined for component null
2025-06-22 11:43:49,071 [WARN] ModelIntegratedComponent:63 - No mode defined for component null
2025-06-22 11:43:49,071 [WARN] ModelIntegratedComponent:63 - No mode defined for component null
2025-06-22 11:43:49,071 [WARN] ModelIntegratedComponent:63 - No mode defined for component null
2025-06-22 11:43:49,071 [WARN] ModelIntegratedComponent:63 - No mode defined for component null
2025-06-22 11:43:49,071 [WARN] ModelIntegratedComponent:63 - No mode defined for component null
2025-06-22 11:43:49,071 [WARN] ModelIntegratedComponent:63 - No mode defined for component null
2025-06-22 11:43:49,071 [WARN] ModelIntegratedComponent:63 - No mode defined for component null
2025-06-22 11:43:49,072 [WARN] ModelIntegratedComponent:63 - No mode defined for component null
2025-06-22 11:43:49,072 [WARN] ModelIntegratedComponent:63 - No mode defined for component null
2025-06-22 11:43:49,072 [WARN] ModelIntegratedComponent:63 - No mode defined for component null
2025-06-22 11:43:49,072 [WARN] ModelIntegratedComponent:63 - No mode defined for component null
2025-06-22 11:43:49,072 [WARN] ModelIntegratedComponent:63 - No mode defined for component null
2025-06-22 11:43:49,072 [WARN] ModelIntegratedComponent:63 - No mode defined for component null
2025-06-22 11:43:49,072 [WARN] ModelIntegratedComponent:63 - No mode defined for component null
2025-06-22 11:43:49,072 [WARN] ModelPack:524 - Component already loaded: STMicroelectronics:HAL Drivers:0.0.0:STMicroelectronics:Device:STMicro_Driver:XSPI:HAL::0.0.1:HAL_XSPI
2025-06-22 11:43:49,356 [INFO] ThirdPartyModel:298 - Start build external matchings
2025-06-22 11:43:50,545 [INFO] ThirdPartyModel:316 - End build external matchings
2025-06-22 11:43:50,592 [INFO] ImportTextPane:205 - (OptionalMessage_ERROR) IP (DMA) : Parameter (Instance) has Id (ADC1) currently not set
2025-06-22 11:43:50,592 [INFO] ImportTextPane:205 - (OptionalMessage_ERROR) IP (DMA) : Parameter (Direction) has Id (ADC1) currently not set
2025-06-22 11:43:50,592 [INFO] ImportTextPane:205 - (OptionalMessage_ERROR) IP (DMA) : Parameter (PeriphInc) has Id (ADC1) currently not set
2025-06-22 11:43:50,592 [INFO] ImportTextPane:205 - (OptionalMessage_ERROR) IP (DMA) : Parameter (MemInc) has Id (ADC1) currently not set
2025-06-22 11:43:50,593 [INFO] ImportTextPane:205 - (OptionalMessage_ERROR) IP (DMA) : Parameter (PeriphDataAlignment) has Id (ADC1) currently not set
2025-06-22 11:43:50,593 [INFO] ImportTextPane:205 - (OptionalMessage_ERROR) IP (DMA) : Parameter (MemDataAlignment) has Id (ADC1) currently not set
2025-06-22 11:43:50,593 [INFO] ImportTextPane:205 - (OptionalMessage_ERROR) IP (DMA) : Parameter (Mode) has Id (ADC1) currently not set
2025-06-22 11:43:50,594 [INFO] ImportTextPane:205 - (OptionalMessage_ERROR) IP (DMA) : Parameter (Priority) has Id (ADC1) currently not set
2025-06-22 11:43:50,602 [INFO] ImportTextPane:205 - (OptionalMessage_ERROR) IP (RCC) : Invalid parameter (FamilyName)
2025-06-22 11:43:50,607 [INFO] ImportTextPane:205 - (OptionalMessage_ERROR) IP (RCC) : Parameter (USBFreq_Value) has invalid value (16000000)
2025-06-22 11:43:50,857 [INFO] UtilMem:75 - End LoadConfig() Used Memory: 866440224 Bytes (1073741824)
2025-06-22 11:43:50,987 [WARN] ThirdParty:833 - waiting for thirdparty lock release [change project]
2025-06-22 11:43:50,991 [INFO] ThirdParty:835 - entering critical section [change project]
2025-06-22 11:43:50,991 [INFO] ThirdParty:1030 - CMSIS Pack Vendor :STMicroelectronics X-CUBE-PM33A1 1.0.0
2025-06-22 11:43:50,991 [INFO] ThirdParty:1030 - CMSIS Pack Vendor :STMicroelectronics USBPD 4.1
2025-06-22 11:43:50,992 [INFO] ThirdParty:1030 - CMSIS Pack Vendor :STMicroelectronics USB_HOST 2.0.0
2025-06-22 11:43:50,992 [INFO] ThirdParty:1030 - CMSIS Pack Vendor :STMicroelectronics FP-SNS-MOTENVWB1 1.4.0
2025-06-22 11:43:50,992 [INFO] ThirdParty:1030 - CMSIS Pack Vendor :STMicroelectronics X-CUBE-AZRTOS-F4 1.1.0
2025-06-22 11:43:50,992 [INFO] ThirdParty:1030 - CMSIS Pack Vendor :STMicroelectronics LIBJPEG 8.0.0
2025-06-22 11:43:50,992 [INFO] ThirdParty:1030 - CMSIS Pack Vendor :STMicroelectronics FP-ATR-ASTRA1 2.0.2
2025-06-22 11:43:50,992 [INFO] ThirdParty:1030 - CMSIS Pack Vendor :STMicroelectronics FP-ATR-ASTRA1 2.0.1
2025-06-22 11:43:50,992 [INFO] ThirdParty:1030 - CMSIS Pack Vendor :STMicroelectronics X-CUBE-SMBUS 2.1.0
2025-06-22 11:43:50,992 [INFO] ThirdParty:1030 - CMSIS Pack Vendor :STMicroelectronics X-CUBE-WB05N 1.1.0
2025-06-22 11:43:50,992 [INFO] ThirdParty:1030 - CMSIS Pack Vendor :STMicroelectronics X-CUBE-ISPU 2.1.0
2025-06-22 11:43:50,992 [INFO] ThirdParty:1030 - CMSIS Pack Vendor :STMicroelectronics X-CUBE-FREERTOS 1.2.0
2025-06-22 11:43:50,992 [INFO] ThirdParty:1030 - CMSIS Pack Vendor :STMicroelectronics X-CUBE-AZRTOS-F7 1.1.0
2025-06-22 11:43:50,992 [INFO] ThirdParty:1030 - CMSIS Pack Vendor :STMicroelectronics X-CUBE-AZRTOS-L5 2.0.0
2025-06-22 11:43:50,992 [INFO] ThirdParty:1030 - CMSIS Pack Vendor :STMicroelectronics USB_DEVICE 2.0.0
2025-06-22 11:43:50,992 [INFO] ThirdParty:1030 - CMSIS Pack Vendor :STMicroelectronics X-CUBE-NFC6 3.1.0
2025-06-22 11:43:50,992 [INFO] ThirdParty:1030 - CMSIS Pack Vendor :STMicroelectronics X-CUBE-MEMS1 11.0.0
2025-06-22 11:43:50,992 [INFO] ThirdParty:1030 - CMSIS Pack Vendor :STMicroelectronics FreeRTOS 0.0.1
2025-06-22 11:43:50,992 [INFO] ThirdParty:1030 - CMSIS Pack Vendor :STMicroelectronics X-CUBE-DPower 1.2.0
2025-06-22 11:43:50,992 [INFO] ThirdParty:1030 - CMSIS Pack Vendor :STMicroelectronics FP-SNS-FLIGHT1 5.0.2
2025-06-22 11:43:50,992 [INFO] ThirdParty:1030 - CMSIS Pack Vendor :STMicroelectronics X-CUBE-AI 9.0.0
2025-06-22 11:43:50,992 [INFO] ThirdParty:1030 - CMSIS Pack Vendor :STMicroelectronics PDM2PCM 3.3.0
2025-06-22 11:43:50,992 [INFO] ThirdParty:1030 - CMSIS Pack Vendor :STMicroelectronics X-CUBE-DISPLAY 3.0.0
2025-06-22 11:43:50,992 [INFO] ThirdParty:1030 - CMSIS Pack Vendor :STMicroelectronics X-CUBE-BLE1 7.0.0
2025-06-22 11:43:50,992 [INFO] ThirdParty:1030 - CMSIS Pack Vendor :STMicroelectronics X-CUBE-NFC10 1.0.0
2025-06-22 11:43:50,992 [INFO] ThirdParty:1030 - CMSIS Pack Vendor :STMicroelectronics X-CUBE-BLEMGR 4.0.0
2025-06-22 11:43:50,992 [INFO] ThirdParty:1030 - CMSIS Pack Vendor :STMicroelectronics X-CUBE-FREERTOS 1.3.1
2025-06-22 11:43:50,992 [INFO] ThirdParty:1030 - CMSIS Pack Vendor :STMicroelectronics HAL Drivers 0.0.0
2025-06-22 11:43:50,992 [INFO] ThirdParty:1030 - CMSIS Pack Vendor :emotas I-CUBE-CANOPEN 1.3.0
2025-06-22 11:43:50,992 [INFO] ThirdParty:1030 - CMSIS Pack Vendor :STMicroelectronics X-CUBE-FREERTOS 1.3.0
2025-06-22 11:43:50,992 [INFO] ThirdParty:1030 - CMSIS Pack Vendor :STMicroelectronics X-CUBE-NFC7 1.0.1
2025-06-22 11:43:50,992 [INFO] ThirdParty:1030 - CMSIS Pack Vendor :STMicroelectronics MBEDTLS 2.14.1
2025-06-22 11:43:50,992 [INFO] ThirdParty:1030 - CMSIS Pack Vendor :STMicroelectronics X-CUBE-BLEMGR 3.1.0
2025-06-22 11:43:50,992 [INFO] ThirdParty:1030 - CMSIS Pack Vendor :STMicroelectronics X-CUBE-AI 10.0.0
2025-06-22 11:43:50,992 [INFO] ThirdParty:1030 - CMSIS Pack Vendor :STMicroelectronics FP-SNS-SMARTAG2 1.2.0
2025-06-22 11:43:50,992 [INFO] ThirdParty:1030 - CMSIS Pack Vendor :STMicroelectronics X-CUBE-MEMS1 11.1.0
2025-06-22 11:43:50,992 [INFO] ThirdParty:1030 - CMSIS Pack Vendor :STMicroelectronics X-CUBE-AZRTOS-WL 2.0.0
2025-06-22 11:43:50,992 [INFO] ThirdParty:1030 - CMSIS Pack Vendor :STMicroelectronics X-CUBE-DPower 1.3.0
2025-06-22 11:43:50,992 [INFO] ThirdParty:1030 - CMSIS Pack Vendor :STMicroelectronics FP-SNS-MOTENV1 5.0.0
2025-06-22 11:43:50,992 [INFO] ThirdParty:1030 - CMSIS Pack Vendor :STMicroelectronics USB_DEVICE 1.0.0
2025-06-22 11:43:50,992 [INFO] ThirdParty:1030 - CMSIS Pack Vendor :wolfSSL I-CUBE-wolfMQTT 1.19.0
2025-06-22 11:43:50,992 [INFO] ThirdParty:1030 - CMSIS Pack Vendor :STMicroelectronics X-CUBE-AZRTOS-L4 2.0.0
2025-06-22 11:43:50,992 [INFO] ThirdParty:1030 - CMSIS Pack Vendor :STMicroelectronics ThreadX 0.0.2
2025-06-22 11:43:50,993 [INFO] ThirdParty:1030 - CMSIS Pack Vendor :WES I-CUBE-Cesium 1.3.0
2025-06-22 11:43:50,993 [INFO] ThirdParty:1030 - CMSIS Pack Vendor :STMicroelectronics lwIP 2.1.2
2025-06-22 11:43:50,993 [INFO] ThirdParty:1030 - CMSIS Pack Vendor :STMicroelectronics X-CUBE-SFXS2LP1 4.0.0
2025-06-22 11:43:50,993 [INFO] ThirdParty:1030 - CMSIS Pack Vendor :STMicroelectronics X-CUBE-BLE2 3.3.0
2025-06-22 11:43:50,993 [INFO] ThirdParty:1030 - CMSIS Pack Vendor :STMicroelectronics PDM2PCM 3.2.0
2025-06-22 11:43:50,993 [INFO] ThirdParty:1030 - CMSIS Pack Vendor :STMicroelectronics X-CUBE-AZRTOS-H7 3.3.0
2025-06-22 11:43:50,993 [INFO] ThirdParty:1030 - CMSIS Pack Vendor :STMicroelectronics X-CUBE-NFC9 1.0.0
2025-06-22 11:43:50,993 [INFO] ThirdParty:1030 - CMSIS Pack Vendor :STMicroelectronics X-CUBE-BLE1 7.1.0
2025-06-22 11:43:50,993 [INFO] ThirdParty:1030 - CMSIS Pack Vendor :STMicroelectronics USB_DEVICE 3.0.0
2025-06-22 11:43:50,993 [INFO] ThirdParty:1030 - CMSIS Pack Vendor :STMicroelectronics X-CUBE-TCPP 4.1.0
2025-06-22 11:43:50,993 [INFO] ThirdParty:1030 - CMSIS Pack Vendor :STMicroelectronics X-CUBE-IPS 3.0.0
2025-06-22 11:43:50,993 [INFO] ThirdParty:1030 - CMSIS Pack Vendor :STMicroelectronics X-CUBE-AZRTOS-WB 2.0.0
2025-06-22 11:43:50,993 [INFO] ThirdParty:1030 - CMSIS Pack Vendor :STMicroelectronics X-CUBE-GNSS1 7.0.0
2025-06-22 11:43:50,993 [INFO] ThirdParty:1030 - CMSIS Pack Vendor :STMicroelectronics X-CUBE-GNSS1 7.0.1
2025-06-22 11:43:50,993 [INFO] ThirdParty:1030 - CMSIS Pack Vendor :STMicroelectronics X-CUBE-TOUCHGFX 4.25.0
2025-06-22 11:43:50,993 [INFO] ThirdParty:1030 - CMSIS Pack Vendor :STMicroelectronics X-CUBE-AI 10.1.0
2025-06-22 11:43:50,993 [INFO] ThirdParty:1030 - CMSIS Pack Vendor :STMicroelectronics FP-SNS-STBOX1 2.0.0
2025-06-22 11:43:50,993 [INFO] ThirdParty:1030 - CMSIS Pack Vendor :STMicroelectronics X-CUBE-MEMS1 11.2.0
2025-06-22 11:43:50,993 [INFO] ThirdParty:1030 - CMSIS Pack Vendor :STMicroelectronics X-CUBE-AZRTOS-G0 1.1.0
2025-06-22 11:43:50,993 [INFO] ThirdParty:1030 - CMSIS Pack Vendor :STMicroelectronics X-CUBE-SAFEA1 1.2.2
2025-06-22 11:43:50,993 [INFO] ThirdParty:1030 - CMSIS Pack Vendor :STMicroelectronics X-CUBE-NFC4 3.0.0
2025-06-22 11:43:50,993 [INFO] ThirdParty:1030 - CMSIS Pack Vendor :STMicroelectronics X-CUBE-SUBG2 5.0.0
2025-06-22 11:43:50,993 [INFO] ThirdParty:1030 - CMSIS Pack Vendor :STMicroelectronics X-CUBE-AZRTOS-H7RS 1.1.0
2025-06-22 11:43:50,993 [INFO] ThirdParty:1030 - CMSIS Pack Vendor :STMicroelectronics STM32_WPAN 1.0.0
2025-06-22 11:43:50,993 [INFO] ThirdParty:1030 - CMSIS Pack Vendor :EmbeddedOffice I-CUBE-FS-RTOS 1.0.1
2025-06-22 11:43:50,993 [INFO] ThirdParty:1030 - CMSIS Pack Vendor :STMicroelectronics lwIP 2.0.3
2025-06-22 11:43:50,993 [INFO] ThirdParty:1030 - CMSIS Pack Vendor :Cesanta I-CUBE-Mongoose 7.13.0
2025-06-22 11:43:50,993 [INFO] ThirdParty:1030 - CMSIS Pack Vendor :STMicroelectronics USB_HOST 1.0.0
2025-06-22 11:43:50,993 [INFO] ThirdParty:1030 - CMSIS Pack Vendor :STMicroelectronics X-CUBE-AZRTOS-G4 2.0.0
2025-06-22 11:43:50,993 [INFO] ThirdParty:1030 - CMSIS Pack Vendor :STMicroelectronics X-CUBE-WB05N 2.0.0
2025-06-22 11:43:50,993 [INFO] ThirdParty:1030 - CMSIS Pack Vendor :STMicroelectronics PDM2PCM 3.1.0
2025-06-22 11:43:50,994 [INFO] ThirdParty:1030 - CMSIS Pack Vendor :STMicroelectronics X-CUBE-NFC7 2.0.0
2025-06-22 11:43:50,994 [INFO] ThirdParty:1030 - CMSIS Pack Vendor :RealThread X-CUBE-RT-Thread_Nano 4.1.1
2025-06-22 11:43:50,994 [INFO] ThirdParty:1030 - CMSIS Pack Vendor :STMicroelectronics FP-ATR-SIGFOX1 3.2.0
2025-06-22 11:43:50,994 [INFO] ThirdParty:1030 - CMSIS Pack Vendor :wolfSSL I-CUBE-wolfSSL 5.7.2
2025-06-22 11:43:50,994 [INFO] ThirdParty:1030 - CMSIS Pack Vendor :quantropi X-CUBE-qispace-sdk-base 1.9.3
2025-06-22 11:43:50,994 [INFO] ThirdParty:1030 - CMSIS Pack Vendor :STMicroelectronics X-CUBE-EEPRMA1 5.1.0
2025-06-22 11:43:50,994 [INFO] ThirdParty:1030 - CMSIS Pack Vendor :STMicroelectronics MBEDTLS 2.16.2
2025-06-22 11:43:50,994 [INFO] ThirdParty:1030 - CMSIS Pack Vendor :STMicroelectronics X-CUBE-ALS 1.0.2
2025-06-22 11:43:50,994 [INFO] ThirdParty:1030 - CMSIS Pack Vendor :STMicroelectronics X-CUBE-TOUCHGFX 4.24.0
2025-06-22 11:43:50,994 [INFO] ThirdParty:1030 - CMSIS Pack Vendor :ITTIA_DB I-CUBE-ITTIADB 8.9.0
2025-06-22 11:43:50,994 [INFO] ThirdParty:1030 - CMSIS Pack Vendor :STMicroelectronics X-CUBE-TOUCHGFX 4.24.2
2025-06-22 11:43:50,994 [INFO] ThirdParty:1030 - CMSIS Pack Vendor :STMicroelectronics X-CUBE-TOUCHGFX 4.24.1
2025-06-22 11:43:50,994 [INFO] ThirdParty:1030 - CMSIS Pack Vendor :wolfSSL I-CUBE-wolfTPM 3.4.0
2025-06-22 11:43:50,994 [INFO] ThirdParty:1030 - CMSIS Pack Vendor :portGmbH I-Cube-SoM-uGOAL 1.1.0
2025-06-22 11:43:50,994 [INFO] ThirdParty:1030 - CMSIS Pack Vendor :STMicroelectronics ThreadX 1.0.0
2025-06-22 11:43:50,994 [INFO] ThirdParty:1030 - CMSIS Pack Vendor :SEGGER I-CUBE-embOS 1.3.1
2025-06-22 11:43:50,994 [INFO] ThirdParty:1030 - CMSIS Pack Vendor :STMicroelectronics X-CUBE-ALGOBUILD 1.4.0
2025-06-22 11:43:50,994 [INFO] ThirdParty:1030 - CMSIS Pack Vendor :STMicroelectronics X-CUBE-MEMS1 11.3.0
2025-06-22 11:43:50,994 [INFO] ThirdParty:1030 - CMSIS Pack Vendor :STMicroelectronics X-CUBE-AZRTOS-H7RS 1.0.0
2025-06-22 11:43:50,994 [INFO] ThirdParty:1030 - CMSIS Pack Vendor :STMicroelectronics FP-ATR-ASTRA1 2.0.0
2025-06-22 11:43:50,994 [INFO] ThirdParty:1030 - CMSIS Pack Vendor :STMicroelectronics X-CUBE-TOF1 3.4.2
2025-06-22 11:43:50,994 [INFO] ThirdParty:1030 - CMSIS Pack Vendor :STMicroelectronics X-CUBE-AI 9.1.0
2025-06-22 11:43:50,994 [INFO] ThirdParty:1030 - CMSIS Pack Vendor :Infineon AIROC-Wi-Fi-Bluetooth-STM32 1.6.1
2025-06-22 11:43:50,994 [INFO] ThirdParty:1030 - CMSIS Pack Vendor :wolfSSL I-CUBE-wolfSSH 1.4.17
2025-06-22 11:43:50,995 [INFO] ThirdParty:841 - exiting critical section [change project]
2025-06-22 11:43:51,403 [INFO] PinOutPanel:1561 - setPackage(No Configuration,No Configuration)
2025-06-22 11:43:51,408 [INFO] PinOutPanel:1561 - setPackage(STM32F103C8Tx,LQFP48)
2025-06-22 11:43:51,993 [INFO] UtilMem:75 - Before build in PCC Used Memory: 732332888 Bytes (1073741824)
2025-06-22 11:43:52,957 [INFO] UtilMem:75 - After build in PCC Used Memory: 774908672 Bytes (1073741824)
2025-06-22 11:43:53,028 [INFO] IPUIPlugin:80 - create IPUIPlugin
2025-06-22 11:43:53,031 [INFO] IPUIPlugin:80 - create IPUIPlugin
2025-06-22 11:43:53,033 [INFO] IPUIPlugin:80 - create IPUIPlugin
2025-06-22 11:43:53,033 [INFO] IPUIPlugin:80 - create IPUIPlugin
2025-06-22 11:43:53,033 [INFO] IPUIPlugin:80 - create IPUIPlugin
2025-06-22 11:43:53,033 [INFO] IPUIPlugin:80 - create IPUIPlugin
2025-06-22 11:43:53,034 [INFO] IPUIPlugin:80 - create IPUIPlugin
2025-06-22 11:43:53,034 [INFO] IPUIPlugin:80 - create IPUIPlugin
2025-06-22 11:43:53,034 [INFO] IPUIPlugin:80 - create IPUIPlugin
2025-06-22 11:43:53,034 [INFO] IPUIPlugin:80 - create IPUIPlugin
2025-06-22 11:43:53,035 [INFO] IPUIPlugin:80 - create IPUIPlugin
2025-06-22 11:43:53,035 [INFO] IPUIPlugin:80 - create IPUIPlugin
2025-06-22 11:43:53,035 [INFO] IPUIPlugin:80 - create IPUIPlugin
2025-06-22 11:43:53,035 [INFO] IPUIPlugin:80 - create IPUIPlugin
2025-06-22 11:43:53,035 [INFO] IPUIPlugin:80 - create IPUIPlugin
2025-06-22 11:43:53,035 [INFO] IPUIPlugin:80 - create IPUIPlugin
2025-06-22 11:43:53,036 [INFO] IPUIPlugin:80 - create IPUIPlugin
2025-06-22 11:43:53,036 [INFO] IPUIPlugin:80 - create IPUIPlugin
2025-06-22 11:43:53,036 [INFO] IPUIPlugin:80 - create IPUIPlugin
2025-06-22 11:43:53,036 [INFO] IPUIPlugin:80 - create IPUIPlugin
2025-06-22 11:43:53,037 [INFO] IPUIPlugin:80 - create IPUIPlugin
2025-06-22 11:43:53,037 [INFO] IPUIPlugin:80 - create IPUIPlugin
2025-06-22 11:43:53,038 [INFO] IPUIPlugin:80 - create IPUIPlugin
2025-06-22 11:43:53,038 [INFO] IPUIPlugin:80 - create IPUIPlugin
2025-06-22 11:43:53,040 [INFO] IPUIPlugin:80 - create IPUIPlugin
2025-06-22 11:43:53,040 [INFO] IPUIPlugin:80 - create IPUIPlugin
2025-06-22 11:43:53,041 [INFO] IPUIPlugin:80 - create IPUIPlugin
2025-06-22 11:43:53,050 [WARN] IP:2191 - I2C_Coeff_DF not found: check if there is a RefParameter without a condition.
2025-06-22 11:43:53,050 [WARN] IP:2191 - Analog_Filter not found: check if there is a RefParameter without a condition.
2025-06-22 11:43:53,057 [WARN] IP:2191 - I2C_Coeff_DF not found: check if there is a RefParameter without a condition.
2025-06-22 11:43:53,057 [WARN] IP:2191 - Analog_Filter not found: check if there is a RefParameter without a condition.
2025-06-22 11:43:53,176 [INFO] CADModel:165 - CPN selected for project levelSTM32F103C8T6TR
2025-06-22 11:43:53,176 [INFO] CADModel:114 - Register for checkConnection events
2025-06-22 11:43:53,225 [INFO] OpenFileManager:363 - Restore cursor
2025-06-22 11:43:53,659 [WARN] IP:2191 - I2C_Coeff_DF not found: check if there is a RefParameter without a condition.
2025-06-22 11:43:53,660 [WARN] IP:2191 - Analog_Filter not found: check if there is a RefParameter without a condition.
2025-06-22 11:43:53,661 [WARN] IP:2191 - I2C_Coeff_DF not found: check if there is a RefParameter without a condition.
2025-06-22 11:43:53,661 [WARN] IP:2191 - Analog_Filter not found: check if there is a RefParameter without a condition.
2025-06-22 11:43:53,665 [WARN] IP:2191 - I2C_Coeff_DF not found: check if there is a RefParameter without a condition.
2025-06-22 11:43:53,665 [WARN] IP:2191 - Analog_Filter not found: check if there is a RefParameter without a condition.
2025-06-22 11:43:53,666 [WARN] IP:2191 - I2C_Coeff_DF not found: check if there is a RefParameter without a condition.
2025-06-22 11:43:53,666 [WARN] IP:2191 - Analog_Filter not found: check if there is a RefParameter without a condition.
2025-06-22 12:09:16,049 [INFO] WebApp:189 - Connection lost
2025-06-22 12:09:16,563 [INFO] WebApp:186 - Connection restablished
2025-06-22 12:43:46,917 [INFO] WebApp:189 - Connection lost
2025-06-22 12:43:47,669 [INFO] WebApp:186 - Connection restablished
2025-06-22 12:52:09,564 [INFO] WebApp:189 - Connection lost
2025-06-22 12:52:10,083 [INFO] WebApp:186 - Connection restablished
2025-06-22 13:01:45,552 [INFO] WebApp:189 - Connection lost
2025-06-22 13:01:46,359 [INFO] WebApp:186 - Connection restablished
2025-06-22 13:27:42,384 [INFO] WebApp:189 - Connection lost
2025-06-22 13:27:42,878 [INFO] WebApp:186 - Connection restablished
2025-06-22 15:38:10,376 [INFO] WebApp:189 - Connection lost
2025-06-22 15:38:11,416 [INFO] WebApp:186 - Connection restablished
2025-06-22 15:52:45,424 [INFO] WebApp:189 - Connection lost
2025-06-22 15:52:45,968 [INFO] WebApp:186 - Connection restablished
2025-06-22 16:32:31,344 [INFO] WebApp:189 - Connection lost
2025-06-22 16:32:31,845 [INFO] WebApp:186 - Connection restablished
2025-06-22 17:37:18,197 [INFO] NvicIntPanel:101 - NVIC parent = com.st.microxplorer.plugins.ip.nvic.MultiNvicIntPanel[,0,0,0x0,invalid,layout=javax.swing.BoxLayout,alignmentX=0.0,alignmentY=0.0,border=,flags=9,maximumSize=,minimumSize=,preferredSize=]
2025-06-22 17:37:20,415 [INFO] NvicIntPanel:101 - NVIC parent = com.st.microxplorer.plugins.ip.nvic.MultiNvicIntPanel[,0,0,0x0,invalid,layout=javax.swing.BoxLayout,alignmentX=0.0,alignmentY=0.0,border=,flags=9,maximumSize=,minimumSize=,preferredSize=]
2025-06-22 17:37:30,318 [INFO] UtilMem:75 - End SaveConfig() Used Memory: 708993440 Bytes (1073741824)
2025-06-22 17:37:31,654 [INFO] UtilMem:75 - End SaveConfig() Used Memory: 809253272 Bytes (1073741824)
2025-06-22 17:37:32,381 [INFO] BlockDiagram:2766 - set Specific Code input for plugin: NVIC
2025-06-22 17:37:32,385 [INFO] BlockDiagram:2766 - set Specific Code input for plugin: USART
2025-06-22 17:37:32,387 [INFO] BlockDiagram:2766 - set Specific Code input for plugin: DMA
2025-06-22 17:37:32,387 [INFO] BlockDiagram:2766 - set Specific Code input for plugin: TIM1_8F1
2025-06-22 17:37:32,387 [INFO] BlockDiagram:2766 - set Specific Code input for plugin: TIM1_8F1
2025-06-22 17:37:32,387 [INFO] BlockDiagram:2766 - set Specific Code input for plugin: SYS
2025-06-22 17:37:32,389 [INFO] BlockDiagram:2766 - set Specific Code input for plugin: GPIO
2025-06-22 17:37:32,389 [INFO] BlockDiagram:2766 - set Specific Code input for plugin: ADC
2025-06-22 17:37:32,389 [INFO] BlockDiagram:2766 - set Specific Code input for plugin: RCC
2025-06-22 17:37:32,389 [INFO] BlockDiagram:2766 - set Specific Code input for plugin: I2C
2025-06-22 17:37:32,389 [INFO] BlockDiagram:2766 - set Specific Code input for plugin: I2C
2025-06-22 17:37:32,393 [INFO] CodeGenerator:807 - code generatio: config db path: /Applications/STM32CubeIDE.app/Contents/Eclipse/plugins/com.st.stm32cube.common.mx_6.12.1.202409122256//db/
2025-06-22 17:37:32,416 [INFO] Argument:325 - Argument : hdmavalue: null
2025-06-22 17:37:32,416 [INFO] Argument:327 - 	 sub Args: 
2025-06-22 17:37:32,417 [INFO] Argument:325 - Argument : Instancevalue: DMA1_Channel1
2025-06-22 17:37:32,417 [INFO] Argument:335 - Argument : Instancevalue: DMA1_Channel1
2025-06-22 17:37:32,417 [INFO] Argument:325 - Argument : Initvalue: null
2025-06-22 17:37:32,417 [INFO] Argument:327 - 	 sub Args: 
2025-06-22 17:37:32,417 [INFO] Argument:325 - Argument : Directionvalue: DMA_PERIPH_TO_MEMORY
2025-06-22 17:37:32,417 [INFO] Argument:335 - Argument : Directionvalue: DMA_PERIPH_TO_MEMORY
2025-06-22 17:37:32,417 [INFO] Argument:325 - Argument : PeriphIncvalue: DMA_PINC_DISABLE
2025-06-22 17:37:32,417 [INFO] Argument:335 - Argument : PeriphIncvalue: DMA_PINC_DISABLE
2025-06-22 17:37:32,417 [INFO] Argument:325 - Argument : MemIncvalue: DMA_MINC_ENABLE
2025-06-22 17:37:32,418 [INFO] Argument:335 - Argument : MemIncvalue: DMA_MINC_ENABLE
2025-06-22 17:37:32,418 [INFO] Argument:325 - Argument : PeriphDataAlignmentvalue: DMA_PDATAALIGN_HALFWORD
2025-06-22 17:37:32,418 [INFO] Argument:335 - Argument : PeriphDataAlignmentvalue: DMA_PDATAALIGN_HALFWORD
2025-06-22 17:37:32,418 [INFO] Argument:325 - Argument : MemDataAlignmentvalue: DMA_MDATAALIGN_HALFWORD
2025-06-22 17:37:32,418 [INFO] Argument:335 - Argument : MemDataAlignmentvalue: DMA_MDATAALIGN_HALFWORD
2025-06-22 17:37:32,418 [INFO] Argument:325 - Argument : Modevalue: DMA_CIRCULAR
2025-06-22 17:37:32,418 [INFO] Argument:335 - Argument : Modevalue: DMA_CIRCULAR
2025-06-22 17:37:32,418 [INFO] Argument:325 - Argument : Priorityvalue: DMA_PRIORITY_LOW
2025-06-22 17:37:32,418 [INFO] Argument:335 - Argument : Priorityvalue: DMA_PRIORITY_LOW
2025-06-22 17:37:32,418 [INFO] Argument:325 - Argument : Lockvalue: null
2025-06-22 17:37:32,418 [INFO] Argument:335 - Argument : Lockvalue: null
2025-06-22 17:37:32,418 [INFO] Argument:325 - Argument : Statevalue: null
2025-06-22 17:37:32,418 [INFO] Argument:335 - Argument : Statevalue: null
2025-06-22 17:37:32,418 [INFO] Argument:325 - Argument : Parentvalue: null
2025-06-22 17:37:32,418 [INFO] Argument:335 - Argument : Parentvalue: null
2025-06-22 17:37:32,418 [INFO] Argument:325 - Argument : XferCpltCallbackvalue: null
2025-06-22 17:37:32,418 [INFO] Argument:335 - Argument : XferCpltCallbackvalue: null
2025-06-22 17:37:32,418 [INFO] Argument:325 - Argument : XferHalfCpltCallbackvalue: null
2025-06-22 17:37:32,418 [INFO] Argument:335 - Argument : XferHalfCpltCallbackvalue: null
2025-06-22 17:37:32,418 [INFO] Argument:325 - Argument : XferErrorCallbackvalue: null
2025-06-22 17:37:32,418 [INFO] Argument:335 - Argument : XferErrorCallbackvalue: null
2025-06-22 17:37:32,418 [INFO] Argument:325 - Argument : ErrorCodevalue: null
2025-06-22 17:37:32,418 [INFO] Argument:335 - Argument : ErrorCodevalue: null
2025-06-22 17:37:32,422 [WARN] IP:2191 - I2C_Coeff_DF not found: check if there is a RefParameter without a condition.
2025-06-22 17:37:32,422 [WARN] IP:2191 - Analog_Filter not found: check if there is a RefParameter without a condition.
2025-06-22 17:37:32,424 [WARN] IP:2191 - I2C_Coeff_DF not found: check if there is a RefParameter without a condition.
2025-06-22 17:37:32,424 [WARN] IP:2191 - Analog_Filter not found: check if there is a RefParameter without a condition.
2025-06-22 17:37:32,670 [INFO] CodeEngine:255 - oldGeneratedFile, /Users/apple/STM32CubeIDE/otros STM32/BLUEPILL ORIGINAL/MXTmpFiles/license.tmp_save
2025-06-22 17:37:33,901 [INFO] CodeEngine:279 - Generated code: /Users/apple/STM32CubeIDE/otros STM32/BLUEPILL ORIGINAL/MXTmpFiles/license.tmp
2025-06-22 17:37:34,052 [INFO] CodeEngine:255 - oldGeneratedFile, /Users/apple/STM32CubeIDE/otros STM32/BLUEPILL ORIGINAL/Core/Src/gpio.c_save
2025-06-22 17:37:34,166 [INFO] CodeEngine:279 - Generated code: /Users/apple/STM32CubeIDE/otros STM32/BLUEPILL ORIGINAL/Core/Src/gpio.c
2025-06-22 17:37:34,168 [INFO] CodeEngine:255 - oldGeneratedFile, /Users/apple/STM32CubeIDE/otros STM32/BLUEPILL ORIGINAL/Core/Inc/gpio.h_save
2025-06-22 17:37:34,227 [INFO] CodeEngine:279 - Generated code: /Users/apple/STM32CubeIDE/otros STM32/BLUEPILL ORIGINAL/Core/Inc/gpio.h
2025-06-22 17:37:34,940 [INFO] CodeEngine:255 - oldGeneratedFile, /Users/apple/STM32CubeIDE/otros STM32/BLUEPILL ORIGINAL/Core/Src/adc.c_save
2025-06-22 17:37:35,071 [INFO] CodeEngine:279 - Generated code: /Users/apple/STM32CubeIDE/otros STM32/BLUEPILL ORIGINAL/Core/Src/adc.c
2025-06-22 17:37:35,073 [INFO] CodeEngine:255 - oldGeneratedFile, /Users/apple/STM32CubeIDE/otros STM32/BLUEPILL ORIGINAL/Core/Inc/adc.h_save
2025-06-22 17:37:35,135 [INFO] CodeEngine:279 - Generated code: /Users/apple/STM32CubeIDE/otros STM32/BLUEPILL ORIGINAL/Core/Inc/adc.h
2025-06-22 17:37:35,154 [INFO] CodeEngine:255 - oldGeneratedFile, /Users/apple/STM32CubeIDE/otros STM32/BLUEPILL ORIGINAL/Core/Src/dma.c_save
2025-06-22 17:37:35,210 [INFO] CodeEngine:279 - Generated code: /Users/apple/STM32CubeIDE/otros STM32/BLUEPILL ORIGINAL/Core/Src/dma.c
2025-06-22 17:37:35,211 [INFO] CodeEngine:255 - oldGeneratedFile, /Users/apple/STM32CubeIDE/otros STM32/BLUEPILL ORIGINAL/Core/Inc/dma.h_save
2025-06-22 17:37:35,266 [INFO] CodeEngine:279 - Generated code: /Users/apple/STM32CubeIDE/otros STM32/BLUEPILL ORIGINAL/Core/Inc/dma.h
2025-06-22 17:37:35,272 [INFO] CodeEngine:255 - oldGeneratedFile, /Users/apple/STM32CubeIDE/otros STM32/BLUEPILL ORIGINAL/Core/Src/i2c.c_save
2025-06-22 17:37:35,424 [INFO] CodeEngine:279 - Generated code: /Users/apple/STM32CubeIDE/otros STM32/BLUEPILL ORIGINAL/Core/Src/i2c.c
2025-06-22 17:37:35,427 [INFO] CodeEngine:255 - oldGeneratedFile, /Users/apple/STM32CubeIDE/otros STM32/BLUEPILL ORIGINAL/Core/Inc/i2c.h_save
2025-06-22 17:37:35,491 [INFO] CodeEngine:279 - Generated code: /Users/apple/STM32CubeIDE/otros STM32/BLUEPILL ORIGINAL/Core/Inc/i2c.h
2025-06-22 17:37:35,494 [INFO] CodeEngine:255 - oldGeneratedFile, /Users/apple/STM32CubeIDE/otros STM32/BLUEPILL ORIGINAL/Core/Src/tim.c_save
2025-06-22 17:37:35,586 [INFO] CodeEngine:279 - Generated code: /Users/apple/STM32CubeIDE/otros STM32/BLUEPILL ORIGINAL/Core/Src/tim.c
2025-06-22 17:37:35,589 [INFO] CodeEngine:255 - oldGeneratedFile, /Users/apple/STM32CubeIDE/otros STM32/BLUEPILL ORIGINAL/Core/Inc/tim.h_save
2025-06-22 17:37:35,696 [INFO] CodeEngine:279 - Generated code: /Users/apple/STM32CubeIDE/otros STM32/BLUEPILL ORIGINAL/Core/Inc/tim.h
2025-06-22 17:37:35,702 [INFO] CodeEngine:255 - oldGeneratedFile, /Users/apple/STM32CubeIDE/otros STM32/BLUEPILL ORIGINAL/Core/Src/usart.c_save
2025-06-22 17:37:35,772 [INFO] CodeEngine:279 - Generated code: /Users/apple/STM32CubeIDE/otros STM32/BLUEPILL ORIGINAL/Core/Src/usart.c
2025-06-22 17:37:35,776 [INFO] CodeEngine:255 - oldGeneratedFile, /Users/apple/STM32CubeIDE/otros STM32/BLUEPILL ORIGINAL/Core/Inc/usart.h_save
2025-06-22 17:37:35,825 [INFO] CodeEngine:279 - Generated code: /Users/apple/STM32CubeIDE/otros STM32/BLUEPILL ORIGINAL/Core/Inc/usart.h
2025-06-22 17:37:35,838 [INFO] CodeEngine:255 - oldGeneratedFile, /Users/apple/STM32CubeIDE/otros STM32/BLUEPILL ORIGINAL/Core/Src/stm32f1xx_it.c_save
2025-06-22 17:37:35,973 [INFO] CodeEngine:279 - Generated code: /Users/apple/STM32CubeIDE/otros STM32/BLUEPILL ORIGINAL/Core/Src/stm32f1xx_it.c
2025-06-22 17:37:35,976 [INFO] CodeEngine:255 - oldGeneratedFile, /Users/apple/STM32CubeIDE/otros STM32/BLUEPILL ORIGINAL/Core/Inc/stm32f1xx_it.h_save
2025-06-22 17:37:36,029 [INFO] CodeEngine:279 - Generated code: /Users/apple/STM32CubeIDE/otros STM32/BLUEPILL ORIGINAL/Core/Inc/stm32f1xx_it.h
2025-06-22 17:37:36,040 [INFO] CodeEngine:255 - oldGeneratedFile, /Users/apple/STM32CubeIDE/otros STM32/BLUEPILL ORIGINAL/Core/Src/stm32f1xx_hal_msp.c_save
2025-06-22 17:37:36,121 [INFO] CodeEngine:279 - Generated code: /Users/apple/STM32CubeIDE/otros STM32/BLUEPILL ORIGINAL/Core/Src/stm32f1xx_hal_msp.c
2025-06-22 17:37:36,122 [INFO] CodeEngine:255 - oldGeneratedFile, /Users/apple/STM32CubeIDE/otros STM32/BLUEPILL ORIGINAL/MXTmpFiles/system.tmp_save
2025-06-22 17:37:36,173 [INFO] CodeEngine:279 - Generated code: /Users/apple/STM32CubeIDE/otros STM32/BLUEPILL ORIGINAL/MXTmpFiles/system.tmp
2025-06-22 17:37:36,179 [INFO] CodeEngine:311 - oldGeneratedFile, /Users/apple/STM32CubeIDE/otros STM32/BLUEPILL ORIGINAL/Core/Inc/stm32f1xx_hal_conf.h_save
2025-06-22 17:37:36,232 [INFO] CodeEngine:335 - Generated code: /Users/apple/STM32CubeIDE/otros STM32/BLUEPILL ORIGINAL/Core/Inc/stm32f1xx_hal_conf.h
2025-06-22 17:37:36,280 [INFO] CodeEngine:255 - oldGeneratedFile, /Users/apple/STM32CubeIDE/otros STM32/BLUEPILL ORIGINAL/Core/Inc/main.h_save
2025-06-22 17:37:36,357 [INFO] CodeEngine:279 - Generated code: /Users/apple/STM32CubeIDE/otros STM32/BLUEPILL ORIGINAL/Core/Inc/main.h
2025-06-22 17:37:36,359 [INFO] CodeEngine:255 - oldGeneratedFile, /Users/apple/STM32CubeIDE/otros STM32/BLUEPILL ORIGINAL/Core/Src/main.c_save
2025-06-22 17:37:36,466 [INFO] CodeEngine:279 - Generated code: /Users/apple/STM32CubeIDE/otros STM32/BLUEPILL ORIGINAL/Core/Src/main.c
2025-06-22 17:37:36,841 [INFO] ProjectBuilder:3249 - Time for Copy HAL[1] : 97mS.
2025-06-22 17:37:36,845 [INFO] ProjectBuilder:4828 - Project Generator version: 4.5.0-B34
2025-06-22 17:37:36,981 [INFO] ConfigFileManager:1531 - The Die is : DIE410
2025-06-22 17:37:37,222 [INFO] ApiDbMcu:508 - Load IP Config File for FATFS
2025-06-22 17:37:37,332 [INFO] ApiDbMcu:508 - Load IP Config File for FREERTOS
2025-06-22 17:37:37,413 [INFO] ApiDbMcu:508 - Load IP Config File for USB_DEVICE
2025-06-22 17:37:39,019 [INFO] ProjectBuilder:5097 - Time for Generating toolchain IDE Files: 2168mS.
2025-06-22 17:37:39,020 [INFO] ProjectBuilder:3107 - Time for Copy CMSIS : 0mS.
2025-06-22 17:37:39,021 [INFO] ProjectBuilder:3107 - Time for Copy CMSIS : 0mS.
2025-06-22 17:46:51,950 [INFO] NvicIntPanel:101 - NVIC parent = com.st.microxplorer.plugins.ip.nvic.MultiNvicIntPanel[,0,0,0x0,invalid,layout=javax.swing.BoxLayout,alignmentX=0.0,alignmentY=0.0,border=,flags=9,maximumSize=,minimumSize=,preferredSize=]
2025-06-22 17:47:01,475 [INFO] NvicIntPanel:101 - NVIC parent = com.st.microxplorer.plugins.ip.nvic.MultiNvicIntPanel[,0,0,0x0,invalid,layout=javax.swing.BoxLayout,alignmentX=0.0,alignmentY=0.0,border=,flags=9,maximumSize=,minimumSize=,preferredSize=]
2025-06-22 17:51:12,697 [WARN] IP:2191 - I2C_Coeff_DF not found: check if there is a RefParameter without a condition.
2025-06-22 17:51:12,702 [WARN] IP:2191 - Analog_Filter not found: check if there is a RefParameter without a condition.
2025-06-22 17:51:12,703 [WARN] IP:2191 - I2C_Coeff_DF not found: check if there is a RefParameter without a condition.
2025-06-22 17:51:12,703 [WARN] IP:2191 - Analog_Filter not found: check if there is a RefParameter without a condition.
2025-06-22 17:51:12,706 [WARN] IP:2191 - I2C_Coeff_DF not found: check if there is a RefParameter without a condition.
2025-06-22 17:51:12,706 [WARN] IP:2191 - Analog_Filter not found: check if there is a RefParameter without a condition.
2025-06-22 17:51:12,707 [WARN] IP:2191 - I2C_Coeff_DF not found: check if there is a RefParameter without a condition.
2025-06-22 17:51:12,707 [WARN] IP:2191 - Analog_Filter not found: check if there is a RefParameter without a condition.
2025-06-22 17:51:12,872 [INFO] NvicIntPanel:101 - NVIC parent = com.st.microxplorer.plugins.ip.nvic.MultiNvicIntPanel[,0,0,0x0,invalid,layout=javax.swing.BoxLayout,alignmentX=0.0,alignmentY=0.0,border=,flags=9,maximumSize=,minimumSize=,preferredSize=]
2025-06-22 17:52:23,532 [INFO] NvicIntPanel:101 - NVIC parent = com.st.microxplorer.plugins.ip.nvic.MultiNvicIntPanel[,0,0,0x0,invalid,layout=javax.swing.BoxLayout,alignmentX=0.0,alignmentY=0.0,border=,flags=9,maximumSize=,minimumSize=,preferredSize=]
2025-06-22 17:59:16,008 [INFO] UtilMem:75 - End SaveConfig() Used Memory: 865397552 Bytes (1073741824)
2025-06-22 18:01:02,220 [INFO] UtilMem:75 - End SaveConfig() Used Memory: 885551184 Bytes (1073741824)
2025-06-22 18:01:02,498 [INFO] BlockDiagram:2766 - set Specific Code input for plugin: NVIC
2025-06-22 18:01:02,498 [INFO] BlockDiagram:2766 - set Specific Code input for plugin: USART
2025-06-22 18:01:02,498 [INFO] BlockDiagram:2766 - set Specific Code input for plugin: DMA
2025-06-22 18:01:02,498 [INFO] BlockDiagram:2766 - set Specific Code input for plugin: TIM1_8F1
2025-06-22 18:01:02,498 [INFO] BlockDiagram:2766 - set Specific Code input for plugin: TIM1_8F1
2025-06-22 18:01:02,498 [INFO] BlockDiagram:2766 - set Specific Code input for plugin: SYS
2025-06-22 18:01:02,498 [INFO] BlockDiagram:2766 - set Specific Code input for plugin: GPIO
2025-06-22 18:01:02,498 [INFO] BlockDiagram:2766 - set Specific Code input for plugin: ADC
2025-06-22 18:01:02,498 [INFO] BlockDiagram:2766 - set Specific Code input for plugin: RCC
2025-06-22 18:01:02,498 [INFO] BlockDiagram:2766 - set Specific Code input for plugin: I2C
2025-06-22 18:01:02,498 [INFO] BlockDiagram:2766 - set Specific Code input for plugin: I2C
2025-06-22 18:01:02,499 [INFO] CodeGenerator:807 - code generatio: config db path: /Applications/STM32CubeIDE.app/Contents/Eclipse/plugins/com.st.stm32cube.common.mx_6.12.1.202409122256//db/
2025-06-22 18:01:02,513 [INFO] Argument:325 - Argument : hdmavalue: null
2025-06-22 18:01:02,513 [INFO] Argument:327 - 	 sub Args: 
2025-06-22 18:01:02,513 [INFO] Argument:325 - Argument : Instancevalue: DMA1_Channel1
2025-06-22 18:01:02,513 [INFO] Argument:335 - Argument : Instancevalue: DMA1_Channel1
2025-06-22 18:01:02,513 [INFO] Argument:325 - Argument : Initvalue: null
2025-06-22 18:01:02,513 [INFO] Argument:327 - 	 sub Args: 
2025-06-22 18:01:02,513 [INFO] Argument:325 - Argument : Directionvalue: DMA_PERIPH_TO_MEMORY
2025-06-22 18:01:02,513 [INFO] Argument:335 - Argument : Directionvalue: DMA_PERIPH_TO_MEMORY
2025-06-22 18:01:02,513 [INFO] Argument:325 - Argument : PeriphIncvalue: DMA_PINC_DISABLE
2025-06-22 18:01:02,513 [INFO] Argument:335 - Argument : PeriphIncvalue: DMA_PINC_DISABLE
2025-06-22 18:01:02,513 [INFO] Argument:325 - Argument : MemIncvalue: DMA_MINC_ENABLE
2025-06-22 18:01:02,513 [INFO] Argument:335 - Argument : MemIncvalue: DMA_MINC_ENABLE
2025-06-22 18:01:02,513 [INFO] Argument:325 - Argument : PeriphDataAlignmentvalue: DMA_PDATAALIGN_HALFWORD
2025-06-22 18:01:02,513 [INFO] Argument:335 - Argument : PeriphDataAlignmentvalue: DMA_PDATAALIGN_HALFWORD
2025-06-22 18:01:02,513 [INFO] Argument:325 - Argument : MemDataAlignmentvalue: DMA_MDATAALIGN_HALFWORD
2025-06-22 18:01:02,513 [INFO] Argument:335 - Argument : MemDataAlignmentvalue: DMA_MDATAALIGN_HALFWORD
2025-06-22 18:01:02,513 [INFO] Argument:325 - Argument : Modevalue: DMA_CIRCULAR
2025-06-22 18:01:02,513 [INFO] Argument:335 - Argument : Modevalue: DMA_CIRCULAR
2025-06-22 18:01:02,513 [INFO] Argument:325 - Argument : Priorityvalue: DMA_PRIORITY_LOW
2025-06-22 18:01:02,513 [INFO] Argument:335 - Argument : Priorityvalue: DMA_PRIORITY_LOW
2025-06-22 18:01:02,513 [INFO] Argument:325 - Argument : Lockvalue: null
2025-06-22 18:01:02,513 [INFO] Argument:335 - Argument : Lockvalue: null
2025-06-22 18:01:02,513 [INFO] Argument:325 - Argument : Statevalue: null
2025-06-22 18:01:02,513 [INFO] Argument:335 - Argument : Statevalue: null
2025-06-22 18:01:02,513 [INFO] Argument:325 - Argument : Parentvalue: null
2025-06-22 18:01:02,513 [INFO] Argument:335 - Argument : Parentvalue: null
2025-06-22 18:01:02,514 [INFO] Argument:325 - Argument : XferCpltCallbackvalue: null
2025-06-22 18:01:02,514 [INFO] Argument:335 - Argument : XferCpltCallbackvalue: null
2025-06-22 18:01:02,514 [INFO] Argument:325 - Argument : XferHalfCpltCallbackvalue: null
2025-06-22 18:01:02,514 [INFO] Argument:335 - Argument : XferHalfCpltCallbackvalue: null
2025-06-22 18:01:02,514 [INFO] Argument:325 - Argument : XferErrorCallbackvalue: null
2025-06-22 18:01:02,514 [INFO] Argument:335 - Argument : XferErrorCallbackvalue: null
2025-06-22 18:01:02,514 [INFO] Argument:325 - Argument : ErrorCodevalue: null
2025-06-22 18:01:02,514 [INFO] Argument:335 - Argument : ErrorCodevalue: null
2025-06-22 18:01:02,515 [WARN] IP:2191 - I2C_Coeff_DF not found: check if there is a RefParameter without a condition.
2025-06-22 18:01:02,515 [WARN] IP:2191 - Analog_Filter not found: check if there is a RefParameter without a condition.
2025-06-22 18:01:02,516 [WARN] IP:2191 - I2C_Coeff_DF not found: check if there is a RefParameter without a condition.
2025-06-22 18:01:02,517 [WARN] IP:2191 - Analog_Filter not found: check if there is a RefParameter without a condition.
2025-06-22 18:01:02,623 [INFO] CodeEngine:255 - oldGeneratedFile, /Users/apple/STM32CubeIDE/otros STM32/BLUEPILL ORIGINAL/MXTmpFiles/license.tmp_save
2025-06-22 18:01:02,778 [INFO] CodeEngine:279 - Generated code: /Users/apple/STM32CubeIDE/otros STM32/BLUEPILL ORIGINAL/MXTmpFiles/license.tmp
2025-06-22 18:01:02,870 [INFO] CodeEngine:255 - oldGeneratedFile, /Users/apple/STM32CubeIDE/otros STM32/BLUEPILL ORIGINAL/Core/Src/gpio.c_save
2025-06-22 18:01:03,171 [INFO] CodeEngine:279 - Generated code: /Users/apple/STM32CubeIDE/otros STM32/BLUEPILL ORIGINAL/Core/Src/gpio.c
2025-06-22 18:01:03,189 [INFO] CodeEngine:255 - oldGeneratedFile, /Users/apple/STM32CubeIDE/otros STM32/BLUEPILL ORIGINAL/Core/Inc/gpio.h_save
2025-06-22 18:01:03,241 [INFO] CodeEngine:279 - Generated code: /Users/apple/STM32CubeIDE/otros STM32/BLUEPILL ORIGINAL/Core/Inc/gpio.h
2025-06-22 18:01:03,893 [INFO] CodeEngine:255 - oldGeneratedFile, /Users/apple/STM32CubeIDE/otros STM32/BLUEPILL ORIGINAL/Core/Src/adc.c_save
2025-06-22 18:01:04,001 [INFO] CodeEngine:279 - Generated code: /Users/apple/STM32CubeIDE/otros STM32/BLUEPILL ORIGINAL/Core/Src/adc.c
2025-06-22 18:01:04,003 [INFO] CodeEngine:255 - oldGeneratedFile, /Users/apple/STM32CubeIDE/otros STM32/BLUEPILL ORIGINAL/Core/Inc/adc.h_save
2025-06-22 18:01:04,050 [INFO] CodeEngine:279 - Generated code: /Users/apple/STM32CubeIDE/otros STM32/BLUEPILL ORIGINAL/Core/Inc/adc.h
2025-06-22 18:01:04,059 [INFO] CodeEngine:255 - oldGeneratedFile, /Users/apple/STM32CubeIDE/otros STM32/BLUEPILL ORIGINAL/Core/Src/dma.c_save
2025-06-22 18:01:04,106 [INFO] CodeEngine:279 - Generated code: /Users/apple/STM32CubeIDE/otros STM32/BLUEPILL ORIGINAL/Core/Src/dma.c
2025-06-22 18:01:04,107 [INFO] CodeEngine:255 - oldGeneratedFile, /Users/apple/STM32CubeIDE/otros STM32/BLUEPILL ORIGINAL/Core/Inc/dma.h_save
2025-06-22 18:01:04,174 [INFO] CodeEngine:279 - Generated code: /Users/apple/STM32CubeIDE/otros STM32/BLUEPILL ORIGINAL/Core/Inc/dma.h
2025-06-22 18:01:04,178 [INFO] CodeEngine:255 - oldGeneratedFile, /Users/apple/STM32CubeIDE/otros STM32/BLUEPILL ORIGINAL/Core/Src/i2c.c_save
2025-06-22 18:01:04,248 [INFO] CodeEngine:279 - Generated code: /Users/apple/STM32CubeIDE/otros STM32/BLUEPILL ORIGINAL/Core/Src/i2c.c
2025-06-22 18:01:04,249 [INFO] CodeEngine:255 - oldGeneratedFile, /Users/apple/STM32CubeIDE/otros STM32/BLUEPILL ORIGINAL/Core/Inc/i2c.h_save
2025-06-22 18:01:04,295 [INFO] CodeEngine:279 - Generated code: /Users/apple/STM32CubeIDE/otros STM32/BLUEPILL ORIGINAL/Core/Inc/i2c.h
2025-06-22 18:01:04,298 [INFO] CodeEngine:255 - oldGeneratedFile, /Users/apple/STM32CubeIDE/otros STM32/BLUEPILL ORIGINAL/Core/Src/tim.c_save
2025-06-22 18:01:04,408 [INFO] CodeEngine:279 - Generated code: /Users/apple/STM32CubeIDE/otros STM32/BLUEPILL ORIGINAL/Core/Src/tim.c
2025-06-22 18:01:04,410 [INFO] CodeEngine:255 - oldGeneratedFile, /Users/apple/STM32CubeIDE/otros STM32/BLUEPILL ORIGINAL/Core/Inc/tim.h_save
2025-06-22 18:01:04,462 [INFO] CodeEngine:279 - Generated code: /Users/apple/STM32CubeIDE/otros STM32/BLUEPILL ORIGINAL/Core/Inc/tim.h
2025-06-22 18:01:04,467 [INFO] CodeEngine:255 - oldGeneratedFile, /Users/apple/STM32CubeIDE/otros STM32/BLUEPILL ORIGINAL/Core/Src/usart.c_save
2025-06-22 18:01:04,540 [INFO] CodeEngine:279 - Generated code: /Users/apple/STM32CubeIDE/otros STM32/BLUEPILL ORIGINAL/Core/Src/usart.c
2025-06-22 18:01:04,541 [INFO] CodeEngine:255 - oldGeneratedFile, /Users/apple/STM32CubeIDE/otros STM32/BLUEPILL ORIGINAL/Core/Inc/usart.h_save
2025-06-22 18:01:04,590 [INFO] CodeEngine:279 - Generated code: /Users/apple/STM32CubeIDE/otros STM32/BLUEPILL ORIGINAL/Core/Inc/usart.h
2025-06-22 18:01:04,596 [INFO] CodeEngine:255 - oldGeneratedFile, /Users/apple/STM32CubeIDE/otros STM32/BLUEPILL ORIGINAL/Core/Src/stm32f1xx_it.c_save
2025-06-22 18:01:04,721 [INFO] CodeEngine:279 - Generated code: /Users/apple/STM32CubeIDE/otros STM32/BLUEPILL ORIGINAL/Core/Src/stm32f1xx_it.c
2025-06-22 18:01:04,723 [INFO] CodeEngine:255 - oldGeneratedFile, /Users/apple/STM32CubeIDE/otros STM32/BLUEPILL ORIGINAL/Core/Inc/stm32f1xx_it.h_save
2025-06-22 18:01:04,773 [INFO] CodeEngine:279 - Generated code: /Users/apple/STM32CubeIDE/otros STM32/BLUEPILL ORIGINAL/Core/Inc/stm32f1xx_it.h
2025-06-22 18:01:04,783 [INFO] CodeEngine:255 - oldGeneratedFile, /Users/apple/STM32CubeIDE/otros STM32/BLUEPILL ORIGINAL/Core/Src/stm32f1xx_hal_msp.c_save
2025-06-22 18:01:04,853 [INFO] CodeEngine:279 - Generated code: /Users/apple/STM32CubeIDE/otros STM32/BLUEPILL ORIGINAL/Core/Src/stm32f1xx_hal_msp.c
2025-06-22 18:01:04,855 [INFO] CodeEngine:255 - oldGeneratedFile, /Users/apple/STM32CubeIDE/otros STM32/BLUEPILL ORIGINAL/MXTmpFiles/system.tmp_save
2025-06-22 18:01:04,901 [INFO] CodeEngine:279 - Generated code: /Users/apple/STM32CubeIDE/otros STM32/BLUEPILL ORIGINAL/MXTmpFiles/system.tmp
2025-06-22 18:01:04,905 [INFO] CodeEngine:311 - oldGeneratedFile, /Users/apple/STM32CubeIDE/otros STM32/BLUEPILL ORIGINAL/Core/Inc/stm32f1xx_hal_conf.h_save
2025-06-22 18:01:04,957 [INFO] CodeEngine:335 - Generated code: /Users/apple/STM32CubeIDE/otros STM32/BLUEPILL ORIGINAL/Core/Inc/stm32f1xx_hal_conf.h
2025-06-22 18:01:05,002 [INFO] CodeEngine:255 - oldGeneratedFile, /Users/apple/STM32CubeIDE/otros STM32/BLUEPILL ORIGINAL/Core/Inc/main.h_save
2025-06-22 18:01:05,084 [INFO] CodeEngine:279 - Generated code: /Users/apple/STM32CubeIDE/otros STM32/BLUEPILL ORIGINAL/Core/Inc/main.h
2025-06-22 18:01:05,086 [INFO] CodeEngine:255 - oldGeneratedFile, /Users/apple/STM32CubeIDE/otros STM32/BLUEPILL ORIGINAL/Core/Src/main.c_save
2025-06-22 18:01:05,180 [INFO] CodeEngine:279 - Generated code: /Users/apple/STM32CubeIDE/otros STM32/BLUEPILL ORIGINAL/Core/Src/main.c
2025-06-22 18:01:05,570 [INFO] ProjectBuilder:3249 - Time for Copy HAL[1] : 97mS.
2025-06-22 18:01:05,585 [INFO] ProjectBuilder:4828 - Project Generator version: 4.5.0-B34
2025-06-22 18:01:05,682 [INFO] ConfigFileManager:1531 - The Die is : DIE410
2025-06-22 18:01:06,911 [INFO] ProjectBuilder:5097 - Time for Generating toolchain IDE Files: 1325mS.
2025-06-22 18:01:06,912 [INFO] ProjectBuilder:3107 - Time for Copy CMSIS : 0mS.
2025-06-22 18:01:06,917 [INFO] ProjectBuilder:3107 - Time for Copy CMSIS : 1mS.
2025-06-22 20:22:15,799 [INFO] WebApp:189 - Connection lost
2025-06-22 20:22:16,355 [INFO] WebApp:186 - Connection restablished
2025-06-22 20:39:05,339 [INFO] WebApp:189 - Connection lost
2025-06-22 20:39:05,764 [INFO] WebApp:186 - Connection restablished
2025-06-22 20:39:09,809 [INFO] WebApp:189 - Connection lost
2025-06-22 20:39:09,940 [INFO] WebApp:186 - Connection restablished
2025-06-22 20:54:32,364 [INFO] WebApp:189 - Connection lost
2025-06-22 20:54:32,673 [INFO] WebApp:186 - Connection restablished
2025-06-22 20:58:32,041 [INFO] WebApp:189 - Connection lost
2025-06-22 20:58:32,334 [INFO] WebApp:186 - Connection restablished
2025-06-22 21:13:42,190 [INFO] WebApp:189 - Connection lost
2025-06-22 21:13:42,469 [INFO] WebApp:186 - Connection restablished
2025-06-22 21:29:09,031 [INFO] WebApp:189 - Connection lost
2025-06-22 21:29:09,291 [INFO] WebApp:186 - Connection restablished
2025-06-22 21:46:49,197 [INFO] WebApp:189 - Connection lost
2025-06-22 21:46:49,453 [INFO] WebApp:186 - Connection restablished
2025-06-22 21:50:08,203 [INFO] WebApp:189 - Connection lost
2025-06-22 21:50:08,422 [INFO] WebApp:186 - Connection restablished
2025-06-22 22:03:43,350 [INFO] WebApp:189 - Connection lost
2025-06-22 22:03:43,652 [INFO] WebApp:186 - Connection restablished
2025-06-22 22:39:45,501 [INFO] WebApp:189 - Connection lost
2025-06-22 22:39:45,920 [INFO] WebApp:186 - Connection restablished
