2025-05-27 20:13:46,728 [INFO] Activator:176 - 


2025-05-27 20:13:46,747 [INFO] Activator:177 - !SESSION log4j initialized
2025-05-27 20:13:53,457 [INFO] LogOutputStream:77 - [STDOUT_REDIRECT] 
2025-05-27 20:13:54,206 [ERROR] LogOutputStream:75 - [STDERR_REDIRECT] 
2025-05-27 20:13:55,700 [INFO] LogOutputStream:77 - [STDOUT_REDIRECT] 
2025-05-27 20:13:56,452 [ERROR] ConfigurationRetriever:142 - IOException on connection: sw-center.st.com
2025-05-27 20:13:56,453 [ERROR] ConfigurationRetriever:142 - IOException on connection: sw-center.st.com
2025-05-27 20:13:56,454 [ERROR] ConfigurationRetriever:142 - IOException on connection: sw-center.st.com
2025-05-27 20:13:57,683 [ERROR] LogOutputStream:75 - [STDERR_REDIRECT] java.net.URISyntaxException: Illegal character in path at index 36: file:/Users/apple/STM32CubeIDE/otros STM32/.metadata/.log4j2.xml
2025-05-27 20:13:57,688 [ERROR] LogOutputStream:75 - [STDERR_REDIRECT] 	at java.base/java.net.URI$Parser.fail(URI.java:2976)
2025-05-27 20:13:57,690 [ERROR] LogOutputStream:75 - [STDERR_REDIRECT] 	at java.base/java.net.URI$Parser.checkChars(URI.java:3147)
2025-05-27 20:13:57,691 [ERROR] LogOutputStream:75 - [STDERR_REDIRECT] 	at java.base/java.net.URI$Parser.parseHierarchical(URI.java:3229)
2025-05-27 20:13:57,696 [ERROR] LogOutputStream:75 - [STDERR_REDIRECT] 	at java.base/java.net.URI$Parser.parse(URI.java:3177)
2025-05-27 20:13:57,698 [ERROR] LogOutputStream:75 - [STDERR_REDIRECT] 	at java.base/java.net.URI.<init>(URI.java:623)
2025-05-27 20:13:57,706 [ERROR] LogOutputStream:75 - [STDERR_REDIRECT] 	at java.base/java.net.URL.toURI(URL.java:1056)
2025-05-27 20:13:57,708 [ERROR] LogOutputStream:75 - [STDERR_REDIRECT] 	at com.st.stm32cube.common.mx.core.CubeMxInstance.getInstance(CubeMxInstance.java:81)
2025-05-27 20:13:57,708 [ERROR] LogOutputStream:75 - [STDERR_REDIRECT] 	at com.st.stm32cube.common.mx.userauth.UserAuthAdapter.<init>(UserAuthAdapter.java:25)
2025-05-27 20:13:57,709 [ERROR] LogOutputStream:75 - [STDERR_REDIRECT] 	at com.st.stm32cube.common.mx.userauth.UserAuthProvider.getUserAuthAdapter(UserAuthProvider.java:16)
2025-05-27 20:13:57,710 [ERROR] LogOutputStream:75 - [STDERR_REDIRECT] 	at com.st.stm32cube.common.ecosystemintegration.ui.core.MCUEcoSystemIntegrationUiHelper.getUserAuth(MCUEcoSystemIntegrationUiHelper.java:100)
2025-05-27 20:13:57,711 [ERROR] LogOutputStream:75 - [STDERR_REDIRECT] 	at com.st.stm32cube.ide.mcu.userauth.UserAuthStartup.earlyStartup(UserAuthStartup.java:41)
2025-05-27 20:13:57,711 [ERROR] LogOutputStream:75 - [STDERR_REDIRECT] 	at org.eclipse.ui.internal.EarlyStartupRunnable.runEarlyStartup(EarlyStartupRunnable.java:79)
2025-05-27 20:13:57,712 [ERROR] LogOutputStream:75 - [STDERR_REDIRECT] 	at org.eclipse.ui.internal.EarlyStartupRunnable.run(EarlyStartupRunnable.java:55)
2025-05-27 20:13:57,712 [ERROR] LogOutputStream:75 - [STDERR_REDIRECT] 	at org.eclipse.core.runtime.SafeRunner.run(SafeRunner.java:47)
2025-05-27 20:13:57,714 [ERROR] LogOutputStream:75 - [STDERR_REDIRECT] 	at org.eclipse.ui.internal.Workbench$39.run(Workbench.java:2762)
2025-05-27 20:13:57,715 [ERROR] LogOutputStream:75 - [STDERR_REDIRECT] 	at org.eclipse.core.internal.jobs.Worker.run(Worker.java:63)
2025-05-27 20:13:58,060 [INFO] ApplicationProperties:184 - Using Application install path: /Applications/STM32CubeIDE.app/Contents/Eclipse/plugins/com.st.stm32cube.common.mx_6.12.1.202409122256
2025-05-27 20:13:58,091 [INFO] DbMcusXml:78 - Set database path to: /Applications/STM32CubeIDE.app/Contents/Eclipse/plugins/com.st.stm32cube.common.mx_6.12.1.202409122256//db//mcu/
2025-05-27 20:13:58,092 [INFO] ApiDb:274 - Set plugin database path to: /Applications/STM32CubeIDE.app/Contents/Eclipse/plugins/com.st.stm32cube.common.mx_6.12.1.202409122256//db//plugins/boardmanager/
2025-05-27 20:13:58,094 [WARN] ApiDb:259 - Overriding images path with different value:  => /Applications/STM32CubeIDE.app/Contents/Eclipse/plugins/com.st.stm32cube.common.mx_6.12.1.202409122256//db//plugins/mcufinder/images/
2025-05-27 20:13:58,112 [INFO] ApiDb:250 - Set database path to: /Users/apple/.stmcufinder/plugins/mcufinder//mcu/
2025-05-27 20:13:58,114 [INFO] DbMcusAds:125 - Set database path to: /Users/apple/.stmcufinder/plugins/mcufinder//mcu/
2025-05-27 20:13:58,118 [INFO] CrossReferenceDbSqlite:203 - Set database path to: /Users/apple/.stmcufinder/plugins/mcufinder//mcu/cs/
2025-05-27 20:13:58,363 [INFO] RulesReader:64 - Compatibility file has been processed (297 Rules)
2025-05-27 20:13:58,571 [INFO] DbMcusXml:78 - Set database path to: /Applications/STM32CubeIDE.app/Contents/Eclipse/plugins/com.st.stm32cube.common.mx_6.12.1.202409122256//db//mcu/
2025-05-27 20:13:58,573 [INFO] ApiDb:274 - Set plugin database path to: /Applications/STM32CubeIDE.app/Contents/Eclipse/plugins/com.st.stm32cube.common.mx_6.12.1.202409122256//db//plugins/boardmanager/
2025-05-27 20:13:58,577 [INFO] ApiDb:261 - Set plugin images path to: /Applications/STM32CubeIDE.app/Contents/Eclipse/plugins/com.st.stm32cube.common.mx_6.12.1.202409122256//db//plugins/mcufinder/images/
2025-05-27 20:13:58,580 [WARN] DbFile:41 - Overriding database path with different value: /Users/apple/.stmcufinder/plugins/mcufinder/ => /Users/apple/.stmcufinder/plugins/mcufinder
2025-05-27 20:13:58,580 [INFO] ApiDb:250 - Set database path to: /Users/apple/.stmcufinder/plugins/mcufinder//mcu/
2025-05-27 20:13:58,580 [WARN] DbFile:41 - Overriding database path with different value: /Users/apple/.stmcufinder/plugins/mcufinder/ => /Users/apple/.stmcufinder/plugins/mcufinder
2025-05-27 20:13:58,580 [INFO] DbMcusAds:125 - Set database path to: /Users/apple/.stmcufinder/plugins/mcufinder//mcu/
2025-05-27 20:13:58,581 [WARN] DbFile:41 - Overriding database path with different value: /Users/apple/.stmcufinder/plugins/mcufinder/ => /Users/apple/.stmcufinder/plugins/mcufinder
2025-05-27 20:13:58,581 [WARN] DbFile:41 - Overriding database path with different value: /Users/apple/.stmcufinder/plugins/mcufinder/ => /Users/apple/.stmcufinder/plugins/mcufinder
2025-05-27 20:13:58,581 [INFO] CrossReferenceDbSqlite:203 - Set database path to: /Users/apple/.stmcufinder/plugins/mcufinder//mcu/cs/
2025-05-27 20:13:58,736 [INFO] MainPanel:268 - HeapMemory: 268435456
2025-05-27 20:13:59,363 [INFO] DbMcusXml:78 - Set database path to: /Applications/STM32CubeIDE.app/Contents/Eclipse/plugins/com.st.stm32cube.common.mx_6.12.1.202409122256//db//mcu/
2025-05-27 20:13:59,363 [INFO] ApiDb:274 - Set plugin database path to: /Applications/STM32CubeIDE.app/Contents/Eclipse/plugins/com.st.stm32cube.common.mx_6.12.1.202409122256//db//plugins/boardmanager/
2025-05-27 20:13:59,364 [INFO] ApiDb:261 - Set plugin images path to: /Applications/STM32CubeIDE.app/Contents/Eclipse/plugins/com.st.stm32cube.common.mx_6.12.1.202409122256//db//plugins/mcufinder/images/
2025-05-27 20:13:59,364 [WARN] DbFile:41 - Overriding database path with different value: /Users/apple/.stmcufinder/plugins/mcufinder/ => /Users/apple/.stmcufinder/plugins/mcufinder
2025-05-27 20:13:59,364 [INFO] ApiDb:250 - Set database path to: /Users/apple/.stmcufinder/plugins/mcufinder//mcu/
2025-05-27 20:13:59,364 [WARN] DbFile:41 - Overriding database path with different value: /Users/apple/.stmcufinder/plugins/mcufinder/ => /Users/apple/.stmcufinder/plugins/mcufinder
2025-05-27 20:13:59,364 [INFO] DbMcusAds:125 - Set database path to: /Users/apple/.stmcufinder/plugins/mcufinder//mcu/
2025-05-27 20:13:59,365 [WARN] DbFile:41 - Overriding database path with different value: /Users/apple/.stmcufinder/plugins/mcufinder/ => /Users/apple/.stmcufinder/plugins/mcufinder
2025-05-27 20:13:59,365 [WARN] DbFile:41 - Overriding database path with different value: /Users/apple/.stmcufinder/plugins/mcufinder/ => /Users/apple/.stmcufinder/plugins/mcufinder
2025-05-27 20:13:59,365 [INFO] CrossReferenceDbSqlite:203 - Set database path to: /Users/apple/.stmcufinder/plugins/mcufinder//mcu/cs/
2025-05-27 20:13:59,398 [INFO] ApplicationProperties:184 - Using Application install path: /Applications/STM32CubeIDE.app/Contents/Eclipse/plugins/com.st.stm32cube.common.mx_6.12.1.202409122256
2025-05-27 20:13:59,401 [INFO] PluginManage:196 - Search for loadable plugins [exclusion list=, ]
2025-05-27 20:13:59,404 [INFO] PluginManage:310 - Check plugin analytics
2025-05-27 20:13:59,727 [INFO] AnalyticsPlugin:253 - Accepted Software Licenses: 
2025-05-27 20:13:59,729 [INFO] AnalyticsPlugin:255 - Accepted CMSIS Pack Licenses: 
2025-05-27 20:13:59,730 [INFO] AnalyticsPlugin:257 - Accepted Firmware Licenses: FW.F4.1.28.0
2025-05-27 20:13:59,758 [ERROR] ConfigurationRetriever:142 - IOException on connection: sw-center.st.com
2025-05-27 20:13:59,760 [ERROR] ConfigurationRetriever:142 - IOException on connection: sw-center.st.com
2025-05-27 20:13:59,762 [ERROR] ConfigurationRetriever:142 - IOException on connection: sw-center.st.com
2025-05-27 20:13:59,764 [INFO] PluginManage:359 - Loaded plugin analytics (category:tool,tabindex:-1)
2025-05-27 20:13:59,766 [INFO] PluginManage:310 - Check plugin cadmodel
2025-05-27 20:13:59,781 [INFO] CADModel:105 - Init CAD model plugin
2025-05-27 20:13:59,781 [INFO] PluginManage:359 - Loaded plugin cadmodel (category:power,tabindex:5)
2025-05-27 20:13:59,783 [INFO] PluginManage:310 - Check plugin clock
2025-05-27 20:13:59,799 [INFO] PluginManage:359 - Loaded plugin clock (category:base,tabindex:2)
2025-05-27 20:13:59,800 [INFO] PluginManage:310 - Check plugin ddr
2025-05-27 20:13:59,802 [INFO] PluginManage:359 - Loaded plugin ddr (category:tool,tabindex:6)
2025-05-27 20:13:59,802 [INFO] PluginManage:310 - Check plugin filemanager
2025-05-27 20:14:00,200 [INFO] PluginManage:359 - Loaded plugin filemanager (category:base,tabindex:10)
2025-05-27 20:14:00,202 [INFO] PluginManage:310 - Check plugin ipmanager
2025-05-27 20:14:00,231 [INFO] PluginManage:359 - Loaded plugin ipmanager (category:base,tabindex:5)
2025-05-27 20:14:00,232 [INFO] PluginManage:310 - Check plugin lpbam
2025-05-27 20:14:00,255 [INFO] PluginManage:359 - Loaded plugin lpbam (category:base,tabindex:0)
2025-05-27 20:14:00,255 [INFO] PluginManage:310 - Check plugin memorymap
2025-05-27 20:14:00,271 [INFO] PluginManage:359 - Loaded plugin memorymap (category:base,tabindex:4)
2025-05-27 20:14:00,272 [INFO] PluginManage:310 - Check plugin pinoutandconfiguration
2025-05-27 20:14:00,287 [INFO] PluginManage:359 - Loaded plugin pinoutandconfiguration (category:base,tabindex:1)
2025-05-27 20:14:00,288 [INFO] PluginManage:310 - Check plugin pinoutconfig
2025-05-27 20:14:00,427 [WARN] SupportedApi:132 - Cannot load RTOS API schema: s4s-elt-must-match.1: The content of 'definitions' must match (annotation?, (simpleType | complexType)?, (unique | key | keyref)*)). A problem was found starting at: attribute.
2025-05-27 20:14:00,652 [INFO] PluginManage:359 - Loaded plugin pinoutconfig (category:base,tabindex:0)
2025-05-27 20:14:00,652 [INFO] PluginManage:310 - Check plugin power
2025-05-27 20:14:00,672 [INFO] PluginManage:359 - Loaded plugin power (category:power,tabindex:4)
2025-05-27 20:14:00,672 [INFO] PluginManage:310 - Check plugin projectmanager
2025-05-27 20:14:00,720 [INFO] PluginManage:359 - Loaded plugin projectmanager (category:projectmanager,tabindex:4)
2025-05-27 20:14:00,721 [INFO] PluginManage:310 - Check plugin rif
2025-05-27 20:14:00,730 [INFO] PluginManage:359 - Loaded plugin rif (category:base,tabindex:3)
2025-05-27 20:14:00,731 [INFO] PluginManage:310 - Check plugin thirdparty
2025-05-27 20:14:00,976 [INFO] PluginManage:359 - Loaded plugin thirdparty (category:base,tabindex:-1)
2025-05-27 20:14:00,977 [INFO] PluginManage:310 - Check plugin tools
2025-05-27 20:14:00,976 [WARN] IntegrityCheckThread:84 - waiting for thirdparty lock release [integrity check]
2025-05-27 20:14:00,979 [INFO] IntegrityCheckThread:86 - entering critical section [integrity check]
2025-05-27 20:14:00,980 [INFO] ThirdPartyUpdaterWithRetryManager:70 - Updater plugin not ready yet. [1/15]
2025-05-27 20:14:00,981 [INFO] PluginManage:359 - Loaded plugin tools (category:base,tabindex:7)
2025-05-27 20:14:00,981 [INFO] PluginManage:310 - Check plugin tutovideos
2025-05-27 20:14:01,246 [INFO] PluginManage:359 - Loaded plugin tutovideos (category:base,tabindex:-1)
2025-05-27 20:14:01,247 [INFO] PluginManage:310 - Check plugin updater
2025-05-27 20:14:01,292 [INFO] PluginManage:359 - Loaded plugin updater (category:base,tabindex:12)
2025-05-27 20:14:01,292 [INFO] PluginManage:310 - Check plugin userauth
2025-05-27 20:14:01,303 [INFO] UserAuth:113 - Init User Auth plugin
2025-05-27 20:14:01,303 [INFO] PluginManage:359 - Loaded plugin userauth (category:base,tabindex:14)
2025-05-27 20:14:01,305 [INFO] PluginManage:283 - PluginManage : Loaded plugins [18]
2025-05-27 20:14:01,675 [INFO] PinOutPanel:1561 - setPackage(No Configuration,No Configuration)
2025-05-27 20:14:01,811 [INFO] CADModel:165 - CPN selected for project level
2025-05-27 20:14:01,811 [INFO] CADModel:114 - Register for checkConnection events
2025-05-27 20:14:01,833 [INFO] IPUIPlugin:80 - create IPUIPlugin
2025-05-27 20:14:01,833 [INFO] PluginManager:220 - loadIPPluginJar : add mdma
2025-05-27 20:14:01,842 [INFO] IPUIPlugin:80 - create IPUIPlugin
2025-05-27 20:14:01,842 [INFO] PluginManager:220 - loadIPPluginJar : add freertos
2025-05-27 20:14:01,848 [INFO] IPUIPlugin:80 - create IPUIPlugin
2025-05-27 20:14:01,849 [INFO] PluginManager:220 - loadIPPluginJar : add gic
2025-05-27 20:14:01,857 [INFO] IPUIPlugin:80 - create IPUIPlugin
2025-05-27 20:14:01,858 [INFO] PluginManager:220 - loadIPPluginJar : add adc
2025-05-27 20:14:01,860 [INFO] IPUIPlugin:80 - create IPUIPlugin
2025-05-27 20:14:01,860 [INFO] PluginManager:220 - loadIPPluginJar : add gtzc
2025-05-27 20:14:01,861 [INFO] IPUIPlugin:80 - create IPUIPlugin
2025-05-27 20:14:01,861 [INFO] PluginManager:220 - loadIPPluginJar : add quadspi
2025-05-27 20:14:01,864 [INFO] IPUIPlugin:80 - create IPUIPlugin
2025-05-27 20:14:01,864 [INFO] PluginManager:220 - loadIPPluginJar : add aes
2025-05-27 20:14:01,866 [INFO] IPUIPlugin:80 - create IPUIPlugin
2025-05-27 20:14:01,866 [INFO] PluginManager:220 - loadIPPluginJar : add pdm2pcm
2025-05-27 20:14:01,868 [INFO] IPUIPlugin:80 - create IPUIPlugin
2025-05-27 20:14:01,868 [INFO] PluginManager:220 - loadIPPluginJar : add hash
2025-05-27 20:14:01,869 [INFO] IPUIPlugin:80 - create IPUIPlugin
2025-05-27 20:14:01,870 [INFO] PluginManager:220 - loadIPPluginJar : add tim
2025-05-27 20:14:01,871 [INFO] IPUIPlugin:80 - create IPUIPlugin
2025-05-27 20:14:01,871 [INFO] PluginManager:220 - loadIPPluginJar : add tsc
2025-05-27 20:14:01,875 [INFO] IPUIPlugin:80 - create IPUIPlugin
2025-05-27 20:14:01,875 [INFO] PluginManager:220 - loadIPPluginJar : add extmemmanager
2025-05-27 20:14:01,877 [INFO] IPUIPlugin:80 - create IPUIPlugin
2025-05-27 20:14:01,877 [INFO] PluginManager:220 - loadIPPluginJar : add ts
2025-05-27 20:14:01,879 [INFO] IPUIPlugin:80 - create IPUIPlugin
2025-05-27 20:14:01,880 [INFO] PluginManager:220 - loadIPPluginJar : add radio
2025-05-27 20:14:01,882 [INFO] IPUIPlugin:80 - create IPUIPlugin
2025-05-27 20:14:01,882 [INFO] PluginManager:220 - loadIPPluginJar : add can
2025-05-27 20:14:01,885 [INFO] IPUIPlugin:80 - create IPUIPlugin
2025-05-27 20:14:01,885 [INFO] PluginManager:220 - loadIPPluginJar : add dma3
2025-05-27 20:14:01,887 [INFO] IPUIPlugin:80 - create IPUIPlugin
2025-05-27 20:14:01,887 [INFO] PluginManager:220 - loadIPPluginJar : add dfsdm
2025-05-27 20:14:01,889 [INFO] IPUIPlugin:80 - create IPUIPlugin
2025-05-27 20:14:01,889 [INFO] PluginManager:220 - loadIPPluginJar : add spi
2025-05-27 20:14:01,891 [INFO] IPUIPlugin:80 - create IPUIPlugin
2025-05-27 20:14:01,891 [INFO] PluginManager:220 - loadIPPluginJar : add gfxmmu
2025-05-27 20:14:01,892 [INFO] IPUIPlugin:80 - create IPUIPlugin
2025-05-27 20:14:01,892 [INFO] PluginManager:220 - loadIPPluginJar : add genericplugin
2025-05-27 20:14:01,894 [INFO] IPUIPlugin:80 - create IPUIPlugin
2025-05-27 20:14:01,894 [INFO] PluginManager:220 - loadIPPluginJar : add cryp
2025-05-27 20:14:01,898 [INFO] IPUIPlugin:80 - create IPUIPlugin
2025-05-27 20:14:01,899 [INFO] PluginManager:220 - loadIPPluginJar : add gpio
2025-05-27 20:14:01,901 [INFO] IPUIPlugin:80 - create IPUIPlugin
2025-05-27 20:14:01,902 [INFO] PluginManager:220 - loadIPPluginJar : add ddr_ctrl_phy
2025-05-27 20:14:01,903 [INFO] IPUIPlugin:80 - create IPUIPlugin
2025-05-27 20:14:01,903 [INFO] PluginManager:220 - loadIPPluginJar : add comp
2025-05-27 20:14:01,905 [INFO] IPUIPlugin:80 - create IPUIPlugin
2025-05-27 20:14:01,905 [INFO] PluginManager:220 - loadIPPluginJar : add tracer_emb
2025-05-27 20:14:01,907 [INFO] IPUIPlugin:80 - create IPUIPlugin
2025-05-27 20:14:01,908 [INFO] PluginManager:220 - loadIPPluginJar : add openamp
2025-05-27 20:14:01,912 [INFO] IPUIPlugin:80 - create IPUIPlugin
2025-05-27 20:14:01,912 [INFO] PluginManager:220 - loadIPPluginJar : add stm32_wpan
2025-05-27 20:14:01,917 [INFO] IPUIPlugin:80 - create IPUIPlugin
2025-05-27 20:14:01,922 [INFO] PluginManager:220 - loadIPPluginJar : add plateformsettings
2025-05-27 20:14:01,926 [INFO] IPUIPlugin:80 - create IPUIPlugin
2025-05-27 20:14:01,926 [INFO] PluginManager:220 - loadIPPluginJar : add ipddr
2025-05-27 20:14:01,931 [INFO] IPUIPlugin:80 - create IPUIPlugin
2025-05-27 20:14:01,931 [INFO] PluginManager:220 - loadIPPluginJar : add usart
2025-05-27 20:14:01,933 [INFO] IPUIPlugin:80 - create IPUIPlugin
2025-05-27 20:14:01,933 [INFO] PluginManager:220 - loadIPPluginJar : add ltdc
2025-05-27 20:14:01,936 [INFO] IPUIPlugin:80 - create IPUIPlugin
2025-05-27 20:14:01,937 [INFO] PluginManager:220 - loadIPPluginJar : add nvic
2025-05-27 20:14:01,938 [INFO] IPUIPlugin:80 - create IPUIPlugin
2025-05-27 20:14:01,938 [INFO] PluginManager:220 - loadIPPluginJar : add fatfs
2025-05-27 20:14:01,944 [INFO] IPUIPlugin:80 - create IPUIPlugin
2025-05-27 20:14:01,944 [INFO] PluginManager:220 - loadIPPluginJar : add linkedlist
2025-05-27 20:14:01,949 [INFO] IPUIPlugin:80 - create IPUIPlugin
2025-05-27 20:14:01,949 [INFO] PluginManager:220 - loadIPPluginJar : add dma
2025-05-27 20:14:01,953 [INFO] IPUIPlugin:80 - create IPUIPlugin
2025-05-27 20:14:01,953 [INFO] PluginManager:220 - loadIPPluginJar : add fmc
2025-05-27 20:14:01,955 [INFO] IPUIPlugin:80 - create IPUIPlugin
2025-05-27 20:14:01,956 [INFO] PluginManager:220 - loadIPPluginJar : add i2s
2025-05-27 20:14:01,957 [INFO] IPUIPlugin:80 - create IPUIPlugin
2025-05-27 20:14:01,957 [INFO] PluginManager:220 - loadIPPluginJar : add ucpd
2025-05-27 20:14:01,959 [INFO] IPUIPlugin:80 - create IPUIPlugin
2025-05-27 20:14:01,960 [INFO] PluginManager:220 - loadIPPluginJar : add lorawan
2025-05-27 20:14:01,963 [INFO] IPUIPlugin:80 - create IPUIPlugin
2025-05-27 20:14:01,963 [INFO] PluginManager:220 - loadIPPluginJar : add opamp
2025-05-27 20:14:01,966 [INFO] IPUIPlugin:80 - create IPUIPlugin
2025-05-27 20:14:01,966 [INFO] PluginManager:220 - loadIPPluginJar : add i3c
2025-05-27 20:14:01,970 [INFO] IPUIPlugin:80 - create IPUIPlugin
2025-05-27 20:14:01,973 [INFO] PluginManager:220 - loadIPPluginJar : add touchsensing
2025-05-27 20:14:01,975 [INFO] IPUIPlugin:80 - create IPUIPlugin
2025-05-27 20:14:01,975 [INFO] PluginManager:220 - loadIPPluginJar : add i2c
2025-05-27 20:14:01,978 [INFO] IPUIPlugin:80 - create IPUIPlugin
2025-05-27 20:14:01,978 [INFO] PluginManager:220 - loadIPPluginJar : add resmgrutility
2025-05-27 20:14:01,981 [INFO] IPUIPlugin:80 - create IPUIPlugin
2025-05-27 20:14:01,981 [INFO] PluginManager:220 - loadIPPluginJar : add sai
2025-05-27 20:14:01,983 [INFO] IPUIPlugin:80 - create IPUIPlugin
2025-05-27 20:14:01,983 [INFO] PluginManager:220 - loadIPPluginJar : add usbx
2025-05-27 20:14:02,123 [INFO] CADModel:165 - CPN selected for project level
2025-05-27 20:14:02,124 [INFO] CADModel:114 - Register for checkConnection events
2025-05-27 20:14:02,125 [FATAL] Updater:334 - Updater called before beeing initialized
2025-05-27 20:14:02,125 [ERROR] CADModel:125 - Updater not yet initialized, retry later 
2025-05-27 20:14:02,426 [INFO] CADModel:165 - CPN selected for project level
2025-05-27 20:14:02,426 [INFO] CADModel:114 - Register for checkConnection events
2025-05-27 20:14:02,426 [FATAL] Updater:334 - Updater called before beeing initialized
2025-05-27 20:14:02,426 [ERROR] CADModel:125 - Updater not yet initialized, retry later 
2025-05-27 20:14:02,432 [FATAL] Updater:334 - Updater called before beeing initialized
2025-05-27 20:14:02,683 [FATAL] Updater:334 - Updater called before beeing initialized
2025-05-27 20:14:02,690 [INFO] DbMcusAds:53 - JSON generation date=Wed May 07 06:07:55 ART 2025 (1746608875513)
2025-05-27 20:14:02,691 [FATAL] Updater:334 - Updater called before beeing initialized
2025-05-27 20:14:02,980 [WARN] DetailPanel:346 - Failed to get advertising image, set to default
2025-05-27 20:14:03,176 [FATAL] Updater:334 - Updater called before beeing initialized
2025-05-27 20:14:03,200 [FATAL] Updater:334 - Updater called before beeing initialized
2025-05-27 20:14:03,200 [FATAL] Updater:334 - Updater called before beeing initialized
2025-05-27 20:14:03,200 [WARN] DetailPanel:346 - Failed to get advertising image, set to default
2025-05-27 20:14:03,202 [FATAL] Updater:334 - Updater called before beeing initialized
2025-05-27 20:14:03,359 [ERROR] Updater:1164 - MainUpdater not yet initialized. External WinMGr cannot be set.
2025-05-27 20:14:03,369 [INFO] Updater:1100 - Updater Version found : 6.12.1
2025-05-27 20:14:03,390 [INFO] ApplicationProperties:184 - Using Application install path: /Applications/STM32CubeIDE.app/Contents/Eclipse/plugins/com.st.stm32cube.common.mx_6.12.1.202409122256
2025-05-27 20:14:03,486 [ERROR] LogOutputStream:75 - [STDERR_REDIRECT] [Fatal Error] :2:10: DOCTYPE is disallowed when the feature "http://apache.org/xml/features/disallow-doctype-decl" set to true.
2025-05-27 20:14:03,490 [ERROR] LogOutputStream:75 - [STDERR_REDIRECT] 
2025-05-27 20:14:03,988 [INFO] ThirdPartyUpdaterWithRetryManager:70 - Updater plugin not ready yet. [2/15]
2025-05-27 20:14:04,373 [INFO] MainUpdater:2873 - connection check result : 22
2025-05-27 20:14:04,378 [INFO] MainUpdater:290 - Updater Check For Update Now.
2025-05-27 20:14:04,378 [INFO] MicroXplorer:498 - Change Database Version : DB.6.0.121
2025-05-27 20:14:04,414 [INFO] McuFinderGlobals:63 - Set McuFinder mode to 2 (CubeIDE integrated)
2025-05-27 20:14:04,424 [INFO] UserAuth:417 - Internet connection configuration mode: 2
2025-05-27 20:14:04,493 [INFO] UserAuth:417 - Internet connection configuration mode: 2
2025-05-27 20:14:04,935 [INFO] CheckServerUpdateThread:120 - End of CheckServer Thread
2025-05-27 20:14:07,291 [WARN] PackLoader:240 - Cannot read IP mode file for STMicroelectronics.FP-SNS-MOTENVWB1.1.4.0
2025-05-27 20:14:07,328 [WARN] PackLoader:240 - Cannot read IP mode file for STMicroelectronics.FP-ATR-ASTRA1.2.0.2
2025-05-27 20:14:07,351 [WARN] PackLoader:240 - Cannot read IP mode file for STMicroelectronics.FP-ATR-ASTRA1.2.0.1
2025-05-27 20:14:07,369 [WARN] PackLoader:240 - Cannot read IP mode file for STMicroelectronics.X-CUBE-SMBUS.2.1.0
2025-05-27 20:14:07,384 [WARN] PackLoader:240 - Cannot read IP mode file for STMicroelectronics.X-CUBE-WB05N.1.1.0
2025-05-27 20:14:07,395 [ERROR] Engine:466 - /Users/apple/.stm32cubemx/thirdparties/pdsc/STMicroelectronics.X-CUBE-ST60.1.0.0.pdsc: PDSC version is not supported
2025-05-27 20:14:07,470 [WARN] PackLoader:240 - Cannot read IP mode file for STMicroelectronics.X-CUBE-AZRTOS-F7.1.1.0
2025-05-27 20:14:07,709 [WARN] PackLoader:240 - Cannot read IP mode file for STMicroelectronics.X-CUBE-MEMS1.11.0.0
2025-05-27 20:14:08,190 [WARN] PackLoader:240 - Cannot read IP mode file for STMicroelectronics.FP-SNS-FLIGHT1.5.0.2
2025-05-27 20:14:08,228 [WARN] PackLoader:240 - Cannot read IP mode file for STMicroelectronics.X-CUBE-DISPLAY.3.0.0
2025-05-27 20:14:08,279 [WARN] PackLoader:240 - Cannot read IP mode file for STMicroelectronics.X-CUBE-BLE1.7.0.0
2025-05-27 20:14:08,371 [WARN] PackLoader:240 - Cannot read IP mode file for STMicroelectronics.X-CUBE-NFC10.1.0.0
2025-05-27 20:14:08,434 [WARN] PackLoader:240 - Cannot read IP mode file for STMicroelectronics.X-CUBE-BLEMGR.4.0.0
2025-05-27 20:14:08,483 [WARN] PackLoader:240 - Cannot read IP mode file for emotas.I-CUBE-CANOPEN.1.3.0
2025-05-27 20:14:08,508 [WARN] PackLoader:240 - Cannot read IP mode file for STMicroelectronics.X-CUBE-BLEMGR.3.1.0
2025-05-27 20:14:08,528 [WARN] PackLoader:240 - Cannot read IP mode file for STMicroelectronics.X-CUBE-AI.10.0.0
2025-05-27 20:14:08,548 [WARN] PackLoader:240 - Cannot read IP mode file for STMicroelectronics.FP-SNS-SMARTAG2.1.2.0
2025-05-27 20:14:08,554 [ERROR] Engine:466 - /Users/apple/.stm32cubemx/thirdparties/pdsc/STMicroelectronics.FP-SNS-FLIGHT1.5.1.0.pdsc: PDSC version is not supported
2025-05-27 20:14:08,703 [WARN] PackLoader:240 - Cannot read IP mode file for STMicroelectronics.X-CUBE-MEMS1.11.1.0
2025-05-27 20:14:08,909 [INFO] LogOutputStream:77 - [STDOUT_REDIRECT] 1 : Invalid condition id : UX_CORESTACK_Condition cause : null
2025-05-27 20:14:08,914 [INFO] LogOutputStream:77 - [STDOUT_REDIRECT] 1 : Invalid condition id : UX_CORESTACK_Condition cause : null
2025-05-27 20:14:08,914 [INFO] LogOutputStream:77 - [STDOUT_REDIRECT] 1 : Invalid condition id : UX_CORESTACK_Condition cause : null
2025-05-27 20:14:08,914 [INFO] LogOutputStream:77 - [STDOUT_REDIRECT] 1 : Invalid condition id : UX_CORESTACK_Condition cause : null
2025-05-27 20:14:08,914 [INFO] LogOutputStream:77 - [STDOUT_REDIRECT] 1 : Invalid condition id : UX_CORESTACK_Condition cause : null
2025-05-27 20:14:08,923 [WARN] PackLoader:240 - Cannot read IP mode file for STMicroelectronics.X-CUBE-AZRTOS-WL.2.0.0
2025-05-27 20:14:08,936 [WARN] PackLoader:240 - Cannot read IP mode file for STMicroelectronics.FP-SNS-MOTENV1.5.0.0
2025-05-27 20:14:08,941 [WARN] PackLoader:240 - Cannot read IP mode file for wolfSSL.I-CUBE-wolfMQTT.1.19.0
2025-05-27 20:14:08,953 [WARN] PackLoader:240 - Cannot read IP mode file for WES.I-CUBE-Cesium.1.3.0
2025-05-27 20:14:08,959 [WARN] PackLoader:240 - Cannot read IP mode file for STMicroelectronics.X-CUBE-BLE2.3.3.0
2025-05-27 20:14:08,973 [WARN] PackLoader:240 - Cannot read IP mode file for STMicroelectronics.X-CUBE-NFC9.1.0.0
2025-05-27 20:14:08,985 [WARN] PackLoader:240 - Cannot read IP mode file for STMicroelectronics.X-CUBE-BLE1.7.1.0
2025-05-27 20:14:08,993 [WARN] PackLoader:240 - Cannot read IP mode file for STMicroelectronics.X-CUBE-TCPP.4.1.0
2025-05-27 20:14:09,136 [WARN] PackLoader:240 - Cannot read IP mode file for STMicroelectronics.X-CUBE-MEMS1.11.2.0
2025-05-27 20:14:09,312 [WARN] PackLoader:240 - Cannot read IP mode file for STMicroelectronics.X-CUBE-AZRTOS-G0.1.1.0
2025-05-27 20:14:09,331 [WARN] PackLoader:240 - Cannot read IP mode file for STMicroelectronics.X-CUBE-SAFEA1.1.2.2
2025-05-27 20:14:09,342 [WARN] PackLoader:240 - Cannot read IP mode file for STMicroelectronics.X-CUBE-NFC4.3.0.0
2025-05-27 20:14:09,371 [WARN] PackLoader:240 - Cannot read IP mode file for EmbeddedOffice.I-CUBE-FS-RTOS.1.0.1
2025-05-27 20:14:09,372 [ERROR] ConditionMgr:805 - Attr not supported : Dmpu
2025-05-27 20:14:09,374 [ERROR] ConditionMgr:805 - Attr not supported : Dmpu
2025-05-27 20:14:09,374 [ERROR] ConditionMgr:805 - Attr not supported : Dmpu
2025-05-27 20:14:09,374 [ERROR] ConditionMgr:805 - Attr not supported : Dmpu
2025-05-27 20:14:09,374 [ERROR] ConditionMgr:805 - Attr not supported : Dmpu
2025-05-27 20:14:09,374 [ERROR] ConditionMgr:805 - Attr not supported : Dmpu
2025-05-27 20:14:09,374 [ERROR] ConditionMgr:805 - Attr not supported : Dmpu
2025-05-27 20:14:09,374 [ERROR] ConditionMgr:805 - Attr not supported : Dmpu
2025-05-27 20:14:09,375 [ERROR] ConditionMgr:805 - Attr not supported : Dmpu
2025-05-27 20:14:09,375 [ERROR] ConditionMgr:805 - Attr not supported : Dmpu
2025-05-27 20:14:09,375 [ERROR] ConditionMgr:805 - Attr not supported : Dmpu
2025-05-27 20:14:09,375 [ERROR] ConditionMgr:805 - Attr not supported : Dmpu
2025-05-27 20:14:09,375 [ERROR] ConditionMgr:805 - Attr not supported : Dmpu
2025-05-27 20:14:09,376 [ERROR] ConditionMgr:805 - Attr not supported : Dmpu
2025-05-27 20:14:09,376 [ERROR] ConditionMgr:805 - Attr not supported : Dmpu
2025-05-27 20:14:09,376 [ERROR] ConditionMgr:805 - Attr not supported : Dmpu
2025-05-27 20:14:09,376 [ERROR] ConditionMgr:805 - Attr not supported : Dmpu
2025-05-27 20:14:09,376 [ERROR] ConditionMgr:805 - Attr not supported : Dmpu
2025-05-27 20:14:09,376 [ERROR] ConditionMgr:805 - Attr not supported : Dmpu
2025-05-27 20:14:09,376 [ERROR] ConditionMgr:805 - Attr not supported : Dmpu
2025-05-27 20:14:09,376 [ERROR] ConditionMgr:805 - Attr not supported : Dmpu
2025-05-27 20:14:09,377 [ERROR] ConditionMgr:805 - Attr not supported : Dmpu
2025-05-27 20:14:09,377 [ERROR] ConditionMgr:805 - Attr not supported : Dmpu
2025-05-27 20:14:09,377 [ERROR] ConditionMgr:805 - Attr not supported : Dmpu
2025-05-27 20:14:09,377 [ERROR] ConditionMgr:805 - Attr not supported : Dmpu
2025-05-27 20:14:09,377 [ERROR] ConditionMgr:805 - Attr not supported : Dmpu
2025-05-27 20:14:09,377 [ERROR] ConditionMgr:805 - Attr not supported : Dmpu
2025-05-27 20:14:09,377 [ERROR] ConditionMgr:805 - Attr not supported : Dmpu
2025-05-27 20:14:09,377 [ERROR] ConditionMgr:805 - Attr not supported : Dmpu
2025-05-27 20:14:09,377 [ERROR] ConditionMgr:805 - Attr not supported : Dmpu
2025-05-27 20:14:09,377 [ERROR] ConditionMgr:805 - Attr not supported : Dmpu
2025-05-27 20:14:09,377 [ERROR] ConditionMgr:805 - Attr not supported : Dmpu
2025-05-27 20:14:09,377 [ERROR] ConditionMgr:805 - Attr not supported : Dmpu
2025-05-27 20:14:09,377 [ERROR] ConditionMgr:805 - Attr not supported : Dmpu
2025-05-27 20:14:09,377 [ERROR] ConditionMgr:805 - Attr not supported : Dmpu
2025-05-27 20:14:09,377 [ERROR] ConditionMgr:805 - Attr not supported : Dmpu
2025-05-27 20:14:09,380 [ERROR] ConditionMgr:805 - Attr not supported : Dmpu
2025-05-27 20:14:09,381 [ERROR] ConditionMgr:805 - Attr not supported : Dmpu
2025-05-27 20:14:09,382 [ERROR] ConditionMgr:805 - Attr not supported : Dmpu
2025-05-27 20:14:09,382 [ERROR] ConditionMgr:805 - Attr not supported : Dmpu
2025-05-27 20:14:09,382 [ERROR] ConditionMgr:805 - Attr not supported : Dmpu
2025-05-27 20:14:09,382 [ERROR] ConditionMgr:805 - Attr not supported : Dmpu
2025-05-27 20:14:09,382 [ERROR] ConditionMgr:805 - Attr not supported : Dmpu
2025-05-27 20:14:09,382 [ERROR] ConditionMgr:805 - Attr not supported : Dmpu
2025-05-27 20:14:09,383 [ERROR] ConditionMgr:805 - Attr not supported : Dmpu
2025-05-27 20:14:09,383 [ERROR] ConditionMgr:805 - Attr not supported : Dmpu
2025-05-27 20:14:09,383 [ERROR] ConditionMgr:805 - Attr not supported : Dmpu
2025-05-27 20:14:09,384 [ERROR] ConditionMgr:805 - Attr not supported : Dmpu
2025-05-27 20:14:09,384 [ERROR] ConditionMgr:805 - Attr not supported : Dmpu
2025-05-27 20:14:09,384 [ERROR] ConditionMgr:805 - Attr not supported : Dmpu
2025-05-27 20:14:09,384 [ERROR] ConditionMgr:805 - Attr not supported : Dmpu
2025-05-27 20:14:09,384 [ERROR] ConditionMgr:805 - Attr not supported : Dmpu
2025-05-27 20:14:09,384 [ERROR] ConditionMgr:805 - Attr not supported : Dmpu
2025-05-27 20:14:09,384 [ERROR] ConditionMgr:805 - Attr not supported : Dmpu
2025-05-27 20:14:09,384 [ERROR] ConditionMgr:805 - Attr not supported : Dmpu
2025-05-27 20:14:09,384 [ERROR] ConditionMgr:805 - Attr not supported : Dmpu
2025-05-27 20:14:09,384 [ERROR] ConditionMgr:805 - Attr not supported : Dmpu
2025-05-27 20:14:09,384 [ERROR] ConditionMgr:805 - Attr not supported : Dmpu
2025-05-27 20:14:09,385 [ERROR] ConditionMgr:805 - Attr not supported : Dmpu
2025-05-27 20:14:09,385 [ERROR] ConditionMgr:805 - Attr not supported : Dmpu
2025-05-27 20:14:09,385 [ERROR] ConditionMgr:805 - Attr not supported : Dmpu
2025-05-27 20:14:09,385 [ERROR] ConditionMgr:805 - Attr not supported : Dmpu
2025-05-27 20:14:09,385 [ERROR] ConditionMgr:805 - Attr not supported : Dmpu
2025-05-27 20:14:09,385 [ERROR] ConditionMgr:805 - Attr not supported : Dmpu
2025-05-27 20:14:09,414 [WARN] PackLoader:240 - Cannot read IP mode file for STMicroelectronics.X-CUBE-WB05N.2.0.0
2025-05-27 20:14:09,472 [ERROR] Engine:466 - /Users/apple/.stm32cubemx/thirdparties/pdsc/STMicroelectronics.X-CUBE-TCPP.4.2.0.pdsc: PDSC version is not supported
2025-05-27 20:14:09,482 [WARN] PackLoader:240 - Cannot read IP mode file for RealThread.X-CUBE-RT-Thread_Nano.4.1.1
2025-05-27 20:14:09,495 [WARN] PackLoader:240 - Cannot read IP mode file for STMicroelectronics.FP-ATR-SIGFOX1.3.2.0
2025-05-27 20:14:09,506 [WARN] PackLoader:240 - Cannot read IP mode file for wolfSSL.I-CUBE-wolfSSL.5.7.2
2025-05-27 20:14:09,533 [WARN] ConditionMgr:438 - getConditionDescription Invalid condition id : Cortex-A Device cause : null
2025-05-27 20:14:09,584 [WARN] ConditionMgr:1039 - genDependencies : Invalid condition id : Cortex-A Device cause : null
2025-05-27 20:14:09,584 [WARN] ConditionMgr:1039 - genDependencies : Invalid condition id : Cortex-A Device cause : null
2025-05-27 20:14:09,585 [WARN] ConditionMgr:1039 - genDependencies : Invalid condition id : Cortex-A Device cause : null
2025-05-27 20:14:09,596 [WARN] PackLoader:240 - Cannot read IP mode file for STMicroelectronics.X-CUBE-EEPRMA1.5.1.0
2025-05-27 20:14:09,604 [WARN] PackLoader:240 - Cannot read IP mode file for ITTIA_DB.I-CUBE-ITTIADB.8.9.0
2025-05-27 20:14:09,750 [WARN] PackLoader:240 - Cannot read IP mode file for SEGGER.I-CUBE-embOS.1.3.1
2025-05-27 20:14:09,944 [WARN] PackLoader:240 - Cannot read IP mode file for STMicroelectronics.X-CUBE-ALGOBUILD.1.4.0
2025-05-27 20:14:09,967 [WARN] PackLoader:240 - Cannot read IP mode file for STMicroelectronics.X-CUBE-AI.9.1.0
2025-05-27 20:14:10,001 [WARN] PackLoader:240 - Cannot read IP mode file for STMicroelectronics.X-CUBE-AZRTOS-F4.1.1.0
2025-05-27 20:14:10,010 [ERROR] Engine:466 - /Users/apple/.stm32cubemx/thirdparties/pdsc/Avnet-IotConnect.X-CUBE-IoTC-DA16k-PMOD.1.0.0.pdsc: PDSC version is not supported
2025-05-27 20:14:10,023 [WARN] PackLoader:240 - Cannot read IP mode file for STMicroelectronics.X-CUBE-ISPU.2.1.0
2025-05-27 20:14:10,040 [WARN] PackLoader:240 - Cannot read IP mode file for STMicroelectronics.X-CUBE-FREERTOS.1.2.0
2025-05-27 20:14:10,071 [WARN] PackLoader:240 - Cannot read IP mode file for STMicroelectronics.X-CUBE-AZRTOS-L5.2.0.0
2025-05-27 20:14:10,089 [WARN] PackLoader:240 - Cannot read IP mode file for STMicroelectronics.X-CUBE-NFC6.3.1.0
2025-05-27 20:14:10,102 [WARN] PackLoader:240 - Cannot read IP mode file for STMicroelectronics.X-CUBE-DPower.1.2.0
2025-05-27 20:14:10,107 [WARN] PackLoader:240 - Cannot read IP mode file for STMicroelectronics.X-CUBE-AI.9.0.0
2025-05-27 20:14:10,114 [WARN] PackLoader:240 - Cannot read IP mode file for STMicroelectronics.X-CUBE-FREERTOS.1.3.1
2025-05-27 20:14:10,120 [WARN] PackLoader:240 - Cannot read IP mode file for STMicroelectronics.X-CUBE-FREERTOS.1.3.0
2025-05-27 20:14:10,127 [WARN] PackLoader:240 - Cannot read IP mode file for STMicroelectronics.X-CUBE-NFC7.1.0.1
2025-05-27 20:14:10,134 [WARN] PackLoader:240 - Cannot read IP mode file for STMicroelectronics.X-CUBE-DPower.1.3.0
2025-05-27 20:14:10,174 [WARN] ConditionMgr:438 - getConditionDescription Invalid condition id : LAN8742 Phy interface Condition cause : null
2025-05-27 20:14:10,176 [WARN] PackLoader:240 - Cannot read IP mode file for STMicroelectronics.X-CUBE-AZRTOS-L4.2.0.0
2025-05-27 20:14:10,180 [WARN] ConditionMgr:1039 - genDependencies : Invalid condition id : LAN8742 Phy interface Condition cause : null
2025-05-27 20:14:10,180 [WARN] ConditionMgr:1039 - genDependencies : Invalid condition id : LAN8742 Phy interface Condition cause : null
2025-05-27 20:14:10,182 [WARN] ConditionMgr:1039 - genDependencies : Invalid condition id : LAN8742 Phy interface Condition cause : null
2025-05-27 20:14:10,197 [WARN] PackLoader:240 - Cannot read IP mode file for STMicroelectronics.X-CUBE-SFXS2LP1.4.0.0
2025-05-27 20:14:10,239 [WARN] PackLoader:240 - Cannot read IP mode file for STMicroelectronics.X-CUBE-AZRTOS-H7.3.3.0
2025-05-27 20:14:10,276 [WARN] PackLoader:240 - Cannot read IP mode file for STMicroelectronics.X-CUBE-IPS.3.0.0
2025-05-27 20:14:10,308 [WARN] ConditionMgr:438 - getConditionDescription Invalid condition id : UX DEVICE CLASS RTOS Condition cause : null
2025-05-27 20:14:10,308 [WARN] ConditionMgr:438 - getConditionDescription Invalid condition id : UX DEVICE CLASS RTOS Condition cause : null
2025-05-27 20:14:10,314 [WARN] PackLoader:240 - Cannot read IP mode file for STMicroelectronics.X-CUBE-AZRTOS-WB.2.0.0
2025-05-27 20:14:10,317 [WARN] ConditionMgr:1039 - genDependencies : Invalid condition id : UX DEVICE CLASS RTOS Condition cause : null
2025-05-27 20:14:10,317 [WARN] ConditionMgr:1039 - genDependencies : Invalid condition id : UX DEVICE CLASS RTOS Condition cause : null
2025-05-27 20:14:10,318 [WARN] ConditionMgr:1039 - genDependencies : Invalid condition id : UX DEVICE CLASS RTOS Condition cause : null
2025-05-27 20:14:10,319 [WARN] ConditionMgr:1039 - genDependencies : Invalid condition id : UX DEVICE CLASS RTOS Condition cause : null
2025-05-27 20:14:10,319 [WARN] ConditionMgr:1039 - genDependencies : Invalid condition id : UX DEVICE CLASS RTOS Condition cause : null
2025-05-27 20:14:10,329 [WARN] PackLoader:240 - Cannot read IP mode file for STMicroelectronics.X-CUBE-GNSS1.7.0.0
2025-05-27 20:14:10,339 [WARN] PackLoader:240 - Cannot read IP mode file for STMicroelectronics.X-CUBE-GNSS1.7.0.1
2025-05-27 20:14:10,352 [WARN] PackLoader:240 - Cannot read IP mode file for STMicroelectronics.X-CUBE-TOUCHGFX.4.25.0
2025-05-27 20:14:10,361 [WARN] PackLoader:240 - Cannot read IP mode file for STMicroelectronics.FP-SNS-STBOX1.2.0.0
2025-05-27 20:14:10,390 [WARN] PackLoader:240 - Cannot read IP mode file for STMicroelectronics.X-CUBE-SUBG2.5.0.0
2025-05-27 20:14:10,433 [WARN] PackLoader:240 - Cannot read IP mode file for STMicroelectronics.X-CUBE-AZRTOS-H7RS.1.1.0
2025-05-27 20:14:10,446 [WARN] PackLoader:240 - Cannot read IP mode file for Cesanta.I-CUBE-Mongoose.7.13.0
2025-05-27 20:14:10,473 [WARN] PackLoader:240 - Cannot read IP mode file for STMicroelectronics.X-CUBE-AZRTOS-G4.2.0.0
2025-05-27 20:14:10,498 [WARN] PackLoader:240 - Cannot read IP mode file for STMicroelectronics.X-CUBE-NFC7.2.0.0
2025-05-27 20:14:10,517 [ERROR] Engine:466 - /Users/apple/.stm32cubemx/thirdparties/pdsc/STMicroelectronics.X-CUBE-IPS.3.1.0.pdsc: PDSC version is not supported
2025-05-27 20:14:10,521 [WARN] PackLoader:240 - Cannot read IP mode file for STMicroelectronics.X-CUBE-ALS.1.0.2
2025-05-27 20:14:10,528 [WARN] PackLoader:240 - Cannot read IP mode file for STMicroelectronics.X-CUBE-TOUCHGFX.4.24.0
2025-05-27 20:14:10,532 [WARN] PackLoader:240 - Cannot read IP mode file for STMicroelectronics.X-CUBE-TOUCHGFX.4.24.2
2025-05-27 20:14:10,534 [WARN] PackLoader:240 - Cannot read IP mode file for STMicroelectronics.X-CUBE-TOUCHGFX.4.24.1
2025-05-27 20:14:10,537 [WARN] PackLoader:240 - Cannot read IP mode file for wolfSSL.I-CUBE-wolfTPM.3.4.0
2025-05-27 20:14:10,546 [WARN] PackLoader:240 - Cannot read IP mode file for portGmbH.I-Cube-SoM-uGOAL.1.1.0
2025-05-27 20:14:10,607 [WARN] PackLoader:240 - Cannot read IP mode file for STMicroelectronics.X-CUBE-AZRTOS-H7RS.1.0.0
2025-05-27 20:14:10,626 [WARN] PackLoader:240 - Cannot read IP mode file for STMicroelectronics.FP-ATR-ASTRA1.2.0.0
2025-05-27 20:14:10,647 [WARN] PackLoader:240 - Cannot read IP mode file for STMicroelectronics.X-CUBE-TOF1.3.4.2
2025-05-27 20:14:10,705 [ERROR] Engine:466 - /Users/apple/.stm32cubemx/thirdparties/pdsc/STMicroelectronics.X-CUBE-TOF1.3.4.3.pdsc: PDSC version is not supported
2025-05-27 20:14:10,747 [WARN] PackLoader:240 - Cannot read IP mode file for Infineon.AIROC-Wi-Fi-Bluetooth-STM32.1.6.1
2025-05-27 20:14:10,795 [WARN] PackLoader:240 - Cannot read IP mode file for wolfSSL.I-CUBE-wolfSSH.1.4.17
2025-05-27 20:14:10,805 [INFO] ThirdParty:978 - Integrity check success = true
2025-05-27 20:14:10,805 [INFO] IntegrityCheckThread:100 - exiting critical section [integrity check]
2025-05-27 20:14:10,805 [INFO] IntegrityCheckThread:103 - End integrity checks thread
