2025-05-25 12:32:29,078 [INFO] Activator:176 - 


2025-05-25 12:32:29,095 [INFO] Activator:177 - !SESSION log4j initialized
2025-05-25 12:32:35,435 [INFO] LogOutputStream:77 - [STDOUT_REDIRECT] 
2025-05-25 12:32:37,683 [ERROR] LogOutputStream:75 - [STDERR_REDIRECT] 
2025-05-25 12:32:40,703 [INFO] LogOutputStream:77 - [STDOUT_REDIRECT] 
2025-05-25 12:32:43,172 [ERROR] LogOutputStream:75 - [STDERR_REDIRECT] java.net.URISyntaxException: Illegal character in path at index 36: file:/Users/apple/STM32CubeIDE/otros STM32/.metadata/.log4j2.xml
2025-05-25 12:32:43,175 [ERROR] LogOutputStream:75 - [STDERR_REDIRECT] 	at java.base/java.net.URI$Parser.fail(URI.java:2976)
2025-05-25 12:32:43,177 [ERROR] LogOutputStream:75 - [STDERR_REDIRECT] 	at java.base/java.net.URI$Parser.checkChars(URI.java:3147)
2025-05-25 12:32:43,181 [ERROR] LogOutputStream:75 - [STDERR_REDIRECT] 	at java.base/java.net.URI$Parser.parseHierarchical(URI.java:3229)
2025-05-25 12:32:43,183 [ERROR] LogOutputStream:75 - [STDERR_REDIRECT] 	at java.base/java.net.URI$Parser.parse(URI.java:3177)
2025-05-25 12:32:43,184 [ERROR] LogOutputStream:75 - [STDERR_REDIRECT] 	at java.base/java.net.URI.<init>(URI.java:623)
2025-05-25 12:32:43,184 [ERROR] LogOutputStream:75 - [STDERR_REDIRECT] 	at java.base/java.net.URL.toURI(URL.java:1056)
2025-05-25 12:32:43,185 [ERROR] LogOutputStream:75 - [STDERR_REDIRECT] 	at com.st.stm32cube.common.mx.core.CubeMxInstance.getInstance(CubeMxInstance.java:81)
2025-05-25 12:32:43,189 [ERROR] LogOutputStream:75 - [STDERR_REDIRECT] 	at com.st.stm32cube.common.mx.userauth.UserAuthAdapter.<init>(UserAuthAdapter.java:25)
2025-05-25 12:32:43,191 [ERROR] LogOutputStream:75 - [STDERR_REDIRECT] 	at com.st.stm32cube.common.mx.userauth.UserAuthProvider.getUserAuthAdapter(UserAuthProvider.java:16)
2025-05-25 12:32:43,193 [ERROR] LogOutputStream:75 - [STDERR_REDIRECT] 	at com.st.stm32cube.common.ecosystemintegration.ui.core.MCUEcoSystemIntegrationUiHelper.getUserAuth(MCUEcoSystemIntegrationUiHelper.java:100)
2025-05-25 12:32:43,193 [ERROR] LogOutputStream:75 - [STDERR_REDIRECT] 	at com.st.stm32cube.ide.mcu.userauth.UserAuthStartup.earlyStartup(UserAuthStartup.java:41)
2025-05-25 12:32:43,194 [ERROR] LogOutputStream:75 - [STDERR_REDIRECT] 	at org.eclipse.ui.internal.EarlyStartupRunnable.runEarlyStartup(EarlyStartupRunnable.java:79)
2025-05-25 12:32:43,194 [ERROR] LogOutputStream:75 - [STDERR_REDIRECT] 	at org.eclipse.ui.internal.EarlyStartupRunnable.run(EarlyStartupRunnable.java:55)
2025-05-25 12:32:43,195 [ERROR] LogOutputStream:75 - [STDERR_REDIRECT] 	at org.eclipse.core.runtime.SafeRunner.run(SafeRunner.java:47)
2025-05-25 12:32:43,195 [ERROR] LogOutputStream:75 - [STDERR_REDIRECT] 	at org.eclipse.ui.internal.Workbench$39.run(Workbench.java:2762)
2025-05-25 12:32:43,195 [ERROR] LogOutputStream:75 - [STDERR_REDIRECT] 	at org.eclipse.core.internal.jobs.Worker.run(Worker.java:63)
2025-05-25 12:32:43,586 [INFO] ApplicationProperties:184 - Using Application install path: /Applications/STM32CubeIDE.app/Contents/Eclipse/plugins/com.st.stm32cube.common.mx_6.12.1.202409122256
2025-05-25 12:32:43,605 [INFO] DbMcusXml:78 - Set database path to: /Applications/STM32CubeIDE.app/Contents/Eclipse/plugins/com.st.stm32cube.common.mx_6.12.1.202409122256//db//mcu/
2025-05-25 12:32:43,605 [INFO] ApiDb:274 - Set plugin database path to: /Applications/STM32CubeIDE.app/Contents/Eclipse/plugins/com.st.stm32cube.common.mx_6.12.1.202409122256//db//plugins/boardmanager/
2025-05-25 12:32:43,607 [WARN] ApiDb:259 - Overriding images path with different value:  => /Applications/STM32CubeIDE.app/Contents/Eclipse/plugins/com.st.stm32cube.common.mx_6.12.1.202409122256//db//plugins/mcufinder/images/
2025-05-25 12:32:43,619 [INFO] ApiDb:250 - Set database path to: /Users/apple/.stmcufinder/plugins/mcufinder//mcu/
2025-05-25 12:32:43,620 [INFO] DbMcusAds:125 - Set database path to: /Users/apple/.stmcufinder/plugins/mcufinder//mcu/
2025-05-25 12:32:43,622 [INFO] CrossReferenceDbSqlite:203 - Set database path to: /Users/apple/.stmcufinder/plugins/mcufinder//mcu/cs/
2025-05-25 12:32:43,833 [INFO] RulesReader:64 - Compatibility file has been processed (297 Rules)
2025-05-25 12:32:43,919 [INFO] DbMcusXml:78 - Set database path to: /Applications/STM32CubeIDE.app/Contents/Eclipse/plugins/com.st.stm32cube.common.mx_6.12.1.202409122256//db//mcu/
2025-05-25 12:32:43,919 [INFO] ApiDb:274 - Set plugin database path to: /Applications/STM32CubeIDE.app/Contents/Eclipse/plugins/com.st.stm32cube.common.mx_6.12.1.202409122256//db//plugins/boardmanager/
2025-05-25 12:32:43,920 [INFO] ApiDb:261 - Set plugin images path to: /Applications/STM32CubeIDE.app/Contents/Eclipse/plugins/com.st.stm32cube.common.mx_6.12.1.202409122256//db//plugins/mcufinder/images/
2025-05-25 12:32:43,920 [WARN] DbFile:41 - Overriding database path with different value: /Users/apple/.stmcufinder/plugins/mcufinder/ => /Users/apple/.stmcufinder/plugins/mcufinder
2025-05-25 12:32:43,920 [INFO] ApiDb:250 - Set database path to: /Users/apple/.stmcufinder/plugins/mcufinder//mcu/
2025-05-25 12:32:43,920 [WARN] DbFile:41 - Overriding database path with different value: /Users/apple/.stmcufinder/plugins/mcufinder/ => /Users/apple/.stmcufinder/plugins/mcufinder
2025-05-25 12:32:43,920 [INFO] DbMcusAds:125 - Set database path to: /Users/apple/.stmcufinder/plugins/mcufinder//mcu/
2025-05-25 12:32:43,920 [WARN] DbFile:41 - Overriding database path with different value: /Users/apple/.stmcufinder/plugins/mcufinder/ => /Users/apple/.stmcufinder/plugins/mcufinder
2025-05-25 12:32:43,921 [WARN] DbFile:41 - Overriding database path with different value: /Users/apple/.stmcufinder/plugins/mcufinder/ => /Users/apple/.stmcufinder/plugins/mcufinder
2025-05-25 12:32:43,921 [INFO] CrossReferenceDbSqlite:203 - Set database path to: /Users/apple/.stmcufinder/plugins/mcufinder//mcu/cs/
2025-05-25 12:32:44,042 [INFO] MainPanel:268 - HeapMemory: 268435456
2025-05-25 12:32:44,731 [INFO] DbMcusXml:78 - Set database path to: /Applications/STM32CubeIDE.app/Contents/Eclipse/plugins/com.st.stm32cube.common.mx_6.12.1.202409122256//db//mcu/
2025-05-25 12:32:44,732 [INFO] ApiDb:274 - Set plugin database path to: /Applications/STM32CubeIDE.app/Contents/Eclipse/plugins/com.st.stm32cube.common.mx_6.12.1.202409122256//db//plugins/boardmanager/
2025-05-25 12:32:44,732 [INFO] ApiDb:261 - Set plugin images path to: /Applications/STM32CubeIDE.app/Contents/Eclipse/plugins/com.st.stm32cube.common.mx_6.12.1.202409122256//db//plugins/mcufinder/images/
2025-05-25 12:32:44,733 [WARN] DbFile:41 - Overriding database path with different value: /Users/apple/.stmcufinder/plugins/mcufinder/ => /Users/apple/.stmcufinder/plugins/mcufinder
2025-05-25 12:32:44,733 [INFO] ApiDb:250 - Set database path to: /Users/apple/.stmcufinder/plugins/mcufinder//mcu/
2025-05-25 12:32:44,733 [WARN] DbFile:41 - Overriding database path with different value: /Users/apple/.stmcufinder/plugins/mcufinder/ => /Users/apple/.stmcufinder/plugins/mcufinder
2025-05-25 12:32:44,733 [INFO] DbMcusAds:125 - Set database path to: /Users/apple/.stmcufinder/plugins/mcufinder//mcu/
2025-05-25 12:32:44,733 [WARN] DbFile:41 - Overriding database path with different value: /Users/apple/.stmcufinder/plugins/mcufinder/ => /Users/apple/.stmcufinder/plugins/mcufinder
2025-05-25 12:32:44,733 [WARN] DbFile:41 - Overriding database path with different value: /Users/apple/.stmcufinder/plugins/mcufinder/ => /Users/apple/.stmcufinder/plugins/mcufinder
2025-05-25 12:32:44,733 [INFO] CrossReferenceDbSqlite:203 - Set database path to: /Users/apple/.stmcufinder/plugins/mcufinder//mcu/cs/
2025-05-25 12:32:44,762 [INFO] ApplicationProperties:184 - Using Application install path: /Applications/STM32CubeIDE.app/Contents/Eclipse/plugins/com.st.stm32cube.common.mx_6.12.1.202409122256
2025-05-25 12:32:44,765 [INFO] PluginManage:196 - Search for loadable plugins [exclusion list=, ]
2025-05-25 12:32:44,770 [INFO] PluginManage:310 - Check plugin analytics
2025-05-25 12:32:44,782 [ERROR] LogOutputStream:75 - [STDERR_REDIRECT] [Fatal Error] :2:10: DOCTYPE is disallowed when the feature "http://apache.org/xml/features/disallow-doctype-decl" set to true.
2025-05-25 12:32:44,783 [ERROR] LogOutputStream:75 - [STDERR_REDIRECT] 
2025-05-25 12:32:45,183 [INFO] AnalyticsPlugin:253 - Accepted Software Licenses: 
2025-05-25 12:32:45,187 [INFO] AnalyticsPlugin:255 - Accepted CMSIS Pack Licenses: 
2025-05-25 12:32:45,187 [INFO] AnalyticsPlugin:257 - Accepted Firmware Licenses: FW.F4.1.28.0
2025-05-25 12:32:45,232 [INFO] PluginManage:359 - Loaded plugin analytics (category:tool,tabindex:-1)
2025-05-25 12:32:45,234 [INFO] PluginManage:310 - Check plugin cadmodel
2025-05-25 12:32:45,258 [INFO] CADModel:105 - Init CAD model plugin
2025-05-25 12:32:45,258 [INFO] PluginManage:359 - Loaded plugin cadmodel (category:power,tabindex:5)
2025-05-25 12:32:45,259 [INFO] PluginManage:310 - Check plugin clock
2025-05-25 12:32:45,275 [INFO] PluginManage:359 - Loaded plugin clock (category:base,tabindex:2)
2025-05-25 12:32:45,276 [INFO] PluginManage:310 - Check plugin ddr
2025-05-25 12:32:45,278 [INFO] PluginManage:359 - Loaded plugin ddr (category:tool,tabindex:6)
2025-05-25 12:32:45,278 [INFO] PluginManage:310 - Check plugin filemanager
2025-05-25 12:32:45,515 [INFO] PluginManage:359 - Loaded plugin filemanager (category:base,tabindex:10)
2025-05-25 12:32:45,516 [INFO] PluginManage:310 - Check plugin ipmanager
2025-05-25 12:32:45,524 [INFO] PluginManage:359 - Loaded plugin ipmanager (category:base,tabindex:5)
2025-05-25 12:32:45,525 [INFO] PluginManage:310 - Check plugin lpbam
2025-05-25 12:32:45,540 [INFO] PluginManage:359 - Loaded plugin lpbam (category:base,tabindex:0)
2025-05-25 12:32:45,541 [INFO] PluginManage:310 - Check plugin memorymap
2025-05-25 12:32:45,556 [INFO] PluginManage:359 - Loaded plugin memorymap (category:base,tabindex:4)
2025-05-25 12:32:45,556 [INFO] PluginManage:310 - Check plugin pinoutandconfiguration
2025-05-25 12:32:45,567 [INFO] PluginManage:359 - Loaded plugin pinoutandconfiguration (category:base,tabindex:1)
2025-05-25 12:32:45,567 [INFO] PluginManage:310 - Check plugin pinoutconfig
2025-05-25 12:32:45,679 [WARN] SupportedApi:132 - Cannot load RTOS API schema: s4s-elt-must-match.1: The content of 'definitions' must match (annotation?, (simpleType | complexType)?, (unique | key | keyref)*)). A problem was found starting at: attribute.
2025-05-25 12:32:45,880 [INFO] PluginManage:359 - Loaded plugin pinoutconfig (category:base,tabindex:0)
2025-05-25 12:32:45,881 [INFO] PluginManage:310 - Check plugin power
2025-05-25 12:32:45,894 [INFO] PluginManage:359 - Loaded plugin power (category:power,tabindex:4)
2025-05-25 12:32:45,895 [INFO] PluginManage:310 - Check plugin projectmanager
2025-05-25 12:32:45,941 [INFO] PluginManage:359 - Loaded plugin projectmanager (category:projectmanager,tabindex:4)
2025-05-25 12:32:45,942 [INFO] PluginManage:310 - Check plugin rif
2025-05-25 12:32:45,948 [INFO] PluginManage:359 - Loaded plugin rif (category:base,tabindex:3)
2025-05-25 12:32:45,948 [INFO] PluginManage:310 - Check plugin thirdparty
2025-05-25 12:32:46,169 [INFO] PluginManage:359 - Loaded plugin thirdparty (category:base,tabindex:-1)
2025-05-25 12:32:46,169 [WARN] IntegrityCheckThread:84 - waiting for thirdparty lock release [integrity check]
2025-05-25 12:32:46,170 [INFO] PluginManage:310 - Check plugin tools
2025-05-25 12:32:46,170 [INFO] IntegrityCheckThread:86 - entering critical section [integrity check]
2025-05-25 12:32:46,171 [INFO] ThirdPartyUpdaterWithRetryManager:70 - Updater plugin not ready yet. [1/15]
2025-05-25 12:32:46,174 [INFO] PluginManage:359 - Loaded plugin tools (category:base,tabindex:7)
2025-05-25 12:32:46,174 [INFO] PluginManage:310 - Check plugin tutovideos
2025-05-25 12:32:46,488 [INFO] PluginManage:359 - Loaded plugin tutovideos (category:base,tabindex:-1)
2025-05-25 12:32:46,491 [INFO] PluginManage:310 - Check plugin updater
2025-05-25 12:32:46,579 [INFO] PluginManage:359 - Loaded plugin updater (category:base,tabindex:12)
2025-05-25 12:32:46,580 [INFO] PluginManage:310 - Check plugin userauth
2025-05-25 12:32:46,590 [INFO] UserAuth:113 - Init User Auth plugin
2025-05-25 12:32:46,590 [INFO] PluginManage:359 - Loaded plugin userauth (category:base,tabindex:14)
2025-05-25 12:32:46,591 [INFO] PluginManage:283 - PluginManage : Loaded plugins [18]
2025-05-25 12:32:46,960 [INFO] PinOutPanel:1561 - setPackage(No Configuration,No Configuration)
2025-05-25 12:32:47,078 [INFO] CADModel:165 - CPN selected for project level
2025-05-25 12:32:47,078 [INFO] CADModel:114 - Register for checkConnection events
2025-05-25 12:32:47,093 [INFO] IPUIPlugin:80 - create IPUIPlugin
2025-05-25 12:32:47,094 [INFO] PluginManager:220 - loadIPPluginJar : add mdma
2025-05-25 12:32:47,100 [INFO] IPUIPlugin:80 - create IPUIPlugin
2025-05-25 12:32:47,100 [INFO] PluginManager:220 - loadIPPluginJar : add freertos
2025-05-25 12:32:47,104 [INFO] IPUIPlugin:80 - create IPUIPlugin
2025-05-25 12:32:47,104 [INFO] PluginManager:220 - loadIPPluginJar : add gic
2025-05-25 12:32:47,112 [INFO] IPUIPlugin:80 - create IPUIPlugin
2025-05-25 12:32:47,112 [INFO] PluginManager:220 - loadIPPluginJar : add adc
2025-05-25 12:32:47,115 [INFO] IPUIPlugin:80 - create IPUIPlugin
2025-05-25 12:32:47,115 [INFO] PluginManager:220 - loadIPPluginJar : add gtzc
2025-05-25 12:32:47,117 [INFO] IPUIPlugin:80 - create IPUIPlugin
2025-05-25 12:32:47,118 [INFO] PluginManager:220 - loadIPPluginJar : add quadspi
2025-05-25 12:32:47,120 [INFO] IPUIPlugin:80 - create IPUIPlugin
2025-05-25 12:32:47,120 [INFO] PluginManager:220 - loadIPPluginJar : add aes
2025-05-25 12:32:47,123 [INFO] IPUIPlugin:80 - create IPUIPlugin
2025-05-25 12:32:47,123 [INFO] PluginManager:220 - loadIPPluginJar : add pdm2pcm
2025-05-25 12:32:47,124 [INFO] IPUIPlugin:80 - create IPUIPlugin
2025-05-25 12:32:47,124 [INFO] PluginManager:220 - loadIPPluginJar : add hash
2025-05-25 12:32:47,125 [INFO] IPUIPlugin:80 - create IPUIPlugin
2025-05-25 12:32:47,126 [INFO] PluginManager:220 - loadIPPluginJar : add tim
2025-05-25 12:32:47,127 [INFO] IPUIPlugin:80 - create IPUIPlugin
2025-05-25 12:32:47,127 [INFO] PluginManager:220 - loadIPPluginJar : add tsc
2025-05-25 12:32:47,129 [INFO] IPUIPlugin:80 - create IPUIPlugin
2025-05-25 12:32:47,129 [INFO] PluginManager:220 - loadIPPluginJar : add extmemmanager
2025-05-25 12:32:47,132 [INFO] IPUIPlugin:80 - create IPUIPlugin
2025-05-25 12:32:47,132 [INFO] PluginManager:220 - loadIPPluginJar : add ts
2025-05-25 12:32:47,133 [INFO] IPUIPlugin:80 - create IPUIPlugin
2025-05-25 12:32:47,133 [INFO] PluginManager:220 - loadIPPluginJar : add radio
2025-05-25 12:32:47,135 [INFO] IPUIPlugin:80 - create IPUIPlugin
2025-05-25 12:32:47,135 [INFO] PluginManager:220 - loadIPPluginJar : add can
2025-05-25 12:32:47,137 [INFO] IPUIPlugin:80 - create IPUIPlugin
2025-05-25 12:32:47,137 [INFO] PluginManager:220 - loadIPPluginJar : add dma3
2025-05-25 12:32:47,143 [INFO] IPUIPlugin:80 - create IPUIPlugin
2025-05-25 12:32:47,144 [INFO] PluginManager:220 - loadIPPluginJar : add dfsdm
2025-05-25 12:32:47,148 [INFO] IPUIPlugin:80 - create IPUIPlugin
2025-05-25 12:32:47,148 [INFO] PluginManager:220 - loadIPPluginJar : add spi
2025-05-25 12:32:47,149 [INFO] IPUIPlugin:80 - create IPUIPlugin
2025-05-25 12:32:47,149 [INFO] PluginManager:220 - loadIPPluginJar : add gfxmmu
2025-05-25 12:32:47,151 [INFO] IPUIPlugin:80 - create IPUIPlugin
2025-05-25 12:32:47,151 [INFO] PluginManager:220 - loadIPPluginJar : add genericplugin
2025-05-25 12:32:47,153 [INFO] IPUIPlugin:80 - create IPUIPlugin
2025-05-25 12:32:47,153 [INFO] PluginManager:220 - loadIPPluginJar : add cryp
2025-05-25 12:32:47,157 [INFO] IPUIPlugin:80 - create IPUIPlugin
2025-05-25 12:32:47,157 [INFO] PluginManager:220 - loadIPPluginJar : add gpio
2025-05-25 12:32:47,161 [INFO] IPUIPlugin:80 - create IPUIPlugin
2025-05-25 12:32:47,161 [INFO] PluginManager:220 - loadIPPluginJar : add ddr_ctrl_phy
2025-05-25 12:32:47,163 [INFO] IPUIPlugin:80 - create IPUIPlugin
2025-05-25 12:32:47,163 [INFO] PluginManager:220 - loadIPPluginJar : add comp
2025-05-25 12:32:47,165 [INFO] IPUIPlugin:80 - create IPUIPlugin
2025-05-25 12:32:47,165 [INFO] PluginManager:220 - loadIPPluginJar : add tracer_emb
2025-05-25 12:32:47,167 [INFO] IPUIPlugin:80 - create IPUIPlugin
2025-05-25 12:32:47,168 [INFO] PluginManager:220 - loadIPPluginJar : add openamp
2025-05-25 12:32:47,171 [INFO] IPUIPlugin:80 - create IPUIPlugin
2025-05-25 12:32:47,172 [INFO] PluginManager:220 - loadIPPluginJar : add stm32_wpan
2025-05-25 12:32:47,176 [INFO] IPUIPlugin:80 - create IPUIPlugin
2025-05-25 12:32:47,180 [INFO] PluginManager:220 - loadIPPluginJar : add plateformsettings
2025-05-25 12:32:47,183 [INFO] IPUIPlugin:80 - create IPUIPlugin
2025-05-25 12:32:47,184 [INFO] PluginManager:220 - loadIPPluginJar : add ipddr
2025-05-25 12:32:47,186 [INFO] IPUIPlugin:80 - create IPUIPlugin
2025-05-25 12:32:47,187 [INFO] PluginManager:220 - loadIPPluginJar : add usart
2025-05-25 12:32:47,190 [INFO] IPUIPlugin:80 - create IPUIPlugin
2025-05-25 12:32:47,190 [INFO] PluginManager:220 - loadIPPluginJar : add ltdc
2025-05-25 12:32:47,192 [INFO] IPUIPlugin:80 - create IPUIPlugin
2025-05-25 12:32:47,193 [INFO] PluginManager:220 - loadIPPluginJar : add nvic
2025-05-25 12:32:47,194 [INFO] IPUIPlugin:80 - create IPUIPlugin
2025-05-25 12:32:47,195 [INFO] PluginManager:220 - loadIPPluginJar : add fatfs
2025-05-25 12:32:47,200 [INFO] IPUIPlugin:80 - create IPUIPlugin
2025-05-25 12:32:47,200 [INFO] PluginManager:220 - loadIPPluginJar : add linkedlist
2025-05-25 12:32:47,205 [INFO] IPUIPlugin:80 - create IPUIPlugin
2025-05-25 12:32:47,205 [INFO] PluginManager:220 - loadIPPluginJar : add dma
2025-05-25 12:32:47,208 [INFO] IPUIPlugin:80 - create IPUIPlugin
2025-05-25 12:32:47,208 [INFO] PluginManager:220 - loadIPPluginJar : add fmc
2025-05-25 12:32:47,211 [INFO] IPUIPlugin:80 - create IPUIPlugin
2025-05-25 12:32:47,211 [INFO] PluginManager:220 - loadIPPluginJar : add i2s
2025-05-25 12:32:47,213 [INFO] IPUIPlugin:80 - create IPUIPlugin
2025-05-25 12:32:47,213 [INFO] PluginManager:220 - loadIPPluginJar : add ucpd
2025-05-25 12:32:47,215 [INFO] IPUIPlugin:80 - create IPUIPlugin
2025-05-25 12:32:47,215 [INFO] PluginManager:220 - loadIPPluginJar : add lorawan
2025-05-25 12:32:47,217 [INFO] IPUIPlugin:80 - create IPUIPlugin
2025-05-25 12:32:47,218 [INFO] PluginManager:220 - loadIPPluginJar : add opamp
2025-05-25 12:32:47,220 [INFO] IPUIPlugin:80 - create IPUIPlugin
2025-05-25 12:32:47,220 [INFO] PluginManager:220 - loadIPPluginJar : add i3c
2025-05-25 12:32:47,223 [INFO] IPUIPlugin:80 - create IPUIPlugin
2025-05-25 12:32:47,223 [INFO] PluginManager:220 - loadIPPluginJar : add touchsensing
2025-05-25 12:32:47,226 [INFO] IPUIPlugin:80 - create IPUIPlugin
2025-05-25 12:32:47,227 [INFO] PluginManager:220 - loadIPPluginJar : add i2c
2025-05-25 12:32:47,229 [INFO] IPUIPlugin:80 - create IPUIPlugin
2025-05-25 12:32:47,229 [INFO] PluginManager:220 - loadIPPluginJar : add resmgrutility
2025-05-25 12:32:47,231 [INFO] IPUIPlugin:80 - create IPUIPlugin
2025-05-25 12:32:47,231 [INFO] PluginManager:220 - loadIPPluginJar : add sai
2025-05-25 12:32:47,233 [INFO] IPUIPlugin:80 - create IPUIPlugin
2025-05-25 12:32:47,233 [INFO] PluginManager:220 - loadIPPluginJar : add usbx
2025-05-25 12:32:47,365 [INFO] CADModel:165 - CPN selected for project level
2025-05-25 12:32:47,366 [INFO] CADModel:114 - Register for checkConnection events
2025-05-25 12:32:47,366 [FATAL] Updater:334 - Updater called before beeing initialized
2025-05-25 12:32:47,366 [ERROR] CADModel:125 - Updater not yet initialized, retry later 
2025-05-25 12:32:47,695 [INFO] CADModel:165 - CPN selected for project level
2025-05-25 12:32:47,695 [INFO] CADModel:114 - Register for checkConnection events
2025-05-25 12:32:47,695 [FATAL] Updater:334 - Updater called before beeing initialized
2025-05-25 12:32:47,695 [ERROR] CADModel:125 - Updater not yet initialized, retry later 
2025-05-25 12:32:47,698 [FATAL] Updater:334 - Updater called before beeing initialized
2025-05-25 12:32:47,947 [FATAL] Updater:334 - Updater called before beeing initialized
2025-05-25 12:32:47,955 [INFO] DbMcusAds:53 - JSON generation date=Wed May 07 06:07:55 ART 2025 (1746608875513)
2025-05-25 12:32:47,956 [FATAL] Updater:334 - Updater called before beeing initialized
2025-05-25 12:32:48,635 [WARN] DetailPanel:346 - Failed to get advertising image, set to default
2025-05-25 12:32:48,773 [FATAL] Updater:334 - Updater called before beeing initialized
2025-05-25 12:32:48,778 [FATAL] Updater:334 - Updater called before beeing initialized
2025-05-25 12:32:48,778 [FATAL] Updater:334 - Updater called before beeing initialized
2025-05-25 12:32:48,779 [WARN] DetailPanel:346 - Failed to get advertising image, set to default
2025-05-25 12:32:48,787 [FATAL] Updater:334 - Updater called before beeing initialized
2025-05-25 12:32:48,893 [ERROR] Updater:1164 - MainUpdater not yet initialized. External WinMGr cannot be set.
2025-05-25 12:32:48,900 [INFO] Updater:1100 - Updater Version found : 6.12.1
2025-05-25 12:32:48,921 [INFO] ApplicationProperties:184 - Using Application install path: /Applications/STM32CubeIDE.app/Contents/Eclipse/plugins/com.st.stm32cube.common.mx_6.12.1.202409122256
2025-05-25 12:32:49,176 [INFO] ThirdPartyUpdaterWithRetryManager:70 - Updater plugin not ready yet. [2/15]
2025-05-25 12:32:49,501 [INFO] MainUpdater:2873 - connection check result : 10
2025-05-25 12:32:49,501 [INFO] MainUpdater:3567 - Updater definition file requires update
2025-05-25 12:32:49,502 [INFO] MainUpdater:290 - Updater Check For Update Now.
2025-05-25 12:32:49,502 [INFO] MicroXplorer:498 - Change Database Version : DB.6.0.121
2025-05-25 12:32:49,511 [INFO] McuFinderGlobals:63 - Set McuFinder mode to 2 (CubeIDE integrated)
2025-05-25 12:32:49,514 [INFO] UserAuth:417 - Internet connection configuration mode: 1
2025-05-25 12:32:49,527 [INFO] JxBrowserEngine:152 - Initiate JxBrowser Engine with user profile folder
2025-05-25 12:32:50,992 [INFO] ServerAccessManage:473 - Download File updaters.zip
2025-05-25 12:32:51,161 [INFO] FileExtend:240 - Unzip File : updaters.zip
2025-05-25 12:32:51,161 [INFO] FileExtend:255 - Standard Zip Deflate
2025-05-25 12:32:52,187 [WARN] MainUpdater:1194 - Updater busy. Cannot search thirdparties
2025-05-25 12:32:52,189 [INFO] ThirdPartyUpdaterWithRetryManager:96 - Updater plugin is busy. [1/15]
2025-05-25 12:32:52,506 [INFO] ServerAccessManage:473 - Download File PacksControlFlags.xml
2025-05-25 12:32:53,531 [INFO] ServerAccessManage:473 - Download File cubemx.pidx
2025-05-25 12:32:55,197 [WARN] MainUpdater:1194 - Updater busy. Cannot search thirdparties
2025-05-25 12:32:55,199 [INFO] ThirdPartyUpdaterWithRetryManager:96 - Updater plugin is busy. [2/15]
2025-05-25 12:32:55,990 [INFO] ServerAccessManage:473 - Download File STMicroelectronics.X-CUBE-FREERTOS.pdsc
2025-05-25 12:32:58,205 [WARN] MainUpdater:1194 - Updater busy. Cannot search thirdparties
2025-05-25 12:32:58,207 [INFO] ThirdPartyUpdaterWithRetryManager:96 - Updater plugin is busy. [3/15]
2025-05-25 12:32:59,138 [INFO] WebApp:167 - Instantiating new browser for Auth
2025-05-25 12:33:01,212 [WARN] MainUpdater:1194 - Updater busy. Cannot search thirdparties
2025-05-25 12:33:01,216 [INFO] ThirdPartyUpdaterWithRetryManager:96 - Updater plugin is busy. [4/15]
2025-05-25 12:33:01,499 [INFO] WebApp:448 - Apply proxy settings
2025-05-25 12:33:01,508 [INFO] WebApp:493 - Chromium authenticates against Manually configured proxy
2025-05-25 12:33:01,540 [INFO] WebApp:501 - Username used for proxy authentication: 
2025-05-25 12:33:01,633 [INFO] WebApp:869 - Register for checkConnection events
2025-05-25 12:33:01,633 [INFO] WebApp:448 - Apply proxy settings
2025-05-25 12:33:01,636 [INFO] WebApp:493 - Chromium authenticates against Manually configured proxy
2025-05-25 12:33:01,637 [INFO] WebApp:501 - Username used for proxy authentication: 
2025-05-25 12:33:01,937 [INFO] WebApp:220 - Starting web application
2025-05-25 12:33:01,938 [INFO] WebApp:578 - Web application path used /Applications/STM32CubeIDE.app/Contents/Eclipse/plugins/com.st.stm32cube.common.mx_6.12.1.202409122256/db/plugins/mcufinder/reactClient1/index.html
2025-05-25 12:33:02,809 [INFO] UserAuth:417 - Internet connection configuration mode: 1
2025-05-25 12:33:02,835 [INFO] WebApp:186 - Connection restablished
2025-05-25 12:33:03,166 [INFO] ServerAccessManage:473 - Download File STMicroelectronics.X-CUBE-ST60.pdsc
2025-05-25 12:33:04,220 [WARN] MainUpdater:1194 - Updater busy. Cannot search thirdparties
2025-05-25 12:33:04,221 [INFO] ThirdPartyUpdaterWithRetryManager:96 - Updater plugin is busy. [5/15]
2025-05-25 12:33:05,056 [WARN] PackLoader:240 - Cannot read IP mode file for STMicroelectronics.X-CUBE-FREERTOS.1.3.1
2025-05-25 12:33:05,129 [WARN] PopulateThirdPartyThread:106 - Error when creating pack: /Users/apple/.stm32cubemx/thirdparties/pdsc/STMicroelectronics.X-CUBE-ST60.pdsc
2025-05-25 12:33:05,130 [INFO] PopulateThirdPartyThread:66 - Ending populate Thread
2025-05-25 12:33:05,134 [INFO] ThirdParty:1030 - CMSIS Pack Vendor :STMicroelectronics X-CUBE-FREERTOS 1.3.1
2025-05-25 12:33:05,135 [INFO] LoadServerUpdatesThread:375 - End of LoadServerUpdate Thread
2025-05-25 12:33:05,386 [INFO] CheckServerUpdateThread:120 - End of CheckServer Thread
2025-05-25 12:33:07,514 [WARN] PackLoader:240 - Cannot read IP mode file for STMicroelectronics.FP-SNS-MOTENVWB1.1.4.0
2025-05-25 12:33:07,538 [WARN] PackLoader:240 - Cannot read IP mode file for STMicroelectronics.FP-ATR-ASTRA1.2.0.2
2025-05-25 12:33:07,580 [WARN] PackLoader:240 - Cannot read IP mode file for STMicroelectronics.FP-ATR-ASTRA1.2.0.1
2025-05-25 12:33:07,599 [WARN] PackLoader:240 - Cannot read IP mode file for STMicroelectronics.X-CUBE-SMBUS.2.1.0
2025-05-25 12:33:07,618 [WARN] PackLoader:240 - Cannot read IP mode file for STMicroelectronics.X-CUBE-WB05N.1.1.0
2025-05-25 12:33:07,635 [ERROR] Engine:466 - /Users/apple/.stm32cubemx/thirdparties/pdsc/STMicroelectronics.X-CUBE-ST60.1.0.0.pdsc: PDSC version is not supported
2025-05-25 12:33:07,778 [WARN] PackLoader:240 - Cannot read IP mode file for STMicroelectronics.X-CUBE-AZRTOS-F7.1.1.0
2025-05-25 12:33:08,113 [WARN] PackLoader:240 - Cannot read IP mode file for STMicroelectronics.X-CUBE-MEMS1.11.0.0
2025-05-25 12:33:08,445 [WARN] PackLoader:240 - Cannot read IP mode file for STMicroelectronics.FP-SNS-FLIGHT1.5.0.2
2025-05-25 12:33:08,470 [WARN] PackLoader:240 - Cannot read IP mode file for STMicroelectronics.X-CUBE-DISPLAY.3.0.0
2025-05-25 12:33:08,520 [WARN] PackLoader:240 - Cannot read IP mode file for STMicroelectronics.X-CUBE-BLE1.7.0.0
2025-05-25 12:33:08,544 [WARN] PackLoader:240 - Cannot read IP mode file for STMicroelectronics.X-CUBE-NFC10.1.0.0
2025-05-25 12:33:08,574 [WARN] PackLoader:240 - Cannot read IP mode file for STMicroelectronics.X-CUBE-BLEMGR.4.0.0
2025-05-25 12:33:08,615 [WARN] PackLoader:240 - Cannot read IP mode file for emotas.I-CUBE-CANOPEN.1.3.0
2025-05-25 12:33:08,635 [WARN] PackLoader:240 - Cannot read IP mode file for STMicroelectronics.X-CUBE-BLEMGR.3.1.0
2025-05-25 12:33:08,650 [WARN] PackLoader:240 - Cannot read IP mode file for STMicroelectronics.X-CUBE-AI.10.0.0
2025-05-25 12:33:08,656 [WARN] PackLoader:240 - Cannot read IP mode file for STMicroelectronics.FP-SNS-SMARTAG2.1.2.0
2025-05-25 12:33:08,660 [ERROR] Engine:466 - /Users/apple/.stm32cubemx/thirdparties/pdsc/STMicroelectronics.FP-SNS-FLIGHT1.5.1.0.pdsc: PDSC version is not supported
2025-05-25 12:33:08,825 [WARN] PackLoader:240 - Cannot read IP mode file for STMicroelectronics.X-CUBE-MEMS1.11.1.0
2025-05-25 12:33:09,013 [INFO] LogOutputStream:77 - [STDOUT_REDIRECT] 1 : Invalid condition id : UX_CORESTACK_Condition cause : null
2025-05-25 12:33:09,015 [INFO] LogOutputStream:77 - [STDOUT_REDIRECT] 1 : Invalid condition id : UX_CORESTACK_Condition cause : null
2025-05-25 12:33:09,015 [INFO] LogOutputStream:77 - [STDOUT_REDIRECT] 1 : Invalid condition id : UX_CORESTACK_Condition cause : null
2025-05-25 12:33:09,015 [INFO] LogOutputStream:77 - [STDOUT_REDIRECT] 1 : Invalid condition id : UX_CORESTACK_Condition cause : null
2025-05-25 12:33:09,015 [INFO] LogOutputStream:77 - [STDOUT_REDIRECT] 1 : Invalid condition id : UX_CORESTACK_Condition cause : null
2025-05-25 12:33:09,024 [WARN] PackLoader:240 - Cannot read IP mode file for STMicroelectronics.X-CUBE-AZRTOS-WL.2.0.0
2025-05-25 12:33:09,038 [WARN] PackLoader:240 - Cannot read IP mode file for STMicroelectronics.FP-SNS-MOTENV1.5.0.0
2025-05-25 12:33:09,051 [WARN] PackLoader:240 - Cannot read IP mode file for wolfSSL.I-CUBE-wolfMQTT.1.19.0
2025-05-25 12:33:09,065 [WARN] PackLoader:240 - Cannot read IP mode file for WES.I-CUBE-Cesium.1.3.0
2025-05-25 12:33:09,074 [WARN] PackLoader:240 - Cannot read IP mode file for STMicroelectronics.X-CUBE-BLE2.3.3.0
2025-05-25 12:33:09,102 [WARN] PackLoader:240 - Cannot read IP mode file for STMicroelectronics.X-CUBE-NFC9.1.0.0
2025-05-25 12:33:09,115 [WARN] PackLoader:240 - Cannot read IP mode file for STMicroelectronics.X-CUBE-BLE1.7.1.0
2025-05-25 12:33:09,192 [WARN] PackLoader:240 - Cannot read IP mode file for STMicroelectronics.X-CUBE-TCPP.4.1.0
2025-05-25 12:33:09,300 [WARN] PackLoader:240 - Cannot read IP mode file for STMicroelectronics.X-CUBE-MEMS1.11.2.0
2025-05-25 12:33:09,485 [WARN] PackLoader:240 - Cannot read IP mode file for STMicroelectronics.X-CUBE-AZRTOS-G0.1.1.0
2025-05-25 12:33:09,505 [WARN] PackLoader:240 - Cannot read IP mode file for STMicroelectronics.X-CUBE-SAFEA1.1.2.2
2025-05-25 12:33:09,515 [WARN] PackLoader:240 - Cannot read IP mode file for STMicroelectronics.X-CUBE-NFC4.3.0.0
2025-05-25 12:33:09,542 [WARN] PackLoader:240 - Cannot read IP mode file for EmbeddedOffice.I-CUBE-FS-RTOS.1.0.1
2025-05-25 12:33:09,546 [ERROR] ConditionMgr:805 - Attr not supported : Dmpu
2025-05-25 12:33:09,548 [ERROR] ConditionMgr:805 - Attr not supported : Dmpu
2025-05-25 12:33:09,550 [ERROR] ConditionMgr:805 - Attr not supported : Dmpu
2025-05-25 12:33:09,550 [ERROR] ConditionMgr:805 - Attr not supported : Dmpu
2025-05-25 12:33:09,550 [ERROR] ConditionMgr:805 - Attr not supported : Dmpu
2025-05-25 12:33:09,550 [ERROR] ConditionMgr:805 - Attr not supported : Dmpu
2025-05-25 12:33:09,550 [ERROR] ConditionMgr:805 - Attr not supported : Dmpu
2025-05-25 12:33:09,550 [ERROR] ConditionMgr:805 - Attr not supported : Dmpu
2025-05-25 12:33:09,551 [ERROR] ConditionMgr:805 - Attr not supported : Dmpu
2025-05-25 12:33:09,551 [ERROR] ConditionMgr:805 - Attr not supported : Dmpu
2025-05-25 12:33:09,551 [ERROR] ConditionMgr:805 - Attr not supported : Dmpu
2025-05-25 12:33:09,551 [ERROR] ConditionMgr:805 - Attr not supported : Dmpu
2025-05-25 12:33:09,551 [ERROR] ConditionMgr:805 - Attr not supported : Dmpu
2025-05-25 12:33:09,551 [ERROR] ConditionMgr:805 - Attr not supported : Dmpu
2025-05-25 12:33:09,551 [ERROR] ConditionMgr:805 - Attr not supported : Dmpu
2025-05-25 12:33:09,551 [ERROR] ConditionMgr:805 - Attr not supported : Dmpu
2025-05-25 12:33:09,551 [ERROR] ConditionMgr:805 - Attr not supported : Dmpu
2025-05-25 12:33:09,551 [ERROR] ConditionMgr:805 - Attr not supported : Dmpu
2025-05-25 12:33:09,551 [ERROR] ConditionMgr:805 - Attr not supported : Dmpu
2025-05-25 12:33:09,551 [ERROR] ConditionMgr:805 - Attr not supported : Dmpu
2025-05-25 12:33:09,551 [ERROR] ConditionMgr:805 - Attr not supported : Dmpu
2025-05-25 12:33:09,551 [ERROR] ConditionMgr:805 - Attr not supported : Dmpu
2025-05-25 12:33:09,551 [ERROR] ConditionMgr:805 - Attr not supported : Dmpu
2025-05-25 12:33:09,551 [ERROR] ConditionMgr:805 - Attr not supported : Dmpu
2025-05-25 12:33:09,551 [ERROR] ConditionMgr:805 - Attr not supported : Dmpu
2025-05-25 12:33:09,552 [ERROR] ConditionMgr:805 - Attr not supported : Dmpu
2025-05-25 12:33:09,552 [ERROR] ConditionMgr:805 - Attr not supported : Dmpu
2025-05-25 12:33:09,552 [ERROR] ConditionMgr:805 - Attr not supported : Dmpu
2025-05-25 12:33:09,552 [ERROR] ConditionMgr:805 - Attr not supported : Dmpu
2025-05-25 12:33:09,552 [ERROR] ConditionMgr:805 - Attr not supported : Dmpu
2025-05-25 12:33:09,552 [ERROR] ConditionMgr:805 - Attr not supported : Dmpu
2025-05-25 12:33:09,552 [ERROR] ConditionMgr:805 - Attr not supported : Dmpu
2025-05-25 12:33:09,552 [ERROR] ConditionMgr:805 - Attr not supported : Dmpu
2025-05-25 12:33:09,552 [ERROR] ConditionMgr:805 - Attr not supported : Dmpu
2025-05-25 12:33:09,552 [ERROR] ConditionMgr:805 - Attr not supported : Dmpu
2025-05-25 12:33:09,552 [ERROR] ConditionMgr:805 - Attr not supported : Dmpu
2025-05-25 12:33:09,553 [ERROR] ConditionMgr:805 - Attr not supported : Dmpu
2025-05-25 12:33:09,553 [ERROR] ConditionMgr:805 - Attr not supported : Dmpu
2025-05-25 12:33:09,553 [ERROR] ConditionMgr:805 - Attr not supported : Dmpu
2025-05-25 12:33:09,553 [ERROR] ConditionMgr:805 - Attr not supported : Dmpu
2025-05-25 12:33:09,553 [ERROR] ConditionMgr:805 - Attr not supported : Dmpu
2025-05-25 12:33:09,553 [ERROR] ConditionMgr:805 - Attr not supported : Dmpu
2025-05-25 12:33:09,553 [ERROR] ConditionMgr:805 - Attr not supported : Dmpu
2025-05-25 12:33:09,554 [ERROR] ConditionMgr:805 - Attr not supported : Dmpu
2025-05-25 12:33:09,554 [ERROR] ConditionMgr:805 - Attr not supported : Dmpu
2025-05-25 12:33:09,554 [ERROR] ConditionMgr:805 - Attr not supported : Dmpu
2025-05-25 12:33:09,554 [ERROR] ConditionMgr:805 - Attr not supported : Dmpu
2025-05-25 12:33:09,554 [ERROR] ConditionMgr:805 - Attr not supported : Dmpu
2025-05-25 12:33:09,554 [ERROR] ConditionMgr:805 - Attr not supported : Dmpu
2025-05-25 12:33:09,554 [ERROR] ConditionMgr:805 - Attr not supported : Dmpu
2025-05-25 12:33:09,554 [ERROR] ConditionMgr:805 - Attr not supported : Dmpu
2025-05-25 12:33:09,554 [ERROR] ConditionMgr:805 - Attr not supported : Dmpu
2025-05-25 12:33:09,555 [ERROR] ConditionMgr:805 - Attr not supported : Dmpu
2025-05-25 12:33:09,555 [ERROR] ConditionMgr:805 - Attr not supported : Dmpu
2025-05-25 12:33:09,555 [ERROR] ConditionMgr:805 - Attr not supported : Dmpu
2025-05-25 12:33:09,555 [ERROR] ConditionMgr:805 - Attr not supported : Dmpu
2025-05-25 12:33:09,555 [ERROR] ConditionMgr:805 - Attr not supported : Dmpu
2025-05-25 12:33:09,555 [ERROR] ConditionMgr:805 - Attr not supported : Dmpu
2025-05-25 12:33:09,555 [ERROR] ConditionMgr:805 - Attr not supported : Dmpu
2025-05-25 12:33:09,555 [ERROR] ConditionMgr:805 - Attr not supported : Dmpu
2025-05-25 12:33:09,555 [ERROR] ConditionMgr:805 - Attr not supported : Dmpu
2025-05-25 12:33:09,555 [ERROR] ConditionMgr:805 - Attr not supported : Dmpu
2025-05-25 12:33:09,555 [ERROR] ConditionMgr:805 - Attr not supported : Dmpu
2025-05-25 12:33:09,555 [ERROR] ConditionMgr:805 - Attr not supported : Dmpu
2025-05-25 12:33:09,563 [WARN] PackLoader:240 - Cannot read IP mode file for STMicroelectronics.X-CUBE-WB05N.2.0.0
2025-05-25 12:33:09,584 [ERROR] Engine:466 - /Users/apple/.stm32cubemx/thirdparties/pdsc/STMicroelectronics.X-CUBE-TCPP.4.2.0.pdsc: PDSC version is not supported
2025-05-25 12:33:09,590 [WARN] PackLoader:240 - Cannot read IP mode file for RealThread.X-CUBE-RT-Thread_Nano.4.1.1
2025-05-25 12:33:09,594 [WARN] PackLoader:240 - Cannot read IP mode file for STMicroelectronics.FP-ATR-SIGFOX1.3.2.0
2025-05-25 12:33:09,600 [WARN] PackLoader:240 - Cannot read IP mode file for wolfSSL.I-CUBE-wolfSSL.5.7.2
2025-05-25 12:33:09,605 [WARN] ConditionMgr:438 - getConditionDescription Invalid condition id : Cortex-A Device cause : null
2025-05-25 12:33:09,649 [WARN] ConditionMgr:1039 - genDependencies : Invalid condition id : Cortex-A Device cause : null
2025-05-25 12:33:09,649 [WARN] ConditionMgr:1039 - genDependencies : Invalid condition id : Cortex-A Device cause : null
2025-05-25 12:33:09,650 [WARN] ConditionMgr:1039 - genDependencies : Invalid condition id : Cortex-A Device cause : null
2025-05-25 12:33:09,666 [WARN] PackLoader:240 - Cannot read IP mode file for STMicroelectronics.X-CUBE-EEPRMA1.5.1.0
2025-05-25 12:33:09,679 [WARN] PackLoader:240 - Cannot read IP mode file for ITTIA_DB.I-CUBE-ITTIADB.8.9.0
2025-05-25 12:33:09,746 [WARN] PackLoader:240 - Cannot read IP mode file for SEGGER.I-CUBE-embOS.1.3.1
2025-05-25 12:33:09,810 [WARN] PackLoader:240 - Cannot read IP mode file for STMicroelectronics.X-CUBE-ALGOBUILD.1.4.0
2025-05-25 12:33:09,825 [WARN] PackLoader:240 - Cannot read IP mode file for STMicroelectronics.X-CUBE-AI.9.1.0
2025-05-25 12:33:09,854 [WARN] PackLoader:240 - Cannot read IP mode file for STMicroelectronics.X-CUBE-AZRTOS-F4.1.1.0
2025-05-25 12:33:09,865 [ERROR] Engine:466 - /Users/apple/.stm32cubemx/thirdparties/pdsc/Avnet-IotConnect.X-CUBE-IoTC-DA16k-PMOD.1.0.0.pdsc: PDSC version is not supported
2025-05-25 12:33:09,880 [WARN] PackLoader:240 - Cannot read IP mode file for STMicroelectronics.X-CUBE-ISPU.2.1.0
2025-05-25 12:33:09,899 [WARN] PackLoader:240 - Cannot read IP mode file for STMicroelectronics.X-CUBE-FREERTOS.1.2.0
2025-05-25 12:33:09,927 [WARN] PackLoader:240 - Cannot read IP mode file for STMicroelectronics.X-CUBE-AZRTOS-L5.2.0.0
2025-05-25 12:33:09,949 [WARN] PackLoader:240 - Cannot read IP mode file for STMicroelectronics.X-CUBE-NFC6.3.1.0
2025-05-25 12:33:09,963 [WARN] PackLoader:240 - Cannot read IP mode file for STMicroelectronics.X-CUBE-DPower.1.2.0
2025-05-25 12:33:09,969 [WARN] PackLoader:240 - Cannot read IP mode file for STMicroelectronics.X-CUBE-AI.9.0.0
2025-05-25 12:33:09,976 [WARN] PackLoader:240 - Cannot read IP mode file for STMicroelectronics.X-CUBE-FREERTOS.1.3.1
2025-05-25 12:33:09,982 [WARN] PackLoader:240 - Cannot read IP mode file for STMicroelectronics.X-CUBE-FREERTOS.1.3.0
2025-05-25 12:33:09,989 [WARN] PackLoader:240 - Cannot read IP mode file for STMicroelectronics.X-CUBE-NFC7.1.0.1
2025-05-25 12:33:10,000 [WARN] PackLoader:240 - Cannot read IP mode file for STMicroelectronics.X-CUBE-DPower.1.3.0
2025-05-25 12:33:10,035 [WARN] ConditionMgr:438 - getConditionDescription Invalid condition id : LAN8742 Phy interface Condition cause : null
2025-05-25 12:33:10,037 [WARN] PackLoader:240 - Cannot read IP mode file for STMicroelectronics.X-CUBE-AZRTOS-L4.2.0.0
2025-05-25 12:33:10,041 [WARN] ConditionMgr:1039 - genDependencies : Invalid condition id : LAN8742 Phy interface Condition cause : null
2025-05-25 12:33:10,041 [WARN] ConditionMgr:1039 - genDependencies : Invalid condition id : LAN8742 Phy interface Condition cause : null
2025-05-25 12:33:10,043 [WARN] ConditionMgr:1039 - genDependencies : Invalid condition id : LAN8742 Phy interface Condition cause : null
2025-05-25 12:33:10,053 [WARN] PackLoader:240 - Cannot read IP mode file for STMicroelectronics.X-CUBE-SFXS2LP1.4.0.0
2025-05-25 12:33:10,092 [WARN] PackLoader:240 - Cannot read IP mode file for STMicroelectronics.X-CUBE-AZRTOS-H7.3.3.0
2025-05-25 12:33:10,115 [WARN] PackLoader:240 - Cannot read IP mode file for STMicroelectronics.X-CUBE-IPS.3.0.0
2025-05-25 12:33:10,144 [WARN] ConditionMgr:438 - getConditionDescription Invalid condition id : UX DEVICE CLASS RTOS Condition cause : null
2025-05-25 12:33:10,144 [WARN] ConditionMgr:438 - getConditionDescription Invalid condition id : UX DEVICE CLASS RTOS Condition cause : null
2025-05-25 12:33:10,150 [WARN] PackLoader:240 - Cannot read IP mode file for STMicroelectronics.X-CUBE-AZRTOS-WB.2.0.0
2025-05-25 12:33:10,152 [WARN] ConditionMgr:1039 - genDependencies : Invalid condition id : UX DEVICE CLASS RTOS Condition cause : null
2025-05-25 12:33:10,152 [WARN] ConditionMgr:1039 - genDependencies : Invalid condition id : UX DEVICE CLASS RTOS Condition cause : null
2025-05-25 12:33:10,153 [WARN] ConditionMgr:1039 - genDependencies : Invalid condition id : UX DEVICE CLASS RTOS Condition cause : null
2025-05-25 12:33:10,154 [WARN] ConditionMgr:1039 - genDependencies : Invalid condition id : UX DEVICE CLASS RTOS Condition cause : null
2025-05-25 12:33:10,154 [WARN] ConditionMgr:1039 - genDependencies : Invalid condition id : UX DEVICE CLASS RTOS Condition cause : null
2025-05-25 12:33:10,163 [WARN] PackLoader:240 - Cannot read IP mode file for STMicroelectronics.X-CUBE-GNSS1.7.0.0
2025-05-25 12:33:10,171 [WARN] PackLoader:240 - Cannot read IP mode file for STMicroelectronics.X-CUBE-GNSS1.7.0.1
2025-05-25 12:33:10,177 [WARN] PackLoader:240 - Cannot read IP mode file for STMicroelectronics.X-CUBE-TOUCHGFX.4.25.0
2025-05-25 12:33:10,186 [WARN] PackLoader:240 - Cannot read IP mode file for STMicroelectronics.FP-SNS-STBOX1.2.0.0
2025-05-25 12:33:10,205 [WARN] PackLoader:240 - Cannot read IP mode file for STMicroelectronics.X-CUBE-SUBG2.5.0.0
2025-05-25 12:33:10,257 [WARN] PackLoader:240 - Cannot read IP mode file for STMicroelectronics.X-CUBE-AZRTOS-H7RS.1.1.0
2025-05-25 12:33:10,268 [WARN] PackLoader:240 - Cannot read IP mode file for Cesanta.I-CUBE-Mongoose.7.13.0
2025-05-25 12:33:10,290 [WARN] PackLoader:240 - Cannot read IP mode file for STMicroelectronics.X-CUBE-AZRTOS-G4.2.0.0
2025-05-25 12:33:10,308 [WARN] PackLoader:240 - Cannot read IP mode file for STMicroelectronics.X-CUBE-NFC7.2.0.0
2025-05-25 12:33:10,320 [ERROR] Engine:466 - /Users/apple/.stm32cubemx/thirdparties/pdsc/STMicroelectronics.X-CUBE-IPS.3.1.0.pdsc: PDSC version is not supported
2025-05-25 12:33:10,327 [WARN] PackLoader:240 - Cannot read IP mode file for STMicroelectronics.X-CUBE-ALS.1.0.2
2025-05-25 12:33:10,339 [WARN] PackLoader:240 - Cannot read IP mode file for STMicroelectronics.X-CUBE-TOUCHGFX.4.24.0
2025-05-25 12:33:10,342 [WARN] PackLoader:240 - Cannot read IP mode file for STMicroelectronics.X-CUBE-TOUCHGFX.4.24.2
2025-05-25 12:33:10,344 [WARN] PackLoader:240 - Cannot read IP mode file for STMicroelectronics.X-CUBE-TOUCHGFX.4.24.1
2025-05-25 12:33:10,347 [WARN] PackLoader:240 - Cannot read IP mode file for wolfSSL.I-CUBE-wolfTPM.3.4.0
2025-05-25 12:33:10,356 [WARN] PackLoader:240 - Cannot read IP mode file for portGmbH.I-Cube-SoM-uGOAL.1.1.0
2025-05-25 12:33:10,387 [WARN] PackLoader:240 - Cannot read IP mode file for STMicroelectronics.X-CUBE-AZRTOS-H7RS.1.0.0
2025-05-25 12:33:10,399 [WARN] PackLoader:240 - Cannot read IP mode file for STMicroelectronics.FP-ATR-ASTRA1.2.0.0
2025-05-25 12:33:10,419 [WARN] PackLoader:240 - Cannot read IP mode file for STMicroelectronics.X-CUBE-TOF1.3.4.2
2025-05-25 12:33:10,468 [ERROR] Engine:466 - /Users/apple/.stm32cubemx/thirdparties/pdsc/STMicroelectronics.X-CUBE-TOF1.3.4.3.pdsc: PDSC version is not supported
2025-05-25 12:33:10,531 [WARN] PackLoader:240 - Cannot read IP mode file for Infineon.AIROC-Wi-Fi-Bluetooth-STM32.1.6.1
2025-05-25 12:33:10,561 [WARN] PackLoader:240 - Cannot read IP mode file for wolfSSL.I-CUBE-wolfSSH.1.4.17
2025-05-25 12:33:10,563 [INFO] ThirdParty:978 - Integrity check success = true
2025-05-25 12:33:10,563 [INFO] IntegrityCheckThread:100 - exiting critical section [integrity check]
2025-05-25 12:33:10,563 [INFO] IntegrityCheckThread:103 - End integrity checks thread
