2025-06-24 00:01:04,005 [INFO] WebApp:189 - Connection lost
2025-06-24 00:01:04,670 [INFO] WebApp:186 - Connection restablished
2025-06-24 00:05:53,622 [INFO] WebApp:189 - Connection lost
2025-06-24 00:05:54,135 [INFO] WebApp:186 - Connection restablished
2025-06-24 01:14:29,351 [INFO] WebApp:189 - Connection lost
2025-06-24 01:14:29,884 [INFO] WebApp:186 - Connection restablished
2025-06-24 01:29:55,661 [INFO] WebApp:189 - Connection lost
2025-06-24 01:29:56,043 [INFO] WebApp:186 - Connection restablished
2025-06-24 01:45:23,298 [INFO] WebApp:189 - Connection lost
2025-06-24 01:45:23,665 [INFO] WebApp:186 - Connection restablished
2025-06-24 02:00:49,803 [INFO] WebApp:189 - Connection lost
2025-06-24 02:00:50,186 [INFO] WebApp:186 - Connection restablished
2025-06-24 02:15:57,065 [INFO] WebApp:189 - Connection lost
2025-06-24 02:15:57,749 [INFO] WebApp:186 - Connection restablished
2025-06-24 02:31:04,797 [INFO] WebApp:189 - Connection lost
2025-06-24 02:31:05,159 [INFO] WebApp:186 - Connection restablished
2025-06-24 02:31:06,926 [INFO] WebApp:189 - Connection lost
2025-06-24 02:31:07,048 [INFO] WebApp:186 - Connection restablished
2025-06-24 02:46:13,078 [INFO] WebApp:189 - Connection lost
2025-06-24 02:46:13,474 [INFO] WebApp:186 - Connection restablished
2025-06-24 03:00:21,957 [INFO] WebApp:189 - Connection lost
2025-06-24 03:00:22,355 [INFO] WebApp:186 - Connection restablished
2025-06-24 03:15:29,438 [INFO] WebApp:189 - Connection lost
2025-06-24 03:15:29,926 [INFO] WebApp:186 - Connection restablished
2025-06-24 03:30:36,605 [INFO] WebApp:189 - Connection lost
2025-06-24 03:30:36,997 [INFO] WebApp:186 - Connection restablished
2025-06-24 03:45:44,064 [INFO] WebApp:189 - Connection lost
2025-06-24 03:45:44,542 [INFO] WebApp:186 - Connection restablished
2025-06-24 04:00:51,677 [INFO] WebApp:189 - Connection lost
2025-06-24 04:00:52,047 [INFO] WebApp:186 - Connection restablished
2025-06-24 04:15:58,825 [INFO] WebApp:189 - Connection lost
2025-06-24 04:15:59,240 [INFO] WebApp:186 - Connection restablished
2025-06-24 04:31:07,815 [INFO] WebApp:189 - Connection lost
2025-06-24 04:31:08,204 [INFO] WebApp:186 - Connection restablished
2025-06-24 04:46:16,395 [INFO] WebApp:189 - Connection lost
2025-06-24 04:46:16,792 [INFO] WebApp:186 - Connection restablished
2025-06-24 05:01:25,998 [INFO] WebApp:189 - Connection lost
2025-06-24 05:01:26,476 [INFO] WebApp:186 - Connection restablished
2025-06-24 05:16:33,174 [INFO] WebApp:189 - Connection lost
2025-06-24 05:16:33,578 [INFO] WebApp:186 - Connection restablished
2025-06-24 05:31:41,535 [INFO] WebApp:189 - Connection lost
2025-06-24 05:31:41,920 [INFO] WebApp:186 - Connection restablished
2025-06-24 05:46:50,661 [INFO] WebApp:189 - Connection lost
2025-06-24 05:46:51,051 [INFO] WebApp:186 - Connection restablished
2025-06-24 06:01:58,644 [INFO] WebApp:189 - Connection lost
2025-06-24 06:01:59,016 [INFO] WebApp:186 - Connection restablished
2025-06-24 06:17:05,928 [INFO] WebApp:189 - Connection lost
2025-06-24 06:17:06,321 [INFO] WebApp:186 - Connection restablished
2025-06-24 06:32:16,177 [INFO] WebApp:189 - Connection lost
2025-06-24 06:32:16,555 [INFO] WebApp:186 - Connection restablished
2025-06-24 06:47:24,255 [INFO] WebApp:189 - Connection lost
2025-06-24 06:47:24,770 [INFO] WebApp:186 - Connection restablished
2025-06-24 06:51:19,576 [INFO] WebApp:189 - Connection lost
2025-06-24 06:51:19,942 [INFO] WebApp:186 - Connection restablished
2025-06-24 07:06:34,539 [INFO] WebApp:189 - Connection lost
2025-06-24 07:06:34,944 [INFO] WebApp:186 - Connection restablished
2025-06-24 07:22:01,289 [INFO] WebApp:189 - Connection lost
2025-06-24 07:22:01,686 [INFO] WebApp:186 - Connection restablished
2025-06-24 07:37:28,019 [INFO] WebApp:189 - Connection lost
2025-06-24 07:37:28,409 [INFO] WebApp:186 - Connection restablished
2025-06-24 07:52:54,401 [INFO] WebApp:189 - Connection lost
2025-06-24 07:52:54,780 [INFO] WebApp:186 - Connection restablished
2025-06-24 08:08:21,685 [INFO] WebApp:189 - Connection lost
2025-06-24 08:08:22,128 [INFO] WebApp:186 - Connection restablished
2025-06-24 08:23:33,970 [INFO] WebApp:189 - Connection lost
2025-06-24 08:23:34,330 [INFO] WebApp:186 - Connection restablished
2025-06-24 08:27:11,133 [INFO] WebApp:189 - Connection lost
2025-06-24 08:27:11,532 [INFO] WebApp:186 - Connection restablished
2025-06-24 08:42:26,696 [INFO] WebApp:189 - Connection lost
2025-06-24 08:42:27,081 [INFO] WebApp:186 - Connection restablished
2025-06-24 08:52:19,446 [INFO] WebApp:189 - Connection lost
2025-06-24 08:52:19,809 [INFO] WebApp:186 - Connection restablished
2025-06-24 08:52:23,279 [INFO] WebApp:189 - Connection lost
2025-06-24 08:52:23,421 [INFO] WebApp:186 - Connection restablished
2025-06-24 09:07:46,117 [INFO] WebApp:189 - Connection lost
2025-06-24 09:07:46,501 [INFO] WebApp:186 - Connection restablished
2025-06-24 09:25:04,754 [INFO] WebApp:189 - Connection lost
2025-06-24 09:25:05,136 [INFO] WebApp:186 - Connection restablished
2025-06-24 09:40:29,417 [INFO] WebApp:189 - Connection lost
2025-06-24 09:40:29,818 [INFO] WebApp:186 - Connection restablished
2025-06-24 09:53:19,386 [INFO] WebApp:189 - Connection lost
2025-06-24 09:53:19,793 [INFO] WebApp:186 - Connection restablished
2025-06-24 10:08:46,014 [INFO] WebApp:189 - Connection lost
2025-06-24 10:08:46,395 [INFO] WebApp:186 - Connection restablished
2025-06-24 10:24:12,504 [INFO] WebApp:189 - Connection lost
2025-06-24 10:24:12,887 [INFO] WebApp:186 - Connection restablished
2025-06-24 10:39:39,129 [INFO] WebApp:189 - Connection lost
2025-06-24 10:39:39,522 [INFO] WebApp:186 - Connection restablished
2025-06-24 10:54:19,494 [INFO] WebApp:189 - Connection lost
2025-06-24 10:54:19,875 [INFO] WebApp:186 - Connection restablished
2025-06-24 11:09:46,145 [INFO] WebApp:189 - Connection lost
2025-06-24 11:09:46,515 [INFO] WebApp:186 - Connection restablished
2025-06-24 11:24:53,421 [INFO] WebApp:189 - Connection lost
2025-06-24 11:24:53,828 [INFO] WebApp:186 - Connection restablished
2025-06-24 11:40:01,175 [INFO] WebApp:189 - Connection lost
2025-06-24 11:40:01,568 [INFO] WebApp:186 - Connection restablished
2025-06-24 11:40:02,676 [INFO] WebApp:189 - Connection lost
2025-06-24 11:40:02,816 [INFO] WebApp:186 - Connection restablished
2025-06-24 11:55:08,525 [INFO] WebApp:189 - Connection lost
2025-06-24 11:55:08,901 [INFO] WebApp:186 - Connection restablished
2025-06-24 12:10:15,794 [INFO] WebApp:189 - Connection lost
2025-06-24 12:10:16,187 [INFO] WebApp:186 - Connection restablished
2025-06-24 12:25:23,257 [INFO] WebApp:189 - Connection lost
2025-06-24 12:25:23,662 [INFO] WebApp:186 - Connection restablished
2025-06-24 12:40:32,062 [INFO] WebApp:189 - Connection lost
2025-06-24 12:40:32,440 [INFO] WebApp:186 - Connection restablished
2025-06-24 12:43:53,678 [INFO] WebApp:189 - Connection lost
2025-06-24 12:43:54,072 [INFO] WebApp:186 - Connection restablished
2025-06-24 12:56:08,379 [INFO] WebApp:189 - Connection lost
2025-06-24 12:56:08,803 [INFO] WebApp:186 - Connection restablished
2025-06-24 13:03:12,852 [INFO] WebApp:189 - Connection lost
2025-06-24 13:03:13,252 [INFO] WebApp:186 - Connection restablished
2025-06-24 13:18:39,285 [INFO] WebApp:189 - Connection lost
2025-06-24 13:18:39,661 [INFO] WebApp:186 - Connection restablished
2025-06-24 13:24:48,093 [INFO] WebApp:189 - Connection lost
2025-06-24 13:24:48,487 [INFO] WebApp:186 - Connection restablished
2025-06-24 13:29:31,136 [INFO] WebApp:189 - Connection lost
2025-06-24 13:29:31,526 [INFO] WebApp:186 - Connection restablished
2025-06-24 13:46:58,410 [INFO] WebApp:189 - Connection lost
2025-06-24 13:46:58,787 [INFO] WebApp:186 - Connection restablished
2025-06-24 13:57:08,299 [INFO] WebApp:189 - Connection lost
2025-06-24 13:57:08,669 [INFO] WebApp:186 - Connection restablished
2025-06-24 14:12:34,936 [INFO] WebApp:189 - Connection lost
2025-06-24 14:12:35,635 [INFO] WebApp:186 - Connection restablished
2025-06-24 14:27:43,048 [INFO] WebApp:189 - Connection lost
2025-06-24 14:27:43,472 [INFO] WebApp:186 - Connection restablished
2025-06-24 14:44:37,871 [INFO] WebApp:189 - Connection lost
2025-06-24 14:44:38,278 [INFO] WebApp:186 - Connection restablished
2025-06-24 14:58:08,174 [INFO] WebApp:189 - Connection lost
2025-06-24 14:58:08,630 [INFO] WebApp:186 - Connection restablished
2025-06-24 14:58:12,058 [INFO] WebApp:189 - Connection lost
2025-06-24 14:58:12,193 [INFO] WebApp:186 - Connection restablished
2025-06-24 15:13:15,439 [INFO] WebApp:189 - Connection lost
2025-06-24 15:13:15,842 [INFO] WebApp:186 - Connection restablished
2025-06-24 15:23:25,075 [INFO] WebApp:189 - Connection lost
2025-06-24 15:23:25,468 [INFO] WebApp:186 - Connection restablished
2025-06-24 15:27:15,295 [INFO] WebApp:189 - Connection lost
2025-06-24 15:27:15,692 [INFO] WebApp:186 - Connection restablished
2025-06-24 15:42:22,855 [INFO] WebApp:189 - Connection lost
2025-06-24 15:42:23,234 [INFO] WebApp:186 - Connection restablished
2025-06-24 15:57:49,541 [INFO] WebApp:189 - Connection lost
2025-06-24 15:57:49,920 [INFO] WebApp:186 - Connection restablished
2025-06-24 16:13:16,037 [INFO] WebApp:189 - Connection lost
2025-06-24 16:13:16,413 [INFO] WebApp:186 - Connection restablished
2025-06-24 16:28:42,663 [INFO] WebApp:189 - Connection lost
2025-06-24 16:28:43,054 [INFO] WebApp:186 - Connection restablished
2025-06-24 16:34:43,586 [INFO] WebApp:189 - Connection lost
2025-06-24 16:34:43,978 [INFO] WebApp:186 - Connection restablished
2025-06-24 16:49:50,773 [INFO] WebApp:189 - Connection lost
2025-06-24 16:49:51,163 [INFO] WebApp:186 - Connection restablished
2025-06-24 16:59:08,204 [INFO] WebApp:189 - Connection lost
2025-06-24 16:59:08,572 [INFO] WebApp:186 - Connection restablished
2025-06-24 16:59:13,170 [INFO] WebApp:189 - Connection lost
2025-06-24 16:59:13,348 [INFO] WebApp:186 - Connection restablished
2025-06-24 17:14:15,842 [INFO] WebApp:189 - Connection lost
2025-06-24 17:14:16,224 [INFO] WebApp:186 - Connection restablished
2025-06-24 17:22:57,207 [INFO] WebApp:189 - Connection lost
2025-06-24 17:22:57,626 [INFO] WebApp:186 - Connection restablished
2025-06-24 17:38:24,025 [INFO] WebApp:189 - Connection lost
2025-06-24 17:38:24,422 [INFO] WebApp:186 - Connection restablished
2025-06-24 18:04:21,593 [INFO] WebApp:189 - Connection lost
2025-06-24 18:04:22,048 [INFO] WebApp:186 - Connection restablished
2025-06-24 18:33:28,228 [INFO] WebApp:189 - Connection lost
2025-06-24 18:33:28,682 [INFO] WebApp:186 - Connection restablished
2025-06-24 19:01:21,677 [INFO] WebApp:189 - Connection lost
2025-06-24 19:01:22,172 [INFO] WebApp:186 - Connection restablished
2025-06-24 19:09:46,544 [INFO] WebApp:189 - Connection lost
2025-06-24 19:09:46,842 [INFO] WebApp:186 - Connection restablished
2025-06-24 19:13:21,689 [INFO] WebApp:189 - Connection lost
2025-06-24 19:13:22,066 [INFO] WebApp:186 - Connection restablished
2025-06-24 19:16:54,365 [INFO] WebApp:189 - Connection lost
2025-06-24 19:16:54,747 [INFO] WebApp:186 - Connection restablished
2025-06-24 19:25:12,735 [INFO] WebApp:189 - Connection lost
2025-06-24 19:25:13,207 [INFO] WebApp:186 - Connection restablished
2025-06-24 19:34:46,735 [INFO] McuFinderGlobals:63 - Set McuFinder mode to 2 (CubeIDE integrated)
2025-06-24 19:34:48,758 [INFO] MainUpdater:2873 - connection check result : 10
2025-06-24 19:34:48,760 [INFO] MainUpdater:2873 - connection check result : 10
2025-06-24 19:34:49,798 [INFO] RulesReader:64 - Compatibility file has been processed (297 Rules)
2025-06-24 19:34:49,815 [INFO] RulesReader:64 - Compatibility file has been processed (297 Rules)
2025-06-24 19:34:49,827 [INFO] MicroXplorer:468 - Change Database Path : 
2025-06-24 19:34:49,828 [INFO] MicroXplorer:498 - Change Database Version : DB.6.0.121
2025-06-24 19:34:49,839 [WARN] ThirdParty:871 - waiting for thirdparty lock release [close project]
2025-06-24 19:34:49,840 [INFO] ThirdParty:873 - entering critical section [close project]
2025-06-24 19:34:49,849 [INFO] ThirdParty:883 - exiting critical section [close project]
2025-06-24 19:34:49,857 [INFO] PinOutPanel:1561 - setPackage(No Configuration,No Configuration)
2025-06-24 19:34:49,867 [INFO] UtilMem:75 - Begin LoadConfig() Used Memory: 571303384 Bytes (1073741824)
2025-06-24 19:34:49,872 [INFO] MicroXplorer:468 - Change Database Path : 
2025-06-24 19:34:49,872 [INFO] MicroXplorer:498 - Change Database Version : DB.6.0.121
2025-06-24 19:34:49,873 [INFO] OpenFileManager:332 - Change cursor
2025-06-24 19:34:50,013 [INFO] Mcu:2032 - Initializing MCU STM32F103C(8-B)Tx STM32F103C8Tx STM32F103C8T6TR
2025-06-24 19:34:51,537 [INFO] Context:742 - Trying to add GPIOservice into a context  which must be forbidden
2025-06-24 19:34:53,027 [INFO] RtosManager:555 - Registered RTOS mode: class=CMSIS, group=RTOS, mode=CMSIS_V1, owner=FREERTOS
2025-06-24 19:34:53,032 [INFO] RtosManager:555 - Registered RTOS mode: class=CMSIS, group=RTOS2, mode=CMSIS_V2, owner=FREERTOS
2025-06-24 19:34:53,032 [INFO] RtosManager:555 - Registered RTOS mode: class=RTOS, group=Core, mode=CMSIS_V1, owner=FREERTOS
2025-06-24 19:34:53,032 [INFO] RtosManager:555 - Registered RTOS mode: class=RTOS, group=Core, mode=CMSIS_V2, owner=FREERTOS
2025-06-24 19:34:53,033 [WARN] ModelIntegratedComponent:184 - Missing modes for component STMicroelectronics:FreeRTOS:0.0.1:STMicroelectronics:RTOS:FreeRTOS:Core:::10.2.0:
2025-06-24 19:34:53,057 [WARN] ModelIntegratedComponent:63 - No mode defined for component null
2025-06-24 19:34:53,057 [WARN] ModelIntegratedComponent:63 - No mode defined for component null
2025-06-24 19:34:53,057 [WARN] ModelIntegratedComponent:63 - No mode defined for component null
2025-06-24 19:34:53,057 [WARN] ModelIntegratedComponent:63 - No mode defined for component null
2025-06-24 19:34:53,057 [WARN] ModelIntegratedComponent:63 - No mode defined for component null
2025-06-24 19:34:53,057 [WARN] ModelIntegratedComponent:63 - No mode defined for component null
2025-06-24 19:34:53,057 [WARN] ModelIntegratedComponent:63 - No mode defined for component null
2025-06-24 19:34:53,057 [WARN] ModelIntegratedComponent:63 - No mode defined for component null
2025-06-24 19:34:53,057 [WARN] ModelIntegratedComponent:63 - No mode defined for component null
2025-06-24 19:34:53,057 [WARN] ModelIntegratedComponent:63 - No mode defined for component null
2025-06-24 19:34:53,057 [WARN] ModelIntegratedComponent:63 - No mode defined for component null
2025-06-24 19:34:53,057 [WARN] ModelIntegratedComponent:63 - No mode defined for component null
2025-06-24 19:34:53,057 [WARN] ModelIntegratedComponent:63 - No mode defined for component null
2025-06-24 19:34:53,057 [WARN] ModelIntegratedComponent:63 - No mode defined for component null
2025-06-24 19:34:53,058 [WARN] ModelIntegratedComponent:63 - No mode defined for component null
2025-06-24 19:34:53,058 [WARN] ModelIntegratedComponent:63 - No mode defined for component null
2025-06-24 19:34:53,058 [WARN] ModelIntegratedComponent:63 - No mode defined for component null
2025-06-24 19:34:53,058 [WARN] ModelIntegratedComponent:63 - No mode defined for component null
2025-06-24 19:34:53,058 [WARN] ModelIntegratedComponent:63 - No mode defined for component null
2025-06-24 19:34:53,058 [WARN] ModelIntegratedComponent:63 - No mode defined for component null
2025-06-24 19:34:53,058 [WARN] ModelIntegratedComponent:63 - No mode defined for component null
2025-06-24 19:34:53,058 [WARN] ModelIntegratedComponent:63 - No mode defined for component null
2025-06-24 19:34:53,058 [WARN] ModelIntegratedComponent:63 - No mode defined for component null
2025-06-24 19:34:53,058 [WARN] ModelIntegratedComponent:63 - No mode defined for component null
2025-06-24 19:34:53,058 [WARN] ModelIntegratedComponent:63 - No mode defined for component null
2025-06-24 19:34:53,058 [WARN] ModelIntegratedComponent:63 - No mode defined for component null
2025-06-24 19:34:53,058 [WARN] ModelIntegratedComponent:63 - No mode defined for component null
2025-06-24 19:34:53,058 [WARN] ModelIntegratedComponent:63 - No mode defined for component null
2025-06-24 19:34:53,058 [WARN] ModelIntegratedComponent:63 - No mode defined for component null
2025-06-24 19:34:53,058 [WARN] ModelIntegratedComponent:63 - No mode defined for component null
2025-06-24 19:34:53,058 [WARN] ModelIntegratedComponent:63 - No mode defined for component null
2025-06-24 19:34:53,058 [WARN] ModelIntegratedComponent:63 - No mode defined for component null
2025-06-24 19:34:53,058 [WARN] ModelIntegratedComponent:63 - No mode defined for component null
2025-06-24 19:34:53,058 [WARN] ModelIntegratedComponent:63 - No mode defined for component null
2025-06-24 19:34:53,058 [WARN] ModelIntegratedComponent:63 - No mode defined for component null
2025-06-24 19:34:53,059 [WARN] ModelPack:524 - Component already loaded: STMicroelectronics:HAL Drivers:0.0.0:STMicroelectronics:Device:STMicro_Driver:XSPI:HAL::0.0.1:HAL_XSPI
2025-06-24 19:34:53,343 [INFO] ThirdPartyModel:298 - Start build external matchings
2025-06-24 19:34:54,118 [INFO] ThirdPartyModel:316 - End build external matchings
2025-06-24 19:34:54,238 [INFO] ImportTextPane:205 - (OptionalMessage_ERROR) IP (DMA) : Parameter (Instance) has Id (ADC1) currently not set
2025-06-24 19:34:54,239 [INFO] ImportTextPane:205 - (OptionalMessage_ERROR) IP (DMA) : Parameter (Direction) has Id (ADC1) currently not set
2025-06-24 19:34:54,239 [INFO] ImportTextPane:205 - (OptionalMessage_ERROR) IP (DMA) : Parameter (PeriphInc) has Id (ADC1) currently not set
2025-06-24 19:34:54,239 [INFO] ImportTextPane:205 - (OptionalMessage_ERROR) IP (DMA) : Parameter (MemInc) has Id (ADC1) currently not set
2025-06-24 19:34:54,240 [INFO] ImportTextPane:205 - (OptionalMessage_ERROR) IP (DMA) : Parameter (PeriphDataAlignment) has Id (ADC1) currently not set
2025-06-24 19:34:54,240 [INFO] ImportTextPane:205 - (OptionalMessage_ERROR) IP (DMA) : Parameter (MemDataAlignment) has Id (ADC1) currently not set
2025-06-24 19:34:54,240 [INFO] ImportTextPane:205 - (OptionalMessage_ERROR) IP (DMA) : Parameter (Mode) has Id (ADC1) currently not set
2025-06-24 19:34:54,240 [INFO] ImportTextPane:205 - (OptionalMessage_ERROR) IP (DMA) : Parameter (Priority) has Id (ADC1) currently not set
2025-06-24 19:34:54,247 [INFO] ImportTextPane:205 - (OptionalMessage_ERROR) IP (RCC) : Invalid parameter (FamilyName)
2025-06-24 19:34:54,249 [INFO] ImportTextPane:205 - (OptionalMessage_ERROR) IP (RCC) : Parameter (USBFreq_Value) has invalid value (16000000)
2025-06-24 19:34:56,227 [INFO] ApiDb:581 - Connected to CubeFinder SQLite database (/Users/apple/.stmcufinder/plugins/mcufinder/mcu/cube-finder-db.db)
2025-06-24 19:34:56,300 [INFO] ApiDb:668 - CubeFinder database Data Model version=2.1
2025-06-24 19:34:56,300 [INFO] ApiDb:669 - CubeFinder database Configuration version=3.0.39
2025-06-24 19:34:56,307 [INFO] ApiDb:670 - CubeFinder database generation date=2025-04-23 (1745419778)
2025-06-24 19:34:56,307 [INFO] ApiDb:671 - CubeFinder database FW Pack versions=[FP-ATR-ASTRA1_V2.0.0, FP-SNS-FLIGHT1_V5.1.0, FP-SNS-MOTENV1_V5.0.0, FP-SNS-MOTENVWB1_V1.4.0, FP-SNS-SMARTAG2_V1.2.0, FP-SNS-STBOX1_V2.0.0, STM32Cube_FW_C0_V1.4.0, STM32Cube_FW_F4_V1.28.1, STM32Cube_FW_F7_V1.17.2, STM32Cube_FW_G0_V1.6.2, STM32Cube_FW_G4_V1.6.1, STM32Cube_FW_H5_V1.5.0, STM32Cube_FW_H7RS_V1.2.0, STM32Cube_FW_H7_V1.12.1, STM32Cube_FW_L0_V1.12.2, STM32Cube_FW_L4_V1.18.1, STM32Cube_FW_L5_V1.5.1, STM32Cube_FW_N6_V1.1.1, STM32Cube_FW_U0_V1.2.0, STM32Cube_FW_U3_V1.1.0, STM32Cube_FW_U5_V1.7.0, STM32Cube_FW_WB0_V1.2.0, STM32Cube_FW_WBA_V1.6.0, STM32Cube_FW_WB_V1.22.0, STM32Cube_FW_WL3_V1.1.0, STM32Cube_FW_WL_V1.3.1, X-CUBE-ALGOBUILD_V1.4.0, X-CUBE-ALS_V1.0.2, X-CUBE-AZRTOS-F4_V1.1.0, X-CUBE-AZRTOS-F7_V1.1.0, X-CUBE-AZRTOS-G0_V1.1.0, X-CUBE-AZRTOS-G4_V2.0.0, X-CUBE-AZRTOS-H7RS_V1.1.0, X-CUBE-AZRTOS-H7_V3.3.0, X-CUBE-AZRTOS-L4_V2.0.0, X-CUBE-AZRTOS-L5_V2.0.0, X-CUBE-AZRTOS-WB_V2.0.0, X-CUBE-AZRTOS-WL_V2.0.0, X-CUBE-BLE1_V7.1.0, X-CUBE-BLE2_V3.3.0, X-CUBE-BLEMGR_V4.0.0, X-CUBE-EEPRMA1_V5.1.0, X-CUBE-FREERTOS_V1.3.0, X-CUBE-GNSS1_V6.0.0, X-CUBE-MEMS1_V11.2.0, X-CUBE-NFC4_V3.0.0, X-CUBE-NFC7_V1.0.1, X-CUBE-SFXS2LP1_V4.0.0, X-CUBE-SUBG2_V5.0.0, X-CUBE-TOF1_V3.4.3]
2025-06-24 19:34:56,408 [INFO] DbBoardsSqlite:226 - include board P-NUCLEO-WB55-NUCLEO as a kit item of type 'Nucleo-64'
2025-06-24 19:34:56,411 [INFO] DbBoardsSqlite:226 - include board P-NUCLEO-WB55-USBDONGLE as a kit item of type 'Nucleo USB Dongle'
2025-06-24 19:34:56,412 [INFO] DbBoardsSqlite:226 - include board STEVAL-IDP005V1 as a kit item of type 'Evaluation Board'
2025-06-24 19:34:56,412 [INFO] DbBoardsSqlite:226 - include board STEVAL-IDP005V2 as a kit item of type 'Evaluation Board'
2025-06-24 19:34:56,566 [INFO] ApiDb:240 - Found 646 in-development CPN: [B-G473E-ZEST1S, B-WB1M-WPAN1, B-WL5M-SUBG1, NUCLEO-C031C6, NUCLEO-C071RB, NUCLEO-H503RB, NUCLEO-H533RE, NUCLEO-H563ZI, NUCLEO-H7S3L8, NUCLEO-U031R8, NUCLEO-U083RC, NUCLEO-U545RE-Q, NUCLEO-U5A5ZJ-Q, NUCLEO-WB05KZ, NUCLEO-WB07CC, NUCLEO-WB09KE, NUCLEO-WBA52CG, NUCLEO-WBA55CG, STEVAL-PROTEUS1, STEVAL-SMARTAG2, STEVAL-STWINBX1, STM320518-EVAL, STM32C0116-DK, STM32C011D6Y3TR, STM32C011D6Y6TR, STM32C011F4P3, STM32C011F4P6, STM32C011F4U3, STM32C011F4U6TR, STM32C011F6P3, STM32C011F6P6, STM32C011F6U3, STM32C011F6U6TR, STM32C011J4M3, STM32C011J4M6, STM32C011J6M3, STM32C011J6M6, STM32C0316-DK, STM32C031C4T3, STM32C031C4T6, STM32C031C4U3, STM32C031C4U6, STM32C031C6T3, STM32C031C6T6, STM32C031C6U3, STM32C031C6U6, STM32C031F4P3, STM32C031F4P6, STM32C031F6P3, STM32C031F6P6, STM32C031G4U3, STM32C031G4U6, STM32C031G6U3, STM32C031G6U6, STM32C031K4T3, STM32C031K4T6, STM32C031K4U3, STM32C031K4U6, STM32C031K6T3, STM32C031K6T6, STM32C031K6U3, STM32C031K6U6, STM32C071C8T6, STM32C071C8T6N, STM32C071C8U6, STM32C071C8U6N, STM32C071CBT6, STM32C071CBT6N, STM32C071CBU6, STM32C071CBU6N, STM32C071F8P6, STM32C071F8P6N, STM32C071FBP6, STM32C071FBP6N, STM32C071FBY6TR, STM32C071G8U6, STM32C071G8U6N, STM32C071GBU6, STM32C071GBU6N, STM32C071K8T6, STM32C071K8T6N, STM32C071K8U6, STM32C071K8U6N, STM32C071KBT6, STM32C071KBT6N, STM32C071KBU6, STM32C071KBU6N, STM32C071R8T6, STM32C071R8T6N, STM32C071RBI6N, STM32C071RBT6, STM32C071RBT6N, STM32G071K8TXN, STM32G071K8UXN, STM32G081GBU6N, STM32G081KBT6N, STM32G081KBUXN, STM32G0B1CCT6N, STM32G0B1KCT6, STM32G0B1NEY6TR, STM32G0B1RCT6N, STM32G0C1CCT6, STM32G0C1CCT6N, STM32G0C1CCU6N, STM32G0C1CET6N, STM32G0C1CEU6N, STM32G0C1KCT6, STM32G0C1NEY6TR, STM32G0C1RCI6N, STM32G0C1RCT6N, STM32G0C1REI6N, STM32G0C1RET6N, STM32G0C1VCI6, STM32G0C1VEI6, STM32G411C6T3, STM32G411C6T6, STM32G411C6U3, STM32G411C6U6, STM32G411C8T3, STM32G411C8T6, STM32G411C8U3, STM32G411C8U6, STM32G411CBT3, STM32G411CBT6, STM32G411CBU3, STM32G411CBU6, STM32G411K6T3, STM32G411K6T6, STM32G411K6U3, STM32G411K6U6, STM32G411K8T3, STM32G411K8T6, STM32G411K8U3, STM32G411K8U6, STM32G411KBT3, STM32G411KBT6, STM32G411KBU3, STM32G411KBU6, STM32G411M6T3, STM32G411M6T6, STM32G411M8T3, STM32G411M8T6, STM32G411MBT3, STM32G411MBT6, STM32G411R6T3, STM32G411R6T6, STM32G411R8T3, STM32G411R8T6, STM32G411RBT3, STM32G411RBT6, STM32G414CBT3, STM32G414CBT6, STM32G414CBU3, STM32G414CBU6, STM32G414CCT3, STM32G414CCT6, STM32G414CCU3, STM32G414CCU6, STM32G414MBT3, STM32G414MBT6, STM32G414MCT3, STM32G414MCT6, STM32G414RBT3, STM32G414RBT6, STM32G414RCT3, STM32G414RCT6, STM32G414VBT3, STM32G414VBT6, STM32G414VCT3, STM32G414VCT6, STM32G431CBT3Z, STM32G431RBT3Z, STM32G471CCT6, STM32G471CCU6, STM32G471CET3, STM32G471CET6, STM32G471CEU3, STM32G471CEU6, STM32G471MCT6, STM32G471MET3, STM32G471MET6, STM32G471MEY6TR, STM32G471QCT6, STM32G471QET3, STM32G471RCT6, STM32G471RET3, STM32G471RET6, STM32G471VCH6, STM32G471VCI6, STM32G471VCT6, STM32G471VEH3, STM32G471VEH6, STM32G471VEI3, STM32G471VEI6, STM32G471VET3, STM32G471VET6, STM32G473QET3Z, STM32G473RET3Z, STM32G474CCT6, STM32G491RET3Z, STM32H503CBT6, STM32H503CBU6, STM32H503EBY6TR, STM32H503KBU6, STM32H503RBT6, STM32H523CCT6, STM32H523CCU6, STM32H523CET6, STM32H523CEU6, STM32H523HEY6TR, STM32H523RCT6, STM32H523RET6, STM32H523VCI6, STM32H523VCT6, STM32H523VEI6, STM32H523VET6, STM32H523ZCJ6, STM32H523ZCT6, STM32H523ZEJ6, STM32H523ZET6, STM32H533CET6, STM32H533CEU6, STM32H533HEY6TR, STM32H533RET6, STM32H533VEI6, STM32H533VET6, STM32H533ZEJ6, STM32H533ZET6, STM32H562AGI6, STM32H562AII6, STM32H562IGK6, STM32H562IGT6, STM32H562IIK6, STM32H562IIT6, STM32H562RGT6, STM32H562RGV6, STM32H562RIT6, STM32H562RIV6, STM32H562VGT6, STM32H562VIT6, STM32H562ZGT6, STM32H562ZIT6, STM32H563AGI6, STM32H563AII3Q, STM32H563AII6, STM32H563IGK6, STM32H563IGT6, STM32H563IIK3Q, STM32H563IIK6, STM32H563IIT3Q, STM32H563IIT6, STM32H563MIY3QTR, STM32H563RGT6, STM32H563RGV6, STM32H563RIT6, STM32H563RIV6, STM32H563VGT6, STM32H563VIT3Q, STM32H563VIT6, STM32H563ZGT6, STM32H563ZIT3Q, STM32H563ZIT6, STM32H573AII3Q, STM32H573AII6, STM32H573I-DK, STM32H573IIK3Q, STM32H573IIK6, STM32H573IIT3Q, STM32H573IIT6, STM32H573MIY3QTR, STM32H573RIT6, STM32H573RIV6, STM32H573VIT3Q, STM32H573VIT6, STM32H573ZIT3Q, STM32H573ZIT6, STM32H7R3A8I6, STM32H7R3I8K6, STM32H7R3I8T6, STM32H7R3L8H6, STM32H7R3L8H6H, STM32H7R3R8V6, STM32H7R3V8H6, STM32H7R3V8T6, STM32H7R3V8Y6TR, STM32H7R3Z8J6, STM32H7R3Z8T6, STM32H7R7A8I6, STM32H7R7I8K6, STM32H7R7I8T6, STM32H7R7L8H6, STM32H7R7L8H6H, STM32H7R7Z8J6, STM32H7S3A8I6, STM32H7S3I8K6, STM32H7S3I8T6, STM32H7S3L8H6, STM32H7S3L8H6H, STM32H7S3R8V6, STM32H7S3V8H6, STM32H7S3V8T6, STM32H7S3V8Y6TR, STM32H7S3Z8J6, STM32H7S3Z8T6, STM32H7S78-DK, STM32H7S7A8I6, STM32H7S7I8K6, STM32H7S7I8T6, STM32H7S7L8H6, STM32H7S7L8H6H, STM32H7S7Z8J6, STM32L4R5QGI6STR, STM32MP131AAE3, STM32MP131AAF3, STM32MP131AAG3, STM32MP131CAE3, STM32MP131CAF3, STM32MP131CAG3, STM32MP131DAE7, STM32MP131DAF7, STM32MP131DAG7, STM32MP131FAE7, STM32MP131FAF7, STM32MP131FAG7, STM32MP133AAE3, STM32MP133AAF3, STM32MP133AAG3, STM32MP133CAE3, STM32MP133CAF3, STM32MP133CAG3, STM32MP133DAE7, STM32MP133DAF7, STM32MP133DAG7, STM32MP133FAE7, STM32MP133FAF7, STM32MP133FAG7, STM32MP135AAE3, STM32MP135AAF3, STM32MP135AAG3, STM32MP135CAE3, STM32MP135CAF3, STM32MP135CAG3, STM32MP135DAE7, STM32MP135DAF7, STM32MP135DAG7, STM32MP135F-DK, STM32MP135FAE7, STM32MP135FAF7, STM32MP135FAF7T, STM32MP135FAF7U, STM32MP135FAG7, STM32MP251AAI3, STM32MP251AAK3, STM32MP251AAL3, STM32MP251CAI3, STM32MP251CAK3, STM32MP251CAL3, STM32MP251DAI3, STM32MP251DAK3, STM32MP251DAL3, STM32MP251FAI3, STM32MP251FAK3, STM32MP251FAL3, STM32MP253AAI3, STM32MP253AAK3, STM32MP253AAL3, STM32MP253CAI3, STM32MP253CAK3, STM32MP253CAL3, STM32MP253DAI3, STM32MP253DAK3, STM32MP253DAL3, STM32MP253FAI3, STM32MP253FAK3, STM32MP253FAL3, STM32MP255AAI3, STM32MP255AAK3, STM32MP255AAL3, STM32MP255CAI3, STM32MP255CAK3, STM32MP255CAL3, STM32MP255DAI3, STM32MP255DAK3, STM32MP255DAL3, STM32MP255FAI3, STM32MP255FAK3, STM32MP255FAL3, STM32MP257AAI3, STM32MP257AAK3, STM32MP257AAL3, STM32MP257CAI3, STM32MP257CAK3, STM32MP257CAL3, STM32MP257DAI3, STM32MP257DAK3, STM32MP257DAL3, STM32MP257F-DK, STM32MP257F-EV1, STM32MP257FAI3, STM32MP257FAK3, STM32MP257FAL3, STM32U031C6T6, STM32U031C6U6, STM32U031C8T6, STM32U031C8U6, STM32U031F4P6, STM32U031F6P6, STM32U031F8P6, STM32U031G6Y6TR, STM32U031G8Y6TR, STM32U031K4U6, STM32U031K6U6, STM32U031K8U6, STM32U031R6I6, STM32U031R6T6, STM32U031R8I6, STM32U031R8T6, STM32U073C8T6, STM32U073C8U6, STM32U073CBT6, STM32U073CBU6, STM32U073CCT6, STM32U073CCU6, STM32U073H8Y6TR, STM32U073HBY6TR, STM32U073HCY6TR, STM32U073K8U6, STM32U073KBU6, STM32U073KCU6, STM32U073M8I6, STM32U073M8T6, STM32U073MBI6, STM32U073MBT6, STM32U073MCI6, STM32U073MCT6, STM32U073R8I6, STM32U073R8T6, STM32U073RBI6, STM32U073RBT6, STM32U073RCI6, STM32U073RCT6, STM32U083C-DK, STM32U083CCT6, STM32U083CCU6, STM32U083HCY6TR, STM32U083KCU6, STM32U083MCI6, STM32U083MCT6, STM32U083RCI6, STM32U083RCT6, STM32U535CBT6, STM32U535CBT6Q, STM32U535CBU6, STM32U535CBU6Q, STM32U535CCT6, STM32U535CCT6Q, STM32U535CCU6, STM32U535CCU6Q, STM32U535CET6, STM32U535CET6Q, STM32U535CEU6, STM32U535CEU6Q, STM32U535JEY6QTR, STM32U535NCY6QTR, STM32U535NEY6QTR, STM32U535RBI6, STM32U535RBI6Q, STM32U535RBT6, STM32U535RBT6Q, STM32U535RCI6, STM32U535RCI6Q, STM32U535RCT6, STM32U535RCT6Q, STM32U535REI6, STM32U535REI6Q, STM32U535RET6, STM32U535RET6Q, STM32U535VCI6, STM32U535VCI6Q, STM32U535VCT6, STM32U535VCT6Q, STM32U535VEI6, STM32U535VEI6Q, STM32U535VET6, STM32U535VET6Q, STM32U545CET6, STM32U545CET6Q, STM32U545CEU6, STM32U545CEU6Q, STM32U545JEY6QTR, STM32U545NEY6QTR, STM32U545REI6, STM32U545REI6Q, STM32U545RET6, STM32U545RET6Q, STM32U545VEI6, STM32U545VEI6Q, STM32U545VET6, STM32U545VET6Q, STM32U595AIH6, STM32U595AIH6Q, STM32U595AJH6, STM32U595AJH6Q, STM32U595QII6, STM32U595QII6Q, STM32U595QJI6, STM32U595QJI6Q, STM32U595RIT6, STM32U595RIT6Q, STM32U595RJT6, STM32U595RJT6Q, STM32U595VIT6, STM32U595VIT6Q, STM32U595VJT6, STM32U595VJT6Q, STM32U595ZIT6, STM32U595ZIT6Q, STM32U595ZIY6QTR, STM32U595ZJT6, STM32U595ZJT6Q, STM32U595ZJY6QTR, STM32U599BJY6QTR, STM32U599NIH6Q, STM32U599NJH6Q, STM32U599VIT6Q, STM32U599VJT6, STM32U599VJT6Q, STM32U599ZIT6Q, STM32U599ZIY6QTR, STM32U599ZJT6Q, STM32U599ZJY6QTR, STM32U5A5AJH6, STM32U5A5AJH6Q, STM32U5A5QII3Q , STM32U5A5QJI6, STM32U5A5QJI6Q, STM32U5A5RJT6, STM32U5A5RJT6Q, STM32U5A5VJT6, STM32U5A5VJT6Q, STM32U5A5ZJT6, STM32U5A5ZJT6Q, STM32U5A5ZJY6QTR, STM32U5A9BJY6QTR, STM32U5A9J-DK, STM32U5A9NJH6Q, STM32U5A9VJT6Q, STM32U5A9ZJT6Q, STM32U5A9ZJY6QTR, STM32U5F7VIT6, STM32U5F7VIT6Q, STM32U5F7VJT6, STM32U5F7VJT6Q, STM32U5F9BJY6QTR, STM32U5F9NJH6Q, STM32U5F9VIT6Q, STM32U5F9VJT6Q, STM32U5F9ZIJ6QTR, STM32U5F9ZIT6Q, STM32U5F9ZJJ6QTR, STM32U5F9ZJT6Q, STM32U5G7VJT6, STM32U5G7VJT6Q, STM32U5G9BJY6QTR, STM32U5G9J-DK1, STM32U5G9J-DK2, STM32U5G9NJH6Q, STM32U5G9VJT6Q, STM32U5G9ZJJ6QTR, STM32U5G9ZJT6Q, STM32WB05KZV6TR, STM32WB05KZV7TR, STM32WB05TZF6TR, STM32WB05TZF7TR, STM32WB06CCF6TR, STM32WB06CCF7TR, STM32WB06CCV6TR, STM32WB06CCV7TR, STM32WB06KCV6TR, STM32WB06KCV7TR, STM32WB07CCF6TR, STM32WB07CCF7TR, STM32WB07CCV6TR, STM32WB07CCV7TR, STM32WB07KCV6TR, STM32WB07KCV7TR, STM32WB09KEV6TR, STM32WB09KEV7TR, STM32WB09TEF6TR, STM32WB09TEF7TR, STM32WB1MMCH6, STM32WBA50KGU6, STM32WBA50KGU6TR, STM32WBA52CEU6, STM32WBA52CEU6TR, STM32WBA52CEU7, STM32WBA52CEU7TR, STM32WBA52CGU6, STM32WBA52CGU6TR, STM32WBA52CGU6U, STM32WBA52CGU7, STM32WBA52CGU7TR, STM32WBA52KEU6, STM32WBA52KEU6TR, STM32WBA52KGU6, STM32WBA52KGU6TR, STM32WBA54CEU6, STM32WBA54CEU6TR, STM32WBA54CEU7, STM32WBA54CEU7TR, STM32WBA54CGU6, STM32WBA54CGU6TR, STM32WBA54CGU7, STM32WBA54CGU7TR, STM32WBA54KEU6, STM32WBA54KEU6TR, STM32WBA54KEU7, STM32WBA54KEU7TR, STM32WBA54KGU6, STM32WBA54KGU6TR, STM32WBA54KGU7, STM32WBA54KGU7TR, STM32WBA55CEU6, STM32WBA55CEU6TR, STM32WBA55CEU7, STM32WBA55CEU7TR, STM32WBA55CGU6, STM32WBA55CGU6TR, STM32WBA55CGU6U, STM32WBA55CGU7, STM32WBA55CGU7TR, STM32WBA55G-DK1, STM32WBA55HEF6, STM32WBA55HEF7, STM32WBA55HGF6, STM32WBA55HGF7, STM32WBA55UEI6, STM32WBA55UEI6TR, STM32WBA55UEI7, STM32WBA55UEI7TR, STM32WBA55UGI6, STM32WBA55UGI6TR, STM32WBA55UGI7, STM32WBA55UGI7TR, STM32WL5MOCH6, STM32WL5MOCH6TR]
2025-06-24 19:34:56,571 [INFO] ApiDb:668 - CubeFinder database Data Model version=2.1
2025-06-24 19:34:56,571 [INFO] ApiDb:669 - CubeFinder database Configuration version=3.0.39
2025-06-24 19:34:56,571 [INFO] ApiDb:670 - CubeFinder database generation date=2025-04-23 (1745419778)
2025-06-24 19:34:56,571 [INFO] ApiDb:671 - CubeFinder database FW Pack versions=[FP-ATR-ASTRA1_V2.0.0, FP-SNS-FLIGHT1_V5.1.0, FP-SNS-MOTENV1_V5.0.0, FP-SNS-MOTENVWB1_V1.4.0, FP-SNS-SMARTAG2_V1.2.0, FP-SNS-STBOX1_V2.0.0, STM32Cube_FW_C0_V1.4.0, STM32Cube_FW_F4_V1.28.1, STM32Cube_FW_F7_V1.17.2, STM32Cube_FW_G0_V1.6.2, STM32Cube_FW_G4_V1.6.1, STM32Cube_FW_H5_V1.5.0, STM32Cube_FW_H7RS_V1.2.0, STM32Cube_FW_H7_V1.12.1, STM32Cube_FW_L0_V1.12.2, STM32Cube_FW_L4_V1.18.1, STM32Cube_FW_L5_V1.5.1, STM32Cube_FW_N6_V1.1.1, STM32Cube_FW_U0_V1.2.0, STM32Cube_FW_U3_V1.1.0, STM32Cube_FW_U5_V1.7.0, STM32Cube_FW_WB0_V1.2.0, STM32Cube_FW_WBA_V1.6.0, STM32Cube_FW_WB_V1.22.0, STM32Cube_FW_WL3_V1.1.0, STM32Cube_FW_WL_V1.3.1, X-CUBE-ALGOBUILD_V1.4.0, X-CUBE-ALS_V1.0.2, X-CUBE-AZRTOS-F4_V1.1.0, X-CUBE-AZRTOS-F7_V1.1.0, X-CUBE-AZRTOS-G0_V1.1.0, X-CUBE-AZRTOS-G4_V2.0.0, X-CUBE-AZRTOS-H7RS_V1.1.0, X-CUBE-AZRTOS-H7_V3.3.0, X-CUBE-AZRTOS-L4_V2.0.0, X-CUBE-AZRTOS-L5_V2.0.0, X-CUBE-AZRTOS-WB_V2.0.0, X-CUBE-AZRTOS-WL_V2.0.0, X-CUBE-BLE1_V7.1.0, X-CUBE-BLE2_V3.3.0, X-CUBE-BLEMGR_V4.0.0, X-CUBE-EEPRMA1_V5.1.0, X-CUBE-FREERTOS_V1.3.0, X-CUBE-GNSS1_V6.0.0, X-CUBE-MEMS1_V11.2.0, X-CUBE-NFC4_V3.0.0, X-CUBE-NFC7_V1.0.1, X-CUBE-SFXS2LP1_V4.0.0, X-CUBE-SUBG2_V5.0.0, X-CUBE-TOF1_V3.4.3]
2025-06-24 19:34:58,067 [INFO] ApiDb:240 - Found 646 in-development CPN: [B-G473E-ZEST1S, B-WB1M-WPAN1, B-WL5M-SUBG1, NUCLEO-C031C6, NUCLEO-C071RB, NUCLEO-H503RB, NUCLEO-H533RE, NUCLEO-H563ZI, NUCLEO-H7S3L8, NUCLEO-U031R8, NUCLEO-U083RC, NUCLEO-U545RE-Q, NUCLEO-U5A5ZJ-Q, NUCLEO-WB05KZ, NUCLEO-WB07CC, NUCLEO-WB09KE, NUCLEO-WBA52CG, NUCLEO-WBA55CG, STEVAL-PROTEUS1, STEVAL-SMARTAG2, STEVAL-STWINBX1, STM320518-EVAL, STM32C0116-DK, STM32C011D6Y3TR, STM32C011D6Y6TR, STM32C011F4P3, STM32C011F4P6, STM32C011F4U3, STM32C011F4U6TR, STM32C011F6P3, STM32C011F6P6, STM32C011F6U3, STM32C011F6U6TR, STM32C011J4M3, STM32C011J4M6, STM32C011J6M3, STM32C011J6M6, STM32C0316-DK, STM32C031C4T3, STM32C031C4T6, STM32C031C4U3, STM32C031C4U6, STM32C031C6T3, STM32C031C6T6, STM32C031C6U3, STM32C031C6U6, STM32C031F4P3, STM32C031F4P6, STM32C031F6P3, STM32C031F6P6, STM32C031G4U3, STM32C031G4U6, STM32C031G6U3, STM32C031G6U6, STM32C031K4T3, STM32C031K4T6, STM32C031K4U3, STM32C031K4U6, STM32C031K6T3, STM32C031K6T6, STM32C031K6U3, STM32C031K6U6, STM32C071C8T6, STM32C071C8T6N, STM32C071C8U6, STM32C071C8U6N, STM32C071CBT6, STM32C071CBT6N, STM32C071CBU6, STM32C071CBU6N, STM32C071F8P6, STM32C071F8P6N, STM32C071FBP6, STM32C071FBP6N, STM32C071FBY6TR, STM32C071G8U6, STM32C071G8U6N, STM32C071GBU6, STM32C071GBU6N, STM32C071K8T6, STM32C071K8T6N, STM32C071K8U6, STM32C071K8U6N, STM32C071KBT6, STM32C071KBT6N, STM32C071KBU6, STM32C071KBU6N, STM32C071R8T6, STM32C071R8T6N, STM32C071RBI6N, STM32C071RBT6, STM32C071RBT6N, STM32G071K8TXN, STM32G071K8UXN, STM32G081GBU6N, STM32G081KBT6N, STM32G081KBUXN, STM32G0B1CCT6N, STM32G0B1KCT6, STM32G0B1NEY6TR, STM32G0B1RCT6N, STM32G0C1CCT6, STM32G0C1CCT6N, STM32G0C1CCU6N, STM32G0C1CET6N, STM32G0C1CEU6N, STM32G0C1KCT6, STM32G0C1NEY6TR, STM32G0C1RCI6N, STM32G0C1RCT6N, STM32G0C1REI6N, STM32G0C1RET6N, STM32G0C1VCI6, STM32G0C1VEI6, STM32G411C6T3, STM32G411C6T6, STM32G411C6U3, STM32G411C6U6, STM32G411C8T3, STM32G411C8T6, STM32G411C8U3, STM32G411C8U6, STM32G411CBT3, STM32G411CBT6, STM32G411CBU3, STM32G411CBU6, STM32G411K6T3, STM32G411K6T6, STM32G411K6U3, STM32G411K6U6, STM32G411K8T3, STM32G411K8T6, STM32G411K8U3, STM32G411K8U6, STM32G411KBT3, STM32G411KBT6, STM32G411KBU3, STM32G411KBU6, STM32G411M6T3, STM32G411M6T6, STM32G411M8T3, STM32G411M8T6, STM32G411MBT3, STM32G411MBT6, STM32G411R6T3, STM32G411R6T6, STM32G411R8T3, STM32G411R8T6, STM32G411RBT3, STM32G411RBT6, STM32G414CBT3, STM32G414CBT6, STM32G414CBU3, STM32G414CBU6, STM32G414CCT3, STM32G414CCT6, STM32G414CCU3, STM32G414CCU6, STM32G414MBT3, STM32G414MBT6, STM32G414MCT3, STM32G414MCT6, STM32G414RBT3, STM32G414RBT6, STM32G414RCT3, STM32G414RCT6, STM32G414VBT3, STM32G414VBT6, STM32G414VCT3, STM32G414VCT6, STM32G431CBT3Z, STM32G431RBT3Z, STM32G471CCT6, STM32G471CCU6, STM32G471CET3, STM32G471CET6, STM32G471CEU3, STM32G471CEU6, STM32G471MCT6, STM32G471MET3, STM32G471MET6, STM32G471MEY6TR, STM32G471QCT6, STM32G471QET3, STM32G471RCT6, STM32G471RET3, STM32G471RET6, STM32G471VCH6, STM32G471VCI6, STM32G471VCT6, STM32G471VEH3, STM32G471VEH6, STM32G471VEI3, STM32G471VEI6, STM32G471VET3, STM32G471VET6, STM32G473QET3Z, STM32G473RET3Z, STM32G474CCT6, STM32G491RET3Z, STM32H503CBT6, STM32H503CBU6, STM32H503EBY6TR, STM32H503KBU6, STM32H503RBT6, STM32H523CCT6, STM32H523CCU6, STM32H523CET6, STM32H523CEU6, STM32H523HEY6TR, STM32H523RCT6, STM32H523RET6, STM32H523VCI6, STM32H523VCT6, STM32H523VEI6, STM32H523VET6, STM32H523ZCJ6, STM32H523ZCT6, STM32H523ZEJ6, STM32H523ZET6, STM32H533CET6, STM32H533CEU6, STM32H533HEY6TR, STM32H533RET6, STM32H533VEI6, STM32H533VET6, STM32H533ZEJ6, STM32H533ZET6, STM32H562AGI6, STM32H562AII6, STM32H562IGK6, STM32H562IGT6, STM32H562IIK6, STM32H562IIT6, STM32H562RGT6, STM32H562RGV6, STM32H562RIT6, STM32H562RIV6, STM32H562VGT6, STM32H562VIT6, STM32H562ZGT6, STM32H562ZIT6, STM32H563AGI6, STM32H563AII3Q, STM32H563AII6, STM32H563IGK6, STM32H563IGT6, STM32H563IIK3Q, STM32H563IIK6, STM32H563IIT3Q, STM32H563IIT6, STM32H563MIY3QTR, STM32H563RGT6, STM32H563RGV6, STM32H563RIT6, STM32H563RIV6, STM32H563VGT6, STM32H563VIT3Q, STM32H563VIT6, STM32H563ZGT6, STM32H563ZIT3Q, STM32H563ZIT6, STM32H573AII3Q, STM32H573AII6, STM32H573I-DK, STM32H573IIK3Q, STM32H573IIK6, STM32H573IIT3Q, STM32H573IIT6, STM32H573MIY3QTR, STM32H573RIT6, STM32H573RIV6, STM32H573VIT3Q, STM32H573VIT6, STM32H573ZIT3Q, STM32H573ZIT6, STM32H7R3A8I6, STM32H7R3I8K6, STM32H7R3I8T6, STM32H7R3L8H6, STM32H7R3L8H6H, STM32H7R3R8V6, STM32H7R3V8H6, STM32H7R3V8T6, STM32H7R3V8Y6TR, STM32H7R3Z8J6, STM32H7R3Z8T6, STM32H7R7A8I6, STM32H7R7I8K6, STM32H7R7I8T6, STM32H7R7L8H6, STM32H7R7L8H6H, STM32H7R7Z8J6, STM32H7S3A8I6, STM32H7S3I8K6, STM32H7S3I8T6, STM32H7S3L8H6, STM32H7S3L8H6H, STM32H7S3R8V6, STM32H7S3V8H6, STM32H7S3V8T6, STM32H7S3V8Y6TR, STM32H7S3Z8J6, STM32H7S3Z8T6, STM32H7S78-DK, STM32H7S7A8I6, STM32H7S7I8K6, STM32H7S7I8T6, STM32H7S7L8H6, STM32H7S7L8H6H, STM32H7S7Z8J6, STM32L4R5QGI6STR, STM32MP131AAE3, STM32MP131AAF3, STM32MP131AAG3, STM32MP131CAE3, STM32MP131CAF3, STM32MP131CAG3, STM32MP131DAE7, STM32MP131DAF7, STM32MP131DAG7, STM32MP131FAE7, STM32MP131FAF7, STM32MP131FAG7, STM32MP133AAE3, STM32MP133AAF3, STM32MP133AAG3, STM32MP133CAE3, STM32MP133CAF3, STM32MP133CAG3, STM32MP133DAE7, STM32MP133DAF7, STM32MP133DAG7, STM32MP133FAE7, STM32MP133FAF7, STM32MP133FAG7, STM32MP135AAE3, STM32MP135AAF3, STM32MP135AAG3, STM32MP135CAE3, STM32MP135CAF3, STM32MP135CAG3, STM32MP135DAE7, STM32MP135DAF7, STM32MP135DAG7, STM32MP135F-DK, STM32MP135FAE7, STM32MP135FAF7, STM32MP135FAF7T, STM32MP135FAF7U, STM32MP135FAG7, STM32MP251AAI3, STM32MP251AAK3, STM32MP251AAL3, STM32MP251CAI3, STM32MP251CAK3, STM32MP251CAL3, STM32MP251DAI3, STM32MP251DAK3, STM32MP251DAL3, STM32MP251FAI3, STM32MP251FAK3, STM32MP251FAL3, STM32MP253AAI3, STM32MP253AAK3, STM32MP253AAL3, STM32MP253CAI3, STM32MP253CAK3, STM32MP253CAL3, STM32MP253DAI3, STM32MP253DAK3, STM32MP253DAL3, STM32MP253FAI3, STM32MP253FAK3, STM32MP253FAL3, STM32MP255AAI3, STM32MP255AAK3, STM32MP255AAL3, STM32MP255CAI3, STM32MP255CAK3, STM32MP255CAL3, STM32MP255DAI3, STM32MP255DAK3, STM32MP255DAL3, STM32MP255FAI3, STM32MP255FAK3, STM32MP255FAL3, STM32MP257AAI3, STM32MP257AAK3, STM32MP257AAL3, STM32MP257CAI3, STM32MP257CAK3, STM32MP257CAL3, STM32MP257DAI3, STM32MP257DAK3, STM32MP257DAL3, STM32MP257F-DK, STM32MP257F-EV1, STM32MP257FAI3, STM32MP257FAK3, STM32MP257FAL3, STM32U031C6T6, STM32U031C6U6, STM32U031C8T6, STM32U031C8U6, STM32U031F4P6, STM32U031F6P6, STM32U031F8P6, STM32U031G6Y6TR, STM32U031G8Y6TR, STM32U031K4U6, STM32U031K6U6, STM32U031K8U6, STM32U031R6I6, STM32U031R6T6, STM32U031R8I6, STM32U031R8T6, STM32U073C8T6, STM32U073C8U6, STM32U073CBT6, STM32U073CBU6, STM32U073CCT6, STM32U073CCU6, STM32U073H8Y6TR, STM32U073HBY6TR, STM32U073HCY6TR, STM32U073K8U6, STM32U073KBU6, STM32U073KCU6, STM32U073M8I6, STM32U073M8T6, STM32U073MBI6, STM32U073MBT6, STM32U073MCI6, STM32U073MCT6, STM32U073R8I6, STM32U073R8T6, STM32U073RBI6, STM32U073RBT6, STM32U073RCI6, STM32U073RCT6, STM32U083C-DK, STM32U083CCT6, STM32U083CCU6, STM32U083HCY6TR, STM32U083KCU6, STM32U083MCI6, STM32U083MCT6, STM32U083RCI6, STM32U083RCT6, STM32U535CBT6, STM32U535CBT6Q, STM32U535CBU6, STM32U535CBU6Q, STM32U535CCT6, STM32U535CCT6Q, STM32U535CCU6, STM32U535CCU6Q, STM32U535CET6, STM32U535CET6Q, STM32U535CEU6, STM32U535CEU6Q, STM32U535JEY6QTR, STM32U535NCY6QTR, STM32U535NEY6QTR, STM32U535RBI6, STM32U535RBI6Q, STM32U535RBT6, STM32U535RBT6Q, STM32U535RCI6, STM32U535RCI6Q, STM32U535RCT6, STM32U535RCT6Q, STM32U535REI6, STM32U535REI6Q, STM32U535RET6, STM32U535RET6Q, STM32U535VCI6, STM32U535VCI6Q, STM32U535VCT6, STM32U535VCT6Q, STM32U535VEI6, STM32U535VEI6Q, STM32U535VET6, STM32U535VET6Q, STM32U545CET6, STM32U545CET6Q, STM32U545CEU6, STM32U545CEU6Q, STM32U545JEY6QTR, STM32U545NEY6QTR, STM32U545REI6, STM32U545REI6Q, STM32U545RET6, STM32U545RET6Q, STM32U545VEI6, STM32U545VEI6Q, STM32U545VET6, STM32U545VET6Q, STM32U595AIH6, STM32U595AIH6Q, STM32U595AJH6, STM32U595AJH6Q, STM32U595QII6, STM32U595QII6Q, STM32U595QJI6, STM32U595QJI6Q, STM32U595RIT6, STM32U595RIT6Q, STM32U595RJT6, STM32U595RJT6Q, STM32U595VIT6, STM32U595VIT6Q, STM32U595VJT6, STM32U595VJT6Q, STM32U595ZIT6, STM32U595ZIT6Q, STM32U595ZIY6QTR, STM32U595ZJT6, STM32U595ZJT6Q, STM32U595ZJY6QTR, STM32U599BJY6QTR, STM32U599NIH6Q, STM32U599NJH6Q, STM32U599VIT6Q, STM32U599VJT6, STM32U599VJT6Q, STM32U599ZIT6Q, STM32U599ZIY6QTR, STM32U599ZJT6Q, STM32U599ZJY6QTR, STM32U5A5AJH6, STM32U5A5AJH6Q, STM32U5A5QII3Q , STM32U5A5QJI6, STM32U5A5QJI6Q, STM32U5A5RJT6, STM32U5A5RJT6Q, STM32U5A5VJT6, STM32U5A5VJT6Q, STM32U5A5ZJT6, STM32U5A5ZJT6Q, STM32U5A5ZJY6QTR, STM32U5A9BJY6QTR, STM32U5A9J-DK, STM32U5A9NJH6Q, STM32U5A9VJT6Q, STM32U5A9ZJT6Q, STM32U5A9ZJY6QTR, STM32U5F7VIT6, STM32U5F7VIT6Q, STM32U5F7VJT6, STM32U5F7VJT6Q, STM32U5F9BJY6QTR, STM32U5F9NJH6Q, STM32U5F9VIT6Q, STM32U5F9VJT6Q, STM32U5F9ZIJ6QTR, STM32U5F9ZIT6Q, STM32U5F9ZJJ6QTR, STM32U5F9ZJT6Q, STM32U5G7VJT6, STM32U5G7VJT6Q, STM32U5G9BJY6QTR, STM32U5G9J-DK1, STM32U5G9J-DK2, STM32U5G9NJH6Q, STM32U5G9VJT6Q, STM32U5G9ZJJ6QTR, STM32U5G9ZJT6Q, STM32WB05KZV6TR, STM32WB05KZV7TR, STM32WB05TZF6TR, STM32WB05TZF7TR, STM32WB06CCF6TR, STM32WB06CCF7TR, STM32WB06CCV6TR, STM32WB06CCV7TR, STM32WB06KCV6TR, STM32WB06KCV7TR, STM32WB07CCF6TR, STM32WB07CCF7TR, STM32WB07CCV6TR, STM32WB07CCV7TR, STM32WB07KCV6TR, STM32WB07KCV7TR, STM32WB09KEV6TR, STM32WB09KEV7TR, STM32WB09TEF6TR, STM32WB09TEF7TR, STM32WB1MMCH6, STM32WBA50KGU6, STM32WBA50KGU6TR, STM32WBA52CEU6, STM32WBA52CEU6TR, STM32WBA52CEU7, STM32WBA52CEU7TR, STM32WBA52CGU6, STM32WBA52CGU6TR, STM32WBA52CGU6U, STM32WBA52CGU7, STM32WBA52CGU7TR, STM32WBA52KEU6, STM32WBA52KEU6TR, STM32WBA52KGU6, STM32WBA52KGU6TR, STM32WBA54CEU6, STM32WBA54CEU6TR, STM32WBA54CEU7, STM32WBA54CEU7TR, STM32WBA54CGU6, STM32WBA54CGU6TR, STM32WBA54CGU7, STM32WBA54CGU7TR, STM32WBA54KEU6, STM32WBA54KEU6TR, STM32WBA54KEU7, STM32WBA54KEU7TR, STM32WBA54KGU6, STM32WBA54KGU6TR, STM32WBA54KGU7, STM32WBA54KGU7TR, STM32WBA55CEU6, STM32WBA55CEU6TR, STM32WBA55CEU7, STM32WBA55CEU7TR, STM32WBA55CGU6, STM32WBA55CGU6TR, STM32WBA55CGU6U, STM32WBA55CGU7, STM32WBA55CGU7TR, STM32WBA55G-DK1, STM32WBA55HEF6, STM32WBA55HEF7, STM32WBA55HGF6, STM32WBA55HGF7, STM32WBA55UEI6, STM32WBA55UEI6TR, STM32WBA55UEI7, STM32WBA55UEI7TR, STM32WBA55UGI6, STM32WBA55UGI6TR, STM32WBA55UGI7, STM32WBA55UGI7TR, STM32WL5MOCH6, STM32WL5MOCH6TR]
2025-06-24 19:34:58,081 [INFO] DbMcus:218 - Found 4657 MCUs, 4657 are supported
2025-06-24 19:34:58,085 [INFO] ApiDb:423 - Load user favorites file /Users/apple/.stm32cubeide/favorites.mcus.txt: 0 item(s)
2025-06-24 19:34:58,085 [INFO] ApiDb:427 - User favorites MCUs=[]
2025-06-24 19:34:58,085 [INFO] DbMcus:224 - Set 0 / 0 favorites MCUs
2025-06-24 19:34:58,579 [INFO] BoardInfo:889 - No configuration file found for board NUCLEO-C051C8
2025-06-24 19:34:58,580 [INFO] DbBoards:161 - Board is not supported: NUCLEO-C051C8
2025-06-24 19:34:58,583 [INFO] BoardInfo:889 - No configuration file found for board NUCLEO-C092RC
2025-06-24 19:34:58,665 [INFO] DbBoards:161 - Board is not supported: NUCLEO-C092RC
2025-06-24 19:34:58,757 [INFO] BoardInfo:889 - No configuration file found for board NUCLEO-N657X0-Q
2025-06-24 19:34:58,758 [INFO] DbBoards:161 - Board is not supported: NUCLEO-N657X0-Q
2025-06-24 19:34:58,762 [INFO] BoardInfo:889 - No configuration file found for board NUCLEO-U385RG-Q
2025-06-24 19:34:58,762 [INFO] DbBoards:161 - Board is not supported: NUCLEO-U385RG-Q
2025-06-24 19:34:58,775 [INFO] BoardInfo:889 - No configuration file found for board NUCLEO-WBA65RI
2025-06-24 19:34:58,775 [INFO] DbBoards:161 - Board is not supported: NUCLEO-WBA65RI
2025-06-24 19:34:58,776 [INFO] BoardInfo:889 - No configuration file found for board NUCLEO-WL33CC1
2025-06-24 19:34:58,776 [INFO] DbBoards:161 - Board is not supported: NUCLEO-WL33CC1
2025-06-24 19:34:58,777 [INFO] BoardInfo:889 - No configuration file found for board NUCLEO-WL33CC2
2025-06-24 19:34:58,778 [INFO] DbBoards:161 - Board is not supported: NUCLEO-WL33CC2
2025-06-24 19:34:58,783 [INFO] BoardInfo:889 - No configuration file found for board P-NUCLEO-WB55
2025-06-24 19:34:58,783 [INFO] DbBoards:161 - Kit is not supported: P-NUCLEO-WB55
2025-06-24 19:34:58,788 [INFO] BoardInfo:889 - No configuration file found for board STEVAL-BFA001V1B
2025-06-24 19:34:58,788 [INFO] DbBoards:161 - Kit is not supported: STEVAL-BFA001V1B
2025-06-24 19:34:58,789 [INFO] BoardInfo:889 - No configuration file found for board STEVAL-BFA001V2B
2025-06-24 19:34:58,789 [INFO] DbBoards:161 - Kit is not supported: STEVAL-BFA001V2B
2025-06-24 19:34:58,959 [INFO] BoardInfo:889 - No configuration file found for board STM32N6570-DK
2025-06-24 19:34:58,959 [INFO] DbBoards:161 - Board is not supported: STM32N6570-DK
2025-06-24 19:34:58,975 [INFO] BoardInfo:889 - No configuration file found for board STM32WBA65I-DK1
2025-06-24 19:34:58,975 [INFO] DbBoards:161 - Board is not supported: STM32WBA65I-DK1
2025-06-24 19:34:58,976 [INFO] DbBoards:168 - Found 210 boards, 198 are supported
2025-06-24 19:34:58,976 [INFO] DbBoards:169 - Found 210 boards, 25 of them is supported for  Bsp
2025-06-24 19:34:58,980 [INFO] ApiDb:423 - Load user favorites file /Users/apple/.stm32cubeide/favorites.boards.txt: 0 item(s)
2025-06-24 19:34:58,980 [INFO] ApiDb:427 - User favorites Boards=[]
2025-06-24 19:34:58,980 [INFO] DbBoards:198 - Set 0 / 0 favorites Boards
2025-06-24 19:34:59,062 [INFO] UtilMem:75 - End LoadConfig() Used Memory: 754044520 Bytes (1073741824)
2025-06-24 19:34:59,314 [WARN] ThirdParty:833 - waiting for thirdparty lock release [change project]
2025-06-24 19:34:59,316 [INFO] ThirdParty:835 - entering critical section [change project]
2025-06-24 19:34:59,317 [INFO] ThirdParty:1030 - CMSIS Pack Vendor :STMicroelectronics X-CUBE-PM33A1 1.0.0
2025-06-24 19:34:59,317 [INFO] ThirdParty:1030 - CMSIS Pack Vendor :STMicroelectronics USBPD 4.1
2025-06-24 19:34:59,317 [INFO] ThirdParty:1030 - CMSIS Pack Vendor :STMicroelectronics USB_HOST 2.0.0
2025-06-24 19:34:59,317 [INFO] ThirdParty:1030 - CMSIS Pack Vendor :STMicroelectronics FP-SNS-MOTENVWB1 1.4.0
2025-06-24 19:34:59,317 [INFO] ThirdParty:1030 - CMSIS Pack Vendor :STMicroelectronics X-CUBE-AZRTOS-F4 1.1.0
2025-06-24 19:34:59,317 [INFO] ThirdParty:1030 - CMSIS Pack Vendor :STMicroelectronics LIBJPEG 8.0.0
2025-06-24 19:34:59,317 [INFO] ThirdParty:1030 - CMSIS Pack Vendor :STMicroelectronics FP-ATR-ASTRA1 2.0.2
2025-06-24 19:34:59,317 [INFO] ThirdParty:1030 - CMSIS Pack Vendor :STMicroelectronics FP-ATR-ASTRA1 2.0.1
2025-06-24 19:34:59,317 [INFO] ThirdParty:1030 - CMSIS Pack Vendor :STMicroelectronics X-CUBE-SMBUS 2.1.0
2025-06-24 19:34:59,317 [INFO] ThirdParty:1030 - CMSIS Pack Vendor :STMicroelectronics X-CUBE-WB05N 1.1.0
2025-06-24 19:34:59,317 [INFO] ThirdParty:1030 - CMSIS Pack Vendor :STMicroelectronics X-CUBE-ISPU 2.1.0
2025-06-24 19:34:59,317 [INFO] ThirdParty:1030 - CMSIS Pack Vendor :STMicroelectronics X-CUBE-FREERTOS 1.2.0
2025-06-24 19:34:59,317 [INFO] ThirdParty:1030 - CMSIS Pack Vendor :STMicroelectronics X-CUBE-AZRTOS-F7 1.1.0
2025-06-24 19:34:59,317 [INFO] ThirdParty:1030 - CMSIS Pack Vendor :STMicroelectronics X-CUBE-AZRTOS-L5 2.0.0
2025-06-24 19:34:59,317 [INFO] ThirdParty:1030 - CMSIS Pack Vendor :STMicroelectronics USB_DEVICE 2.0.0
2025-06-24 19:34:59,317 [INFO] ThirdParty:1030 - CMSIS Pack Vendor :STMicroelectronics X-CUBE-NFC6 3.1.0
2025-06-24 19:34:59,317 [INFO] ThirdParty:1030 - CMSIS Pack Vendor :STMicroelectronics X-CUBE-MEMS1 11.0.0
2025-06-24 19:34:59,317 [INFO] ThirdParty:1030 - CMSIS Pack Vendor :STMicroelectronics FreeRTOS 0.0.1
2025-06-24 19:34:59,317 [INFO] ThirdParty:1030 - CMSIS Pack Vendor :STMicroelectronics X-CUBE-DPower 1.2.0
2025-06-24 19:34:59,317 [INFO] ThirdParty:1030 - CMSIS Pack Vendor :STMicroelectronics FP-SNS-FLIGHT1 5.0.2
2025-06-24 19:34:59,317 [INFO] ThirdParty:1030 - CMSIS Pack Vendor :STMicroelectronics X-CUBE-AI 9.0.0
2025-06-24 19:34:59,317 [INFO] ThirdParty:1030 - CMSIS Pack Vendor :STMicroelectronics PDM2PCM 3.3.0
2025-06-24 19:34:59,317 [INFO] ThirdParty:1030 - CMSIS Pack Vendor :STMicroelectronics X-CUBE-DISPLAY 3.0.0
2025-06-24 19:34:59,317 [INFO] ThirdParty:1030 - CMSIS Pack Vendor :STMicroelectronics X-CUBE-BLE1 7.0.0
2025-06-24 19:34:59,317 [INFO] ThirdParty:1030 - CMSIS Pack Vendor :STMicroelectronics X-CUBE-NFC10 1.0.0
2025-06-24 19:34:59,317 [INFO] ThirdParty:1030 - CMSIS Pack Vendor :STMicroelectronics X-CUBE-BLEMGR 4.0.0
2025-06-24 19:34:59,317 [INFO] ThirdParty:1030 - CMSIS Pack Vendor :STMicroelectronics X-CUBE-FREERTOS 1.3.1
2025-06-24 19:34:59,317 [INFO] ThirdParty:1030 - CMSIS Pack Vendor :STMicroelectronics HAL Drivers 0.0.0
2025-06-24 19:34:59,317 [INFO] ThirdParty:1030 - CMSIS Pack Vendor :emotas I-CUBE-CANOPEN 1.3.0
2025-06-24 19:34:59,317 [INFO] ThirdParty:1030 - CMSIS Pack Vendor :STMicroelectronics X-CUBE-FREERTOS 1.3.0
2025-06-24 19:34:59,317 [INFO] ThirdParty:1030 - CMSIS Pack Vendor :STMicroelectronics X-CUBE-NFC7 1.0.1
2025-06-24 19:34:59,317 [INFO] ThirdParty:1030 - CMSIS Pack Vendor :STMicroelectronics MBEDTLS 2.14.1
2025-06-24 19:34:59,317 [INFO] ThirdParty:1030 - CMSIS Pack Vendor :STMicroelectronics X-CUBE-BLEMGR 3.1.0
2025-06-24 19:34:59,317 [INFO] ThirdParty:1030 - CMSIS Pack Vendor :STMicroelectronics X-CUBE-AI 10.0.0
2025-06-24 19:34:59,317 [INFO] ThirdParty:1030 - CMSIS Pack Vendor :STMicroelectronics FP-SNS-SMARTAG2 1.2.0
2025-06-24 19:34:59,318 [INFO] ThirdParty:1030 - CMSIS Pack Vendor :STMicroelectronics X-CUBE-MEMS1 11.1.0
2025-06-24 19:34:59,318 [INFO] ThirdParty:1030 - CMSIS Pack Vendor :STMicroelectronics X-CUBE-AZRTOS-WL 2.0.0
2025-06-24 19:34:59,318 [INFO] ThirdParty:1030 - CMSIS Pack Vendor :STMicroelectronics X-CUBE-DPower 1.3.0
2025-06-24 19:34:59,318 [INFO] ThirdParty:1030 - CMSIS Pack Vendor :STMicroelectronics FP-SNS-MOTENV1 5.0.0
2025-06-24 19:34:59,318 [INFO] ThirdParty:1030 - CMSIS Pack Vendor :STMicroelectronics USB_DEVICE 1.0.0
2025-06-24 19:34:59,318 [INFO] ThirdParty:1030 - CMSIS Pack Vendor :wolfSSL I-CUBE-wolfMQTT 1.19.0
2025-06-24 19:34:59,318 [INFO] ThirdParty:1030 - CMSIS Pack Vendor :STMicroelectronics X-CUBE-AZRTOS-L4 2.0.0
2025-06-24 19:34:59,318 [INFO] ThirdParty:1030 - CMSIS Pack Vendor :STMicroelectronics ThreadX 0.0.2
2025-06-24 19:34:59,318 [INFO] ThirdParty:1030 - CMSIS Pack Vendor :WES I-CUBE-Cesium 1.3.0
2025-06-24 19:34:59,318 [INFO] ThirdParty:1030 - CMSIS Pack Vendor :STMicroelectronics lwIP 2.1.2
2025-06-24 19:34:59,318 [INFO] ThirdParty:1030 - CMSIS Pack Vendor :STMicroelectronics X-CUBE-SFXS2LP1 4.0.0
2025-06-24 19:34:59,318 [INFO] ThirdParty:1030 - CMSIS Pack Vendor :STMicroelectronics X-CUBE-BLE2 3.3.0
2025-06-24 19:34:59,318 [INFO] ThirdParty:1030 - CMSIS Pack Vendor :STMicroelectronics PDM2PCM 3.2.0
2025-06-24 19:34:59,318 [INFO] ThirdParty:1030 - CMSIS Pack Vendor :STMicroelectronics X-CUBE-AZRTOS-H7 3.3.0
2025-06-24 19:34:59,318 [INFO] ThirdParty:1030 - CMSIS Pack Vendor :STMicroelectronics X-CUBE-NFC9 1.0.0
2025-06-24 19:34:59,318 [INFO] ThirdParty:1030 - CMSIS Pack Vendor :STMicroelectronics X-CUBE-BLE1 7.1.0
2025-06-24 19:34:59,318 [INFO] ThirdParty:1030 - CMSIS Pack Vendor :STMicroelectronics USB_DEVICE 3.0.0
2025-06-24 19:34:59,318 [INFO] ThirdParty:1030 - CMSIS Pack Vendor :STMicroelectronics X-CUBE-TCPP 4.1.0
2025-06-24 19:34:59,318 [INFO] ThirdParty:1030 - CMSIS Pack Vendor :STMicroelectronics X-CUBE-IPS 3.0.0
2025-06-24 19:34:59,318 [INFO] ThirdParty:1030 - CMSIS Pack Vendor :STMicroelectronics X-CUBE-AZRTOS-WB 2.0.0
2025-06-24 19:34:59,318 [INFO] ThirdParty:1030 - CMSIS Pack Vendor :STMicroelectronics X-CUBE-GNSS1 7.0.0
2025-06-24 19:34:59,318 [INFO] ThirdParty:1030 - CMSIS Pack Vendor :STMicroelectronics X-CUBE-GNSS1 7.0.1
2025-06-24 19:34:59,318 [INFO] ThirdParty:1030 - CMSIS Pack Vendor :STMicroelectronics X-CUBE-TOUCHGFX 4.25.0
2025-06-24 19:34:59,318 [INFO] ThirdParty:1030 - CMSIS Pack Vendor :STMicroelectronics X-CUBE-AI 10.1.0
2025-06-24 19:34:59,318 [INFO] ThirdParty:1030 - CMSIS Pack Vendor :STMicroelectronics FP-SNS-STBOX1 2.0.0
2025-06-24 19:34:59,318 [INFO] ThirdParty:1030 - CMSIS Pack Vendor :STMicroelectronics X-CUBE-MEMS1 11.2.0
2025-06-24 19:34:59,318 [INFO] ThirdParty:1030 - CMSIS Pack Vendor :STMicroelectronics X-CUBE-AZRTOS-G0 1.1.0
2025-06-24 19:34:59,318 [INFO] ThirdParty:1030 - CMSIS Pack Vendor :STMicroelectronics X-CUBE-SAFEA1 1.2.2
2025-06-24 19:34:59,318 [INFO] ThirdParty:1030 - CMSIS Pack Vendor :STMicroelectronics X-CUBE-NFC4 3.0.0
2025-06-24 19:34:59,318 [INFO] ThirdParty:1030 - CMSIS Pack Vendor :STMicroelectronics X-CUBE-SUBG2 5.0.0
2025-06-24 19:34:59,319 [INFO] ThirdParty:1030 - CMSIS Pack Vendor :STMicroelectronics X-CUBE-AZRTOS-H7RS 1.1.0
2025-06-24 19:34:59,319 [INFO] ThirdParty:1030 - CMSIS Pack Vendor :STMicroelectronics STM32_WPAN 1.0.0
2025-06-24 19:34:59,319 [INFO] ThirdParty:1030 - CMSIS Pack Vendor :EmbeddedOffice I-CUBE-FS-RTOS 1.0.1
2025-06-24 19:34:59,319 [INFO] ThirdParty:1030 - CMSIS Pack Vendor :STMicroelectronics lwIP 2.0.3
2025-06-24 19:34:59,319 [INFO] ThirdParty:1030 - CMSIS Pack Vendor :Cesanta I-CUBE-Mongoose 7.13.0
2025-06-24 19:34:59,319 [INFO] ThirdParty:1030 - CMSIS Pack Vendor :STMicroelectronics USB_HOST 1.0.0
2025-06-24 19:34:59,319 [INFO] ThirdParty:1030 - CMSIS Pack Vendor :STMicroelectronics X-CUBE-AZRTOS-G4 2.0.0
2025-06-24 19:34:59,319 [INFO] ThirdParty:1030 - CMSIS Pack Vendor :STMicroelectronics X-CUBE-WB05N 2.0.0
2025-06-24 19:34:59,319 [INFO] ThirdParty:1030 - CMSIS Pack Vendor :STMicroelectronics PDM2PCM 3.1.0
2025-06-24 19:34:59,319 [INFO] ThirdParty:1030 - CMSIS Pack Vendor :STMicroelectronics X-CUBE-NFC7 2.0.0
2025-06-24 19:34:59,319 [INFO] ThirdParty:1030 - CMSIS Pack Vendor :RealThread X-CUBE-RT-Thread_Nano 4.1.1
2025-06-24 19:34:59,319 [INFO] ThirdParty:1030 - CMSIS Pack Vendor :STMicroelectronics FP-ATR-SIGFOX1 3.2.0
2025-06-24 19:34:59,320 [INFO] ThirdParty:1030 - CMSIS Pack Vendor :wolfSSL I-CUBE-wolfSSL 5.7.2
2025-06-24 19:34:59,320 [INFO] ThirdParty:1030 - CMSIS Pack Vendor :quantropi X-CUBE-qispace-sdk-base 1.9.3
2025-06-24 19:34:59,320 [INFO] ThirdParty:1030 - CMSIS Pack Vendor :STMicroelectronics X-CUBE-EEPRMA1 5.1.0
2025-06-24 19:34:59,320 [INFO] ThirdParty:1030 - CMSIS Pack Vendor :STMicroelectronics MBEDTLS 2.16.2
2025-06-24 19:34:59,320 [INFO] ThirdParty:1030 - CMSIS Pack Vendor :STMicroelectronics X-CUBE-ALS 1.0.2
2025-06-24 19:34:59,320 [INFO] ThirdParty:1030 - CMSIS Pack Vendor :STMicroelectronics X-CUBE-TOUCHGFX 4.24.0
2025-06-24 19:34:59,320 [INFO] ThirdParty:1030 - CMSIS Pack Vendor :ITTIA_DB I-CUBE-ITTIADB 8.9.0
2025-06-24 19:34:59,320 [INFO] ThirdParty:1030 - CMSIS Pack Vendor :STMicroelectronics X-CUBE-TOUCHGFX 4.24.2
2025-06-24 19:34:59,320 [INFO] ThirdParty:1030 - CMSIS Pack Vendor :STMicroelectronics X-CUBE-TOUCHGFX 4.24.1
2025-06-24 19:34:59,320 [INFO] ThirdParty:1030 - CMSIS Pack Vendor :wolfSSL I-CUBE-wolfTPM 3.4.0
2025-06-24 19:34:59,320 [INFO] ThirdParty:1030 - CMSIS Pack Vendor :portGmbH I-Cube-SoM-uGOAL 1.1.0
2025-06-24 19:34:59,320 [INFO] ThirdParty:1030 - CMSIS Pack Vendor :STMicroelectronics ThreadX 1.0.0
2025-06-24 19:34:59,320 [INFO] ThirdParty:1030 - CMSIS Pack Vendor :SEGGER I-CUBE-embOS 1.3.1
2025-06-24 19:34:59,320 [INFO] ThirdParty:1030 - CMSIS Pack Vendor :STMicroelectronics X-CUBE-ALGOBUILD 1.4.0
2025-06-24 19:34:59,320 [INFO] ThirdParty:1030 - CMSIS Pack Vendor :STMicroelectronics X-CUBE-MEMS1 11.3.0
2025-06-24 19:34:59,320 [INFO] ThirdParty:1030 - CMSIS Pack Vendor :STMicroelectronics X-CUBE-AZRTOS-H7RS 1.0.0
2025-06-24 19:34:59,320 [INFO] ThirdParty:1030 - CMSIS Pack Vendor :STMicroelectronics FP-ATR-ASTRA1 2.0.0
2025-06-24 19:34:59,320 [INFO] ThirdParty:1030 - CMSIS Pack Vendor :STMicroelectronics X-CUBE-TOF1 3.4.2
2025-06-24 19:34:59,320 [INFO] ThirdParty:1030 - CMSIS Pack Vendor :STMicroelectronics X-CUBE-AI 9.1.0
2025-06-24 19:34:59,320 [INFO] ThirdParty:1030 - CMSIS Pack Vendor :Infineon AIROC-Wi-Fi-Bluetooth-STM32 1.6.1
2025-06-24 19:34:59,320 [INFO] ThirdParty:1030 - CMSIS Pack Vendor :wolfSSL I-CUBE-wolfSSH 1.4.17
2025-06-24 19:34:59,322 [INFO] ThirdParty:841 - exiting critical section [change project]
2025-06-24 19:35:00,204 [INFO] PinOutPanel:1561 - setPackage(No Configuration,No Configuration)
2025-06-24 19:35:00,215 [INFO] PinOutPanel:1561 - setPackage(STM32F103C8Tx,LQFP48)
2025-06-24 19:35:01,138 [INFO] UtilMem:75 - Before build in PCC Used Memory: 663532312 Bytes (1073741824)
2025-06-24 19:35:02,330 [INFO] UtilMem:75 - After build in PCC Used Memory: 880063168 Bytes (1073741824)
2025-06-24 19:35:02,379 [INFO] IPUIPlugin:80 - create IPUIPlugin
2025-06-24 19:35:02,379 [INFO] IPUIPlugin:80 - create IPUIPlugin
2025-06-24 19:35:02,380 [INFO] IPUIPlugin:80 - create IPUIPlugin
2025-06-24 19:35:02,380 [INFO] IPUIPlugin:80 - create IPUIPlugin
2025-06-24 19:35:02,380 [INFO] IPUIPlugin:80 - create IPUIPlugin
2025-06-24 19:35:02,380 [INFO] IPUIPlugin:80 - create IPUIPlugin
2025-06-24 19:35:02,381 [INFO] IPUIPlugin:80 - create IPUIPlugin
2025-06-24 19:35:02,381 [INFO] IPUIPlugin:80 - create IPUIPlugin
2025-06-24 19:35:02,381 [INFO] IPUIPlugin:80 - create IPUIPlugin
2025-06-24 19:35:02,382 [INFO] IPUIPlugin:80 - create IPUIPlugin
2025-06-24 19:35:02,382 [INFO] IPUIPlugin:80 - create IPUIPlugin
2025-06-24 19:35:02,382 [INFO] IPUIPlugin:80 - create IPUIPlugin
2025-06-24 19:35:02,382 [INFO] IPUIPlugin:80 - create IPUIPlugin
2025-06-24 19:35:02,383 [INFO] IPUIPlugin:80 - create IPUIPlugin
2025-06-24 19:35:02,383 [INFO] IPUIPlugin:80 - create IPUIPlugin
2025-06-24 19:35:02,383 [INFO] IPUIPlugin:80 - create IPUIPlugin
2025-06-24 19:35:02,385 [INFO] IPUIPlugin:80 - create IPUIPlugin
2025-06-24 19:35:02,385 [INFO] IPUIPlugin:80 - create IPUIPlugin
2025-06-24 19:35:02,385 [INFO] IPUIPlugin:80 - create IPUIPlugin
2025-06-24 19:35:02,385 [INFO] IPUIPlugin:80 - create IPUIPlugin
2025-06-24 19:35:02,385 [INFO] IPUIPlugin:80 - create IPUIPlugin
2025-06-24 19:35:02,386 [INFO] IPUIPlugin:80 - create IPUIPlugin
2025-06-24 19:35:02,386 [INFO] IPUIPlugin:80 - create IPUIPlugin
2025-06-24 19:35:02,386 [INFO] IPUIPlugin:80 - create IPUIPlugin
2025-06-24 19:35:02,386 [INFO] IPUIPlugin:80 - create IPUIPlugin
2025-06-24 19:35:02,387 [INFO] IPUIPlugin:80 - create IPUIPlugin
2025-06-24 19:35:02,387 [INFO] IPUIPlugin:80 - create IPUIPlugin
2025-06-24 19:35:02,411 [WARN] IP:2191 - I2C_Coeff_DF not found: check if there is a RefParameter without a condition.
2025-06-24 19:35:02,412 [WARN] IP:2191 - Analog_Filter not found: check if there is a RefParameter without a condition.
2025-06-24 19:35:02,435 [WARN] IP:2191 - I2C_Coeff_DF not found: check if there is a RefParameter without a condition.
2025-06-24 19:35:02,436 [WARN] IP:2191 - Analog_Filter not found: check if there is a RefParameter without a condition.
2025-06-24 19:35:03,049 [INFO] CADModel:165 - CPN selected for project levelSTM32F103C8T6TR
2025-06-24 19:35:03,052 [INFO] CADModel:114 - Register for checkConnection events
2025-06-24 19:35:03,110 [INFO] OpenFileManager:363 - Restore cursor
2025-06-24 19:35:03,555 [WARN] IP:2191 - I2C_Coeff_DF not found: check if there is a RefParameter without a condition.
2025-06-24 19:35:03,557 [WARN] IP:2191 - Analog_Filter not found: check if there is a RefParameter without a condition.
2025-06-24 19:35:03,558 [WARN] IP:2191 - I2C_Coeff_DF not found: check if there is a RefParameter without a condition.
2025-06-24 19:35:03,558 [WARN] IP:2191 - Analog_Filter not found: check if there is a RefParameter without a condition.
2025-06-24 19:35:03,567 [WARN] IP:2191 - I2C_Coeff_DF not found: check if there is a RefParameter without a condition.
2025-06-24 19:35:03,567 [WARN] IP:2191 - Analog_Filter not found: check if there is a RefParameter without a condition.
2025-06-24 19:35:03,569 [WARN] IP:2191 - I2C_Coeff_DF not found: check if there is a RefParameter without a condition.
2025-06-24 19:35:03,569 [WARN] IP:2191 - Analog_Filter not found: check if there is a RefParameter without a condition.
2025-06-24 21:39:10,495 [INFO] WebApp:189 - Connection lost
2025-06-24 21:39:10,956 [INFO] WebApp:186 - Connection restablished
