22:43:03 **** Incremental Build of configuration Debug for project BQ29330_BLUEPILL_ORIGINAL ****
make -j7 all 
arm-none-eabi-gcc "../Core/Src/main.c" -mcpu=cortex-m3 -std=gnu11 -g3 -DDEBUG -DUSE_HAL_DRIVER -DSTM32F103xB -c -I../Core/Inc -I../USB_DEVICE/App -I../USB_DEVICE/Target -I../Drivers/STM32F1xx_HAL_Driver/Inc -I../Drivers/STM32F1xx_HAL_Driver/Inc/Legacy -I../Middlewares/ST/STM32_USB_Device_Library/Core/Inc -I../Middlewares/ST/STM32_USB_Device_Library/Class/CDC/Inc -I../Drivers/CMSIS/Device/ST/STM32F1xx/Include -I../Drivers/CMSIS/Include -O0 -ffunction-sections -fdata-sections -Wall -fstack-usage -fcyclomatic-complexity -MMD -MP -MF"Core/Src/main.d" -MT"Core/Src/main.o" --specs=nano.specs -mfloat-abi=soft -mthumb -o "Core/Src/main.o"
arm-none-eabi-gcc -o "BQ29330_BLUEPILL_ORIGINAL.elf" @"objects.list"   -mcpu=cortex-m3 -T"/Users/apple/STM32CubeIDE/otros STM32/BQ29330_BLUEPILL_ORIGINAL/STM32F103C8TX_FLASH.ld" --specs=nosys.specs -Wl,-Map="BQ29330_BLUEPILL_ORIGINAL.map" -Wl,--gc-sections -static --specs=nano.specs -mfloat-abi=soft -mthumb -Wl,--start-group -lc -lm -Wl,--end-group
Finished building target: BQ29330_BLUEPILL_ORIGINAL.elf
 
arm-none-eabi-size  BQ29330_BLUEPILL_ORIGINAL.elf 
arm-none-eabi-objdump -h -S BQ29330_BLUEPILL_ORIGINAL.elf  > "BQ29330_BLUEPILL_ORIGINAL.list"
   text	   data	    bss	    dec	    hex	filename
  48836	    460	   6876	  56172	   db6c	BQ29330_BLUEPILL_ORIGINAL.elf
Finished building: default.size.stdout
 
Finished building: BQ29330_BLUEPILL_ORIGINAL.list
 
22:44:15 **** Incremental Build of configuration Debug for project BQ29330_BLUEPILL_ORIGINAL ****
make -j7 all 
arm-none-eabi-size  BQ29330_BLUEPILL_ORIGINAL.elf 
   text	   data	    bss	    dec	    hex	filename
  48836	    460	   6876	  56172	   db6c	BQ29330_BLUEPILL_ORIGINAL.elf
Finished building: default.size.stdout
 
22:44:19 **** Incremental Build of configuration Debug for project BQ29330_BLUEPILL_ORIGINAL ****
make -j7 all 
arm-none-eabi-size  BQ29330_BLUEPILL_ORIGINAL.elf 
   text	   data	    bss	    dec	    hex	filename
  48836	    460	   6876	  56172	   db6c	BQ29330_BLUEPILL_ORIGINAL.elf
Finished building: default.size.stdout
 
