2024-11-15 20:31:33,819 [INFO] Activator:176 - 


2024-11-15 20:31:33,824 [INFO] Activator:177 - !SESSION log4j initialized
2024-11-15 20:31:35,473 [ERROR] LogOutputStream:75 - [STDERR_REDIRECT] 
2024-11-15 20:31:39,826 [INFO] LogOutputStream:77 - [STDOUT_REDIRECT] 
2024-11-15 20:31:44,268 [INFO] ApplicationProperties:184 - Using Application install path: /Applications/STM32CubeIDE.app/Contents/Eclipse/plugins/com.st.stm32cube.common.mx_6.12.1.202409122256
2024-11-15 20:31:44,300 [INFO] DbMcusXml:78 - Set database path to: /Applications/STM32CubeIDE.app/Contents/Eclipse/plugins/com.st.stm32cube.common.mx_6.12.1.202409122256//db//mcu/
2024-11-15 20:31:44,300 [INFO] ApiDb:274 - Set plugin database path to: /Applications/STM32CubeIDE.app/Contents/Eclipse/plugins/com.st.stm32cube.common.mx_6.12.1.202409122256//db//plugins/boardmanager/
2024-11-15 20:31:44,301 [WARN] ApiDb:259 - Overriding images path with different value:  => /Applications/STM32CubeIDE.app/Contents/Eclipse/plugins/com.st.stm32cube.common.mx_6.12.1.202409122256//db//plugins/mcufinder/images/
2024-11-15 20:31:44,312 [INFO] ApiDb:250 - Set database path to: /Users/apple/.stmcufinder/plugins/mcufinder//mcu/
2024-11-15 20:31:44,314 [INFO] DbMcusAds:125 - Set database path to: /Users/apple/.stmcufinder/plugins/mcufinder//mcu/
2024-11-15 20:31:44,319 [INFO] CrossReferenceDbSqlite:203 - Set database path to: /Users/apple/.stmcufinder/plugins/mcufinder//mcu/cs/
2024-11-15 20:31:44,589 [INFO] RulesReader:64 - Compatibility file has been processed (297 Rules)
2024-11-15 20:31:44,729 [INFO] DbMcusXml:78 - Set database path to: /Applications/STM32CubeIDE.app/Contents/Eclipse/plugins/com.st.stm32cube.common.mx_6.12.1.202409122256//db//mcu/
2024-11-15 20:31:44,729 [INFO] ApiDb:274 - Set plugin database path to: /Applications/STM32CubeIDE.app/Contents/Eclipse/plugins/com.st.stm32cube.common.mx_6.12.1.202409122256//db//plugins/boardmanager/
2024-11-15 20:31:44,730 [INFO] ApiDb:261 - Set plugin images path to: /Applications/STM32CubeIDE.app/Contents/Eclipse/plugins/com.st.stm32cube.common.mx_6.12.1.202409122256//db//plugins/mcufinder/images/
2024-11-15 20:31:44,730 [WARN] DbFile:41 - Overriding database path with different value: /Users/apple/.stmcufinder/plugins/mcufinder/ => /Users/apple/.stmcufinder/plugins/mcufinder
2024-11-15 20:31:44,731 [INFO] ApiDb:250 - Set database path to: /Users/apple/.stmcufinder/plugins/mcufinder//mcu/
2024-11-15 20:31:44,731 [WARN] DbFile:41 - Overriding database path with different value: /Users/apple/.stmcufinder/plugins/mcufinder/ => /Users/apple/.stmcufinder/plugins/mcufinder
2024-11-15 20:31:44,731 [INFO] DbMcusAds:125 - Set database path to: /Users/apple/.stmcufinder/plugins/mcufinder//mcu/
2024-11-15 20:31:44,731 [WARN] DbFile:41 - Overriding database path with different value: /Users/apple/.stmcufinder/plugins/mcufinder/ => /Users/apple/.stmcufinder/plugins/mcufinder
2024-11-15 20:31:44,731 [WARN] DbFile:41 - Overriding database path with different value: /Users/apple/.stmcufinder/plugins/mcufinder/ => /Users/apple/.stmcufinder/plugins/mcufinder
2024-11-15 20:31:44,732 [INFO] CrossReferenceDbSqlite:203 - Set database path to: /Users/apple/.stmcufinder/plugins/mcufinder//mcu/cs/
2024-11-15 20:31:44,892 [INFO] MainPanel:268 - HeapMemory: 277872640
2024-11-15 20:31:45,626 [INFO] DbMcusXml:78 - Set database path to: /Applications/STM32CubeIDE.app/Contents/Eclipse/plugins/com.st.stm32cube.common.mx_6.12.1.202409122256//db//mcu/
2024-11-15 20:31:45,627 [INFO] ApiDb:274 - Set plugin database path to: /Applications/STM32CubeIDE.app/Contents/Eclipse/plugins/com.st.stm32cube.common.mx_6.12.1.202409122256//db//plugins/boardmanager/
2024-11-15 20:31:45,627 [INFO] ApiDb:261 - Set plugin images path to: /Applications/STM32CubeIDE.app/Contents/Eclipse/plugins/com.st.stm32cube.common.mx_6.12.1.202409122256//db//plugins/mcufinder/images/
2024-11-15 20:31:45,628 [WARN] DbFile:41 - Overriding database path with different value: /Users/apple/.stmcufinder/plugins/mcufinder/ => /Users/apple/.stmcufinder/plugins/mcufinder
2024-11-15 20:31:45,628 [INFO] ApiDb:250 - Set database path to: /Users/apple/.stmcufinder/plugins/mcufinder//mcu/
2024-11-15 20:31:45,628 [WARN] DbFile:41 - Overriding database path with different value: /Users/apple/.stmcufinder/plugins/mcufinder/ => /Users/apple/.stmcufinder/plugins/mcufinder
2024-11-15 20:31:45,628 [INFO] DbMcusAds:125 - Set database path to: /Users/apple/.stmcufinder/plugins/mcufinder//mcu/
2024-11-15 20:31:45,628 [WARN] DbFile:41 - Overriding database path with different value: /Users/apple/.stmcufinder/plugins/mcufinder/ => /Users/apple/.stmcufinder/plugins/mcufinder
2024-11-15 20:31:45,628 [WARN] DbFile:41 - Overriding database path with different value: /Users/apple/.stmcufinder/plugins/mcufinder/ => /Users/apple/.stmcufinder/plugins/mcufinder
2024-11-15 20:31:45,629 [INFO] CrossReferenceDbSqlite:203 - Set database path to: /Users/apple/.stmcufinder/plugins/mcufinder//mcu/cs/
2024-11-15 20:31:45,659 [INFO] ApplicationProperties:184 - Using Application install path: /Applications/STM32CubeIDE.app/Contents/Eclipse/plugins/com.st.stm32cube.common.mx_6.12.1.202409122256
2024-11-15 20:31:45,661 [INFO] PluginManage:196 - Search for loadable plugins [exclusion list=, ]
2024-11-15 20:31:45,666 [INFO] PluginManage:310 - Check plugin analytics
2024-11-15 20:31:46,074 [INFO] AnalyticsPlugin:253 - Accepted Software Licenses: 
2024-11-15 20:31:46,075 [INFO] AnalyticsPlugin:255 - Accepted CMSIS Pack Licenses: 
2024-11-15 20:31:46,077 [INFO] AnalyticsPlugin:257 - Accepted Firmware Licenses: FW.F4.1.28.0
2024-11-15 20:31:46,101 [INFO] PluginManage:359 - Loaded plugin analytics (category:tool,tabindex:-1)
2024-11-15 20:31:46,107 [INFO] PluginManage:310 - Check plugin cadmodel
2024-11-15 20:31:46,141 [INFO] CADModel:105 - Init CAD model plugin
2024-11-15 20:31:46,141 [INFO] PluginManage:359 - Loaded plugin cadmodel (category:power,tabindex:5)
2024-11-15 20:31:46,143 [INFO] PluginManage:310 - Check plugin clock
2024-11-15 20:31:46,158 [INFO] PluginManage:359 - Loaded plugin clock (category:base,tabindex:2)
2024-11-15 20:31:46,159 [INFO] PluginManage:310 - Check plugin ddr
2024-11-15 20:31:46,162 [INFO] PluginManage:359 - Loaded plugin ddr (category:tool,tabindex:6)
2024-11-15 20:31:46,163 [INFO] PluginManage:310 - Check plugin filemanager
2024-11-15 20:31:46,803 [INFO] PluginManage:359 - Loaded plugin filemanager (category:base,tabindex:10)
2024-11-15 20:31:46,817 [INFO] PluginManage:310 - Check plugin ipmanager
2024-11-15 20:31:46,881 [INFO] PluginManage:359 - Loaded plugin ipmanager (category:base,tabindex:5)
2024-11-15 20:31:46,884 [INFO] PluginManage:310 - Check plugin lpbam
2024-11-15 20:31:46,914 [INFO] PluginManage:359 - Loaded plugin lpbam (category:base,tabindex:0)
2024-11-15 20:31:46,915 [INFO] PluginManage:310 - Check plugin memorymap
2024-11-15 20:31:46,955 [INFO] PluginManage:359 - Loaded plugin memorymap (category:base,tabindex:4)
2024-11-15 20:31:46,956 [INFO] PluginManage:310 - Check plugin pinoutandconfiguration
2024-11-15 20:31:46,972 [INFO] PluginManage:359 - Loaded plugin pinoutandconfiguration (category:base,tabindex:1)
2024-11-15 20:31:46,973 [INFO] PluginManage:310 - Check plugin pinoutconfig
2024-11-15 20:31:47,393 [ERROR] LogOutputStream:75 - [STDERR_REDIRECT] [Fatal Error] :2:10: DOCTYPE is disallowed when the feature "http://apache.org/xml/features/disallow-doctype-decl" set to true.
2024-11-15 20:31:47,396 [ERROR] LogOutputStream:75 - [STDERR_REDIRECT] 
2024-11-15 20:31:47,403 [WARN] SupportedApi:132 - Cannot load RTOS API schema: s4s-elt-must-match.1: The content of 'definitions' must match (annotation?, (simpleType | complexType)?, (unique | key | keyref)*)). A problem was found starting at: attribute.
2024-11-15 20:31:47,632 [INFO] PluginManage:359 - Loaded plugin pinoutconfig (category:base,tabindex:0)
2024-11-15 20:31:47,633 [INFO] PluginManage:310 - Check plugin power
2024-11-15 20:31:47,651 [INFO] PluginManage:359 - Loaded plugin power (category:power,tabindex:4)
2024-11-15 20:31:47,652 [INFO] PluginManage:310 - Check plugin projectmanager
2024-11-15 20:31:47,699 [INFO] PluginManage:359 - Loaded plugin projectmanager (category:projectmanager,tabindex:4)
2024-11-15 20:31:47,700 [INFO] PluginManage:310 - Check plugin rif
2024-11-15 20:31:47,704 [INFO] PluginManage:359 - Loaded plugin rif (category:base,tabindex:3)
2024-11-15 20:31:47,705 [INFO] PluginManage:310 - Check plugin thirdparty
2024-11-15 20:31:47,956 [INFO] PluginManage:359 - Loaded plugin thirdparty (category:base,tabindex:-1)
2024-11-15 20:31:47,956 [WARN] IntegrityCheckThread:84 - waiting for thirdparty lock release [integrity check]
2024-11-15 20:31:47,957 [INFO] PluginManage:310 - Check plugin tools
2024-11-15 20:31:47,957 [INFO] IntegrityCheckThread:86 - entering critical section [integrity check]
2024-11-15 20:31:47,959 [INFO] ThirdPartyUpdaterWithRetryManager:70 - Updater plugin not ready yet. [1/15]
2024-11-15 20:31:47,960 [INFO] PluginManage:359 - Loaded plugin tools (category:base,tabindex:7)
2024-11-15 20:31:47,960 [INFO] PluginManage:310 - Check plugin tutovideos
2024-11-15 20:31:48,372 [INFO] PluginManage:359 - Loaded plugin tutovideos (category:base,tabindex:-1)
2024-11-15 20:31:48,374 [INFO] PluginManage:310 - Check plugin updater
2024-11-15 20:31:48,442 [INFO] PluginManage:359 - Loaded plugin updater (category:base,tabindex:12)
2024-11-15 20:31:48,443 [INFO] PluginManage:310 - Check plugin userauth
2024-11-15 20:31:48,455 [INFO] UserAuth:113 - Init User Auth plugin
2024-11-15 20:31:48,455 [INFO] PluginManage:359 - Loaded plugin userauth (category:base,tabindex:14)
2024-11-15 20:31:48,457 [INFO] PluginManage:283 - PluginManage : Loaded plugins [18]
2024-11-15 20:31:48,841 [INFO] PinOutPanel:1561 - setPackage(No Configuration,No Configuration)
2024-11-15 20:31:48,968 [INFO] CADModel:165 - CPN selected for project level
2024-11-15 20:31:48,968 [INFO] CADModel:114 - Register for checkConnection events
2024-11-15 20:31:48,983 [INFO] IPUIPlugin:80 - create IPUIPlugin
2024-11-15 20:31:48,984 [INFO] PluginManager:220 - loadIPPluginJar : add mdma
2024-11-15 20:31:48,989 [INFO] IPUIPlugin:80 - create IPUIPlugin
2024-11-15 20:31:48,990 [INFO] PluginManager:220 - loadIPPluginJar : add freertos
2024-11-15 20:31:48,994 [INFO] IPUIPlugin:80 - create IPUIPlugin
2024-11-15 20:31:48,994 [INFO] PluginManager:220 - loadIPPluginJar : add gic
2024-11-15 20:31:49,003 [INFO] IPUIPlugin:80 - create IPUIPlugin
2024-11-15 20:31:49,003 [INFO] PluginManager:220 - loadIPPluginJar : add adc
2024-11-15 20:31:49,005 [INFO] IPUIPlugin:80 - create IPUIPlugin
2024-11-15 20:31:49,005 [INFO] PluginManager:220 - loadIPPluginJar : add gtzc
2024-11-15 20:31:49,006 [INFO] IPUIPlugin:80 - create IPUIPlugin
2024-11-15 20:31:49,006 [INFO] PluginManager:220 - loadIPPluginJar : add quadspi
2024-11-15 20:31:49,008 [INFO] IPUIPlugin:80 - create IPUIPlugin
2024-11-15 20:31:49,008 [INFO] PluginManager:220 - loadIPPluginJar : add aes
2024-11-15 20:31:49,010 [INFO] IPUIPlugin:80 - create IPUIPlugin
2024-11-15 20:31:49,010 [INFO] PluginManager:220 - loadIPPluginJar : add pdm2pcm
2024-11-15 20:31:49,012 [INFO] IPUIPlugin:80 - create IPUIPlugin
2024-11-15 20:31:49,012 [INFO] PluginManager:220 - loadIPPluginJar : add hash
2024-11-15 20:31:49,013 [INFO] IPUIPlugin:80 - create IPUIPlugin
2024-11-15 20:31:49,013 [INFO] PluginManager:220 - loadIPPluginJar : add tim
2024-11-15 20:31:49,014 [INFO] IPUIPlugin:80 - create IPUIPlugin
2024-11-15 20:31:49,014 [INFO] PluginManager:220 - loadIPPluginJar : add tsc
2024-11-15 20:31:49,016 [INFO] IPUIPlugin:80 - create IPUIPlugin
2024-11-15 20:31:49,016 [INFO] PluginManager:220 - loadIPPluginJar : add extmemmanager
2024-11-15 20:31:49,018 [INFO] IPUIPlugin:80 - create IPUIPlugin
2024-11-15 20:31:49,019 [INFO] PluginManager:220 - loadIPPluginJar : add ts
2024-11-15 20:31:49,020 [INFO] IPUIPlugin:80 - create IPUIPlugin
2024-11-15 20:31:49,020 [INFO] PluginManager:220 - loadIPPluginJar : add radio
2024-11-15 20:31:49,022 [INFO] IPUIPlugin:80 - create IPUIPlugin
2024-11-15 20:31:49,022 [INFO] PluginManager:220 - loadIPPluginJar : add can
2024-11-15 20:31:49,025 [INFO] IPUIPlugin:80 - create IPUIPlugin
2024-11-15 20:31:49,025 [INFO] PluginManager:220 - loadIPPluginJar : add dma3
2024-11-15 20:31:49,027 [INFO] IPUIPlugin:80 - create IPUIPlugin
2024-11-15 20:31:49,027 [INFO] PluginManager:220 - loadIPPluginJar : add dfsdm
2024-11-15 20:31:49,029 [INFO] IPUIPlugin:80 - create IPUIPlugin
2024-11-15 20:31:49,029 [INFO] PluginManager:220 - loadIPPluginJar : add spi
2024-11-15 20:31:49,030 [INFO] IPUIPlugin:80 - create IPUIPlugin
2024-11-15 20:31:49,031 [INFO] PluginManager:220 - loadIPPluginJar : add gfxmmu
2024-11-15 20:31:49,033 [INFO] IPUIPlugin:80 - create IPUIPlugin
2024-11-15 20:31:49,033 [INFO] PluginManager:220 - loadIPPluginJar : add genericplugin
2024-11-15 20:31:49,037 [INFO] IPUIPlugin:80 - create IPUIPlugin
2024-11-15 20:31:49,038 [INFO] PluginManager:220 - loadIPPluginJar : add cryp
2024-11-15 20:31:49,046 [INFO] IPUIPlugin:80 - create IPUIPlugin
2024-11-15 20:31:49,046 [INFO] PluginManager:220 - loadIPPluginJar : add gpio
2024-11-15 20:31:49,052 [INFO] IPUIPlugin:80 - create IPUIPlugin
2024-11-15 20:31:49,052 [INFO] PluginManager:220 - loadIPPluginJar : add ddr_ctrl_phy
2024-11-15 20:31:49,054 [INFO] IPUIPlugin:80 - create IPUIPlugin
2024-11-15 20:31:49,054 [INFO] PluginManager:220 - loadIPPluginJar : add comp
2024-11-15 20:31:49,056 [INFO] IPUIPlugin:80 - create IPUIPlugin
2024-11-15 20:31:49,056 [INFO] PluginManager:220 - loadIPPluginJar : add tracer_emb
2024-11-15 20:31:49,058 [INFO] IPUIPlugin:80 - create IPUIPlugin
2024-11-15 20:31:49,058 [INFO] PluginManager:220 - loadIPPluginJar : add openamp
2024-11-15 20:31:49,063 [INFO] IPUIPlugin:80 - create IPUIPlugin
2024-11-15 20:31:49,064 [INFO] PluginManager:220 - loadIPPluginJar : add stm32_wpan
2024-11-15 20:31:49,069 [INFO] IPUIPlugin:80 - create IPUIPlugin
2024-11-15 20:31:49,075 [INFO] PluginManager:220 - loadIPPluginJar : add plateformsettings
2024-11-15 20:31:49,078 [INFO] IPUIPlugin:80 - create IPUIPlugin
2024-11-15 20:31:49,078 [INFO] PluginManager:220 - loadIPPluginJar : add ipddr
2024-11-15 20:31:49,083 [INFO] IPUIPlugin:80 - create IPUIPlugin
2024-11-15 20:31:49,083 [INFO] PluginManager:220 - loadIPPluginJar : add usart
2024-11-15 20:31:49,085 [INFO] IPUIPlugin:80 - create IPUIPlugin
2024-11-15 20:31:49,086 [INFO] PluginManager:220 - loadIPPluginJar : add ltdc
2024-11-15 20:31:49,089 [INFO] IPUIPlugin:80 - create IPUIPlugin
2024-11-15 20:31:49,089 [INFO] PluginManager:220 - loadIPPluginJar : add nvic
2024-11-15 20:31:49,090 [INFO] IPUIPlugin:80 - create IPUIPlugin
2024-11-15 20:31:49,090 [INFO] PluginManager:220 - loadIPPluginJar : add fatfs
2024-11-15 20:31:49,097 [INFO] IPUIPlugin:80 - create IPUIPlugin
2024-11-15 20:31:49,097 [INFO] PluginManager:220 - loadIPPluginJar : add linkedlist
2024-11-15 20:31:49,102 [INFO] IPUIPlugin:80 - create IPUIPlugin
2024-11-15 20:31:49,102 [INFO] PluginManager:220 - loadIPPluginJar : add dma
2024-11-15 20:31:49,105 [INFO] IPUIPlugin:80 - create IPUIPlugin
2024-11-15 20:31:49,105 [INFO] PluginManager:220 - loadIPPluginJar : add fmc
2024-11-15 20:31:49,107 [INFO] IPUIPlugin:80 - create IPUIPlugin
2024-11-15 20:31:49,108 [INFO] PluginManager:220 - loadIPPluginJar : add i2s
2024-11-15 20:31:49,109 [INFO] IPUIPlugin:80 - create IPUIPlugin
2024-11-15 20:31:49,110 [INFO] PluginManager:220 - loadIPPluginJar : add ucpd
2024-11-15 20:31:49,112 [INFO] IPUIPlugin:80 - create IPUIPlugin
2024-11-15 20:31:49,112 [INFO] PluginManager:220 - loadIPPluginJar : add lorawan
2024-11-15 20:31:49,114 [INFO] IPUIPlugin:80 - create IPUIPlugin
2024-11-15 20:31:49,114 [INFO] PluginManager:220 - loadIPPluginJar : add opamp
2024-11-15 20:31:49,116 [INFO] IPUIPlugin:80 - create IPUIPlugin
2024-11-15 20:31:49,117 [INFO] PluginManager:220 - loadIPPluginJar : add i3c
2024-11-15 20:31:49,120 [INFO] IPUIPlugin:80 - create IPUIPlugin
2024-11-15 20:31:49,120 [INFO] PluginManager:220 - loadIPPluginJar : add touchsensing
2024-11-15 20:31:49,122 [INFO] IPUIPlugin:80 - create IPUIPlugin
2024-11-15 20:31:49,122 [INFO] PluginManager:220 - loadIPPluginJar : add i2c
2024-11-15 20:31:49,125 [INFO] IPUIPlugin:80 - create IPUIPlugin
2024-11-15 20:31:49,126 [INFO] PluginManager:220 - loadIPPluginJar : add resmgrutility
2024-11-15 20:31:49,130 [INFO] IPUIPlugin:80 - create IPUIPlugin
2024-11-15 20:31:49,130 [INFO] PluginManager:220 - loadIPPluginJar : add sai
2024-11-15 20:31:49,132 [INFO] IPUIPlugin:80 - create IPUIPlugin
2024-11-15 20:31:49,132 [INFO] PluginManager:220 - loadIPPluginJar : add usbx
2024-11-15 20:31:49,282 [INFO] CADModel:165 - CPN selected for project level
2024-11-15 20:31:49,283 [INFO] CADModel:114 - Register for checkConnection events
2024-11-15 20:31:49,285 [FATAL] Updater:334 - Updater called before beeing initialized
2024-11-15 20:31:49,285 [ERROR] CADModel:125 - Updater not yet initialized, retry later 
2024-11-15 20:31:49,812 [INFO] CADModel:165 - CPN selected for project level
2024-11-15 20:31:49,814 [INFO] CADModel:114 - Register for checkConnection events
2024-11-15 20:31:49,814 [FATAL] Updater:334 - Updater called before beeing initialized
2024-11-15 20:31:49,814 [ERROR] CADModel:125 - Updater not yet initialized, retry later 
2024-11-15 20:31:49,818 [FATAL] Updater:334 - Updater called before beeing initialized
2024-11-15 20:31:50,060 [FATAL] Updater:334 - Updater called before beeing initialized
2024-11-15 20:31:50,070 [INFO] DbMcusAds:53 - JSON generation date=Fri Sep 20 10:04:38 ART 2024 (1726837478367)
2024-11-15 20:31:50,070 [FATAL] Updater:334 - Updater called before beeing initialized
2024-11-15 20:31:50,159 [WARN] DetailPanel:346 - Failed to get advertising image, set to default
2024-11-15 20:31:50,281 [FATAL] Updater:334 - Updater called before beeing initialized
2024-11-15 20:31:50,284 [FATAL] Updater:334 - Updater called before beeing initialized
2024-11-15 20:31:50,284 [FATAL] Updater:334 - Updater called before beeing initialized
2024-11-15 20:31:50,284 [WARN] DetailPanel:346 - Failed to get advertising image, set to default
2024-11-15 20:31:50,286 [FATAL] Updater:334 - Updater called before beeing initialized
2024-11-15 20:31:50,376 [ERROR] Updater:1164 - MainUpdater not yet initialized. External WinMGr cannot be set.
2024-11-15 20:31:50,388 [INFO] Updater:1100 - Updater Version found : 6.12.1
2024-11-15 20:31:50,408 [INFO] ApplicationProperties:184 - Using Application install path: /Applications/STM32CubeIDE.app/Contents/Eclipse/plugins/com.st.stm32cube.common.mx_6.12.1.202409122256
2024-11-15 20:31:50,857 [INFO] MainUpdater:2873 - connection check result : 10
2024-11-15 20:31:50,858 [INFO] MainUpdater:290 - Updater Check For Update Now.
2024-11-15 20:31:50,858 [INFO] MicroXplorer:498 - Change Database Version : DB.6.0.121
2024-11-15 20:31:50,866 [INFO] McuFinderGlobals:63 - Set McuFinder mode to 2 (CubeIDE integrated)
2024-11-15 20:31:50,868 [INFO] UserAuth:417 - Internet connection configuration mode: 1
2024-11-15 20:31:50,891 [INFO] JxBrowserEngine:152 - Initiate JxBrowser Engine with user profile folder
2024-11-15 20:31:50,967 [WARN] MainUpdater:1194 - Updater busy. Cannot search thirdparties
2024-11-15 20:31:50,967 [INFO] ThirdPartyUpdaterWithRetryManager:96 - Updater plugin is busy. [1/15]
2024-11-15 20:31:51,201 [INFO] CheckServerUpdateThread:120 - End of CheckServer Thread
2024-11-15 20:31:54,274 [WARN] PackLoader:240 - Cannot read IP mode file for STMicroelectronics.FP-SNS-MOTENVWB1.1.4.0
2024-11-15 20:31:54,334 [WARN] PackLoader:240 - Cannot read IP mode file for STMicroelectronics.FP-ATR-ASTRA1.2.0.1
2024-11-15 20:31:54,368 [WARN] PackLoader:240 - Cannot read IP mode file for STMicroelectronics.X-CUBE-SMBUS.2.1.0
2024-11-15 20:31:54,385 [WARN] PackLoader:240 - Cannot read IP mode file for STMicroelectronics.X-CUBE-WB05N.1.1.0
2024-11-15 20:31:54,480 [WARN] PackLoader:240 - Cannot read IP mode file for STMicroelectronics.X-CUBE-AZRTOS-F7.1.1.0
2024-11-15 20:31:54,816 [WARN] PackLoader:240 - Cannot read IP mode file for STMicroelectronics.X-CUBE-MEMS1.11.0.0
2024-11-15 20:31:55,310 [WARN] PackLoader:240 - Cannot read IP mode file for STMicroelectronics.FP-SNS-FLIGHT1.5.0.2
2024-11-15 20:31:55,354 [WARN] PackLoader:240 - Cannot read IP mode file for STMicroelectronics.X-CUBE-DISPLAY.3.0.0
2024-11-15 20:31:55,396 [WARN] PackLoader:240 - Cannot read IP mode file for STMicroelectronics.X-CUBE-BLE1.7.0.0
2024-11-15 20:31:55,447 [WARN] PackLoader:240 - Cannot read IP mode file for STMicroelectronics.X-CUBE-NFC10.1.0.0
2024-11-15 20:31:55,493 [WARN] PackLoader:240 - Cannot read IP mode file for emotas.I-CUBE-CANOPEN.1.3.0
2024-11-15 20:31:55,529 [WARN] PackLoader:240 - Cannot read IP mode file for STMicroelectronics.X-CUBE-BLEMGR.3.1.0
2024-11-15 20:31:55,579 [WARN] PackLoader:240 - Cannot read IP mode file for STMicroelectronics.FP-SNS-SMARTAG2.1.2.0
2024-11-15 20:31:55,612 [INFO] LogOutputStream:77 - [STDOUT_REDIRECT] 1 : Invalid condition id : UX_CORESTACK_Condition cause : null
2024-11-15 20:31:55,620 [INFO] LogOutputStream:77 - [STDOUT_REDIRECT] 1 : Invalid condition id : UX_CORESTACK_Condition cause : null
2024-11-15 20:31:55,621 [INFO] LogOutputStream:77 - [STDOUT_REDIRECT] 1 : Invalid condition id : UX_CORESTACK_Condition cause : null
2024-11-15 20:31:55,621 [INFO] LogOutputStream:77 - [STDOUT_REDIRECT] 1 : Invalid condition id : UX_CORESTACK_Condition cause : null
2024-11-15 20:31:55,624 [INFO] LogOutputStream:77 - [STDOUT_REDIRECT] 1 : Invalid condition id : UX_CORESTACK_Condition cause : null
2024-11-15 20:31:55,635 [WARN] PackLoader:240 - Cannot read IP mode file for STMicroelectronics.X-CUBE-AZRTOS-WL.2.0.0
2024-11-15 20:31:55,654 [WARN] PackLoader:240 - Cannot read IP mode file for STMicroelectronics.FP-SNS-MOTENV1.5.0.0
2024-11-15 20:31:55,689 [WARN] PackLoader:240 - Cannot read IP mode file for wolfSSL.I-CUBE-wolfMQTT.1.19.0
2024-11-15 20:31:55,718 [WARN] PackLoader:240 - Cannot read IP mode file for WES.I-CUBE-Cesium.1.3.0
2024-11-15 20:31:55,733 [WARN] PackLoader:240 - Cannot read IP mode file for STMicroelectronics.X-CUBE-BLE2.3.3.0
2024-11-15 20:31:55,750 [WARN] PackLoader:240 - Cannot read IP mode file for STMicroelectronics.X-CUBE-NFC9.1.0.0
2024-11-15 20:31:55,767 [WARN] PackLoader:240 - Cannot read IP mode file for STMicroelectronics.X-CUBE-TCPP.4.1.0
2024-11-15 20:31:55,809 [WARN] PackLoader:240 - Cannot read IP mode file for STMicroelectronics.X-CUBE-AZRTOS-G0.1.1.0
2024-11-15 20:31:55,825 [WARN] PackLoader:240 - Cannot read IP mode file for STMicroelectronics.X-CUBE-SAFEA1.1.2.2
2024-11-15 20:31:55,848 [WARN] PackLoader:240 - Cannot read IP mode file for STMicroelectronics.X-CUBE-NFC4.3.0.0
2024-11-15 20:31:55,875 [WARN] PackLoader:240 - Cannot read IP mode file for EmbeddedOffice.I-CUBE-FS-RTOS.1.0.1
2024-11-15 20:31:55,876 [ERROR] ConditionMgr:805 - Attr not supported : Dmpu
2024-11-15 20:31:55,877 [ERROR] ConditionMgr:805 - Attr not supported : Dmpu
2024-11-15 20:31:55,877 [ERROR] ConditionMgr:805 - Attr not supported : Dmpu
2024-11-15 20:31:55,877 [ERROR] ConditionMgr:805 - Attr not supported : Dmpu
2024-11-15 20:31:55,878 [ERROR] ConditionMgr:805 - Attr not supported : Dmpu
2024-11-15 20:31:55,878 [ERROR] ConditionMgr:805 - Attr not supported : Dmpu
2024-11-15 20:31:55,878 [ERROR] ConditionMgr:805 - Attr not supported : Dmpu
2024-11-15 20:31:55,878 [ERROR] ConditionMgr:805 - Attr not supported : Dmpu
2024-11-15 20:31:55,878 [ERROR] ConditionMgr:805 - Attr not supported : Dmpu
2024-11-15 20:31:55,879 [ERROR] ConditionMgr:805 - Attr not supported : Dmpu
2024-11-15 20:31:55,879 [ERROR] ConditionMgr:805 - Attr not supported : Dmpu
2024-11-15 20:31:55,880 [ERROR] ConditionMgr:805 - Attr not supported : Dmpu
2024-11-15 20:31:55,880 [ERROR] ConditionMgr:805 - Attr not supported : Dmpu
2024-11-15 20:31:55,880 [ERROR] ConditionMgr:805 - Attr not supported : Dmpu
2024-11-15 20:31:55,880 [ERROR] ConditionMgr:805 - Attr not supported : Dmpu
2024-11-15 20:31:55,880 [ERROR] ConditionMgr:805 - Attr not supported : Dmpu
2024-11-15 20:31:55,880 [ERROR] ConditionMgr:805 - Attr not supported : Dmpu
2024-11-15 20:31:55,880 [ERROR] ConditionMgr:805 - Attr not supported : Dmpu
2024-11-15 20:31:55,881 [ERROR] ConditionMgr:805 - Attr not supported : Dmpu
2024-11-15 20:31:55,881 [ERROR] ConditionMgr:805 - Attr not supported : Dmpu
2024-11-15 20:31:55,881 [ERROR] ConditionMgr:805 - Attr not supported : Dmpu
2024-11-15 20:31:55,882 [ERROR] ConditionMgr:805 - Attr not supported : Dmpu
2024-11-15 20:31:55,882 [ERROR] ConditionMgr:805 - Attr not supported : Dmpu
2024-11-15 20:31:55,882 [ERROR] ConditionMgr:805 - Attr not supported : Dmpu
2024-11-15 20:31:55,882 [ERROR] ConditionMgr:805 - Attr not supported : Dmpu
2024-11-15 20:31:55,882 [ERROR] ConditionMgr:805 - Attr not supported : Dmpu
2024-11-15 20:31:55,882 [ERROR] ConditionMgr:805 - Attr not supported : Dmpu
2024-11-15 20:31:55,882 [ERROR] ConditionMgr:805 - Attr not supported : Dmpu
2024-11-15 20:31:55,882 [ERROR] ConditionMgr:805 - Attr not supported : Dmpu
2024-11-15 20:31:55,882 [ERROR] ConditionMgr:805 - Attr not supported : Dmpu
2024-11-15 20:31:55,883 [ERROR] ConditionMgr:805 - Attr not supported : Dmpu
2024-11-15 20:31:55,883 [ERROR] ConditionMgr:805 - Attr not supported : Dmpu
2024-11-15 20:31:55,883 [ERROR] ConditionMgr:805 - Attr not supported : Dmpu
2024-11-15 20:31:55,883 [ERROR] ConditionMgr:805 - Attr not supported : Dmpu
2024-11-15 20:31:55,884 [ERROR] ConditionMgr:805 - Attr not supported : Dmpu
2024-11-15 20:31:55,885 [ERROR] ConditionMgr:805 - Attr not supported : Dmpu
2024-11-15 20:31:55,888 [ERROR] ConditionMgr:805 - Attr not supported : Dmpu
2024-11-15 20:31:55,889 [ERROR] ConditionMgr:805 - Attr not supported : Dmpu
2024-11-15 20:31:55,889 [ERROR] ConditionMgr:805 - Attr not supported : Dmpu
2024-11-15 20:31:55,890 [ERROR] ConditionMgr:805 - Attr not supported : Dmpu
2024-11-15 20:31:55,890 [ERROR] ConditionMgr:805 - Attr not supported : Dmpu
2024-11-15 20:31:55,890 [ERROR] ConditionMgr:805 - Attr not supported : Dmpu
2024-11-15 20:31:55,890 [ERROR] ConditionMgr:805 - Attr not supported : Dmpu
2024-11-15 20:31:55,890 [ERROR] ConditionMgr:805 - Attr not supported : Dmpu
2024-11-15 20:31:55,890 [ERROR] ConditionMgr:805 - Attr not supported : Dmpu
2024-11-15 20:31:55,890 [ERROR] ConditionMgr:805 - Attr not supported : Dmpu
2024-11-15 20:31:55,890 [ERROR] ConditionMgr:805 - Attr not supported : Dmpu
2024-11-15 20:31:55,890 [ERROR] ConditionMgr:805 - Attr not supported : Dmpu
2024-11-15 20:31:55,890 [ERROR] ConditionMgr:805 - Attr not supported : Dmpu
2024-11-15 20:31:55,890 [ERROR] ConditionMgr:805 - Attr not supported : Dmpu
2024-11-15 20:31:55,890 [ERROR] ConditionMgr:805 - Attr not supported : Dmpu
2024-11-15 20:31:55,890 [ERROR] ConditionMgr:805 - Attr not supported : Dmpu
2024-11-15 20:31:55,890 [ERROR] ConditionMgr:805 - Attr not supported : Dmpu
2024-11-15 20:31:55,890 [ERROR] ConditionMgr:805 - Attr not supported : Dmpu
2024-11-15 20:31:55,891 [ERROR] ConditionMgr:805 - Attr not supported : Dmpu
2024-11-15 20:31:55,891 [ERROR] ConditionMgr:805 - Attr not supported : Dmpu
2024-11-15 20:31:55,892 [ERROR] ConditionMgr:805 - Attr not supported : Dmpu
2024-11-15 20:31:55,892 [ERROR] ConditionMgr:805 - Attr not supported : Dmpu
2024-11-15 20:31:55,892 [ERROR] ConditionMgr:805 - Attr not supported : Dmpu
2024-11-15 20:31:55,892 [ERROR] ConditionMgr:805 - Attr not supported : Dmpu
2024-11-15 20:31:55,892 [ERROR] ConditionMgr:805 - Attr not supported : Dmpu
2024-11-15 20:31:55,892 [ERROR] ConditionMgr:805 - Attr not supported : Dmpu
2024-11-15 20:31:55,892 [ERROR] ConditionMgr:805 - Attr not supported : Dmpu
2024-11-15 20:31:55,892 [ERROR] ConditionMgr:805 - Attr not supported : Dmpu
2024-11-15 20:31:55,900 [WARN] PackLoader:240 - Cannot read IP mode file for RealThread.X-CUBE-RT-Thread_Nano.4.1.1
2024-11-15 20:31:55,913 [WARN] PackLoader:240 - Cannot read IP mode file for STMicroelectronics.FP-ATR-SIGFOX1.3.2.0
2024-11-15 20:31:55,921 [WARN] PackLoader:240 - Cannot read IP mode file for wolfSSL.I-CUBE-wolfSSL.5.7.2
2024-11-15 20:31:55,928 [WARN] ConditionMgr:438 - getConditionDescription Invalid condition id : Cortex-A Device cause : null
2024-11-15 20:31:55,956 [WARN] ConditionMgr:1039 - genDependencies : Invalid condition id : Cortex-A Device cause : null
2024-11-15 20:31:55,957 [WARN] ConditionMgr:1039 - genDependencies : Invalid condition id : Cortex-A Device cause : null
2024-11-15 20:31:55,957 [WARN] ConditionMgr:1039 - genDependencies : Invalid condition id : Cortex-A Device cause : null
2024-11-15 20:31:55,968 [WARN] PackLoader:240 - Cannot read IP mode file for STMicroelectronics.X-CUBE-EEPRMA1.5.1.0
2024-11-15 20:31:55,992 [WARN] PackLoader:240 - Cannot read IP mode file for ITTIA_DB.I-CUBE-ITTIADB.8.9.0
2024-11-15 20:31:56,094 [WARN] PackLoader:240 - Cannot read IP mode file for SEGGER.I-CUBE-embOS.1.3.1
2024-11-15 20:31:56,262 [WARN] PackLoader:240 - Cannot read IP mode file for STMicroelectronics.X-CUBE-ALGOBUILD.1.4.0
2024-11-15 20:31:56,270 [WARN] PackLoader:240 - Cannot read IP mode file for STMicroelectronics.X-CUBE-AI.9.1.0
2024-11-15 20:31:56,370 [WARN] PackLoader:240 - Cannot read IP mode file for STMicroelectronics.X-CUBE-AZRTOS-F4.1.1.0
2024-11-15 20:31:56,413 [WARN] PackLoader:240 - Cannot read IP mode file for STMicroelectronics.X-CUBE-ISPU.2.1.0
2024-11-15 20:31:56,580 [WARN] PackLoader:240 - Cannot read IP mode file for STMicroelectronics.X-CUBE-FREERTOS.1.2.0
2024-11-15 20:31:57,062 [WARN] PackLoader:240 - Cannot read IP mode file for STMicroelectronics.X-CUBE-AZRTOS-L5.2.0.0
2024-11-15 20:31:57,184 [WARN] PackLoader:240 - Cannot read IP mode file for STMicroelectronics.X-CUBE-NFC6.3.1.0
2024-11-15 20:31:57,204 [WARN] PackLoader:240 - Cannot read IP mode file for STMicroelectronics.X-CUBE-DPower.1.2.0
2024-11-15 20:31:57,214 [WARN] PackLoader:240 - Cannot read IP mode file for STMicroelectronics.X-CUBE-AI.9.0.0
2024-11-15 20:31:57,223 [WARN] PackLoader:240 - Cannot read IP mode file for STMicroelectronics.X-CUBE-NFC7.1.0.1
2024-11-15 20:31:57,267 [WARN] ConditionMgr:438 - getConditionDescription Invalid condition id : LAN8742 Phy interface Condition cause : null
2024-11-15 20:31:57,269 [WARN] PackLoader:240 - Cannot read IP mode file for STMicroelectronics.X-CUBE-AZRTOS-L4.2.0.0
2024-11-15 20:31:57,273 [WARN] ConditionMgr:1039 - genDependencies : Invalid condition id : LAN8742 Phy interface Condition cause : null
2024-11-15 20:31:57,274 [WARN] ConditionMgr:1039 - genDependencies : Invalid condition id : LAN8742 Phy interface Condition cause : null
2024-11-15 20:31:57,276 [WARN] ConditionMgr:1039 - genDependencies : Invalid condition id : LAN8742 Phy interface Condition cause : null
2024-11-15 20:31:57,334 [WARN] PackLoader:240 - Cannot read IP mode file for STMicroelectronics.X-CUBE-SFXS2LP1.4.0.0
2024-11-15 20:31:57,399 [WARN] PackLoader:240 - Cannot read IP mode file for STMicroelectronics.X-CUBE-AZRTOS-H7.3.3.0
2024-11-15 20:31:57,436 [WARN] PackLoader:240 - Cannot read IP mode file for STMicroelectronics.X-CUBE-IPS.3.0.0
2024-11-15 20:31:57,461 [INFO] WebApp:167 - Instantiating new browser for Auth
2024-11-15 20:31:57,504 [WARN] ConditionMgr:438 - getConditionDescription Invalid condition id : UX DEVICE CLASS RTOS Condition cause : null
2024-11-15 20:31:57,510 [WARN] ConditionMgr:438 - getConditionDescription Invalid condition id : UX DEVICE CLASS RTOS Condition cause : null
2024-11-15 20:31:57,540 [WARN] PackLoader:240 - Cannot read IP mode file for STMicroelectronics.X-CUBE-AZRTOS-WB.2.0.0
2024-11-15 20:31:57,545 [WARN] ConditionMgr:1039 - genDependencies : Invalid condition id : UX DEVICE CLASS RTOS Condition cause : null
2024-11-15 20:31:57,551 [WARN] ConditionMgr:1039 - genDependencies : Invalid condition id : UX DEVICE CLASS RTOS Condition cause : null
2024-11-15 20:31:57,556 [WARN] ConditionMgr:1039 - genDependencies : Invalid condition id : UX DEVICE CLASS RTOS Condition cause : null
2024-11-15 20:31:57,560 [WARN] ConditionMgr:1039 - genDependencies : Invalid condition id : UX DEVICE CLASS RTOS Condition cause : null
2024-11-15 20:31:57,564 [WARN] ConditionMgr:1039 - genDependencies : Invalid condition id : UX DEVICE CLASS RTOS Condition cause : null
2024-11-15 20:31:57,590 [WARN] PackLoader:240 - Cannot read IP mode file for STMicroelectronics.X-CUBE-GNSS1.7.0.0
2024-11-15 20:31:57,615 [WARN] PackLoader:240 - Cannot read IP mode file for STMicroelectronics.FP-SNS-STBOX1.2.0.0
2024-11-15 20:31:57,676 [WARN] PackLoader:240 - Cannot read IP mode file for STMicroelectronics.X-CUBE-SUBG2.5.0.0
2024-11-15 20:31:57,748 [WARN] PackLoader:240 - Cannot read IP mode file for Cesanta.I-CUBE-Mongoose.7.13.0
2024-11-15 20:31:57,811 [WARN] PackLoader:240 - Cannot read IP mode file for STMicroelectronics.X-CUBE-AZRTOS-G4.2.0.0
2024-11-15 20:31:57,878 [WARN] PackLoader:240 - Cannot read IP mode file for STMicroelectronics.X-CUBE-ALS.1.0.2
2024-11-15 20:31:57,907 [WARN] PackLoader:240 - Cannot read IP mode file for STMicroelectronics.X-CUBE-TOUCHGFX.4.24.0
2024-11-15 20:31:57,911 [WARN] PackLoader:240 - Cannot read IP mode file for STMicroelectronics.X-CUBE-TOUCHGFX.4.24.1
2024-11-15 20:31:57,916 [WARN] PackLoader:240 - Cannot read IP mode file for wolfSSL.I-CUBE-wolfTPM.3.4.0
2024-11-15 20:31:57,925 [WARN] PackLoader:240 - Cannot read IP mode file for portGmbH.I-Cube-SoM-uGOAL.1.1.0
2024-11-15 20:31:57,979 [WARN] PackLoader:240 - Cannot read IP mode file for STMicroelectronics.X-CUBE-AZRTOS-H7RS.1.0.0
2024-11-15 20:31:58,012 [WARN] PackLoader:240 - Cannot read IP mode file for STMicroelectronics.FP-ATR-ASTRA1.2.0.0
2024-11-15 20:31:58,039 [WARN] PackLoader:240 - Cannot read IP mode file for STMicroelectronics.X-CUBE-TOF1.3.4.2
2024-11-15 20:31:58,135 [WARN] PackLoader:240 - Cannot read IP mode file for Infineon.AIROC-Wi-Fi-Bluetooth-STM32.1.6.1
2024-11-15 20:31:58,169 [WARN] PackLoader:240 - Cannot read IP mode file for wolfSSL.I-CUBE-wolfSSH.1.4.17
2024-11-15 20:31:58,194 [INFO] ThirdParty:978 - Integrity check success = true
2024-11-15 20:31:58,194 [INFO] IntegrityCheckThread:100 - exiting critical section [integrity check]
2024-11-15 20:31:58,194 [INFO] IntegrityCheckThread:103 - End integrity checks thread
2024-11-15 20:32:00,478 [INFO] WebApp:448 - Apply proxy settings
2024-11-15 20:32:00,492 [INFO] WebApp:493 - Chromium authenticates against Manually configured proxy
2024-11-15 20:32:00,538 [INFO] WebApp:501 - Username used for proxy authentication: 
2024-11-15 20:32:00,649 [INFO] WebApp:869 - Register for checkConnection events
2024-11-15 20:32:00,649 [INFO] WebApp:448 - Apply proxy settings
2024-11-15 20:32:00,653 [INFO] WebApp:493 - Chromium authenticates against Manually configured proxy
2024-11-15 20:32:00,653 [INFO] WebApp:501 - Username used for proxy authentication: 
2024-11-15 20:32:00,916 [INFO] WebApp:220 - Starting web application
2024-11-15 20:32:00,916 [INFO] WebApp:578 - Web application path used /Applications/STM32CubeIDE.app/Contents/Eclipse/plugins/com.st.stm32cube.common.mx_6.12.1.202409122256/db/plugins/mcufinder/reactClient1/index.html
2024-11-15 20:32:01,616 [INFO] WebApp:186 - Connection restablished
2024-11-15 20:32:01,845 [INFO] UserAuth:417 - Internet connection configuration mode: 1
2024-11-15 20:32:43,884 [ERROR] LogOutputStream:75 - [STDERR_REDIRECT] 
