2024-12-22 12:10:55,068 [INFO] Activator:176 - 


2024-12-22 12:10:55,077 [INFO] Activator:177 - !SESSION log4j initialized
2024-12-22 12:11:01,723 [INFO] LogOutputStream:77 - [STDOUT_REDIRECT] 
2024-12-22 12:11:03,863 [ERROR] LogOutputStream:75 - [STDERR_REDIRECT] 
2024-12-22 12:11:06,827 [INFO] LogOutputStream:77 - [STDOUT_REDIRECT] 
2024-12-22 12:11:09,074 [INFO] ApplicationProperties:184 - Using Application install path: /Applications/STM32CubeIDE.app/Contents/Eclipse/plugins/com.st.stm32cube.common.mx_6.12.1.202409122256
2024-12-22 12:11:09,103 [INFO] DbMcusXml:78 - Set database path to: /Applications/STM32CubeIDE.app/Contents/Eclipse/plugins/com.st.stm32cube.common.mx_6.12.1.202409122256//db//mcu/
2024-12-22 12:11:09,104 [INFO] ApiDb:274 - Set plugin database path to: /Applications/STM32CubeIDE.app/Contents/Eclipse/plugins/com.st.stm32cube.common.mx_6.12.1.202409122256//db//plugins/boardmanager/
2024-12-22 12:11:09,104 [WARN] ApiDb:259 - Overriding images path with different value:  => /Applications/STM32CubeIDE.app/Contents/Eclipse/plugins/com.st.stm32cube.common.mx_6.12.1.202409122256//db//plugins/mcufinder/images/
2024-12-22 12:11:09,117 [INFO] ApiDb:250 - Set database path to: /Users/apple/.stmcufinder/plugins/mcufinder//mcu/
2024-12-22 12:11:09,118 [INFO] DbMcusAds:125 - Set database path to: /Users/apple/.stmcufinder/plugins/mcufinder//mcu/
2024-12-22 12:11:09,121 [INFO] CrossReferenceDbSqlite:203 - Set database path to: /Users/apple/.stmcufinder/plugins/mcufinder//mcu/cs/
2024-12-22 12:11:09,307 [INFO] RulesReader:64 - Compatibility file has been processed (297 Rules)
2024-12-22 12:11:09,403 [INFO] DbMcusXml:78 - Set database path to: /Applications/STM32CubeIDE.app/Contents/Eclipse/plugins/com.st.stm32cube.common.mx_6.12.1.202409122256//db//mcu/
2024-12-22 12:11:09,404 [INFO] ApiDb:274 - Set plugin database path to: /Applications/STM32CubeIDE.app/Contents/Eclipse/plugins/com.st.stm32cube.common.mx_6.12.1.202409122256//db//plugins/boardmanager/
2024-12-22 12:11:09,404 [INFO] ApiDb:261 - Set plugin images path to: /Applications/STM32CubeIDE.app/Contents/Eclipse/plugins/com.st.stm32cube.common.mx_6.12.1.202409122256//db//plugins/mcufinder/images/
2024-12-22 12:11:09,405 [WARN] DbFile:41 - Overriding database path with different value: /Users/apple/.stmcufinder/plugins/mcufinder/ => /Users/apple/.stmcufinder/plugins/mcufinder
2024-12-22 12:11:09,405 [INFO] ApiDb:250 - Set database path to: /Users/apple/.stmcufinder/plugins/mcufinder//mcu/
2024-12-22 12:11:09,405 [WARN] DbFile:41 - Overriding database path with different value: /Users/apple/.stmcufinder/plugins/mcufinder/ => /Users/apple/.stmcufinder/plugins/mcufinder
2024-12-22 12:11:09,405 [INFO] DbMcusAds:125 - Set database path to: /Users/apple/.stmcufinder/plugins/mcufinder//mcu/
2024-12-22 12:11:09,405 [WARN] DbFile:41 - Overriding database path with different value: /Users/apple/.stmcufinder/plugins/mcufinder/ => /Users/apple/.stmcufinder/plugins/mcufinder
2024-12-22 12:11:09,405 [WARN] DbFile:41 - Overriding database path with different value: /Users/apple/.stmcufinder/plugins/mcufinder/ => /Users/apple/.stmcufinder/plugins/mcufinder
2024-12-22 12:11:09,405 [INFO] CrossReferenceDbSqlite:203 - Set database path to: /Users/apple/.stmcufinder/plugins/mcufinder//mcu/cs/
2024-12-22 12:11:09,524 [INFO] MainPanel:268 - HeapMemory: 268435456
2024-12-22 12:11:10,335 [INFO] DbMcusXml:78 - Set database path to: /Applications/STM32CubeIDE.app/Contents/Eclipse/plugins/com.st.stm32cube.common.mx_6.12.1.202409122256//db//mcu/
2024-12-22 12:11:10,336 [INFO] ApiDb:274 - Set plugin database path to: /Applications/STM32CubeIDE.app/Contents/Eclipse/plugins/com.st.stm32cube.common.mx_6.12.1.202409122256//db//plugins/boardmanager/
2024-12-22 12:11:10,337 [INFO] ApiDb:261 - Set plugin images path to: /Applications/STM32CubeIDE.app/Contents/Eclipse/plugins/com.st.stm32cube.common.mx_6.12.1.202409122256//db//plugins/mcufinder/images/
2024-12-22 12:11:10,338 [WARN] DbFile:41 - Overriding database path with different value: /Users/apple/.stmcufinder/plugins/mcufinder/ => /Users/apple/.stmcufinder/plugins/mcufinder
2024-12-22 12:11:10,338 [INFO] ApiDb:250 - Set database path to: /Users/apple/.stmcufinder/plugins/mcufinder//mcu/
2024-12-22 12:11:10,338 [WARN] DbFile:41 - Overriding database path with different value: /Users/apple/.stmcufinder/plugins/mcufinder/ => /Users/apple/.stmcufinder/plugins/mcufinder
2024-12-22 12:11:10,338 [INFO] DbMcusAds:125 - Set database path to: /Users/apple/.stmcufinder/plugins/mcufinder//mcu/
2024-12-22 12:11:10,338 [WARN] DbFile:41 - Overriding database path with different value: /Users/apple/.stmcufinder/plugins/mcufinder/ => /Users/apple/.stmcufinder/plugins/mcufinder
2024-12-22 12:11:10,338 [WARN] DbFile:41 - Overriding database path with different value: /Users/apple/.stmcufinder/plugins/mcufinder/ => /Users/apple/.stmcufinder/plugins/mcufinder
2024-12-22 12:11:10,338 [INFO] CrossReferenceDbSqlite:203 - Set database path to: /Users/apple/.stmcufinder/plugins/mcufinder//mcu/cs/
2024-12-22 12:11:10,368 [INFO] ApplicationProperties:184 - Using Application install path: /Applications/STM32CubeIDE.app/Contents/Eclipse/plugins/com.st.stm32cube.common.mx_6.12.1.202409122256
2024-12-22 12:11:10,371 [INFO] PluginManage:196 - Search for loadable plugins [exclusion list=, ]
2024-12-22 12:11:10,375 [INFO] PluginManage:310 - Check plugin analytics
2024-12-22 12:11:10,674 [ERROR] LogOutputStream:75 - [STDERR_REDIRECT] [Fatal Error] :2:10: DOCTYPE is disallowed when the feature "http://apache.org/xml/features/disallow-doctype-decl" set to true.
2024-12-22 12:11:10,675 [ERROR] LogOutputStream:75 - [STDERR_REDIRECT] 
2024-12-22 12:11:10,888 [INFO] AnalyticsPlugin:253 - Accepted Software Licenses: 
2024-12-22 12:11:10,895 [INFO] AnalyticsPlugin:255 - Accepted CMSIS Pack Licenses: 
2024-12-22 12:11:10,897 [INFO] AnalyticsPlugin:257 - Accepted Firmware Licenses: FW.F4.1.28.0
2024-12-22 12:11:10,927 [INFO] PluginManage:359 - Loaded plugin analytics (category:tool,tabindex:-1)
2024-12-22 12:11:10,929 [INFO] PluginManage:310 - Check plugin cadmodel
2024-12-22 12:11:10,958 [INFO] CADModel:105 - Init CAD model plugin
2024-12-22 12:11:10,958 [INFO] PluginManage:359 - Loaded plugin cadmodel (category:power,tabindex:5)
2024-12-22 12:11:10,962 [INFO] PluginManage:310 - Check plugin clock
2024-12-22 12:11:10,977 [INFO] PluginManage:359 - Loaded plugin clock (category:base,tabindex:2)
2024-12-22 12:11:10,978 [INFO] PluginManage:310 - Check plugin ddr
2024-12-22 12:11:10,980 [INFO] PluginManage:359 - Loaded plugin ddr (category:tool,tabindex:6)
2024-12-22 12:11:10,980 [INFO] PluginManage:310 - Check plugin filemanager
2024-12-22 12:11:11,232 [INFO] PluginManage:359 - Loaded plugin filemanager (category:base,tabindex:10)
2024-12-22 12:11:11,232 [INFO] PluginManage:310 - Check plugin ipmanager
2024-12-22 12:11:11,244 [INFO] PluginManage:359 - Loaded plugin ipmanager (category:base,tabindex:5)
2024-12-22 12:11:11,245 [INFO] PluginManage:310 - Check plugin lpbam
2024-12-22 12:11:11,262 [INFO] PluginManage:359 - Loaded plugin lpbam (category:base,tabindex:0)
2024-12-22 12:11:11,262 [INFO] PluginManage:310 - Check plugin memorymap
2024-12-22 12:11:11,281 [INFO] PluginManage:359 - Loaded plugin memorymap (category:base,tabindex:4)
2024-12-22 12:11:11,281 [INFO] PluginManage:310 - Check plugin pinoutandconfiguration
2024-12-22 12:11:11,299 [INFO] PluginManage:359 - Loaded plugin pinoutandconfiguration (category:base,tabindex:1)
2024-12-22 12:11:11,299 [INFO] PluginManage:310 - Check plugin pinoutconfig
2024-12-22 12:11:11,442 [WARN] SupportedApi:132 - Cannot load RTOS API schema: s4s-elt-must-match.1: The content of 'definitions' must match (annotation?, (simpleType | complexType)?, (unique | key | keyref)*)). A problem was found starting at: attribute.
2024-12-22 12:11:11,660 [INFO] PluginManage:359 - Loaded plugin pinoutconfig (category:base,tabindex:0)
2024-12-22 12:11:11,660 [INFO] PluginManage:310 - Check plugin power
2024-12-22 12:11:11,679 [INFO] PluginManage:359 - Loaded plugin power (category:power,tabindex:4)
2024-12-22 12:11:11,679 [INFO] PluginManage:310 - Check plugin projectmanager
2024-12-22 12:11:11,722 [INFO] PluginManage:359 - Loaded plugin projectmanager (category:projectmanager,tabindex:4)
2024-12-22 12:11:11,722 [INFO] PluginManage:310 - Check plugin rif
2024-12-22 12:11:11,727 [INFO] PluginManage:359 - Loaded plugin rif (category:base,tabindex:3)
2024-12-22 12:11:11,727 [INFO] PluginManage:310 - Check plugin thirdparty
2024-12-22 12:11:11,979 [INFO] PluginManage:359 - Loaded plugin thirdparty (category:base,tabindex:-1)
2024-12-22 12:11:11,980 [INFO] PluginManage:310 - Check plugin tools
2024-12-22 12:11:11,979 [WARN] IntegrityCheckThread:84 - waiting for thirdparty lock release [integrity check]
2024-12-22 12:11:11,981 [INFO] IntegrityCheckThread:86 - entering critical section [integrity check]
2024-12-22 12:11:11,982 [INFO] ThirdPartyUpdaterWithRetryManager:70 - Updater plugin not ready yet. [1/15]
2024-12-22 12:11:11,984 [INFO] PluginManage:359 - Loaded plugin tools (category:base,tabindex:7)
2024-12-22 12:11:11,984 [INFO] PluginManage:310 - Check plugin tutovideos
2024-12-22 12:11:12,312 [INFO] PluginManage:359 - Loaded plugin tutovideos (category:base,tabindex:-1)
2024-12-22 12:11:12,313 [INFO] PluginManage:310 - Check plugin updater
2024-12-22 12:11:12,354 [INFO] PluginManage:359 - Loaded plugin updater (category:base,tabindex:12)
2024-12-22 12:11:12,355 [INFO] PluginManage:310 - Check plugin userauth
2024-12-22 12:11:12,368 [INFO] UserAuth:113 - Init User Auth plugin
2024-12-22 12:11:12,368 [INFO] PluginManage:359 - Loaded plugin userauth (category:base,tabindex:14)
2024-12-22 12:11:12,373 [INFO] PluginManage:283 - PluginManage : Loaded plugins [18]
2024-12-22 12:11:12,741 [INFO] PinOutPanel:1561 - setPackage(No Configuration,No Configuration)
2024-12-22 12:11:12,853 [INFO] CADModel:165 - CPN selected for project level
2024-12-22 12:11:12,853 [INFO] CADModel:114 - Register for checkConnection events
2024-12-22 12:11:12,869 [INFO] IPUIPlugin:80 - create IPUIPlugin
2024-12-22 12:11:12,870 [INFO] PluginManager:220 - loadIPPluginJar : add mdma
2024-12-22 12:11:12,877 [INFO] IPUIPlugin:80 - create IPUIPlugin
2024-12-22 12:11:12,878 [INFO] PluginManager:220 - loadIPPluginJar : add freertos
2024-12-22 12:11:12,884 [INFO] IPUIPlugin:80 - create IPUIPlugin
2024-12-22 12:11:12,884 [INFO] PluginManager:220 - loadIPPluginJar : add gic
2024-12-22 12:11:12,893 [INFO] IPUIPlugin:80 - create IPUIPlugin
2024-12-22 12:11:12,893 [INFO] PluginManager:220 - loadIPPluginJar : add adc
2024-12-22 12:11:12,896 [INFO] IPUIPlugin:80 - create IPUIPlugin
2024-12-22 12:11:12,896 [INFO] PluginManager:220 - loadIPPluginJar : add gtzc
2024-12-22 12:11:12,897 [INFO] IPUIPlugin:80 - create IPUIPlugin
2024-12-22 12:11:12,897 [INFO] PluginManager:220 - loadIPPluginJar : add quadspi
2024-12-22 12:11:12,899 [INFO] IPUIPlugin:80 - create IPUIPlugin
2024-12-22 12:11:12,899 [INFO] PluginManager:220 - loadIPPluginJar : add aes
2024-12-22 12:11:12,901 [INFO] IPUIPlugin:80 - create IPUIPlugin
2024-12-22 12:11:12,901 [INFO] PluginManager:220 - loadIPPluginJar : add pdm2pcm
2024-12-22 12:11:12,902 [INFO] IPUIPlugin:80 - create IPUIPlugin
2024-12-22 12:11:12,902 [INFO] PluginManager:220 - loadIPPluginJar : add hash
2024-12-22 12:11:12,904 [INFO] IPUIPlugin:80 - create IPUIPlugin
2024-12-22 12:11:12,904 [INFO] PluginManager:220 - loadIPPluginJar : add tim
2024-12-22 12:11:12,905 [INFO] IPUIPlugin:80 - create IPUIPlugin
2024-12-22 12:11:12,905 [INFO] PluginManager:220 - loadIPPluginJar : add tsc
2024-12-22 12:11:12,907 [INFO] IPUIPlugin:80 - create IPUIPlugin
2024-12-22 12:11:12,907 [INFO] PluginManager:220 - loadIPPluginJar : add extmemmanager
2024-12-22 12:11:12,909 [INFO] IPUIPlugin:80 - create IPUIPlugin
2024-12-22 12:11:12,909 [INFO] PluginManager:220 - loadIPPluginJar : add ts
2024-12-22 12:11:12,910 [INFO] IPUIPlugin:80 - create IPUIPlugin
2024-12-22 12:11:12,910 [INFO] PluginManager:220 - loadIPPluginJar : add radio
2024-12-22 12:11:12,912 [INFO] IPUIPlugin:80 - create IPUIPlugin
2024-12-22 12:11:12,912 [INFO] PluginManager:220 - loadIPPluginJar : add can
2024-12-22 12:11:12,914 [INFO] IPUIPlugin:80 - create IPUIPlugin
2024-12-22 12:11:12,915 [INFO] PluginManager:220 - loadIPPluginJar : add dma3
2024-12-22 12:11:12,916 [INFO] IPUIPlugin:80 - create IPUIPlugin
2024-12-22 12:11:12,917 [INFO] PluginManager:220 - loadIPPluginJar : add dfsdm
2024-12-22 12:11:12,918 [INFO] IPUIPlugin:80 - create IPUIPlugin
2024-12-22 12:11:12,918 [INFO] PluginManager:220 - loadIPPluginJar : add spi
2024-12-22 12:11:12,921 [INFO] IPUIPlugin:80 - create IPUIPlugin
2024-12-22 12:11:12,921 [INFO] PluginManager:220 - loadIPPluginJar : add gfxmmu
2024-12-22 12:11:12,922 [INFO] IPUIPlugin:80 - create IPUIPlugin
2024-12-22 12:11:12,923 [INFO] PluginManager:220 - loadIPPluginJar : add genericplugin
2024-12-22 12:11:12,924 [INFO] IPUIPlugin:80 - create IPUIPlugin
2024-12-22 12:11:12,925 [INFO] PluginManager:220 - loadIPPluginJar : add cryp
2024-12-22 12:11:12,929 [INFO] IPUIPlugin:80 - create IPUIPlugin
2024-12-22 12:11:12,929 [INFO] PluginManager:220 - loadIPPluginJar : add gpio
2024-12-22 12:11:12,931 [INFO] IPUIPlugin:80 - create IPUIPlugin
2024-12-22 12:11:12,932 [INFO] PluginManager:220 - loadIPPluginJar : add ddr_ctrl_phy
2024-12-22 12:11:12,933 [INFO] IPUIPlugin:80 - create IPUIPlugin
2024-12-22 12:11:12,933 [INFO] PluginManager:220 - loadIPPluginJar : add comp
2024-12-22 12:11:12,936 [INFO] IPUIPlugin:80 - create IPUIPlugin
2024-12-22 12:11:12,936 [INFO] PluginManager:220 - loadIPPluginJar : add tracer_emb
2024-12-22 12:11:12,939 [INFO] IPUIPlugin:80 - create IPUIPlugin
2024-12-22 12:11:12,939 [INFO] PluginManager:220 - loadIPPluginJar : add openamp
2024-12-22 12:11:12,943 [INFO] IPUIPlugin:80 - create IPUIPlugin
2024-12-22 12:11:12,943 [INFO] PluginManager:220 - loadIPPluginJar : add stm32_wpan
2024-12-22 12:11:12,947 [INFO] IPUIPlugin:80 - create IPUIPlugin
2024-12-22 12:11:12,953 [INFO] PluginManager:220 - loadIPPluginJar : add plateformsettings
2024-12-22 12:11:12,956 [INFO] IPUIPlugin:80 - create IPUIPlugin
2024-12-22 12:11:12,956 [INFO] PluginManager:220 - loadIPPluginJar : add ipddr
2024-12-22 12:11:12,958 [INFO] IPUIPlugin:80 - create IPUIPlugin
2024-12-22 12:11:12,958 [INFO] PluginManager:220 - loadIPPluginJar : add usart
2024-12-22 12:11:12,959 [INFO] IPUIPlugin:80 - create IPUIPlugin
2024-12-22 12:11:12,959 [INFO] PluginManager:220 - loadIPPluginJar : add ltdc
2024-12-22 12:11:12,962 [INFO] IPUIPlugin:80 - create IPUIPlugin
2024-12-22 12:11:12,962 [INFO] PluginManager:220 - loadIPPluginJar : add nvic
2024-12-22 12:11:12,963 [INFO] IPUIPlugin:80 - create IPUIPlugin
2024-12-22 12:11:12,964 [INFO] PluginManager:220 - loadIPPluginJar : add fatfs
2024-12-22 12:11:12,970 [INFO] IPUIPlugin:80 - create IPUIPlugin
2024-12-22 12:11:12,970 [INFO] PluginManager:220 - loadIPPluginJar : add linkedlist
2024-12-22 12:11:12,975 [INFO] IPUIPlugin:80 - create IPUIPlugin
2024-12-22 12:11:12,975 [INFO] PluginManager:220 - loadIPPluginJar : add dma
2024-12-22 12:11:12,978 [INFO] IPUIPlugin:80 - create IPUIPlugin
2024-12-22 12:11:12,979 [INFO] PluginManager:220 - loadIPPluginJar : add fmc
2024-12-22 12:11:12,980 [INFO] IPUIPlugin:80 - create IPUIPlugin
2024-12-22 12:11:12,981 [INFO] PluginManager:220 - loadIPPluginJar : add i2s
2024-12-22 12:11:12,982 [INFO] IPUIPlugin:80 - create IPUIPlugin
2024-12-22 12:11:12,982 [INFO] PluginManager:220 - loadIPPluginJar : add ucpd
2024-12-22 12:11:12,984 [INFO] IPUIPlugin:80 - create IPUIPlugin
2024-12-22 12:11:12,984 [INFO] PluginManager:220 - loadIPPluginJar : add lorawan
2024-12-22 12:11:12,987 [INFO] IPUIPlugin:80 - create IPUIPlugin
2024-12-22 12:11:12,988 [INFO] PluginManager:220 - loadIPPluginJar : add opamp
2024-12-22 12:11:12,991 [INFO] IPUIPlugin:80 - create IPUIPlugin
2024-12-22 12:11:12,991 [INFO] PluginManager:220 - loadIPPluginJar : add i3c
2024-12-22 12:11:12,993 [INFO] IPUIPlugin:80 - create IPUIPlugin
2024-12-22 12:11:12,994 [INFO] PluginManager:220 - loadIPPluginJar : add touchsensing
2024-12-22 12:11:12,996 [INFO] IPUIPlugin:80 - create IPUIPlugin
2024-12-22 12:11:12,996 [INFO] PluginManager:220 - loadIPPluginJar : add i2c
2024-12-22 12:11:13,000 [INFO] IPUIPlugin:80 - create IPUIPlugin
2024-12-22 12:11:13,000 [INFO] PluginManager:220 - loadIPPluginJar : add resmgrutility
2024-12-22 12:11:13,003 [INFO] IPUIPlugin:80 - create IPUIPlugin
2024-12-22 12:11:13,003 [INFO] PluginManager:220 - loadIPPluginJar : add sai
2024-12-22 12:11:13,005 [INFO] IPUIPlugin:80 - create IPUIPlugin
2024-12-22 12:11:13,005 [INFO] PluginManager:220 - loadIPPluginJar : add usbx
2024-12-22 12:11:13,132 [INFO] CADModel:165 - CPN selected for project level
2024-12-22 12:11:13,132 [INFO] CADModel:114 - Register for checkConnection events
2024-12-22 12:11:13,133 [FATAL] Updater:334 - Updater called before beeing initialized
2024-12-22 12:11:13,133 [ERROR] CADModel:125 - Updater not yet initialized, retry later 
2024-12-22 12:11:13,428 [INFO] CADModel:165 - CPN selected for project level
2024-12-22 12:11:13,429 [INFO] CADModel:114 - Register for checkConnection events
2024-12-22 12:11:13,430 [FATAL] Updater:334 - Updater called before beeing initialized
2024-12-22 12:11:13,430 [ERROR] CADModel:125 - Updater not yet initialized, retry later 
2024-12-22 12:11:13,433 [FATAL] Updater:334 - Updater called before beeing initialized
2024-12-22 12:11:13,676 [FATAL] Updater:334 - Updater called before beeing initialized
2024-12-22 12:11:13,684 [INFO] DbMcusAds:53 - JSON generation date=Fri Sep 20 10:04:23 ART 2024 (1726837463113)
2024-12-22 12:11:13,684 [FATAL] Updater:334 - Updater called before beeing initialized
2024-12-22 12:11:14,329 [WARN] DetailPanel:346 - Failed to get advertising image, set to default
2024-12-22 12:11:14,477 [FATAL] Updater:334 - Updater called before beeing initialized
2024-12-22 12:11:14,481 [FATAL] Updater:334 - Updater called before beeing initialized
2024-12-22 12:11:14,481 [FATAL] Updater:334 - Updater called before beeing initialized
2024-12-22 12:11:14,483 [WARN] DetailPanel:346 - Failed to get advertising image, set to default
2024-12-22 12:11:14,489 [FATAL] Updater:334 - Updater called before beeing initialized
2024-12-22 12:11:14,608 [ERROR] Updater:1164 - MainUpdater not yet initialized. External WinMGr cannot be set.
2024-12-22 12:11:14,618 [INFO] Updater:1100 - Updater Version found : 6.12.1
2024-12-22 12:11:14,641 [INFO] ApplicationProperties:184 - Using Application install path: /Applications/STM32CubeIDE.app/Contents/Eclipse/plugins/com.st.stm32cube.common.mx_6.12.1.202409122256
2024-12-22 12:11:14,987 [INFO] ThirdPartyUpdaterWithRetryManager:70 - Updater plugin not ready yet. [2/15]
2024-12-22 12:11:15,522 [INFO] MainUpdater:2873 - connection check result : 10
2024-12-22 12:11:15,524 [INFO] MainUpdater:3567 - Updater definition file requires update
2024-12-22 12:11:15,526 [INFO] MainUpdater:290 - Updater Check For Update Now.
2024-12-22 12:11:15,526 [INFO] MicroXplorer:498 - Change Database Version : DB.6.0.121
2024-12-22 12:11:15,565 [INFO] McuFinderGlobals:63 - Set McuFinder mode to 2 (CubeIDE integrated)
2024-12-22 12:11:15,569 [INFO] UserAuth:417 - Internet connection configuration mode: 1
2024-12-22 12:11:15,587 [INFO] JxBrowserEngine:152 - Initiate JxBrowser Engine with user profile folder
2024-12-22 12:11:15,646 [INFO] ServerAccessManage:473 - Download File updaters.zip
2024-12-22 12:11:15,926 [INFO] FileExtend:240 - Unzip File : updaters.zip
2024-12-22 12:11:15,927 [INFO] FileExtend:255 - Standard Zip Deflate
2024-12-22 12:11:16,517 [INFO] ServerAccessManage:473 - Download File PacksControlFlags.xml
2024-12-22 12:11:16,723 [INFO] ServerAccessManage:473 - Download File cubemx.pidx
2024-12-22 12:11:18,001 [WARN] MainUpdater:1194 - Updater busy. Cannot search thirdparties
2024-12-22 12:11:18,007 [INFO] ThirdPartyUpdaterWithRetryManager:96 - Updater plugin is busy. [1/15]
2024-12-22 12:11:18,176 [INFO] ServerAccessManage:473 - Download File STMicroelectronics.X-CUBE-GNSS1.pdsc
2024-12-22 12:11:19,037 [ERROR] ServerAccessManage:1089 - Problem, file not found on Server
2024-12-22 12:11:19,295 [ERROR] ServerAccessManage:1089 - Problem, file not found on Server
2024-12-22 12:11:19,710 [ERROR] ServerAccessManage:1089 - Problem, file not found on Server
2024-12-22 12:11:19,965 [ERROR] ServerAccessManage:1089 - Problem, file not found on Server
2024-12-22 12:11:20,840 [ERROR] ServerAccessManage:1089 - Problem, file not found on Server
2024-12-22 12:11:21,013 [WARN] MainUpdater:1194 - Updater busy. Cannot search thirdparties
2024-12-22 12:11:21,014 [INFO] ThirdPartyUpdaterWithRetryManager:96 - Updater plugin is busy. [2/15]
2024-12-22 12:11:21,658 [ERROR] ServerAccessManage:1089 - Problem, file not found on Server
2024-12-22 12:11:21,908 [INFO] ServerAccessManage:473 - Download File STMicroelectronics.X-CUBE-MEMS1.pdsc
2024-12-22 12:11:24,020 [WARN] MainUpdater:1194 - Updater busy. Cannot search thirdparties
2024-12-22 12:11:24,022 [INFO] ThirdPartyUpdaterWithRetryManager:96 - Updater plugin is busy. [3/15]
2024-12-22 12:11:24,194 [INFO] ServerAccessManage:473 - Download File STMicroelectronics.X-CUBE-TCPP.pdsc
2024-12-22 12:11:26,629 [WARN] PackLoader:240 - Cannot read IP mode file for STMicroelectronics.X-CUBE-GNSS1.7.0.1
2024-12-22 12:11:26,890 [INFO] CheckServerUpdateThread:120 - End of CheckServer Thread
2024-12-22 12:11:27,044 [WARN] PackLoader:240 - Cannot read IP mode file for STMicroelectronics.X-CUBE-MEMS1.11.1.0
2024-12-22 12:11:27,314 [WARN] PackLoader:240 - Cannot read IP mode file for STMicroelectronics.FP-SNS-MOTENVWB1.1.4.0
2024-12-22 12:11:27,341 [WARN] PackLoader:240 - Cannot read IP mode file for STMicroelectronics.FP-ATR-ASTRA1.2.0.1
2024-12-22 12:11:27,352 [WARN] PackLoader:240 - Cannot read IP mode file for STMicroelectronics.X-CUBE-SMBUS.2.1.0
2024-12-22 12:11:27,369 [WARN] PackLoader:240 - Cannot read IP mode file for STMicroelectronics.X-CUBE-WB05N.1.1.0
2024-12-22 12:11:27,455 [WARN] PackLoader:240 - Cannot read IP mode file for STMicroelectronics.X-CUBE-AZRTOS-F7.1.1.0
2024-12-22 12:11:27,501 [WARN] PopulateThirdPartyThread:106 - Error when creating pack: /Users/apple/.stm32cubemx/thirdparties/pdsc/STMicroelectronics.X-CUBE-TCPP.pdsc
2024-12-22 12:11:27,502 [INFO] PopulateThirdPartyThread:66 - Ending populate Thread
2024-12-22 12:11:27,504 [INFO] ThirdParty:1030 - CMSIS Pack Vendor :STMicroelectronics X-CUBE-GNSS1 7.0.1
2024-12-22 12:11:27,504 [INFO] ThirdParty:1030 - CMSIS Pack Vendor :STMicroelectronics X-CUBE-MEMS1 11.1.0
2024-12-22 12:11:27,504 [INFO] LoadServerUpdatesThread:375 - End of LoadServerUpdate Thread
2024-12-22 12:11:27,640 [WARN] PackLoader:240 - Cannot read IP mode file for STMicroelectronics.X-CUBE-MEMS1.11.0.0
2024-12-22 12:11:27,934 [WARN] PackLoader:240 - Cannot read IP mode file for STMicroelectronics.FP-SNS-FLIGHT1.5.0.2
2024-12-22 12:11:27,973 [WARN] PackLoader:240 - Cannot read IP mode file for STMicroelectronics.X-CUBE-DISPLAY.3.0.0
2024-12-22 12:11:28,015 [WARN] PackLoader:240 - Cannot read IP mode file for STMicroelectronics.X-CUBE-BLE1.7.0.0
2024-12-22 12:11:28,110 [WARN] PackLoader:240 - Cannot read IP mode file for STMicroelectronics.X-CUBE-NFC10.1.0.0
2024-12-22 12:11:28,196 [WARN] PackLoader:240 - Cannot read IP mode file for STMicroelectronics.X-CUBE-BLEMGR.4.0.0
2024-12-22 12:11:28,269 [WARN] PackLoader:240 - Cannot read IP mode file for emotas.I-CUBE-CANOPEN.1.3.0
2024-12-22 12:11:28,326 [WARN] PackLoader:240 - Cannot read IP mode file for STMicroelectronics.X-CUBE-BLEMGR.3.1.0
2024-12-22 12:11:28,374 [WARN] PackLoader:240 - Cannot read IP mode file for STMicroelectronics.FP-SNS-SMARTAG2.1.2.0
2024-12-22 12:11:28,586 [WARN] PackLoader:240 - Cannot read IP mode file for STMicroelectronics.X-CUBE-MEMS1.11.1.0
2024-12-22 12:11:28,844 [INFO] WebApp:167 - Instantiating new browser for Auth
2024-12-22 12:11:28,847 [INFO] LogOutputStream:77 - [STDOUT_REDIRECT] 1 : Invalid condition id : UX_CORESTACK_Condition cause : null
2024-12-22 12:11:28,849 [INFO] LogOutputStream:77 - [STDOUT_REDIRECT] 1 : Invalid condition id : UX_CORESTACK_Condition cause : null
2024-12-22 12:11:28,849 [INFO] LogOutputStream:77 - [STDOUT_REDIRECT] 1 : Invalid condition id : UX_CORESTACK_Condition cause : null
2024-12-22 12:11:28,850 [INFO] LogOutputStream:77 - [STDOUT_REDIRECT] 1 : Invalid condition id : UX_CORESTACK_Condition cause : null
2024-12-22 12:11:28,851 [INFO] LogOutputStream:77 - [STDOUT_REDIRECT] 1 : Invalid condition id : UX_CORESTACK_Condition cause : null
2024-12-22 12:11:28,866 [WARN] PackLoader:240 - Cannot read IP mode file for STMicroelectronics.X-CUBE-AZRTOS-WL.2.0.0
2024-12-22 12:11:28,922 [WARN] PackLoader:240 - Cannot read IP mode file for STMicroelectronics.FP-SNS-MOTENV1.5.0.0
2024-12-22 12:11:28,947 [WARN] PackLoader:240 - Cannot read IP mode file for wolfSSL.I-CUBE-wolfMQTT.1.19.0
2024-12-22 12:11:28,972 [WARN] PackLoader:240 - Cannot read IP mode file for WES.I-CUBE-Cesium.1.3.0
2024-12-22 12:11:28,995 [WARN] PackLoader:240 - Cannot read IP mode file for STMicroelectronics.X-CUBE-BLE2.3.3.0
2024-12-22 12:11:29,031 [WARN] PackLoader:240 - Cannot read IP mode file for STMicroelectronics.X-CUBE-NFC9.1.0.0
2024-12-22 12:11:29,052 [WARN] PackLoader:240 - Cannot read IP mode file for STMicroelectronics.X-CUBE-TCPP.4.1.0
2024-12-22 12:11:29,093 [WARN] PackLoader:240 - Cannot read IP mode file for STMicroelectronics.X-CUBE-AZRTOS-G0.1.1.0
2024-12-22 12:11:29,115 [WARN] PackLoader:240 - Cannot read IP mode file for STMicroelectronics.X-CUBE-SAFEA1.1.2.2
2024-12-22 12:11:29,130 [WARN] PackLoader:240 - Cannot read IP mode file for STMicroelectronics.X-CUBE-NFC4.3.0.0
2024-12-22 12:11:29,152 [WARN] PackLoader:240 - Cannot read IP mode file for EmbeddedOffice.I-CUBE-FS-RTOS.1.0.1
2024-12-22 12:11:29,158 [ERROR] ConditionMgr:805 - Attr not supported : Dmpu
2024-12-22 12:11:29,162 [ERROR] ConditionMgr:805 - Attr not supported : Dmpu
2024-12-22 12:11:29,164 [ERROR] ConditionMgr:805 - Attr not supported : Dmpu
2024-12-22 12:11:29,164 [ERROR] ConditionMgr:805 - Attr not supported : Dmpu
2024-12-22 12:11:29,164 [ERROR] ConditionMgr:805 - Attr not supported : Dmpu
2024-12-22 12:11:29,164 [ERROR] ConditionMgr:805 - Attr not supported : Dmpu
2024-12-22 12:11:29,165 [ERROR] ConditionMgr:805 - Attr not supported : Dmpu
2024-12-22 12:11:29,165 [ERROR] ConditionMgr:805 - Attr not supported : Dmpu
2024-12-22 12:11:29,165 [ERROR] ConditionMgr:805 - Attr not supported : Dmpu
2024-12-22 12:11:29,165 [ERROR] ConditionMgr:805 - Attr not supported : Dmpu
2024-12-22 12:11:29,165 [ERROR] ConditionMgr:805 - Attr not supported : Dmpu
2024-12-22 12:11:29,165 [ERROR] ConditionMgr:805 - Attr not supported : Dmpu
2024-12-22 12:11:29,165 [ERROR] ConditionMgr:805 - Attr not supported : Dmpu
2024-12-22 12:11:29,165 [ERROR] ConditionMgr:805 - Attr not supported : Dmpu
2024-12-22 12:11:29,165 [ERROR] ConditionMgr:805 - Attr not supported : Dmpu
2024-12-22 12:11:29,165 [ERROR] ConditionMgr:805 - Attr not supported : Dmpu
2024-12-22 12:11:29,165 [ERROR] ConditionMgr:805 - Attr not supported : Dmpu
2024-12-22 12:11:29,165 [ERROR] ConditionMgr:805 - Attr not supported : Dmpu
2024-12-22 12:11:29,165 [ERROR] ConditionMgr:805 - Attr not supported : Dmpu
2024-12-22 12:11:29,165 [ERROR] ConditionMgr:805 - Attr not supported : Dmpu
2024-12-22 12:11:29,165 [ERROR] ConditionMgr:805 - Attr not supported : Dmpu
2024-12-22 12:11:29,166 [ERROR] ConditionMgr:805 - Attr not supported : Dmpu
2024-12-22 12:11:29,166 [ERROR] ConditionMgr:805 - Attr not supported : Dmpu
2024-12-22 12:11:29,166 [ERROR] ConditionMgr:805 - Attr not supported : Dmpu
2024-12-22 12:11:29,166 [ERROR] ConditionMgr:805 - Attr not supported : Dmpu
2024-12-22 12:11:29,166 [ERROR] ConditionMgr:805 - Attr not supported : Dmpu
2024-12-22 12:11:29,166 [ERROR] ConditionMgr:805 - Attr not supported : Dmpu
2024-12-22 12:11:29,166 [ERROR] ConditionMgr:805 - Attr not supported : Dmpu
2024-12-22 12:11:29,166 [ERROR] ConditionMgr:805 - Attr not supported : Dmpu
2024-12-22 12:11:29,166 [ERROR] ConditionMgr:805 - Attr not supported : Dmpu
2024-12-22 12:11:29,166 [ERROR] ConditionMgr:805 - Attr not supported : Dmpu
2024-12-22 12:11:29,166 [ERROR] ConditionMgr:805 - Attr not supported : Dmpu
2024-12-22 12:11:29,166 [ERROR] ConditionMgr:805 - Attr not supported : Dmpu
2024-12-22 12:11:29,166 [ERROR] ConditionMgr:805 - Attr not supported : Dmpu
2024-12-22 12:11:29,166 [ERROR] ConditionMgr:805 - Attr not supported : Dmpu
2024-12-22 12:11:29,166 [ERROR] ConditionMgr:805 - Attr not supported : Dmpu
2024-12-22 12:11:29,166 [ERROR] ConditionMgr:805 - Attr not supported : Dmpu
2024-12-22 12:11:29,167 [ERROR] ConditionMgr:805 - Attr not supported : Dmpu
2024-12-22 12:11:29,167 [ERROR] ConditionMgr:805 - Attr not supported : Dmpu
2024-12-22 12:11:29,167 [ERROR] ConditionMgr:805 - Attr not supported : Dmpu
2024-12-22 12:11:29,167 [ERROR] ConditionMgr:805 - Attr not supported : Dmpu
2024-12-22 12:11:29,167 [ERROR] ConditionMgr:805 - Attr not supported : Dmpu
2024-12-22 12:11:29,167 [ERROR] ConditionMgr:805 - Attr not supported : Dmpu
2024-12-22 12:11:29,167 [ERROR] ConditionMgr:805 - Attr not supported : Dmpu
2024-12-22 12:11:29,167 [ERROR] ConditionMgr:805 - Attr not supported : Dmpu
2024-12-22 12:11:29,168 [ERROR] ConditionMgr:805 - Attr not supported : Dmpu
2024-12-22 12:11:29,168 [ERROR] ConditionMgr:805 - Attr not supported : Dmpu
2024-12-22 12:11:29,168 [ERROR] ConditionMgr:805 - Attr not supported : Dmpu
2024-12-22 12:11:29,168 [ERROR] ConditionMgr:805 - Attr not supported : Dmpu
2024-12-22 12:11:29,168 [ERROR] ConditionMgr:805 - Attr not supported : Dmpu
2024-12-22 12:11:29,168 [ERROR] ConditionMgr:805 - Attr not supported : Dmpu
2024-12-22 12:11:29,168 [ERROR] ConditionMgr:805 - Attr not supported : Dmpu
2024-12-22 12:11:29,169 [ERROR] ConditionMgr:805 - Attr not supported : Dmpu
2024-12-22 12:11:29,169 [ERROR] ConditionMgr:805 - Attr not supported : Dmpu
2024-12-22 12:11:29,169 [ERROR] ConditionMgr:805 - Attr not supported : Dmpu
2024-12-22 12:11:29,169 [ERROR] ConditionMgr:805 - Attr not supported : Dmpu
2024-12-22 12:11:29,169 [ERROR] ConditionMgr:805 - Attr not supported : Dmpu
2024-12-22 12:11:29,169 [ERROR] ConditionMgr:805 - Attr not supported : Dmpu
2024-12-22 12:11:29,169 [ERROR] ConditionMgr:805 - Attr not supported : Dmpu
2024-12-22 12:11:29,169 [ERROR] ConditionMgr:805 - Attr not supported : Dmpu
2024-12-22 12:11:29,169 [ERROR] ConditionMgr:805 - Attr not supported : Dmpu
2024-12-22 12:11:29,169 [ERROR] ConditionMgr:805 - Attr not supported : Dmpu
2024-12-22 12:11:29,169 [ERROR] ConditionMgr:805 - Attr not supported : Dmpu
2024-12-22 12:11:29,169 [ERROR] ConditionMgr:805 - Attr not supported : Dmpu
2024-12-22 12:11:29,176 [ERROR] Engine:466 - /Users/apple/.stm32cubemx/thirdparties/pdsc/STMicroelectronics.X-CUBE-TCPP.4.2.0.pdsc: PDSC version is not supported
2024-12-22 12:11:29,182 [WARN] PackLoader:240 - Cannot read IP mode file for RealThread.X-CUBE-RT-Thread_Nano.4.1.1
2024-12-22 12:11:29,187 [WARN] PackLoader:240 - Cannot read IP mode file for STMicroelectronics.FP-ATR-SIGFOX1.3.2.0
2024-12-22 12:11:29,197 [WARN] PackLoader:240 - Cannot read IP mode file for wolfSSL.I-CUBE-wolfSSL.5.7.2
2024-12-22 12:11:29,204 [WARN] ConditionMgr:438 - getConditionDescription Invalid condition id : Cortex-A Device cause : null
2024-12-22 12:11:29,238 [WARN] ConditionMgr:1039 - genDependencies : Invalid condition id : Cortex-A Device cause : null
2024-12-22 12:11:29,238 [WARN] ConditionMgr:1039 - genDependencies : Invalid condition id : Cortex-A Device cause : null
2024-12-22 12:11:29,239 [WARN] ConditionMgr:1039 - genDependencies : Invalid condition id : Cortex-A Device cause : null
2024-12-22 12:11:29,247 [WARN] PackLoader:240 - Cannot read IP mode file for STMicroelectronics.X-CUBE-EEPRMA1.5.1.0
2024-12-22 12:11:29,256 [WARN] PackLoader:240 - Cannot read IP mode file for ITTIA_DB.I-CUBE-ITTIADB.8.9.0
2024-12-22 12:11:29,360 [WARN] PackLoader:240 - Cannot read IP mode file for SEGGER.I-CUBE-embOS.1.3.1
2024-12-22 12:11:29,485 [WARN] PackLoader:240 - Cannot read IP mode file for STMicroelectronics.X-CUBE-ALGOBUILD.1.4.0
2024-12-22 12:11:29,519 [WARN] PackLoader:240 - Cannot read IP mode file for STMicroelectronics.X-CUBE-AI.9.1.0
2024-12-22 12:11:29,584 [WARN] PackLoader:240 - Cannot read IP mode file for STMicroelectronics.X-CUBE-AZRTOS-F4.1.1.0
2024-12-22 12:11:29,643 [WARN] PackLoader:240 - Cannot read IP mode file for STMicroelectronics.X-CUBE-ISPU.2.1.0
2024-12-22 12:11:29,724 [WARN] PackLoader:240 - Cannot read IP mode file for STMicroelectronics.X-CUBE-FREERTOS.1.2.0
2024-12-22 12:11:29,789 [WARN] PackLoader:240 - Cannot read IP mode file for STMicroelectronics.X-CUBE-AZRTOS-L5.2.0.0
2024-12-22 12:11:29,823 [WARN] PackLoader:240 - Cannot read IP mode file for STMicroelectronics.X-CUBE-NFC6.3.1.0
2024-12-22 12:11:29,844 [WARN] PackLoader:240 - Cannot read IP mode file for STMicroelectronics.X-CUBE-DPower.1.2.0
2024-12-22 12:11:29,855 [WARN] PackLoader:240 - Cannot read IP mode file for STMicroelectronics.X-CUBE-AI.9.0.0
2024-12-22 12:11:29,864 [WARN] PackLoader:240 - Cannot read IP mode file for STMicroelectronics.X-CUBE-FREERTOS.1.3.0
2024-12-22 12:11:29,876 [WARN] PackLoader:240 - Cannot read IP mode file for STMicroelectronics.X-CUBE-NFC7.1.0.1
2024-12-22 12:11:29,920 [WARN] ConditionMgr:438 - getConditionDescription Invalid condition id : LAN8742 Phy interface Condition cause : null
2024-12-22 12:11:29,922 [WARN] PackLoader:240 - Cannot read IP mode file for STMicroelectronics.X-CUBE-AZRTOS-L4.2.0.0
2024-12-22 12:11:29,925 [WARN] ConditionMgr:1039 - genDependencies : Invalid condition id : LAN8742 Phy interface Condition cause : null
2024-12-22 12:11:29,926 [WARN] ConditionMgr:1039 - genDependencies : Invalid condition id : LAN8742 Phy interface Condition cause : null
2024-12-22 12:11:29,928 [WARN] ConditionMgr:1039 - genDependencies : Invalid condition id : LAN8742 Phy interface Condition cause : null
2024-12-22 12:11:29,946 [WARN] PackLoader:240 - Cannot read IP mode file for STMicroelectronics.X-CUBE-SFXS2LP1.4.0.0
2024-12-22 12:11:29,997 [WARN] PackLoader:240 - Cannot read IP mode file for STMicroelectronics.X-CUBE-AZRTOS-H7.3.3.0
2024-12-22 12:11:30,020 [WARN] PackLoader:240 - Cannot read IP mode file for STMicroelectronics.X-CUBE-IPS.3.0.0
2024-12-22 12:11:30,052 [WARN] ConditionMgr:438 - getConditionDescription Invalid condition id : UX DEVICE CLASS RTOS Condition cause : null
2024-12-22 12:11:30,053 [WARN] ConditionMgr:438 - getConditionDescription Invalid condition id : UX DEVICE CLASS RTOS Condition cause : null
2024-12-22 12:11:30,059 [WARN] PackLoader:240 - Cannot read IP mode file for STMicroelectronics.X-CUBE-AZRTOS-WB.2.0.0
2024-12-22 12:11:30,060 [WARN] ConditionMgr:1039 - genDependencies : Invalid condition id : UX DEVICE CLASS RTOS Condition cause : null
2024-12-22 12:11:30,061 [WARN] ConditionMgr:1039 - genDependencies : Invalid condition id : UX DEVICE CLASS RTOS Condition cause : null
2024-12-22 12:11:30,062 [WARN] ConditionMgr:1039 - genDependencies : Invalid condition id : UX DEVICE CLASS RTOS Condition cause : null
2024-12-22 12:11:30,062 [WARN] ConditionMgr:1039 - genDependencies : Invalid condition id : UX DEVICE CLASS RTOS Condition cause : null
2024-12-22 12:11:30,062 [WARN] ConditionMgr:1039 - genDependencies : Invalid condition id : UX DEVICE CLASS RTOS Condition cause : null
2024-12-22 12:11:30,082 [WARN] PackLoader:240 - Cannot read IP mode file for STMicroelectronics.X-CUBE-GNSS1.7.0.0
2024-12-22 12:11:30,091 [WARN] PackLoader:240 - Cannot read IP mode file for STMicroelectronics.X-CUBE-GNSS1.7.0.1
2024-12-22 12:11:30,102 [WARN] PackLoader:240 - Cannot read IP mode file for STMicroelectronics.FP-SNS-STBOX1.2.0.0
2024-12-22 12:11:30,128 [WARN] PackLoader:240 - Cannot read IP mode file for STMicroelectronics.X-CUBE-SUBG2.5.0.0
2024-12-22 12:11:30,144 [WARN] PackLoader:240 - Cannot read IP mode file for Cesanta.I-CUBE-Mongoose.7.13.0
2024-12-22 12:11:30,169 [WARN] PackLoader:240 - Cannot read IP mode file for STMicroelectronics.X-CUBE-AZRTOS-G4.2.0.0
2024-12-22 12:11:30,180 [WARN] PackLoader:240 - Cannot read IP mode file for STMicroelectronics.X-CUBE-ALS.1.0.2
2024-12-22 12:11:30,191 [WARN] PackLoader:240 - Cannot read IP mode file for STMicroelectronics.X-CUBE-TOUCHGFX.4.24.0
2024-12-22 12:11:30,195 [WARN] PackLoader:240 - Cannot read IP mode file for STMicroelectronics.X-CUBE-TOUCHGFX.4.24.1
2024-12-22 12:11:30,200 [WARN] PackLoader:240 - Cannot read IP mode file for wolfSSL.I-CUBE-wolfTPM.3.4.0
2024-12-22 12:11:30,210 [WARN] PackLoader:240 - Cannot read IP mode file for portGmbH.I-Cube-SoM-uGOAL.1.1.0
2024-12-22 12:11:30,245 [WARN] PackLoader:240 - Cannot read IP mode file for STMicroelectronics.X-CUBE-AZRTOS-H7RS.1.0.0
2024-12-22 12:11:30,285 [WARN] PackLoader:240 - Cannot read IP mode file for STMicroelectronics.FP-ATR-ASTRA1.2.0.0
2024-12-22 12:11:30,314 [WARN] PackLoader:240 - Cannot read IP mode file for STMicroelectronics.X-CUBE-TOF1.3.4.2
2024-12-22 12:11:30,421 [WARN] PackLoader:240 - Cannot read IP mode file for Infineon.AIROC-Wi-Fi-Bluetooth-STM32.1.6.1
2024-12-22 12:11:30,458 [WARN] PackLoader:240 - Cannot read IP mode file for wolfSSL.I-CUBE-wolfSSH.1.4.17
2024-12-22 12:11:30,476 [INFO] ThirdParty:978 - Integrity check success = true
2024-12-22 12:11:30,476 [INFO] IntegrityCheckThread:100 - exiting critical section [integrity check]
2024-12-22 12:11:30,476 [INFO] IntegrityCheckThread:103 - End integrity checks thread
2024-12-22 12:11:31,724 [INFO] WebApp:448 - Apply proxy settings
2024-12-22 12:11:31,739 [INFO] WebApp:493 - Chromium authenticates against Manually configured proxy
2024-12-22 12:11:31,771 [INFO] WebApp:501 - Username used for proxy authentication: 
2024-12-22 12:11:31,868 [INFO] WebApp:869 - Register for checkConnection events
2024-12-22 12:11:31,869 [INFO] WebApp:448 - Apply proxy settings
2024-12-22 12:11:31,872 [INFO] WebApp:493 - Chromium authenticates against Manually configured proxy
2024-12-22 12:11:31,873 [INFO] WebApp:501 - Username used for proxy authentication: 
2024-12-22 12:11:32,163 [INFO] WebApp:220 - Starting web application
2024-12-22 12:11:32,165 [INFO] WebApp:578 - Web application path used /Applications/STM32CubeIDE.app/Contents/Eclipse/plugins/com.st.stm32cube.common.mx_6.12.1.202409122256/db/plugins/mcufinder/reactClient1/index.html
2024-12-22 12:11:33,071 [INFO] WebApp:186 - Connection restablished
2024-12-22 12:11:33,112 [INFO] UserAuth:417 - Internet connection configuration mode: 1
2024-12-22 12:19:31,587 [INFO] WebApp:189 - Connection lost
2024-12-22 12:19:32,324 [INFO] WebApp:186 - Connection restablished
2024-12-22 12:19:35,978 [INFO] WebApp:189 - Connection lost
2024-12-22 12:19:36,624 [INFO] WebApp:186 - Connection restablished
2024-12-22 12:23:32,449 [INFO] WebApp:189 - Connection lost
2024-12-22 12:23:33,057 [INFO] WebApp:186 - Connection restablished
2024-12-22 12:32:08,079 [INFO] WebApp:189 - Connection lost
2024-12-22 12:32:08,580 [INFO] WebApp:186 - Connection restablished
2024-12-22 12:38:11,120 [INFO] WebApp:189 - Connection lost
2024-12-22 12:38:11,614 [INFO] WebApp:186 - Connection restablished
2024-12-22 13:32:55,976 [INFO] WebApp:189 - Connection lost
2024-12-22 13:32:56,642 [INFO] WebApp:186 - Connection restablished
2024-12-22 16:33:30,920 [INFO] WebApp:189 - Connection lost
2024-12-22 16:37:02,673 [INFO] WebApp:186 - Connection restablished
2024-12-22 17:44:16,269 [INFO] WebApp:189 - Connection lost
2024-12-22 17:44:17,214 [INFO] WebApp:186 - Connection restablished
2024-12-22 18:13:20,066 [INFO] WebApp:189 - Connection lost
2024-12-22 18:13:20,664 [INFO] WebApp:186 - Connection restablished
2024-12-22 18:13:24,421 [INFO] WebApp:189 - Connection lost
2024-12-22 18:13:24,574 [INFO] WebApp:186 - Connection restablished
2024-12-22 18:31:22,066 [INFO] WebApp:189 - Connection lost
2024-12-22 18:31:22,569 [INFO] WebApp:186 - Connection restablished
2024-12-22 18:50:58,496 [INFO] WebApp:189 - Connection lost
2024-12-22 18:50:59,169 [INFO] WebApp:186 - Connection restablished
2024-12-22 18:51:02,772 [INFO] WebApp:189 - Connection lost
2024-12-22 18:51:02,926 [INFO] WebApp:186 - Connection restablished
2024-12-22 20:14:01,531 [INFO] WebApp:189 - Connection lost
2024-12-22 20:14:02,105 [INFO] WebApp:186 - Connection restablished
2024-12-22 20:42:21,936 [ERROR] LogOutputStream:75 - [STDERR_REDIRECT] 
