2025-01-05 00:17:47,215 [INFO] WebApp:189 - Connection lost
2025-01-05 00:17:48,014 [INFO] WebApp:186 - Connection restablished
2025-01-05 00:33:34,090 [INFO] WebApp:189 - Connection lost
2025-01-05 00:33:34,676 [INFO] WebApp:186 - Connection restablished
2025-01-05 00:49:18,654 [INFO] WebApp:189 - Connection lost
2025-01-05 00:49:19,192 [INFO] WebApp:186 - Connection restablished
2025-01-05 01:05:05,640 [INFO] WebApp:189 - Connection lost
2025-01-05 01:05:06,088 [INFO] WebApp:186 - Connection restablished
2025-01-05 01:20:52,845 [INFO] WebApp:189 - Connection lost
2025-01-05 01:20:53,284 [INFO] WebApp:186 - Connection restablished
2025-01-05 01:36:23,578 [INFO] WebApp:189 - Connection lost
2025-01-05 01:36:24,002 [INFO] WebApp:186 - Connection restablished
2025-01-05 01:52:11,002 [INFO] WebApp:189 - Connection lost
2025-01-05 01:52:11,433 [INFO] WebApp:186 - Connection restablished
2025-01-05 02:03:39,331 [INFO] WebApp:189 - Connection lost
2025-01-05 02:03:39,737 [INFO] WebApp:186 - Connection restablished
2025-01-05 02:19:26,533 [INFO] WebApp:189 - Connection lost
2025-01-05 02:19:26,793 [INFO] WebApp:186 - Connection restablished
2025-01-05 02:35:06,302 [INFO] WebApp:189 - Connection lost
2025-01-05 02:35:06,703 [INFO] WebApp:186 - Connection restablished
2025-01-05 02:50:50,684 [INFO] WebApp:189 - Connection lost
2025-01-05 02:50:51,188 [INFO] WebApp:186 - Connection restablished
2025-01-05 03:06:37,699 [INFO] WebApp:189 - Connection lost
2025-01-05 03:06:38,223 [INFO] WebApp:186 - Connection restablished
2025-01-05 03:06:40,082 [INFO] WebApp:189 - Connection lost
2025-01-05 03:06:40,208 [INFO] WebApp:186 - Connection restablished
2025-01-05 03:22:24,975 [INFO] WebApp:189 - Connection lost
2025-01-05 03:22:25,427 [INFO] WebApp:186 - Connection restablished
2025-01-05 03:38:11,985 [INFO] WebApp:189 - Connection lost
2025-01-05 03:38:12,504 [INFO] WebApp:186 - Connection restablished
2025-01-05 03:44:24,276 [INFO] WebApp:189 - Connection lost
2025-01-05 03:44:24,653 [INFO] WebApp:186 - Connection restablished
2025-01-05 04:00:11,567 [INFO] WebApp:189 - Connection lost
2025-01-05 04:00:11,928 [INFO] WebApp:186 - Connection restablished
2025-01-05 04:15:51,715 [INFO] WebApp:189 - Connection lost
2025-01-05 04:15:52,257 [INFO] WebApp:186 - Connection restablished
2025-01-05 04:31:38,042 [INFO] WebApp:189 - Connection lost
2025-01-05 04:31:38,465 [INFO] WebApp:186 - Connection restablished
2025-01-05 04:47:24,882 [INFO] WebApp:189 - Connection lost
2025-01-05 04:47:25,331 [INFO] WebApp:186 - Connection restablished
2025-01-05 05:03:12,092 [INFO] WebApp:189 - Connection lost
2025-01-05 05:03:12,668 [INFO] WebApp:186 - Connection restablished
2025-01-05 05:18:59,101 [INFO] WebApp:189 - Connection lost
2025-01-05 05:18:59,458 [INFO] WebApp:186 - Connection restablished
2025-01-05 05:19:02,929 [INFO] WebApp:189 - Connection lost
2025-01-05 05:19:03,055 [INFO] WebApp:186 - Connection restablished
2025-01-05 05:34:46,248 [INFO] WebApp:189 - Connection lost
2025-01-05 05:34:46,649 [INFO] WebApp:186 - Connection restablished
2025-01-05 05:50:12,519 [INFO] WebApp:189 - Connection lost
2025-01-05 05:50:13,006 [INFO] WebApp:186 - Connection restablished
2025-01-05 05:57:12,256 [INFO] WebApp:189 - Connection lost
2025-01-05 05:57:12,691 [INFO] WebApp:186 - Connection restablished
2025-01-05 06:12:52,060 [INFO] WebApp:189 - Connection lost
2025-01-05 06:12:52,531 [INFO] WebApp:186 - Connection restablished
2025-01-05 06:28:37,974 [INFO] WebApp:189 - Connection lost
2025-01-05 06:28:38,406 [INFO] WebApp:186 - Connection restablished
2025-01-05 06:44:25,102 [INFO] WebApp:189 - Connection lost
2025-01-05 06:44:25,672 [INFO] WebApp:186 - Connection restablished
2025-01-05 07:00:12,039 [INFO] WebApp:189 - Connection lost
2025-01-05 07:00:12,486 [INFO] WebApp:186 - Connection restablished
2025-01-05 07:15:59,347 [INFO] WebApp:189 - Connection lost
2025-01-05 07:15:59,833 [INFO] WebApp:186 - Connection restablished
2025-01-05 07:31:42,907 [INFO] WebApp:189 - Connection lost
2025-01-05 07:31:43,442 [INFO] WebApp:186 - Connection restablished
2025-01-05 07:47:30,064 [INFO] WebApp:189 - Connection lost
2025-01-05 07:47:30,660 [INFO] WebApp:186 - Connection restablished
2025-01-05 07:58:12,132 [INFO] WebApp:189 - Connection lost
2025-01-05 07:58:12,685 [INFO] WebApp:186 - Connection restablished
2025-01-05 08:07:32,070 [INFO] WebApp:189 - Connection lost
2025-01-05 08:07:32,623 [INFO] WebApp:186 - Connection restablished
2025-01-05 08:15:06,058 [INFO] WebApp:189 - Connection lost
2025-01-05 08:15:06,527 [INFO] WebApp:186 - Connection restablished
2025-01-05 08:33:30,998 [WARN] IP:2191 - DEVICE_SERIAL0_CDC_FS not found: check if there is a RefParameter without a condition.
2025-01-05 08:33:31,009 [WARN] IP:2191 - DEVICE_SERIAL1_CDC_FS not found: check if there is a RefParameter without a condition.
2025-01-05 08:33:31,009 [WARN] IP:2191 - DEVICE_SERIAL2_CDC_FS not found: check if there is a RefParameter without a condition.
2025-01-05 08:33:31,011 [WARN] IP:2191 - DEVICE_SERIAL0_CDC_FS not found: check if there is a RefParameter without a condition.
2025-01-05 08:33:31,011 [WARN] IP:2191 - DEVICE_SERIAL1_CDC_FS not found: check if there is a RefParameter without a condition.
2025-01-05 08:33:31,011 [WARN] IP:2191 - DEVICE_SERIAL2_CDC_FS not found: check if there is a RefParameter without a condition.
2025-01-05 08:33:31,312 [WARN] IP:2191 - I2C_Coeff_DF not found: check if there is a RefParameter without a condition.
2025-01-05 08:33:31,312 [WARN] IP:2191 - Analog_Filter not found: check if there is a RefParameter without a condition.
2025-01-05 08:33:31,312 [WARN] IP:2191 - I2C_Coeff_DF not found: check if there is a RefParameter without a condition.
2025-01-05 08:33:31,312 [WARN] IP:2191 - Analog_Filter not found: check if there is a RefParameter without a condition.
2025-01-05 08:33:31,317 [WARN] IP:2191 - I2C_Coeff_DF not found: check if there is a RefParameter without a condition.
2025-01-05 08:33:31,317 [WARN] IP:2191 - Analog_Filter not found: check if there is a RefParameter without a condition.
2025-01-05 08:33:31,318 [WARN] IP:2191 - I2C_Coeff_DF not found: check if there is a RefParameter without a condition.
2025-01-05 08:33:31,318 [WARN] IP:2191 - Analog_Filter not found: check if there is a RefParameter without a condition.
2025-01-05 09:20:08,055 [INFO] MainUpdater:2873 - connection check result : 10
2025-01-05 09:20:08,065 [INFO] MainUpdater:2873 - connection check result : 10
2025-01-05 09:20:08,790 [INFO] MicroXplorer:468 - Change Database Path : 
2025-01-05 09:20:08,793 [INFO] MicroXplorer:498 - Change Database Version : DB.6.0.121
2025-01-05 09:20:08,882 [ERROR] ProjectManagerView:394 - 
java.lang.NullPointerException: Cannot invoke "javax.swing.JTextField.getText()" because the return value of "java.util.List.get(int)" is null
	at com.st.microxplorer.plugins.projectmanager.gui.ProjectChoiceTab$10.caretUpdate(ProjectChoiceTab.java:2622) ~[filemanager.jar:?]
	at javax.swing.text.JTextComponent.fireCaretUpdate(JTextComponent.java:412) ~[?:?]
	at javax.swing.text.JTextComponent$MutableCaretEvent.fire(JTextComponent.java:4491) ~[?:?]
	at javax.swing.text.JTextComponent$MutableCaretEvent.stateChanged(JTextComponent.java:4513) ~[?:?]
	at javax.swing.text.DefaultCaret.fireStateChanged(DefaultCaret.java:842) ~[?:?]
	at javax.swing.text.DefaultCaret.changeCaretPosition(DefaultCaret.java:1313) ~[?:?]
	at javax.swing.text.DefaultCaret.handleSetDot(DefaultCaret.java:1212) ~[?:?]
	at javax.swing.text.DefaultCaret.setDot(DefaultCaret.java:1193) ~[?:?]
	at javax.swing.text.DefaultCaret$Handler.insertUpdate(DefaultCaret.java:1789) ~[?:?]
	at javax.swing.text.AbstractDocument.fireInsertUpdate(AbstractDocument.java:226) ~[?:?]
	at javax.swing.text.AbstractDocument.handleInsertString(AbstractDocument.java:780) ~[?:?]
	at javax.swing.text.AbstractDocument.insertString(AbstractDocument.java:739) ~[?:?]
	at javax.swing.text.PlainDocument.insertString(PlainDocument.java:131) ~[?:?]
	at javax.swing.text.AbstractDocument.replace(AbstractDocument.java:698) ~[?:?]
	at javax.swing.text.JTextComponent.setText(JTextComponent.java:1729) ~[?:?]
	at com.st.microxplorer.plugins.projectmanager.gui.ProjectChoiceTab.createHeapStackFields(ProjectChoiceTab.java:972) ~[filemanager.jar:?]
	at com.st.microxplorer.plugins.projectmanager.gui.ProjectChoiceTab.buildLinkSettingsPanel(ProjectChoiceTab.java:3597) ~[filemanager.jar:?]
	at com.st.microxplorer.plugins.projectmanager.gui.ProjectChoiceTab.defineWindowsFields(ProjectChoiceTab.java:1940) ~[filemanager.jar:?]
	at com.st.microxplorer.plugins.projectmanager.gui.ProjectChoiceTab.updateSettings(ProjectChoiceTab.java:550) ~[filemanager.jar:?]
	at com.st.microxplorer.plugins.projectmanager.gui.ProjectSettingsPanel.UpdateDialog(ProjectSettingsPanel.java:245) ~[filemanager.jar:?]
	at com.st.microxplorer.plugins.projectmanager.ProjectManagerView.propertyChange(ProjectManagerView.java:391) ~[filemanager.jar:?]
	at java.beans.PropertyChangeSupport.fire(PropertyChangeSupport.java:343) ~[?:?]
	at java.beans.PropertyChangeSupport.firePropertyChange(PropertyChangeSupport.java:335) ~[?:?]
	at java.beans.PropertyChangeSupport.firePropertyChange(PropertyChangeSupport.java:268) ~[?:?]
	at com.st.microxplorer.util.MXPropertyChangeSupport.firePropertyChange(MXPropertyChangeSupport.java:54) ~[STM32CubeMX.jar:?]
	at com.st.microxplorer.mxsystem.MxSystem.closeConfig(MxSystem.java:900) ~[STM32CubeMX.jar:?]
	at com.st.microxplorer.maingui.MainPanel.closeConfig(MainPanel.java:781) ~[STM32CubeMX.jar:?]
	at com.st.microxplorer.plugins.filemanager.engine.OpenFileManager.loadConfigurationFile(OpenFileManager.java:265) ~[filemanager.jar:?]
	at com.st.microxplorer.plugins.filemanager.engine.MainFileManager.userLoadConfig(MainFileManager.java:352) ~[filemanager.jar:?]
	at com.st.microxplorer.plugins.filemanager.engine.MainFileManager.userLoadConfig(MainFileManager.java:330) ~[filemanager.jar:?]
	at com.st.microxplorer.plugins.filemanager.FileManagerView.getSpecificTask(FileManagerView.java:246) ~[filemanager.jar:?]
	at com.st.stm32cube.common.mx.editor.CubeMxEditor.getMxTabbedPaneInstance(CubeMxEditor.java:1198) ~[com.st.stm32cube.common.mx_6.12.1.202409122256/:?]
	at com.st.stm32cube.common.mx.editor.CubeMxEditor$12$1.createSwingComponent(CubeMxEditor.java:1068) ~[com.st.stm32cube.common.mx_6.12.1.202409122256/:?]
	at com.st.stm32cube.common.mx.oss.core.awtswtbridge.EmbeddedSwingComposite.doComponentCreation(EmbeddedSwingComposite.java:492) ~[com.st.stm32cube.common.mx.oss_6.12.1.202409122256/:?]
	at com.st.stm32cube.common.mx.oss.core.awtswtbridge.EmbeddedSwingComposite$4.run(EmbeddedSwingComposite.java:291) ~[com.st.stm32cube.common.mx.oss_6.12.1.202409122256/:?]
	at com.st.stm32cube.common.mx.oss.core.awtswtbridge.AwtEnvironment$2.run(AwtEnvironment.java:166) ~[com.st.stm32cube.common.mx.oss_6.12.1.202409122256/:?]
	at java.awt.event.InvocationEvent.dispatch(InvocationEvent.java:318) ~[?:?]
	at java.awt.EventQueue.dispatchEventImpl(EventQueue.java:773) ~[?:?]
	at java.awt.EventQueue$4.run(EventQueue.java:720) ~[?:?]
	at java.awt.EventQueue$4.run(EventQueue.java:714) ~[?:?]
	at java.security.AccessController.doPrivileged(AccessController.java:399) ~[?:?]
	at java.security.ProtectionDomain$JavaSecurityAccessImpl.doIntersectionPrivilege(ProtectionDomain.java:86) ~[?:?]
	at java.awt.EventQueue.dispatchEvent(EventQueue.java:742) ~[?:?]
	at java.awt.EventDispatchThread.pumpOneEventForFilters(EventDispatchThread.java:203) ~[?:?]
	at java.awt.EventDispatchThread.pumpEventsForFilter(EventDispatchThread.java:124) ~[?:?]
	at java.awt.EventDispatchThread.pumpEventsForHierarchy(EventDispatchThread.java:113) ~[?:?]
	at java.awt.EventDispatchThread.pumpEvents(EventDispatchThread.java:109) ~[?:?]
	at java.awt.EventDispatchThread.pumpEvents(EventDispatchThread.java:101) ~[?:?]
	at java.awt.EventDispatchThread.run(EventDispatchThread.java:90) ~[?:?]
2025-01-05 09:20:08,890 [WARN] ThirdParty:871 - waiting for thirdparty lock release [close project]
2025-01-05 09:20:08,890 [INFO] ThirdParty:873 - entering critical section [close project]
2025-01-05 09:20:08,891 [INFO] ThirdParty:883 - exiting critical section [close project]
2025-01-05 09:20:08,899 [INFO] PinOutPanel:1561 - setPackage(No Configuration,No Configuration)
2025-01-05 09:20:08,960 [WARN] IpParametersView:151 - Warning: This peripheral hasn't parameters
2025-01-05 09:20:08,998 [WARN] MainPanel:284 - <html><b><center>Warning: This peripheral has no parameters to be configured<br></b></html>
2025-01-05 09:20:09,020 [INFO] UtilMem:75 - Begin LoadConfig() Used Memory: 806780160 Bytes (1073741824)
2025-01-05 09:20:09,023 [INFO] MicroXplorer:468 - Change Database Path : 
2025-01-05 09:20:09,026 [INFO] MicroXplorer:498 - Change Database Version : DB.6.0.121
2025-01-05 09:20:09,026 [INFO] OpenFileManager:332 - Change cursor
2025-01-05 09:20:09,061 [INFO] RulesReader:64 - Compatibility file has been processed (297 Rules)
2025-01-05 09:20:09,076 [INFO] Mcu:2032 - Initializing MCU STM32F405RGTx STM32F405RGTx STM32F405RGT6
2025-01-05 09:20:10,620 [INFO] Context:742 - Trying to add GPIOservice into a context  which must be forbidden
2025-01-05 09:20:11,742 [INFO] RtosManager:555 - Registered RTOS mode: class=CMSIS, group=RTOS, mode=CMSIS_V1, owner=FREERTOS
2025-01-05 09:20:11,748 [INFO] RtosManager:555 - Registered RTOS mode: class=CMSIS, group=RTOS2, mode=CMSIS_V2, owner=FREERTOS
2025-01-05 09:20:11,748 [INFO] RtosManager:555 - Registered RTOS mode: class=RTOS, group=Core, mode=CMSIS_V1, owner=FREERTOS
2025-01-05 09:20:11,748 [INFO] RtosManager:555 - Registered RTOS mode: class=RTOS, group=Core, mode=CMSIS_V2, owner=FREERTOS
2025-01-05 09:20:11,748 [WARN] ModelIntegratedComponent:184 - Missing modes for component STMicroelectronics:FreeRTOS:0.0.1:STMicroelectronics:RTOS:FreeRTOS:Core:::10.2.0:
2025-01-05 09:20:11,766 [WARN] ModelIntegratedComponent:63 - No mode defined for component null
2025-01-05 09:20:11,766 [WARN] ModelIntegratedComponent:63 - No mode defined for component null
2025-01-05 09:20:11,766 [WARN] ModelIntegratedComponent:63 - No mode defined for component null
2025-01-05 09:20:11,766 [WARN] ModelIntegratedComponent:63 - No mode defined for component null
2025-01-05 09:20:11,766 [WARN] ModelIntegratedComponent:63 - No mode defined for component null
2025-01-05 09:20:11,766 [WARN] ModelIntegratedComponent:63 - No mode defined for component null
2025-01-05 09:20:11,766 [WARN] ModelIntegratedComponent:63 - No mode defined for component null
2025-01-05 09:20:11,766 [WARN] ModelIntegratedComponent:63 - No mode defined for component null
2025-01-05 09:20:11,766 [WARN] ModelIntegratedComponent:63 - No mode defined for component null
2025-01-05 09:20:11,766 [WARN] ModelIntegratedComponent:63 - No mode defined for component null
2025-01-05 09:20:11,766 [WARN] ModelIntegratedComponent:63 - No mode defined for component null
2025-01-05 09:20:11,766 [WARN] ModelIntegratedComponent:63 - No mode defined for component null
2025-01-05 09:20:11,766 [WARN] ModelIntegratedComponent:63 - No mode defined for component null
2025-01-05 09:20:11,766 [WARN] ModelIntegratedComponent:63 - No mode defined for component null
2025-01-05 09:20:11,766 [WARN] ModelIntegratedComponent:63 - No mode defined for component null
2025-01-05 09:20:11,766 [WARN] ModelIntegratedComponent:63 - No mode defined for component null
2025-01-05 09:20:11,766 [WARN] ModelIntegratedComponent:63 - No mode defined for component null
2025-01-05 09:20:11,766 [WARN] ModelIntegratedComponent:63 - No mode defined for component null
2025-01-05 09:20:11,766 [WARN] ModelIntegratedComponent:63 - No mode defined for component null
2025-01-05 09:20:11,766 [WARN] ModelIntegratedComponent:63 - No mode defined for component null
2025-01-05 09:20:11,766 [WARN] ModelIntegratedComponent:63 - No mode defined for component null
2025-01-05 09:20:11,766 [WARN] ModelIntegratedComponent:63 - No mode defined for component null
2025-01-05 09:20:11,767 [WARN] ModelIntegratedComponent:63 - No mode defined for component null
2025-01-05 09:20:11,767 [WARN] ModelIntegratedComponent:63 - No mode defined for component null
2025-01-05 09:20:11,767 [WARN] ModelIntegratedComponent:63 - No mode defined for component null
2025-01-05 09:20:11,767 [WARN] ModelIntegratedComponent:63 - No mode defined for component null
2025-01-05 09:20:11,767 [WARN] ModelIntegratedComponent:63 - No mode defined for component null
2025-01-05 09:20:11,767 [WARN] ModelIntegratedComponent:63 - No mode defined for component null
2025-01-05 09:20:11,767 [WARN] ModelIntegratedComponent:63 - No mode defined for component null
2025-01-05 09:20:11,767 [WARN] ModelIntegratedComponent:63 - No mode defined for component null
2025-01-05 09:20:11,767 [WARN] ModelIntegratedComponent:63 - No mode defined for component null
2025-01-05 09:20:11,767 [WARN] ModelIntegratedComponent:63 - No mode defined for component null
2025-01-05 09:20:11,767 [WARN] ModelIntegratedComponent:63 - No mode defined for component null
2025-01-05 09:20:11,767 [WARN] ModelIntegratedComponent:63 - No mode defined for component null
2025-01-05 09:20:11,767 [WARN] ModelIntegratedComponent:63 - No mode defined for component null
2025-01-05 09:20:11,767 [WARN] ModelPack:524 - Component already loaded: STMicroelectronics:HAL Drivers:0.0.0:STMicroelectronics:Device:STMicro_Driver:XSPI:HAL::0.0.1:HAL_XSPI
2025-01-05 09:20:11,865 [INFO] ThirdPartyModel:298 - Start build external matchings
2025-01-05 09:20:12,482 [INFO] ThirdPartyModel:316 - End build external matchings
2025-01-05 09:20:12,518 [INFO] ImportTextPane:205 - (OptionalMessage_ERROR) IP (DMA) : Parameter (Instance) has Id (I2C3_TX) currently not set
2025-01-05 09:20:12,518 [INFO] ImportTextPane:205 - (OptionalMessage_ERROR) IP (DMA) : Parameter (Channel) has Id (I2C3_TX) currently not set
2025-01-05 09:20:12,518 [INFO] ImportTextPane:205 - (OptionalMessage_ERROR) IP (DMA) : Parameter (Direction) has Id (I2C3_TX) currently not set
2025-01-05 09:20:12,518 [INFO] ImportTextPane:205 - (OptionalMessage_ERROR) IP (DMA) : Parameter (PeriphInc) has Id (I2C3_TX) currently not set
2025-01-05 09:20:12,518 [INFO] ImportTextPane:205 - (OptionalMessage_ERROR) IP (DMA) : Parameter (MemInc) has Id (I2C3_TX) currently not set
2025-01-05 09:20:12,519 [INFO] ImportTextPane:205 - (OptionalMessage_ERROR) IP (DMA) : Parameter (PeriphDataAlignment) has Id (I2C3_TX) currently not set
2025-01-05 09:20:12,519 [INFO] ImportTextPane:205 - (OptionalMessage_ERROR) IP (DMA) : Parameter (MemDataAlignment) has Id (I2C3_TX) currently not set
2025-01-05 09:20:12,519 [INFO] ImportTextPane:205 - (OptionalMessage_ERROR) IP (DMA) : Parameter (Mode) has Id (I2C3_TX) currently not set
2025-01-05 09:20:12,519 [INFO] ImportTextPane:205 - (OptionalMessage_ERROR) IP (DMA) : Parameter (Priority) has Id (I2C3_TX) currently not set
2025-01-05 09:20:12,519 [INFO] ImportTextPane:205 - (OptionalMessage_ERROR) IP (DMA) : Parameter (FIFOMode) has Id (I2C3_TX) currently not set
2025-01-05 09:20:12,519 [INFO] ImportTextPane:205 - (OptionalMessage_ERROR) IP (DMA) : Parameter (Instance) has Id (I2C3_RX) currently not set
2025-01-05 09:20:12,519 [INFO] ImportTextPane:205 - (OptionalMessage_ERROR) IP (DMA) : Parameter (Channel) has Id (I2C3_RX) currently not set
2025-01-05 09:20:12,519 [INFO] ImportTextPane:205 - (OptionalMessage_ERROR) IP (DMA) : Parameter (Direction) has Id (I2C3_RX) currently not set
2025-01-05 09:20:12,519 [INFO] ImportTextPane:205 - (OptionalMessage_ERROR) IP (DMA) : Parameter (PeriphInc) has Id (I2C3_RX) currently not set
2025-01-05 09:20:12,519 [INFO] ImportTextPane:205 - (OptionalMessage_ERROR) IP (DMA) : Parameter (MemInc) has Id (I2C3_RX) currently not set
2025-01-05 09:20:12,519 [INFO] ImportTextPane:205 - (OptionalMessage_ERROR) IP (DMA) : Parameter (PeriphDataAlignment) has Id (I2C3_RX) currently not set
2025-01-05 09:20:12,519 [INFO] ImportTextPane:205 - (OptionalMessage_ERROR) IP (DMA) : Parameter (MemDataAlignment) has Id (I2C3_RX) currently not set
2025-01-05 09:20:12,519 [INFO] ImportTextPane:205 - (OptionalMessage_ERROR) IP (DMA) : Parameter (Mode) has Id (I2C3_RX) currently not set
2025-01-05 09:20:12,519 [INFO] ImportTextPane:205 - (OptionalMessage_ERROR) IP (DMA) : Parameter (Priority) has Id (I2C3_RX) currently not set
2025-01-05 09:20:12,520 [INFO] ImportTextPane:205 - (OptionalMessage_ERROR) IP (DMA) : Parameter (FIFOMode) has Id (I2C3_RX) currently not set
2025-01-05 09:20:12,523 [INFO] ImportTextPane:205 - (OptionalMessage_ERROR) IP (RCC) : Parameter (RTCHSEDivFreq_Value) has invalid value (4000000)
2025-01-05 09:20:12,530 [WARN] IP:2191 - DEVICE_SERIAL0_CDC_FS not found: check if there is a RefParameter without a condition.
2025-01-05 09:20:12,530 [WARN] IP:2191 - DEVICE_SERIAL1_CDC_FS not found: check if there is a RefParameter without a condition.
2025-01-05 09:20:12,530 [WARN] IP:2191 - DEVICE_SERIAL2_CDC_FS not found: check if there is a RefParameter without a condition.
2025-01-05 09:20:12,799 [INFO] UtilMem:75 - End LoadConfig() Used Memory: 765877904 Bytes (1073741824)
2025-01-05 09:20:13,016 [WARN] ThirdParty:833 - waiting for thirdparty lock release [change project]
2025-01-05 09:20:13,020 [INFO] ThirdParty:835 - entering critical section [change project]
2025-01-05 09:20:13,020 [INFO] ThirdParty:1030 - CMSIS Pack Vendor :STMicroelectronics USBPD 4.1
2025-01-05 09:20:13,020 [INFO] ThirdParty:1030 - CMSIS Pack Vendor :STMicroelectronics X-CUBE-AZRTOS-H7 3.3.0
2025-01-05 09:20:13,020 [INFO] ThirdParty:1030 - CMSIS Pack Vendor :STMicroelectronics X-CUBE-NFC9 1.0.0
2025-01-05 09:20:13,021 [INFO] ThirdParty:1030 - CMSIS Pack Vendor :STMicroelectronics USB_HOST 2.0.0
2025-01-05 09:20:13,021 [INFO] ThirdParty:1030 - CMSIS Pack Vendor :STMicroelectronics FP-SNS-MOTENVWB1 1.4.0
2025-01-05 09:20:13,021 [INFO] ThirdParty:1030 - CMSIS Pack Vendor :STMicroelectronics X-CUBE-AZRTOS-F4 1.1.0
2025-01-05 09:20:13,021 [INFO] ThirdParty:1030 - CMSIS Pack Vendor :STMicroelectronics LIBJPEG 8.0.0
2025-01-05 09:20:13,021 [INFO] ThirdParty:1030 - CMSIS Pack Vendor :STMicroelectronics FP-ATR-ASTRA1 2.0.1
2025-01-05 09:20:13,021 [INFO] ThirdParty:1030 - CMSIS Pack Vendor :STMicroelectronics X-CUBE-SMBUS 2.1.0
2025-01-05 09:20:13,021 [INFO] ThirdParty:1030 - CMSIS Pack Vendor :STMicroelectronics X-CUBE-WB05N 1.1.0
2025-01-05 09:20:13,021 [INFO] ThirdParty:1030 - CMSIS Pack Vendor :STMicroelectronics USB_DEVICE 3.0.0
2025-01-05 09:20:13,021 [INFO] ThirdParty:1030 - CMSIS Pack Vendor :STMicroelectronics X-CUBE-TCPP 4.1.0
2025-01-05 09:20:13,021 [INFO] ThirdParty:1030 - CMSIS Pack Vendor :STMicroelectronics X-CUBE-ISPU 2.1.0
2025-01-05 09:20:13,021 [INFO] ThirdParty:1030 - CMSIS Pack Vendor :STMicroelectronics X-CUBE-FREERTOS 1.2.0
2025-01-05 09:20:13,021 [INFO] ThirdParty:1030 - CMSIS Pack Vendor :STMicroelectronics X-CUBE-IPS 3.0.0
2025-01-05 09:20:13,021 [INFO] ThirdParty:1030 - CMSIS Pack Vendor :STMicroelectronics X-CUBE-AZRTOS-WB 2.0.0
2025-01-05 09:20:13,021 [INFO] ThirdParty:1030 - CMSIS Pack Vendor :STMicroelectronics X-CUBE-GNSS1 7.0.0
2025-01-05 09:20:13,021 [INFO] ThirdParty:1030 - CMSIS Pack Vendor :STMicroelectronics X-CUBE-GNSS1 7.0.1
2025-01-05 09:20:13,021 [INFO] ThirdParty:1030 - CMSIS Pack Vendor :STMicroelectronics X-CUBE-AZRTOS-F7 1.1.0
2025-01-05 09:20:13,021 [INFO] ThirdParty:1030 - CMSIS Pack Vendor :STMicroelectronics X-CUBE-AZRTOS-L5 2.0.0
2025-01-05 09:20:13,021 [INFO] ThirdParty:1030 - CMSIS Pack Vendor :STMicroelectronics USB_DEVICE 2.0.0
2025-01-05 09:20:13,021 [INFO] ThirdParty:1030 - CMSIS Pack Vendor :STMicroelectronics X-CUBE-NFC6 3.1.0
2025-01-05 09:20:13,021 [INFO] ThirdParty:1030 - CMSIS Pack Vendor :STMicroelectronics FP-SNS-STBOX1 2.0.0
2025-01-05 09:20:13,021 [INFO] ThirdParty:1030 - CMSIS Pack Vendor :STMicroelectronics X-CUBE-MEMS1 11.0.0
2025-01-05 09:20:13,021 [INFO] ThirdParty:1030 - CMSIS Pack Vendor :STMicroelectronics FreeRTOS 0.0.1
2025-01-05 09:20:13,021 [INFO] ThirdParty:1030 - CMSIS Pack Vendor :STMicroelectronics X-CUBE-AZRTOS-G0 1.1.0
2025-01-05 09:20:13,021 [INFO] ThirdParty:1030 - CMSIS Pack Vendor :STMicroelectronics X-CUBE-SAFEA1 1.2.2
2025-01-05 09:20:13,021 [INFO] ThirdParty:1030 - CMSIS Pack Vendor :STMicroelectronics X-CUBE-NFC4 3.0.0
2025-01-05 09:20:13,021 [INFO] ThirdParty:1030 - CMSIS Pack Vendor :STMicroelectronics X-CUBE-DPower 1.2.0
2025-01-05 09:20:13,021 [INFO] ThirdParty:1030 - CMSIS Pack Vendor :STMicroelectronics X-CUBE-SUBG2 5.0.0
2025-01-05 09:20:13,021 [INFO] ThirdParty:1030 - CMSIS Pack Vendor :STMicroelectronics STM32_WPAN 1.0.0
2025-01-05 09:20:13,021 [INFO] ThirdParty:1030 - CMSIS Pack Vendor :EmbeddedOffice I-CUBE-FS-RTOS 1.0.1
2025-01-05 09:20:13,021 [INFO] ThirdParty:1030 - CMSIS Pack Vendor :STMicroelectronics lwIP 2.0.3
2025-01-05 09:20:13,021 [INFO] ThirdParty:1030 - CMSIS Pack Vendor :STMicroelectronics FP-SNS-FLIGHT1 5.0.2
2025-01-05 09:20:13,021 [INFO] ThirdParty:1030 - CMSIS Pack Vendor :Cesanta I-CUBE-Mongoose 7.13.0
2025-01-05 09:20:13,022 [INFO] ThirdParty:1030 - CMSIS Pack Vendor :STMicroelectronics USB_HOST 1.0.0
2025-01-05 09:20:13,022 [INFO] ThirdParty:1030 - CMSIS Pack Vendor :STMicroelectronics X-CUBE-AI 9.0.0
2025-01-05 09:20:13,022 [INFO] ThirdParty:1030 - CMSIS Pack Vendor :STMicroelectronics X-CUBE-AZRTOS-G4 2.0.0
2025-01-05 09:20:13,022 [INFO] ThirdParty:1030 - CMSIS Pack Vendor :STMicroelectronics PDM2PCM 3.1.0
2025-01-05 09:20:13,022 [INFO] ThirdParty:1030 - CMSIS Pack Vendor :STMicroelectronics PDM2PCM 3.3.0
2025-01-05 09:20:13,022 [INFO] ThirdParty:1030 - CMSIS Pack Vendor :STMicroelectronics X-CUBE-DISPLAY 3.0.0
2025-01-05 09:20:13,022 [INFO] ThirdParty:1030 - CMSIS Pack Vendor :RealThread X-CUBE-RT-Thread_Nano 4.1.1
2025-01-05 09:20:13,022 [INFO] ThirdParty:1030 - CMSIS Pack Vendor :STMicroelectronics X-CUBE-BLE1 7.0.0
2025-01-05 09:20:13,022 [INFO] ThirdParty:1030 - CMSIS Pack Vendor :STMicroelectronics FP-ATR-SIGFOX1 3.2.0
2025-01-05 09:20:13,022 [INFO] ThirdParty:1030 - CMSIS Pack Vendor :STMicroelectronics X-CUBE-NFC10 1.0.0
2025-01-05 09:20:13,022 [INFO] ThirdParty:1030 - CMSIS Pack Vendor :wolfSSL I-CUBE-wolfSSL 5.7.2
2025-01-05 09:20:13,022 [INFO] ThirdParty:1030 - CMSIS Pack Vendor :quantropi X-CUBE-qispace-sdk-base 1.9.3
2025-01-05 09:20:13,022 [INFO] ThirdParty:1030 - CMSIS Pack Vendor :STMicroelectronics X-CUBE-BLEMGR 4.0.0
2025-01-05 09:20:13,022 [INFO] ThirdParty:1030 - CMSIS Pack Vendor :STMicroelectronics X-CUBE-EEPRMA1 5.1.0
2025-01-05 09:20:13,022 [INFO] ThirdParty:1030 - CMSIS Pack Vendor :STMicroelectronics HAL Drivers 0.0.0
2025-01-05 09:20:13,022 [INFO] ThirdParty:1030 - CMSIS Pack Vendor :STMicroelectronics MBEDTLS 2.16.2
2025-01-05 09:20:13,022 [INFO] ThirdParty:1030 - CMSIS Pack Vendor :STMicroelectronics X-CUBE-ALS 1.0.2
2025-01-05 09:20:13,022 [INFO] ThirdParty:1030 - CMSIS Pack Vendor :emotas I-CUBE-CANOPEN 1.3.0
2025-01-05 09:20:13,022 [INFO] ThirdParty:1030 - CMSIS Pack Vendor :STMicroelectronics X-CUBE-FREERTOS 1.3.0
2025-01-05 09:20:13,022 [INFO] ThirdParty:1030 - CMSIS Pack Vendor :STMicroelectronics X-CUBE-NFC7 1.0.1
2025-01-05 09:20:13,022 [INFO] ThirdParty:1030 - CMSIS Pack Vendor :STMicroelectronics MBEDTLS 2.14.1
2025-01-05 09:20:13,022 [INFO] ThirdParty:1030 - CMSIS Pack Vendor :STMicroelectronics X-CUBE-TOUCHGFX 4.24.0
2025-01-05 09:20:13,022 [INFO] ThirdParty:1030 - CMSIS Pack Vendor :ITTIA_DB I-CUBE-ITTIADB 8.9.0
2025-01-05 09:20:13,022 [INFO] ThirdParty:1030 - CMSIS Pack Vendor :STMicroelectronics X-CUBE-TOUCHGFX 4.24.1
2025-01-05 09:20:13,022 [INFO] ThirdParty:1030 - CMSIS Pack Vendor :wolfSSL I-CUBE-wolfTPM 3.4.0
2025-01-05 09:20:13,022 [INFO] ThirdParty:1030 - CMSIS Pack Vendor :portGmbH I-Cube-SoM-uGOAL 1.1.0
2025-01-05 09:20:13,022 [INFO] ThirdParty:1030 - CMSIS Pack Vendor :STMicroelectronics X-CUBE-BLEMGR 3.1.0
2025-01-05 09:20:13,022 [INFO] ThirdParty:1030 - CMSIS Pack Vendor :STMicroelectronics ThreadX 1.0.0
2025-01-05 09:20:13,022 [INFO] ThirdParty:1030 - CMSIS Pack Vendor :STMicroelectronics FP-SNS-SMARTAG2 1.2.0
2025-01-05 09:20:13,022 [INFO] ThirdParty:1030 - CMSIS Pack Vendor :STMicroelectronics X-CUBE-MEMS1 11.1.0
2025-01-05 09:20:13,022 [INFO] ThirdParty:1030 - CMSIS Pack Vendor :STMicroelectronics X-CUBE-AZRTOS-WL 2.0.0
2025-01-05 09:20:13,022 [INFO] ThirdParty:1030 - CMSIS Pack Vendor :SEGGER I-CUBE-embOS 1.3.1
2025-01-05 09:20:13,022 [INFO] ThirdParty:1030 - CMSIS Pack Vendor :STMicroelectronics X-CUBE-ALGOBUILD 1.4.0
2025-01-05 09:20:13,022 [INFO] ThirdParty:1030 - CMSIS Pack Vendor :STMicroelectronics FP-SNS-MOTENV1 5.0.0
2025-01-05 09:20:13,022 [INFO] ThirdParty:1030 - CMSIS Pack Vendor :STMicroelectronics USB_DEVICE 1.0.0
2025-01-05 09:20:13,022 [INFO] ThirdParty:1030 - CMSIS Pack Vendor :STMicroelectronics X-CUBE-AZRTOS-H7RS 1.0.0
2025-01-05 09:20:13,022 [INFO] ThirdParty:1030 - CMSIS Pack Vendor :wolfSSL I-CUBE-wolfMQTT 1.19.0
2025-01-05 09:20:13,022 [INFO] ThirdParty:1030 - CMSIS Pack Vendor :STMicroelectronics X-CUBE-AZRTOS-L4 2.0.0
2025-01-05 09:20:13,022 [INFO] ThirdParty:1030 - CMSIS Pack Vendor :STMicroelectronics ThreadX 0.0.2
2025-01-05 09:20:13,023 [INFO] ThirdParty:1030 - CMSIS Pack Vendor :WES I-CUBE-Cesium 1.3.0
2025-01-05 09:20:13,023 [INFO] ThirdParty:1030 - CMSIS Pack Vendor :STMicroelectronics FP-ATR-ASTRA1 2.0.0
2025-01-05 09:20:13,023 [INFO] ThirdParty:1030 - CMSIS Pack Vendor :STMicroelectronics lwIP 2.1.2
2025-01-05 09:20:13,023 [INFO] ThirdParty:1030 - CMSIS Pack Vendor :STMicroelectronics X-CUBE-SFXS2LP1 4.0.0
2025-01-05 09:20:13,023 [INFO] ThirdParty:1030 - CMSIS Pack Vendor :STMicroelectronics X-CUBE-BLE2 3.3.0
2025-01-05 09:20:13,023 [INFO] ThirdParty:1030 - CMSIS Pack Vendor :STMicroelectronics X-CUBE-TOF1 3.4.2
2025-01-05 09:20:13,023 [INFO] ThirdParty:1030 - CMSIS Pack Vendor :STMicroelectronics X-CUBE-AI 9.1.0
2025-01-05 09:20:13,023 [INFO] ThirdParty:1030 - CMSIS Pack Vendor :Infineon AIROC-Wi-Fi-Bluetooth-STM32 1.6.1
2025-01-05 09:20:13,023 [INFO] ThirdParty:1030 - CMSIS Pack Vendor :STMicroelectronics PDM2PCM 3.2.0
2025-01-05 09:20:13,023 [INFO] ThirdParty:1030 - CMSIS Pack Vendor :wolfSSL I-CUBE-wolfSSH 1.4.17
2025-01-05 09:20:13,023 [INFO] ThirdParty:841 - exiting critical section [change project]
2025-01-05 09:20:13,451 [INFO] PinOutPanel:1561 - setPackage(No Configuration,No Configuration)
2025-01-05 09:20:13,458 [INFO] PinOutPanel:1561 - setPackage(STM32F405RGTx,LQFP64)
2025-01-05 09:20:13,844 [INFO] UtilMem:75 - Before build in PCC Used Memory: 716226672 Bytes (1073741824)
2025-01-05 09:20:14,827 [INFO] UtilMem:75 - After build in PCC Used Memory: 759218320 Bytes (1073741824)
2025-01-05 09:20:14,934 [INFO] ApiDbMcu:508 - Load IP Config File for USB_DEVICE
2025-01-05 09:20:15,018 [INFO] IPUIPlugin:80 - create IPUIPlugin
2025-01-05 09:20:15,018 [INFO] IPUIPlugin:80 - create IPUIPlugin
2025-01-05 09:20:15,018 [INFO] IPUIPlugin:80 - create IPUIPlugin
2025-01-05 09:20:15,044 [INFO] IPUIPlugin:80 - create IPUIPlugin
2025-01-05 09:20:15,044 [INFO] IPUIPlugin:80 - create IPUIPlugin
2025-01-05 09:20:15,046 [INFO] IPUIPlugin:80 - create IPUIPlugin
2025-01-05 09:20:15,046 [INFO] IPUIPlugin:80 - create IPUIPlugin
2025-01-05 09:20:15,046 [INFO] IPUIPlugin:80 - create IPUIPlugin
2025-01-05 09:20:15,046 [INFO] IPUIPlugin:80 - create IPUIPlugin
2025-01-05 09:20:15,046 [INFO] IPUIPlugin:80 - create IPUIPlugin
2025-01-05 09:20:15,047 [INFO] IPUIPlugin:80 - create IPUIPlugin
2025-01-05 09:20:15,047 [INFO] IPUIPlugin:80 - create IPUIPlugin
2025-01-05 09:20:15,047 [INFO] IPUIPlugin:80 - create IPUIPlugin
2025-01-05 09:20:15,048 [INFO] IPUIPlugin:80 - create IPUIPlugin
2025-01-05 09:20:15,048 [INFO] IPUIPlugin:80 - create IPUIPlugin
2025-01-05 09:20:15,048 [INFO] IPUIPlugin:80 - create IPUIPlugin
2025-01-05 09:20:15,048 [INFO] IPUIPlugin:80 - create IPUIPlugin
2025-01-05 09:20:15,049 [INFO] IPUIPlugin:80 - create IPUIPlugin
2025-01-05 09:20:15,049 [INFO] IPUIPlugin:80 - create IPUIPlugin
2025-01-05 09:20:15,049 [INFO] IPUIPlugin:80 - create IPUIPlugin
2025-01-05 09:20:15,049 [INFO] IPUIPlugin:80 - create IPUIPlugin
2025-01-05 09:20:15,051 [INFO] IPUIPlugin:80 - create IPUIPlugin
2025-01-05 09:20:15,052 [INFO] IPUIPlugin:80 - create IPUIPlugin
2025-01-05 09:20:15,052 [INFO] IPUIPlugin:80 - create IPUIPlugin
2025-01-05 09:20:15,052 [INFO] IPUIPlugin:80 - create IPUIPlugin
2025-01-05 09:20:15,052 [INFO] IPUIPlugin:80 - create IPUIPlugin
2025-01-05 09:20:15,053 [INFO] IPUIPlugin:80 - create IPUIPlugin
2025-01-05 09:20:15,053 [INFO] IPUIPlugin:80 - create IPUIPlugin
2025-01-05 09:20:15,053 [INFO] IPUIPlugin:80 - create IPUIPlugin
2025-01-05 09:20:15,053 [INFO] IPUIPlugin:80 - create IPUIPlugin
2025-01-05 09:20:15,053 [INFO] IPUIPlugin:80 - create IPUIPlugin
2025-01-05 09:20:15,053 [INFO] IPUIPlugin:80 - create IPUIPlugin
2025-01-05 09:20:15,053 [INFO] IPUIPlugin:80 - create IPUIPlugin
2025-01-05 09:20:15,053 [INFO] IPUIPlugin:80 - create IPUIPlugin
2025-01-05 09:20:15,053 [INFO] IPUIPlugin:80 - create IPUIPlugin
2025-01-05 09:20:15,053 [INFO] IPUIPlugin:80 - create IPUIPlugin
2025-01-05 09:20:15,054 [INFO] IPUIPlugin:80 - create IPUIPlugin
2025-01-05 09:20:15,054 [INFO] IPUIPlugin:80 - create IPUIPlugin
2025-01-05 09:20:15,054 [INFO] IPUIPlugin:80 - create IPUIPlugin
2025-01-05 09:20:15,054 [INFO] IPUIPlugin:80 - create IPUIPlugin
2025-01-05 09:20:15,054 [INFO] IPUIPlugin:80 - create IPUIPlugin
2025-01-05 09:20:15,054 [INFO] IPUIPlugin:80 - create IPUIPlugin
2025-01-05 09:20:15,054 [INFO] IPUIPlugin:80 - create IPUIPlugin
2025-01-05 09:20:15,054 [INFO] IPUIPlugin:80 - create IPUIPlugin
2025-01-05 09:20:15,055 [INFO] IPUIPlugin:80 - create IPUIPlugin
2025-01-05 09:20:15,055 [INFO] IPUIPlugin:80 - create IPUIPlugin
2025-01-05 09:20:15,055 [INFO] IPUIPlugin:80 - create IPUIPlugin
2025-01-05 09:20:15,055 [INFO] IPUIPlugin:80 - create IPUIPlugin
2025-01-05 09:20:15,056 [INFO] IPUIPlugin:80 - create IPUIPlugin
2025-01-05 09:20:15,056 [INFO] IPUIPlugin:80 - create IPUIPlugin
2025-01-05 09:20:15,057 [INFO] IPUIPlugin:80 - create IPUIPlugin
2025-01-05 09:20:15,057 [INFO] IPUIPlugin:80 - create IPUIPlugin
2025-01-05 09:20:15,057 [INFO] IPUIPlugin:80 - create IPUIPlugin
2025-01-05 09:20:15,058 [INFO] IPUIPlugin:80 - create IPUIPlugin
2025-01-05 09:20:15,075 [INFO] ApiDbMcu:508 - Load IP Config File for PDM2PCM
2025-01-05 09:20:15,094 [WARN] IP:2191 - I2C_Coeff_DF not found: check if there is a RefParameter without a condition.
2025-01-05 09:20:15,094 [WARN] IP:2191 - Analog_Filter not found: check if there is a RefParameter without a condition.
2025-01-05 09:20:15,097 [WARN] IP:2191 - I2C_Coeff_DF not found: check if there is a RefParameter without a condition.
2025-01-05 09:20:15,097 [WARN] IP:2191 - Analog_Filter not found: check if there is a RefParameter without a condition.
2025-01-05 09:20:15,239 [INFO] CADModel:165 - CPN selected for project levelSTM32F405RGT6
2025-01-05 09:20:15,239 [INFO] CADModel:114 - Register for checkConnection events
2025-01-05 09:20:15,291 [INFO] OpenFileManager:363 - Restore cursor
2025-01-05 09:20:15,651 [WARN] IP:2191 - DEVICE_SERIAL0_CDC_FS not found: check if there is a RefParameter without a condition.
2025-01-05 09:20:15,651 [WARN] IP:2191 - DEVICE_SERIAL1_CDC_FS not found: check if there is a RefParameter without a condition.
2025-01-05 09:20:15,651 [WARN] IP:2191 - DEVICE_SERIAL2_CDC_FS not found: check if there is a RefParameter without a condition.
2025-01-05 09:20:15,652 [WARN] IP:2191 - DEVICE_SERIAL0_CDC_FS not found: check if there is a RefParameter without a condition.
2025-01-05 09:20:15,652 [WARN] IP:2191 - DEVICE_SERIAL1_CDC_FS not found: check if there is a RefParameter without a condition.
2025-01-05 09:20:15,652 [WARN] IP:2191 - DEVICE_SERIAL2_CDC_FS not found: check if there is a RefParameter without a condition.
2025-01-05 09:20:15,828 [WARN] IP:2191 - I2C_Coeff_DF not found: check if there is a RefParameter without a condition.
2025-01-05 09:20:15,828 [WARN] IP:2191 - Analog_Filter not found: check if there is a RefParameter without a condition.
2025-01-05 09:20:15,828 [WARN] IP:2191 - I2C_Coeff_DF not found: check if there is a RefParameter without a condition.
2025-01-05 09:20:15,828 [WARN] IP:2191 - Analog_Filter not found: check if there is a RefParameter without a condition.
2025-01-05 09:20:15,833 [WARN] IP:2191 - I2C_Coeff_DF not found: check if there is a RefParameter without a condition.
2025-01-05 09:20:15,833 [WARN] IP:2191 - Analog_Filter not found: check if there is a RefParameter without a condition.
2025-01-05 09:20:15,834 [WARN] IP:2191 - I2C_Coeff_DF not found: check if there is a RefParameter without a condition.
2025-01-05 09:20:15,834 [WARN] IP:2191 - Analog_Filter not found: check if there is a RefParameter without a condition.
2025-01-05 09:37:53,683 [INFO] NvicIntPanel:101 - NVIC parent = com.st.microxplorer.plugins.ip.nvic.MultiNvicIntPanel[,0,0,450x352,layout=javax.swing.BoxLayout,alignmentX=0.0,alignmentY=0.0,border=,flags=9,maximumSize=,minimumSize=,preferredSize=]
