2025-02-03 00:00:11,593 [INFO] WebApp:189 - Connection lost
2025-02-03 00:00:12,058 [INFO] WebApp:186 - Connection restablished
2025-02-03 00:00:13,685 [INFO] WebApp:189 - Connection lost
2025-02-03 00:00:13,805 [INFO] WebApp:186 - Connection restablished
2025-02-03 00:06:27,341 [INFO] WebApp:189 - Connection lost
2025-02-03 00:06:27,891 [INFO] WebApp:186 - Connection restablished
2025-02-03 00:23:32,481 [INFO] WebApp:189 - Connection lost
2025-02-03 00:23:33,043 [INFO] WebApp:186 - Connection restablished
2025-02-03 00:38:58,602 [INFO] WebApp:189 - Connection lost
2025-02-03 00:38:59,003 [INFO] WebApp:186 - Connection restablished
2025-02-03 00:45:46,660 [INFO] WebApp:189 - Connection lost
2025-02-03 00:45:47,033 [INFO] WebApp:186 - Connection restablished
2025-02-03 01:01:13,316 [INFO] WebApp:189 - Connection lost
2025-02-03 01:01:13,743 [INFO] WebApp:186 - Connection restablished
2025-02-03 01:16:39,726 [INFO] WebApp:189 - Connection lost
2025-02-03 01:16:40,196 [INFO] WebApp:186 - Connection restablished
2025-02-03 01:32:05,871 [INFO] WebApp:189 - Connection lost
2025-02-03 01:32:06,227 [INFO] WebApp:186 - Connection restablished
2025-02-03 01:32:08,138 [INFO] WebApp:189 - Connection lost
2025-02-03 01:32:08,278 [INFO] WebApp:186 - Connection restablished
2025-02-03 01:47:32,086 [INFO] WebApp:189 - Connection lost
2025-02-03 01:47:32,442 [INFO] WebApp:186 - Connection restablished
2025-02-03 01:52:02,735 [INFO] WebApp:189 - Connection lost
2025-02-03 01:52:03,331 [INFO] WebApp:186 - Connection restablished
2025-02-03 02:07:11,244 [INFO] WebApp:189 - Connection lost
2025-02-03 02:07:11,722 [INFO] WebApp:186 - Connection restablished
2025-02-03 02:22:37,374 [INFO] WebApp:189 - Connection lost
2025-02-03 02:22:37,815 [INFO] WebApp:186 - Connection restablished
2025-02-03 02:38:03,595 [INFO] WebApp:189 - Connection lost
2025-02-03 02:38:04,171 [INFO] WebApp:186 - Connection restablished
2025-02-03 02:53:29,722 [INFO] WebApp:189 - Connection lost
2025-02-03 02:53:30,245 [INFO] WebApp:186 - Connection restablished
2025-02-03 03:08:57,620 [INFO] WebApp:189 - Connection lost
2025-02-03 03:08:57,980 [INFO] WebApp:186 - Connection restablished
2025-02-03 03:24:23,857 [INFO] WebApp:189 - Connection lost
2025-02-03 03:24:24,402 [INFO] WebApp:186 - Connection restablished
2025-02-03 03:39:50,097 [INFO] WebApp:189 - Connection lost
2025-02-03 03:39:50,536 [INFO] WebApp:186 - Connection restablished
2025-02-03 03:55:16,291 [INFO] WebApp:189 - Connection lost
2025-02-03 03:55:16,672 [INFO] WebApp:186 - Connection restablished
2025-02-03 03:55:18,305 [INFO] WebApp:189 - Connection lost
2025-02-03 03:55:18,438 [INFO] WebApp:186 - Connection restablished
2025-02-03 04:10:42,630 [INFO] WebApp:189 - Connection lost
2025-02-03 04:10:43,038 [INFO] WebApp:186 - Connection restablished
2025-02-03 04:26:08,853 [INFO] WebApp:189 - Connection lost
2025-02-03 04:26:09,260 [INFO] WebApp:186 - Connection restablished
2025-02-03 04:41:10,668 [INFO] WebApp:189 - Connection lost
2025-02-03 04:41:11,096 [INFO] WebApp:186 - Connection restablished
2025-02-03 04:56:36,722 [INFO] WebApp:189 - Connection lost
2025-02-03 04:56:37,220 [INFO] WebApp:186 - Connection restablished
2025-02-03 05:12:02,887 [INFO] WebApp:189 - Connection lost
2025-02-03 05:12:03,365 [INFO] WebApp:186 - Connection restablished
2025-02-03 05:27:29,010 [INFO] WebApp:189 - Connection lost
2025-02-03 05:27:29,516 [INFO] WebApp:186 - Connection restablished
2025-02-03 05:42:55,217 [INFO] WebApp:189 - Connection lost
2025-02-03 05:42:55,653 [INFO] WebApp:186 - Connection restablished
2025-02-03 05:58:21,498 [INFO] WebApp:189 - Connection lost
2025-02-03 05:58:22,103 [INFO] WebApp:186 - Connection restablished
2025-02-03 06:13:48,219 [INFO] WebApp:189 - Connection lost
2025-02-03 06:13:48,599 [INFO] WebApp:186 - Connection restablished
2025-02-03 06:13:49,413 [INFO] WebApp:189 - Connection lost
2025-02-03 06:13:49,934 [INFO] WebApp:186 - Connection restablished
2025-02-03 06:29:14,436 [INFO] WebApp:189 - Connection lost
2025-02-03 06:29:14,706 [INFO] WebApp:186 - Connection restablished
2025-02-03 06:42:10,644 [INFO] WebApp:189 - Connection lost
2025-02-03 06:42:10,916 [INFO] WebApp:186 - Connection restablished
2025-02-03 06:57:36,759 [INFO] WebApp:189 - Connection lost
2025-02-03 06:57:37,004 [INFO] WebApp:186 - Connection restablished
2025-02-03 07:13:03,109 [INFO] WebApp:189 - Connection lost
2025-02-03 07:13:03,359 [INFO] WebApp:186 - Connection restablished
2025-02-03 07:28:29,161 [INFO] WebApp:189 - Connection lost
2025-02-03 07:28:29,486 [INFO] WebApp:186 - Connection restablished
2025-02-03 07:28:31,429 [INFO] WebApp:189 - Connection lost
2025-02-03 07:28:31,565 [INFO] WebApp:186 - Connection restablished
2025-02-03 07:43:10,651 [INFO] WebApp:189 - Connection lost
2025-02-03 07:43:11,059 [INFO] WebApp:186 - Connection restablished
2025-02-03 07:58:36,664 [INFO] WebApp:189 - Connection lost
2025-02-03 07:58:37,021 [INFO] WebApp:186 - Connection restablished
2025-02-03 08:14:02,750 [INFO] WebApp:189 - Connection lost
2025-02-03 08:14:02,959 [INFO] WebApp:186 - Connection restablished
2025-02-03 08:14:07,392 [INFO] WebApp:189 - Connection lost
2025-02-03 08:14:07,527 [INFO] WebApp:186 - Connection restablished
2025-02-03 08:29:29,246 [INFO] WebApp:189 - Connection lost
2025-02-03 08:29:29,521 [INFO] WebApp:186 - Connection restablished
2025-02-03 08:44:10,528 [INFO] WebApp:189 - Connection lost
2025-02-03 08:44:10,813 [INFO] WebApp:186 - Connection restablished
2025-02-03 08:59:36,624 [INFO] WebApp:189 - Connection lost
2025-02-03 08:59:36,900 [INFO] WebApp:186 - Connection restablished
2025-02-03 09:15:02,780 [INFO] WebApp:189 - Connection lost
2025-02-03 09:15:03,043 [INFO] WebApp:186 - Connection restablished
2025-02-03 09:30:28,791 [INFO] WebApp:189 - Connection lost
2025-02-03 09:30:29,063 [INFO] WebApp:186 - Connection restablished
2025-02-03 09:30:32,734 [INFO] WebApp:189 - Connection lost
2025-02-03 09:30:32,871 [INFO] WebApp:186 - Connection restablished
2025-02-03 10:29:16,422 [INFO] WebApp:189 - Connection lost
2025-02-03 10:29:16,681 [INFO] WebApp:186 - Connection restablished
2025-02-03 10:44:42,445 [INFO] WebApp:189 - Connection lost
2025-02-03 10:44:42,732 [INFO] WebApp:186 - Connection restablished
2025-02-03 11:00:08,765 [INFO] WebApp:189 - Connection lost
2025-02-03 11:00:09,129 [INFO] WebApp:186 - Connection restablished
2025-02-03 11:15:35,072 [INFO] WebApp:189 - Connection lost
2025-02-03 11:15:35,333 [INFO] WebApp:186 - Connection restablished
2025-02-03 11:31:01,226 [INFO] WebApp:189 - Connection lost
2025-02-03 11:31:01,504 [INFO] WebApp:186 - Connection restablished
2025-02-03 11:45:42,501 [INFO] WebApp:189 - Connection lost
2025-02-03 11:45:42,770 [INFO] WebApp:186 - Connection restablished
2025-02-03 12:01:08,911 [INFO] WebApp:189 - Connection lost
2025-02-03 12:01:09,192 [INFO] WebApp:186 - Connection restablished
2025-02-03 12:16:35,871 [INFO] WebApp:189 - Connection lost
2025-02-03 12:16:36,136 [INFO] WebApp:186 - Connection restablished
2025-02-03 12:32:02,151 [INFO] WebApp:189 - Connection lost
2025-02-03 12:32:02,411 [INFO] WebApp:186 - Connection restablished
2025-02-03 12:46:42,357 [INFO] WebApp:189 - Connection lost
2025-02-03 12:46:42,624 [INFO] WebApp:186 - Connection restablished
2025-02-03 13:02:08,560 [INFO] WebApp:189 - Connection lost
2025-02-03 13:02:08,843 [INFO] WebApp:186 - Connection restablished
2025-02-03 13:17:34,713 [INFO] WebApp:189 - Connection lost
2025-02-03 13:17:34,988 [INFO] WebApp:186 - Connection restablished
2025-02-03 13:33:01,029 [INFO] WebApp:189 - Connection lost
2025-02-03 13:33:01,326 [INFO] WebApp:186 - Connection restablished
2025-02-03 13:47:42,306 [INFO] WebApp:189 - Connection lost
2025-02-03 13:47:42,566 [INFO] WebApp:186 - Connection restablished
2025-02-03 14:03:08,509 [INFO] WebApp:189 - Connection lost
2025-02-03 14:03:08,794 [INFO] WebApp:186 - Connection restablished
2025-02-03 14:18:39,792 [INFO] WebApp:189 - Connection lost
2025-02-03 14:18:40,064 [INFO] WebApp:186 - Connection restablished
2025-02-03 14:34:05,985 [INFO] WebApp:189 - Connection lost
2025-02-03 14:34:06,266 [INFO] WebApp:186 - Connection restablished
2025-02-03 14:34:08,650 [INFO] WebApp:189 - Connection lost
2025-02-03 14:34:08,777 [INFO] WebApp:186 - Connection restablished
2025-02-03 14:48:42,182 [INFO] WebApp:189 - Connection lost
2025-02-03 14:48:42,475 [INFO] WebApp:186 - Connection restablished
2025-02-03 14:48:46,703 [INFO] WebApp:189 - Connection lost
2025-02-03 14:48:46,899 [INFO] WebApp:186 - Connection restablished
2025-02-03 15:04:08,585 [INFO] WebApp:189 - Connection lost
2025-02-03 15:04:08,868 [INFO] WebApp:186 - Connection restablished
2025-02-03 15:19:35,411 [INFO] WebApp:189 - Connection lost
2025-02-03 15:19:35,712 [INFO] WebApp:186 - Connection restablished
2025-02-03 15:35:01,759 [INFO] WebApp:189 - Connection lost
2025-02-03 15:35:02,035 [INFO] WebApp:186 - Connection restablished
2025-02-03 15:49:42,265 [INFO] WebApp:189 - Connection lost
2025-02-03 15:49:42,578 [INFO] WebApp:186 - Connection restablished
2025-02-03 16:05:08,497 [INFO] WebApp:189 - Connection lost
2025-02-03 16:05:08,797 [INFO] WebApp:186 - Connection restablished
2025-02-03 16:20:34,723 [INFO] WebApp:189 - Connection lost
2025-02-03 16:20:35,009 [INFO] WebApp:186 - Connection restablished
2025-02-03 16:36:00,957 [INFO] WebApp:189 - Connection lost
2025-02-03 16:36:01,226 [INFO] WebApp:186 - Connection restablished
2025-02-03 16:50:42,225 [INFO] WebApp:189 - Connection lost
2025-02-03 16:50:42,505 [INFO] WebApp:186 - Connection restablished
2025-02-03 17:02:24,830 [INFO] WebApp:189 - Connection lost
2025-02-03 17:02:25,209 [INFO] WebApp:186 - Connection restablished
2025-02-03 17:19:48,217 [INFO] WebApp:189 - Connection lost
2025-02-03 17:19:48,549 [INFO] WebApp:186 - Connection restablished
2025-02-03 17:35:14,517 [INFO] WebApp:189 - Connection lost
2025-02-03 17:35:14,796 [INFO] WebApp:186 - Connection restablished
2025-02-03 17:35:17,124 [INFO] WebApp:189 - Connection lost
2025-02-03 17:35:17,253 [INFO] WebApp:186 - Connection restablished
2025-02-03 17:50:40,813 [INFO] WebApp:189 - Connection lost
2025-02-03 17:50:41,092 [INFO] WebApp:186 - Connection restablished
2025-02-03 18:06:07,236 [INFO] WebApp:189 - Connection lost
2025-02-03 18:06:07,503 [INFO] WebApp:186 - Connection restablished
2025-02-03 18:19:39,957 [INFO] WebApp:189 - Connection lost
2025-02-03 18:19:40,260 [INFO] WebApp:186 - Connection restablished
2025-02-03 18:19:42,909 [INFO] WebApp:189 - Connection lost
2025-02-03 18:19:43,080 [INFO] WebApp:186 - Connection restablished
2025-02-03 18:43:09,743 [INFO] WebApp:189 - Connection lost
2025-02-03 18:43:10,288 [INFO] WebApp:186 - Connection restablished
2025-02-03 19:01:52,205 [INFO] WebApp:189 - Connection lost
2025-02-03 19:01:52,597 [INFO] WebApp:186 - Connection restablished
2025-02-03 19:01:53,115 [INFO] WebApp:189 - Connection lost
2025-02-03 19:01:53,245 [INFO] WebApp:186 - Connection restablished
2025-02-03 19:52:14,965 [INFO] WebApp:189 - Connection lost
2025-02-03 19:52:16,521 [INFO] WebApp:186 - Connection restablished
2025-02-03 19:52:16,582 [INFO] WebApp:189 - Connection lost
2025-02-03 19:52:16,955 [INFO] WebApp:186 - Connection restablished
2025-02-03 20:35:44,893 [INFO] WebApp:189 - Connection lost
2025-02-03 20:35:45,625 [INFO] WebApp:186 - Connection restablished
2025-02-03 20:58:17,274 [INFO] WebApp:189 - Connection lost
2025-02-03 20:58:17,959 [INFO] WebApp:186 - Connection restablished
2025-02-03 21:01:50,098 [INFO] WebApp:189 - Connection lost
2025-02-03 21:01:50,467 [INFO] WebApp:186 - Connection restablished
2025-02-03 21:17:52,245 [INFO] MainUpdater:2873 - connection check result : 10
2025-02-03 21:17:52,255 [INFO] MainUpdater:2873 - connection check result : 10
2025-02-03 21:17:53,121 [INFO] MicroXplorer:468 - Change Database Path : 
2025-02-03 21:17:53,136 [INFO] MicroXplorer:498 - Change Database Version : DB.6.0.121
2025-02-03 21:17:53,283 [ERROR] ProjectManagerView:394 - 
java.lang.NullPointerException: Cannot invoke "javax.swing.JTextField.getText()" because the return value of "java.util.List.get(int)" is null
	at com.st.microxplorer.plugins.projectmanager.gui.ProjectChoiceTab$10.caretUpdate(ProjectChoiceTab.java:2622) ~[filemanager.jar:?]
	at javax.swing.text.JTextComponent.fireCaretUpdate(JTextComponent.java:412) ~[?:?]
	at javax.swing.text.JTextComponent$MutableCaretEvent.fire(JTextComponent.java:4491) ~[?:?]
	at javax.swing.text.JTextComponent$MutableCaretEvent.stateChanged(JTextComponent.java:4513) ~[?:?]
	at javax.swing.text.DefaultCaret.fireStateChanged(DefaultCaret.java:842) ~[?:?]
	at javax.swing.text.DefaultCaret.changeCaretPosition(DefaultCaret.java:1313) ~[?:?]
	at javax.swing.text.DefaultCaret.handleSetDot(DefaultCaret.java:1212) ~[?:?]
	at javax.swing.text.DefaultCaret.setDot(DefaultCaret.java:1193) ~[?:?]
	at javax.swing.text.DefaultCaret$Handler.insertUpdate(DefaultCaret.java:1789) ~[?:?]
	at javax.swing.text.AbstractDocument.fireInsertUpdate(AbstractDocument.java:226) ~[?:?]
	at javax.swing.text.AbstractDocument.handleInsertString(AbstractDocument.java:780) ~[?:?]
	at javax.swing.text.AbstractDocument.insertString(AbstractDocument.java:739) ~[?:?]
	at javax.swing.text.PlainDocument.insertString(PlainDocument.java:131) ~[?:?]
	at javax.swing.text.AbstractDocument.replace(AbstractDocument.java:698) ~[?:?]
	at javax.swing.text.JTextComponent.setText(JTextComponent.java:1729) ~[?:?]
	at com.st.microxplorer.plugins.projectmanager.gui.ProjectChoiceTab.createHeapStackFields(ProjectChoiceTab.java:972) ~[filemanager.jar:?]
	at com.st.microxplorer.plugins.projectmanager.gui.ProjectChoiceTab.buildLinkSettingsPanel(ProjectChoiceTab.java:3597) ~[filemanager.jar:?]
	at com.st.microxplorer.plugins.projectmanager.gui.ProjectChoiceTab.defineWindowsFields(ProjectChoiceTab.java:1940) ~[filemanager.jar:?]
	at com.st.microxplorer.plugins.projectmanager.gui.ProjectChoiceTab.updateSettings(ProjectChoiceTab.java:550) ~[filemanager.jar:?]
	at com.st.microxplorer.plugins.projectmanager.gui.ProjectSettingsPanel.UpdateDialog(ProjectSettingsPanel.java:245) ~[filemanager.jar:?]
	at com.st.microxplorer.plugins.projectmanager.ProjectManagerView.propertyChange(ProjectManagerView.java:391) ~[filemanager.jar:?]
	at java.beans.PropertyChangeSupport.fire(PropertyChangeSupport.java:343) ~[?:?]
	at java.beans.PropertyChangeSupport.firePropertyChange(PropertyChangeSupport.java:335) ~[?:?]
	at java.beans.PropertyChangeSupport.firePropertyChange(PropertyChangeSupport.java:268) ~[?:?]
	at com.st.microxplorer.util.MXPropertyChangeSupport.firePropertyChange(MXPropertyChangeSupport.java:54) ~[STM32CubeMX.jar:?]
	at com.st.microxplorer.mxsystem.MxSystem.closeConfig(MxSystem.java:900) ~[STM32CubeMX.jar:?]
	at com.st.microxplorer.maingui.MainPanel.closeConfig(MainPanel.java:781) ~[STM32CubeMX.jar:?]
	at com.st.microxplorer.plugins.filemanager.engine.OpenFileManager.loadConfigurationFile(OpenFileManager.java:265) ~[filemanager.jar:?]
	at com.st.microxplorer.plugins.filemanager.engine.MainFileManager.userLoadConfig(MainFileManager.java:352) ~[filemanager.jar:?]
	at com.st.microxplorer.plugins.filemanager.engine.MainFileManager.userLoadConfig(MainFileManager.java:330) ~[filemanager.jar:?]
	at com.st.microxplorer.plugins.filemanager.FileManagerView.getSpecificTask(FileManagerView.java:246) ~[filemanager.jar:?]
	at com.st.stm32cube.common.mx.editor.CubeMxEditor.getMxTabbedPaneInstance(CubeMxEditor.java:1198) ~[com.st.stm32cube.common.mx_6.12.1.202409122256/:?]
	at com.st.stm32cube.common.mx.editor.CubeMxEditor$12$1.createSwingComponent(CubeMxEditor.java:1068) ~[com.st.stm32cube.common.mx_6.12.1.202409122256/:?]
	at com.st.stm32cube.common.mx.oss.core.awtswtbridge.EmbeddedSwingComposite.doComponentCreation(EmbeddedSwingComposite.java:492) ~[com.st.stm32cube.common.mx.oss_6.12.1.202409122256/:?]
	at com.st.stm32cube.common.mx.oss.core.awtswtbridge.EmbeddedSwingComposite$4.run(EmbeddedSwingComposite.java:291) ~[com.st.stm32cube.common.mx.oss_6.12.1.202409122256/:?]
	at com.st.stm32cube.common.mx.oss.core.awtswtbridge.AwtEnvironment$2.run(AwtEnvironment.java:166) ~[com.st.stm32cube.common.mx.oss_6.12.1.202409122256/:?]
	at java.awt.event.InvocationEvent.dispatch(InvocationEvent.java:318) ~[?:?]
	at java.awt.EventQueue.dispatchEventImpl(EventQueue.java:773) ~[?:?]
	at java.awt.EventQueue$4.run(EventQueue.java:720) ~[?:?]
	at java.awt.EventQueue$4.run(EventQueue.java:714) ~[?:?]
	at java.security.AccessController.doPrivileged(AccessController.java:399) ~[?:?]
	at java.security.ProtectionDomain$JavaSecurityAccessImpl.doIntersectionPrivilege(ProtectionDomain.java:86) ~[?:?]
	at java.awt.EventQueue.dispatchEvent(EventQueue.java:742) ~[?:?]
	at java.awt.EventDispatchThread.pumpOneEventForFilters(EventDispatchThread.java:203) ~[?:?]
	at java.awt.EventDispatchThread.pumpEventsForFilter(EventDispatchThread.java:124) ~[?:?]
	at java.awt.EventDispatchThread.pumpEventsForHierarchy(EventDispatchThread.java:113) ~[?:?]
	at java.awt.EventDispatchThread.pumpEvents(EventDispatchThread.java:109) ~[?:?]
	at java.awt.EventDispatchThread.pumpEvents(EventDispatchThread.java:101) ~[?:?]
	at java.awt.EventDispatchThread.run(EventDispatchThread.java:90) ~[?:?]
2025-02-03 21:17:53,310 [WARN] ThirdParty:871 - waiting for thirdparty lock release [close project]
2025-02-03 21:17:53,311 [INFO] ThirdParty:873 - entering critical section [close project]
2025-02-03 21:17:53,312 [INFO] ThirdParty:883 - exiting critical section [close project]
2025-02-03 21:17:53,335 [INFO] PinOutPanel:1561 - setPackage(No Configuration,No Configuration)
2025-02-03 21:17:53,405 [WARN] IpParametersView:151 - Warning: This peripheral hasn't parameters
2025-02-03 21:17:53,451 [WARN] MainPanel:284 - <html><b><center>Warning: This peripheral has no parameters to be configured<br></b></html>
2025-02-03 21:17:53,503 [INFO] UtilMem:75 - Begin LoadConfig() Used Memory: 676519176 Bytes (1073741824)
2025-02-03 21:17:53,512 [INFO] MicroXplorer:468 - Change Database Path : 
2025-02-03 21:17:53,514 [INFO] MicroXplorer:498 - Change Database Version : DB.6.0.121
2025-02-03 21:17:53,515 [INFO] OpenFileManager:332 - Change cursor
2025-02-03 21:17:53,640 [INFO] Mcu:2032 - Initializing MCU STM32F405RGTx STM32F405RGTx STM32F405RGT6
2025-02-03 21:17:55,925 [INFO] Context:742 - Trying to add GPIOservice into a context  which must be forbidden
2025-02-03 21:17:56,753 [INFO] RtosManager:555 - Registered RTOS mode: class=CMSIS, group=RTOS, mode=CMSIS_V1, owner=FREERTOS
2025-02-03 21:17:56,753 [INFO] RtosManager:555 - Registered RTOS mode: class=CMSIS, group=RTOS2, mode=CMSIS_V2, owner=FREERTOS
2025-02-03 21:17:56,753 [INFO] RtosManager:555 - Registered RTOS mode: class=RTOS, group=Core, mode=CMSIS_V1, owner=FREERTOS
2025-02-03 21:17:56,753 [INFO] RtosManager:555 - Registered RTOS mode: class=RTOS, group=Core, mode=CMSIS_V2, owner=FREERTOS
2025-02-03 21:17:56,753 [WARN] ModelIntegratedComponent:184 - Missing modes for component STMicroelectronics:FreeRTOS:0.0.1:STMicroelectronics:RTOS:FreeRTOS:Core:::10.2.0:
2025-02-03 21:17:56,768 [WARN] ModelIntegratedComponent:63 - No mode defined for component null
2025-02-03 21:17:56,768 [WARN] ModelIntegratedComponent:63 - No mode defined for component null
2025-02-03 21:17:56,768 [WARN] ModelIntegratedComponent:63 - No mode defined for component null
2025-02-03 21:17:56,768 [WARN] ModelIntegratedComponent:63 - No mode defined for component null
2025-02-03 21:17:56,769 [WARN] ModelIntegratedComponent:63 - No mode defined for component null
2025-02-03 21:17:56,769 [WARN] ModelIntegratedComponent:63 - No mode defined for component null
2025-02-03 21:17:56,769 [WARN] ModelIntegratedComponent:63 - No mode defined for component null
2025-02-03 21:17:56,769 [WARN] ModelIntegratedComponent:63 - No mode defined for component null
2025-02-03 21:17:56,769 [WARN] ModelIntegratedComponent:63 - No mode defined for component null
2025-02-03 21:17:56,769 [WARN] ModelIntegratedComponent:63 - No mode defined for component null
2025-02-03 21:17:56,769 [WARN] ModelIntegratedComponent:63 - No mode defined for component null
2025-02-03 21:17:56,769 [WARN] ModelIntegratedComponent:63 - No mode defined for component null
2025-02-03 21:17:56,769 [WARN] ModelIntegratedComponent:63 - No mode defined for component null
2025-02-03 21:17:56,769 [WARN] ModelIntegratedComponent:63 - No mode defined for component null
2025-02-03 21:17:56,769 [WARN] ModelIntegratedComponent:63 - No mode defined for component null
2025-02-03 21:17:56,769 [WARN] ModelIntegratedComponent:63 - No mode defined for component null
2025-02-03 21:17:56,769 [WARN] ModelIntegratedComponent:63 - No mode defined for component null
2025-02-03 21:17:56,769 [WARN] ModelIntegratedComponent:63 - No mode defined for component null
2025-02-03 21:17:56,769 [WARN] ModelIntegratedComponent:63 - No mode defined for component null
2025-02-03 21:17:56,769 [WARN] ModelIntegratedComponent:63 - No mode defined for component null
2025-02-03 21:17:56,769 [WARN] ModelIntegratedComponent:63 - No mode defined for component null
2025-02-03 21:17:56,769 [WARN] ModelIntegratedComponent:63 - No mode defined for component null
2025-02-03 21:17:56,769 [WARN] ModelIntegratedComponent:63 - No mode defined for component null
2025-02-03 21:17:56,769 [WARN] ModelIntegratedComponent:63 - No mode defined for component null
2025-02-03 21:17:56,769 [WARN] ModelIntegratedComponent:63 - No mode defined for component null
2025-02-03 21:17:56,769 [WARN] ModelIntegratedComponent:63 - No mode defined for component null
2025-02-03 21:17:56,769 [WARN] ModelIntegratedComponent:63 - No mode defined for component null
2025-02-03 21:17:56,769 [WARN] ModelIntegratedComponent:63 - No mode defined for component null
2025-02-03 21:17:56,769 [WARN] ModelIntegratedComponent:63 - No mode defined for component null
2025-02-03 21:17:56,769 [WARN] ModelIntegratedComponent:63 - No mode defined for component null
2025-02-03 21:17:56,769 [WARN] ModelIntegratedComponent:63 - No mode defined for component null
2025-02-03 21:17:56,769 [WARN] ModelIntegratedComponent:63 - No mode defined for component null
2025-02-03 21:17:56,769 [WARN] ModelIntegratedComponent:63 - No mode defined for component null
2025-02-03 21:17:56,769 [WARN] ModelIntegratedComponent:63 - No mode defined for component null
2025-02-03 21:17:56,769 [WARN] ModelIntegratedComponent:63 - No mode defined for component null
2025-02-03 21:17:56,770 [WARN] ModelPack:524 - Component already loaded: STMicroelectronics:HAL Drivers:0.0.0:STMicroelectronics:Device:STMicro_Driver:XSPI:HAL::0.0.1:HAL_XSPI
2025-02-03 21:17:56,942 [INFO] ThirdPartyModel:298 - Start build external matchings
2025-02-03 21:17:58,076 [INFO] ThirdPartyModel:316 - End build external matchings
2025-02-03 21:17:58,165 [WARN] IP:2191 - I2C_Coeff_DF not found: check if there is a RefParameter without a condition.
2025-02-03 21:17:58,165 [WARN] IP:2191 - Analog_Filter not found: check if there is a RefParameter without a condition.
2025-02-03 21:17:58,169 [INFO] ImportTextPane:205 - (OptionalMessage_ERROR) IP (RCC) : Parameter (RTCHSEDivFreq_Value) has invalid value (4000000)
2025-02-03 21:17:58,494 [INFO] UtilMem:75 - End LoadConfig() Used Memory: 656787576 Bytes (1073741824)
2025-02-03 21:17:58,703 [WARN] ThirdParty:833 - waiting for thirdparty lock release [change project]
2025-02-03 21:17:58,709 [INFO] ThirdParty:835 - entering critical section [change project]
2025-02-03 21:17:58,710 [INFO] ThirdParty:1030 - CMSIS Pack Vendor :STMicroelectronics USBPD 4.1
2025-02-03 21:17:58,710 [INFO] ThirdParty:1030 - CMSIS Pack Vendor :STMicroelectronics X-CUBE-AZRTOS-H7 3.3.0
2025-02-03 21:17:58,710 [INFO] ThirdParty:1030 - CMSIS Pack Vendor :STMicroelectronics X-CUBE-NFC9 1.0.0
2025-02-03 21:17:58,710 [INFO] ThirdParty:1030 - CMSIS Pack Vendor :STMicroelectronics USB_HOST 2.0.0
2025-02-03 21:17:58,710 [INFO] ThirdParty:1030 - CMSIS Pack Vendor :STMicroelectronics FP-SNS-MOTENVWB1 1.4.0
2025-02-03 21:17:58,710 [INFO] ThirdParty:1030 - CMSIS Pack Vendor :STMicroelectronics X-CUBE-AZRTOS-F4 1.1.0
2025-02-03 21:17:58,710 [INFO] ThirdParty:1030 - CMSIS Pack Vendor :STMicroelectronics LIBJPEG 8.0.0
2025-02-03 21:17:58,710 [INFO] ThirdParty:1030 - CMSIS Pack Vendor :STMicroelectronics FP-ATR-ASTRA1 2.0.1
2025-02-03 21:17:58,710 [INFO] ThirdParty:1030 - CMSIS Pack Vendor :STMicroelectronics X-CUBE-SMBUS 2.1.0
2025-02-03 21:17:58,710 [INFO] ThirdParty:1030 - CMSIS Pack Vendor :STMicroelectronics X-CUBE-WB05N 1.1.0
2025-02-03 21:17:58,710 [INFO] ThirdParty:1030 - CMSIS Pack Vendor :STMicroelectronics USB_DEVICE 3.0.0
2025-02-03 21:17:58,710 [INFO] ThirdParty:1030 - CMSIS Pack Vendor :STMicroelectronics X-CUBE-TCPP 4.1.0
2025-02-03 21:17:58,710 [INFO] ThirdParty:1030 - CMSIS Pack Vendor :STMicroelectronics X-CUBE-ISPU 2.1.0
2025-02-03 21:17:58,710 [INFO] ThirdParty:1030 - CMSIS Pack Vendor :STMicroelectronics X-CUBE-FREERTOS 1.2.0
2025-02-03 21:17:58,710 [INFO] ThirdParty:1030 - CMSIS Pack Vendor :STMicroelectronics X-CUBE-IPS 3.0.0
2025-02-03 21:17:58,710 [INFO] ThirdParty:1030 - CMSIS Pack Vendor :STMicroelectronics X-CUBE-AZRTOS-WB 2.0.0
2025-02-03 21:17:58,710 [INFO] ThirdParty:1030 - CMSIS Pack Vendor :STMicroelectronics X-CUBE-GNSS1 7.0.0
2025-02-03 21:17:58,710 [INFO] ThirdParty:1030 - CMSIS Pack Vendor :STMicroelectronics X-CUBE-GNSS1 7.0.1
2025-02-03 21:17:58,710 [INFO] ThirdParty:1030 - CMSIS Pack Vendor :STMicroelectronics X-CUBE-AZRTOS-F7 1.1.0
2025-02-03 21:17:58,710 [INFO] ThirdParty:1030 - CMSIS Pack Vendor :STMicroelectronics X-CUBE-AZRTOS-L5 2.0.0
2025-02-03 21:17:58,710 [INFO] ThirdParty:1030 - CMSIS Pack Vendor :STMicroelectronics USB_DEVICE 2.0.0
2025-02-03 21:17:58,711 [INFO] ThirdParty:1030 - CMSIS Pack Vendor :STMicroelectronics X-CUBE-NFC6 3.1.0
2025-02-03 21:17:58,711 [INFO] ThirdParty:1030 - CMSIS Pack Vendor :STMicroelectronics FP-SNS-STBOX1 2.0.0
2025-02-03 21:17:58,711 [INFO] ThirdParty:1030 - CMSIS Pack Vendor :STMicroelectronics X-CUBE-MEMS1 11.0.0
2025-02-03 21:17:58,711 [INFO] ThirdParty:1030 - CMSIS Pack Vendor :STMicroelectronics FreeRTOS 0.0.1
2025-02-03 21:17:58,711 [INFO] ThirdParty:1030 - CMSIS Pack Vendor :STMicroelectronics X-CUBE-AZRTOS-G0 1.1.0
2025-02-03 21:17:58,711 [INFO] ThirdParty:1030 - CMSIS Pack Vendor :STMicroelectronics X-CUBE-SAFEA1 1.2.2
2025-02-03 21:17:58,711 [INFO] ThirdParty:1030 - CMSIS Pack Vendor :STMicroelectronics X-CUBE-NFC4 3.0.0
2025-02-03 21:17:58,711 [INFO] ThirdParty:1030 - CMSIS Pack Vendor :STMicroelectronics X-CUBE-DPower 1.2.0
2025-02-03 21:17:58,711 [INFO] ThirdParty:1030 - CMSIS Pack Vendor :STMicroelectronics X-CUBE-SUBG2 5.0.0
2025-02-03 21:17:58,711 [INFO] ThirdParty:1030 - CMSIS Pack Vendor :STMicroelectronics STM32_WPAN 1.0.0
2025-02-03 21:17:58,711 [INFO] ThirdParty:1030 - CMSIS Pack Vendor :EmbeddedOffice I-CUBE-FS-RTOS 1.0.1
2025-02-03 21:17:58,711 [INFO] ThirdParty:1030 - CMSIS Pack Vendor :STMicroelectronics lwIP 2.0.3
2025-02-03 21:17:58,711 [INFO] ThirdParty:1030 - CMSIS Pack Vendor :STMicroelectronics FP-SNS-FLIGHT1 5.0.2
2025-02-03 21:17:58,711 [INFO] ThirdParty:1030 - CMSIS Pack Vendor :Cesanta I-CUBE-Mongoose 7.13.0
2025-02-03 21:17:58,711 [INFO] ThirdParty:1030 - CMSIS Pack Vendor :STMicroelectronics USB_HOST 1.0.0
2025-02-03 21:17:58,711 [INFO] ThirdParty:1030 - CMSIS Pack Vendor :STMicroelectronics X-CUBE-AI 9.0.0
2025-02-03 21:17:58,711 [INFO] ThirdParty:1030 - CMSIS Pack Vendor :STMicroelectronics X-CUBE-AZRTOS-G4 2.0.0
2025-02-03 21:17:58,711 [INFO] ThirdParty:1030 - CMSIS Pack Vendor :STMicroelectronics PDM2PCM 3.1.0
2025-02-03 21:17:58,711 [INFO] ThirdParty:1030 - CMSIS Pack Vendor :STMicroelectronics PDM2PCM 3.3.0
2025-02-03 21:17:58,711 [INFO] ThirdParty:1030 - CMSIS Pack Vendor :STMicroelectronics X-CUBE-DISPLAY 3.0.0
2025-02-03 21:17:58,711 [INFO] ThirdParty:1030 - CMSIS Pack Vendor :RealThread X-CUBE-RT-Thread_Nano 4.1.1
2025-02-03 21:17:58,711 [INFO] ThirdParty:1030 - CMSIS Pack Vendor :STMicroelectronics X-CUBE-BLE1 7.0.0
2025-02-03 21:17:58,711 [INFO] ThirdParty:1030 - CMSIS Pack Vendor :STMicroelectronics FP-ATR-SIGFOX1 3.2.0
2025-02-03 21:17:58,711 [INFO] ThirdParty:1030 - CMSIS Pack Vendor :STMicroelectronics X-CUBE-NFC10 1.0.0
2025-02-03 21:17:58,711 [INFO] ThirdParty:1030 - CMSIS Pack Vendor :wolfSSL I-CUBE-wolfSSL 5.7.2
2025-02-03 21:17:58,711 [INFO] ThirdParty:1030 - CMSIS Pack Vendor :quantropi X-CUBE-qispace-sdk-base 1.9.3
2025-02-03 21:17:58,711 [INFO] ThirdParty:1030 - CMSIS Pack Vendor :STMicroelectronics X-CUBE-BLEMGR 4.0.0
2025-02-03 21:17:58,711 [INFO] ThirdParty:1030 - CMSIS Pack Vendor :STMicroelectronics X-CUBE-EEPRMA1 5.1.0
2025-02-03 21:17:58,711 [INFO] ThirdParty:1030 - CMSIS Pack Vendor :STMicroelectronics HAL Drivers 0.0.0
2025-02-03 21:17:58,711 [INFO] ThirdParty:1030 - CMSIS Pack Vendor :STMicroelectronics MBEDTLS 2.16.2
2025-02-03 21:17:58,711 [INFO] ThirdParty:1030 - CMSIS Pack Vendor :STMicroelectronics X-CUBE-ALS 1.0.2
2025-02-03 21:17:58,711 [INFO] ThirdParty:1030 - CMSIS Pack Vendor :emotas I-CUBE-CANOPEN 1.3.0
2025-02-03 21:17:58,711 [INFO] ThirdParty:1030 - CMSIS Pack Vendor :STMicroelectronics X-CUBE-FREERTOS 1.3.0
2025-02-03 21:17:58,711 [INFO] ThirdParty:1030 - CMSIS Pack Vendor :STMicroelectronics X-CUBE-NFC7 1.0.1
2025-02-03 21:17:58,712 [INFO] ThirdParty:1030 - CMSIS Pack Vendor :STMicroelectronics MBEDTLS 2.14.1
2025-02-03 21:17:58,712 [INFO] ThirdParty:1030 - CMSIS Pack Vendor :STMicroelectronics X-CUBE-TOUCHGFX 4.24.0
2025-02-03 21:17:58,712 [INFO] ThirdParty:1030 - CMSIS Pack Vendor :ITTIA_DB I-CUBE-ITTIADB 8.9.0
2025-02-03 21:17:58,712 [INFO] ThirdParty:1030 - CMSIS Pack Vendor :STMicroelectronics X-CUBE-TOUCHGFX 4.24.2
2025-02-03 21:17:58,712 [INFO] ThirdParty:1030 - CMSIS Pack Vendor :STMicroelectronics X-CUBE-TOUCHGFX 4.24.1
2025-02-03 21:17:58,712 [INFO] ThirdParty:1030 - CMSIS Pack Vendor :wolfSSL I-CUBE-wolfTPM 3.4.0
2025-02-03 21:17:58,712 [INFO] ThirdParty:1030 - CMSIS Pack Vendor :portGmbH I-Cube-SoM-uGOAL 1.1.0
2025-02-03 21:17:58,712 [INFO] ThirdParty:1030 - CMSIS Pack Vendor :STMicroelectronics X-CUBE-BLEMGR 3.1.0
2025-02-03 21:17:58,712 [INFO] ThirdParty:1030 - CMSIS Pack Vendor :STMicroelectronics X-CUBE-AI 10.0.0
2025-02-03 21:17:58,712 [INFO] ThirdParty:1030 - CMSIS Pack Vendor :STMicroelectronics ThreadX 1.0.0
2025-02-03 21:17:58,712 [INFO] ThirdParty:1030 - CMSIS Pack Vendor :STMicroelectronics FP-SNS-SMARTAG2 1.2.0
2025-02-03 21:17:58,712 [INFO] ThirdParty:1030 - CMSIS Pack Vendor :STMicroelectronics X-CUBE-MEMS1 11.1.0
2025-02-03 21:17:58,712 [INFO] ThirdParty:1030 - CMSIS Pack Vendor :STMicroelectronics X-CUBE-AZRTOS-WL 2.0.0
2025-02-03 21:17:58,712 [INFO] ThirdParty:1030 - CMSIS Pack Vendor :SEGGER I-CUBE-embOS 1.3.1
2025-02-03 21:17:58,712 [INFO] ThirdParty:1030 - CMSIS Pack Vendor :STMicroelectronics X-CUBE-ALGOBUILD 1.4.0
2025-02-03 21:17:58,712 [INFO] ThirdParty:1030 - CMSIS Pack Vendor :STMicroelectronics FP-SNS-MOTENV1 5.0.0
2025-02-03 21:17:58,712 [INFO] ThirdParty:1030 - CMSIS Pack Vendor :STMicroelectronics USB_DEVICE 1.0.0
2025-02-03 21:17:58,712 [INFO] ThirdParty:1030 - CMSIS Pack Vendor :STMicroelectronics X-CUBE-AZRTOS-H7RS 1.0.0
2025-02-03 21:17:58,712 [INFO] ThirdParty:1030 - CMSIS Pack Vendor :wolfSSL I-CUBE-wolfMQTT 1.19.0
2025-02-03 21:17:58,712 [INFO] ThirdParty:1030 - CMSIS Pack Vendor :STMicroelectronics X-CUBE-AZRTOS-L4 2.0.0
2025-02-03 21:17:58,712 [INFO] ThirdParty:1030 - CMSIS Pack Vendor :STMicroelectronics ThreadX 0.0.2
2025-02-03 21:17:58,712 [INFO] ThirdParty:1030 - CMSIS Pack Vendor :WES I-CUBE-Cesium 1.3.0
2025-02-03 21:17:58,712 [INFO] ThirdParty:1030 - CMSIS Pack Vendor :STMicroelectronics FP-ATR-ASTRA1 2.0.0
2025-02-03 21:17:58,712 [INFO] ThirdParty:1030 - CMSIS Pack Vendor :STMicroelectronics lwIP 2.1.2
2025-02-03 21:17:58,712 [INFO] ThirdParty:1030 - CMSIS Pack Vendor :STMicroelectronics X-CUBE-SFXS2LP1 4.0.0
2025-02-03 21:17:58,712 [INFO] ThirdParty:1030 - CMSIS Pack Vendor :STMicroelectronics X-CUBE-BLE2 3.3.0
2025-02-03 21:17:58,712 [INFO] ThirdParty:1030 - CMSIS Pack Vendor :STMicroelectronics X-CUBE-TOF1 3.4.2
2025-02-03 21:17:58,712 [INFO] ThirdParty:1030 - CMSIS Pack Vendor :STMicroelectronics X-CUBE-AI 9.1.0
2025-02-03 21:17:58,712 [INFO] ThirdParty:1030 - CMSIS Pack Vendor :Infineon AIROC-Wi-Fi-Bluetooth-STM32 1.6.1
2025-02-03 21:17:58,712 [INFO] ThirdParty:1030 - CMSIS Pack Vendor :STMicroelectronics PDM2PCM 3.2.0
2025-02-03 21:17:58,712 [INFO] ThirdParty:1030 - CMSIS Pack Vendor :wolfSSL I-CUBE-wolfSSH 1.4.17
2025-02-03 21:17:58,714 [INFO] ThirdParty:841 - exiting critical section [change project]
2025-02-03 21:17:59,615 [INFO] PinOutPanel:1561 - setPackage(No Configuration,No Configuration)
2025-02-03 21:17:59,667 [INFO] PinOutPanel:1561 - setPackage(STM32F405RGTx,LQFP64)
2025-02-03 21:18:00,141 [INFO] UtilMem:75 - Before build in PCC Used Memory: 794921264 Bytes (1073741824)
2025-02-03 21:18:00,952 [INFO] UtilMem:75 - After build in PCC Used Memory: 839485744 Bytes (1073741824)
2025-02-03 21:18:01,060 [INFO] IPUIPlugin:80 - create IPUIPlugin
2025-02-03 21:18:01,061 [INFO] IPUIPlugin:80 - create IPUIPlugin
2025-02-03 21:18:01,061 [INFO] IPUIPlugin:80 - create IPUIPlugin
2025-02-03 21:18:01,063 [INFO] IPUIPlugin:80 - create IPUIPlugin
2025-02-03 21:18:01,063 [INFO] IPUIPlugin:80 - create IPUIPlugin
2025-02-03 21:18:01,063 [INFO] IPUIPlugin:80 - create IPUIPlugin
2025-02-03 21:18:01,063 [INFO] IPUIPlugin:80 - create IPUIPlugin
2025-02-03 21:18:01,063 [INFO] IPUIPlugin:80 - create IPUIPlugin
2025-02-03 21:18:01,063 [INFO] IPUIPlugin:80 - create IPUIPlugin
2025-02-03 21:18:01,063 [INFO] IPUIPlugin:80 - create IPUIPlugin
2025-02-03 21:18:01,064 [INFO] IPUIPlugin:80 - create IPUIPlugin
2025-02-03 21:18:01,064 [INFO] IPUIPlugin:80 - create IPUIPlugin
2025-02-03 21:18:01,064 [INFO] IPUIPlugin:80 - create IPUIPlugin
2025-02-03 21:18:01,067 [INFO] IPUIPlugin:80 - create IPUIPlugin
2025-02-03 21:18:01,067 [INFO] IPUIPlugin:80 - create IPUIPlugin
2025-02-03 21:18:01,067 [INFO] IPUIPlugin:80 - create IPUIPlugin
2025-02-03 21:18:01,067 [INFO] IPUIPlugin:80 - create IPUIPlugin
2025-02-03 21:18:01,067 [INFO] IPUIPlugin:80 - create IPUIPlugin
2025-02-03 21:18:01,067 [INFO] IPUIPlugin:80 - create IPUIPlugin
2025-02-03 21:18:01,068 [INFO] IPUIPlugin:80 - create IPUIPlugin
2025-02-03 21:18:01,068 [INFO] IPUIPlugin:80 - create IPUIPlugin
2025-02-03 21:18:01,068 [INFO] IPUIPlugin:80 - create IPUIPlugin
2025-02-03 21:18:01,068 [INFO] IPUIPlugin:80 - create IPUIPlugin
2025-02-03 21:18:01,068 [INFO] IPUIPlugin:80 - create IPUIPlugin
2025-02-03 21:18:01,068 [INFO] IPUIPlugin:80 - create IPUIPlugin
2025-02-03 21:18:01,069 [INFO] IPUIPlugin:80 - create IPUIPlugin
2025-02-03 21:18:01,069 [INFO] IPUIPlugin:80 - create IPUIPlugin
2025-02-03 21:18:01,069 [INFO] IPUIPlugin:80 - create IPUIPlugin
2025-02-03 21:18:01,069 [INFO] IPUIPlugin:80 - create IPUIPlugin
2025-02-03 21:18:01,069 [INFO] IPUIPlugin:80 - create IPUIPlugin
2025-02-03 21:18:01,069 [INFO] IPUIPlugin:80 - create IPUIPlugin
2025-02-03 21:18:01,069 [INFO] IPUIPlugin:80 - create IPUIPlugin
2025-02-03 21:18:01,069 [INFO] IPUIPlugin:80 - create IPUIPlugin
2025-02-03 21:18:01,070 [INFO] IPUIPlugin:80 - create IPUIPlugin
2025-02-03 21:18:01,070 [INFO] IPUIPlugin:80 - create IPUIPlugin
2025-02-03 21:18:01,070 [INFO] IPUIPlugin:80 - create IPUIPlugin
2025-02-03 21:18:01,070 [INFO] IPUIPlugin:80 - create IPUIPlugin
2025-02-03 21:18:01,070 [INFO] IPUIPlugin:80 - create IPUIPlugin
2025-02-03 21:18:01,070 [INFO] IPUIPlugin:80 - create IPUIPlugin
2025-02-03 21:18:01,070 [INFO] IPUIPlugin:80 - create IPUIPlugin
2025-02-03 21:18:01,070 [INFO] IPUIPlugin:80 - create IPUIPlugin
2025-02-03 21:18:01,070 [INFO] IPUIPlugin:80 - create IPUIPlugin
2025-02-03 21:18:01,070 [INFO] IPUIPlugin:80 - create IPUIPlugin
2025-02-03 21:18:01,075 [INFO] IPUIPlugin:80 - create IPUIPlugin
2025-02-03 21:18:01,076 [INFO] IPUIPlugin:80 - create IPUIPlugin
2025-02-03 21:18:01,076 [INFO] IPUIPlugin:80 - create IPUIPlugin
2025-02-03 21:18:01,077 [INFO] IPUIPlugin:80 - create IPUIPlugin
2025-02-03 21:18:01,077 [INFO] IPUIPlugin:80 - create IPUIPlugin
2025-02-03 21:18:01,077 [INFO] IPUIPlugin:80 - create IPUIPlugin
2025-02-03 21:18:01,078 [INFO] IPUIPlugin:80 - create IPUIPlugin
2025-02-03 21:18:01,078 [INFO] IPUIPlugin:80 - create IPUIPlugin
2025-02-03 21:18:01,079 [INFO] IPUIPlugin:80 - create IPUIPlugin
2025-02-03 21:18:01,079 [INFO] IPUIPlugin:80 - create IPUIPlugin
2025-02-03 21:18:01,080 [INFO] IPUIPlugin:80 - create IPUIPlugin
2025-02-03 21:18:01,093 [INFO] ApiDbMcu:508 - Load IP Config File for PDM2PCM
2025-02-03 21:18:01,105 [WARN] IP:2191 - I2C_Coeff_DF not found: check if there is a RefParameter without a condition.
2025-02-03 21:18:01,105 [WARN] IP:2191 - Analog_Filter not found: check if there is a RefParameter without a condition.
2025-02-03 21:18:01,108 [WARN] IP:2191 - I2C_Coeff_DF not found: check if there is a RefParameter without a condition.
2025-02-03 21:18:01,109 [WARN] IP:2191 - Analog_Filter not found: check if there is a RefParameter without a condition.
2025-02-03 21:18:01,293 [INFO] CADModel:165 - CPN selected for project levelSTM32F405RGT6
2025-02-03 21:18:01,293 [INFO] CADModel:114 - Register for checkConnection events
2025-02-03 21:18:01,362 [INFO] OpenFileManager:363 - Restore cursor
2025-02-03 21:18:01,984 [WARN] IP:2191 - I2C_Coeff_DF not found: check if there is a RefParameter without a condition.
2025-02-03 21:18:01,984 [WARN] IP:2191 - Analog_Filter not found: check if there is a RefParameter without a condition.
2025-02-03 21:18:01,985 [WARN] IP:2191 - I2C_Coeff_DF not found: check if there is a RefParameter without a condition.
2025-02-03 21:18:01,985 [WARN] IP:2191 - Analog_Filter not found: check if there is a RefParameter without a condition.
2025-02-03 21:18:01,992 [WARN] IP:2191 - I2C_Coeff_DF not found: check if there is a RefParameter without a condition.
2025-02-03 21:18:01,992 [WARN] IP:2191 - Analog_Filter not found: check if there is a RefParameter without a condition.
2025-02-03 21:18:01,993 [WARN] IP:2191 - I2C_Coeff_DF not found: check if there is a RefParameter without a condition.
2025-02-03 21:18:01,993 [WARN] IP:2191 - Analog_Filter not found: check if there is a RefParameter without a condition.
2025-02-03 22:08:23,700 [INFO] WebApp:189 - Connection lost
2025-02-03 22:08:24,471 [INFO] WebApp:186 - Connection restablished
2025-02-03 22:57:12,619 [WARN] IP:2191 - I2C_Coeff_DF not found: check if there is a RefParameter without a condition.
2025-02-03 22:57:12,625 [WARN] IP:2191 - Analog_Filter not found: check if there is a RefParameter without a condition.
2025-02-03 22:57:13,647 [WARN] IP:2191 - I2C_Coeff_DF not found: check if there is a RefParameter without a condition.
2025-02-03 22:57:13,647 [WARN] IP:2191 - Analog_Filter not found: check if there is a RefParameter without a condition.
2025-02-03 22:57:18,712 [WARN] IP:2191 - I2C_Coeff_DF not found: check if there is a RefParameter without a condition.
2025-02-03 22:57:18,717 [WARN] IP:2191 - Analog_Filter not found: check if there is a RefParameter without a condition.
2025-02-03 23:42:34,149 [INFO] WebApp:189 - Connection lost
2025-02-03 23:42:34,687 [INFO] WebApp:186 - Connection restablished
2025-02-03 23:57:42,172 [INFO] WebApp:189 - Connection lost
2025-02-03 23:57:42,437 [INFO] WebApp:186 - Connection restablished
