2025-02-22 00:02:35,609 [INFO] WebApp:189 - Connection lost
2025-02-22 00:02:36,029 [INFO] WebApp:186 - Connection restablished
2025-02-22 00:17:16,702 [INFO] WebApp:189 - Connection lost
2025-02-22 00:17:17,206 [INFO] WebApp:186 - Connection restablished
2025-02-22 00:17:17,273 [INFO] WebApp:189 - Connection lost
2025-02-22 00:17:17,442 [INFO] WebApp:186 - Connection restablished
2025-02-22 00:58:05,790 [INFO] WebApp:189 - Connection lost
2025-02-22 00:58:05,981 [INFO] WebApp:186 - Connection restablished
2025-02-22 01:15:10,827 [INFO] WebApp:189 - Connection lost
2025-02-22 01:15:11,152 [INFO] WebApp:186 - Connection restablished
2025-02-22 01:30:35,559 [INFO] WebApp:189 - Connection lost
2025-02-22 01:30:35,944 [INFO] WebApp:186 - Connection restablished
2025-02-22 02:01:26,533 [INFO] WebApp:189 - Connection lost
2025-02-22 02:01:27,096 [INFO] WebApp:186 - Connection restablished
2025-02-22 02:01:28,558 [INFO] WebApp:189 - Connection lost
2025-02-22 02:01:28,671 [INFO] WebApp:186 - Connection restablished
2025-02-22 02:16:51,402 [INFO] WebApp:189 - Connection lost
2025-02-22 02:16:51,713 [INFO] WebApp:186 - Connection restablished
2025-02-22 02:32:16,471 [INFO] WebApp:189 - Connection lost
2025-02-22 02:32:16,863 [INFO] WebApp:186 - Connection restablished
2025-02-22 03:03:05,998 [INFO] WebApp:189 - Connection lost
2025-02-22 03:03:06,390 [INFO] WebApp:186 - Connection restablished
2025-02-22 03:18:30,685 [INFO] WebApp:189 - Connection lost
2025-02-22 03:18:30,897 [INFO] WebApp:186 - Connection restablished
2025-02-22 03:33:55,639 [INFO] WebApp:189 - Connection lost
2025-02-22 03:33:56,030 [INFO] WebApp:186 - Connection restablished
2025-02-22 03:49:20,552 [INFO] WebApp:189 - Connection lost
2025-02-22 03:49:21,039 [INFO] WebApp:186 - Connection restablished
2025-02-22 04:04:45,434 [INFO] WebApp:189 - Connection lost
2025-02-22 04:04:45,795 [INFO] WebApp:186 - Connection restablished
2025-02-22 04:12:34,644 [INFO] WebApp:189 - Connection lost
2025-02-22 04:12:34,965 [INFO] WebApp:186 - Connection restablished
2025-02-22 04:27:59,197 [INFO] WebApp:189 - Connection lost
2025-02-22 04:27:59,520 [INFO] WebApp:186 - Connection restablished
2025-02-22 04:43:24,282 [INFO] WebApp:189 - Connection lost
2025-02-22 04:43:24,750 [INFO] WebApp:186 - Connection restablished
2025-02-22 04:58:49,784 [INFO] WebApp:189 - Connection lost
2025-02-22 04:58:50,226 [INFO] WebApp:186 - Connection restablished
2025-02-22 05:14:14,656 [INFO] WebApp:189 - Connection lost
2025-02-22 05:14:15,001 [INFO] WebApp:186 - Connection restablished
2025-02-22 05:14:15,380 [INFO] WebApp:189 - Connection lost
2025-02-22 05:14:15,512 [INFO] WebApp:186 - Connection restablished
2025-02-22 05:29:39,600 [INFO] WebApp:189 - Connection lost
2025-02-22 05:29:39,918 [INFO] WebApp:186 - Connection restablished
2025-02-22 05:45:04,431 [INFO] WebApp:189 - Connection lost
2025-02-22 05:45:04,659 [INFO] WebApp:186 - Connection restablished
2025-02-22 06:00:29,549 [INFO] WebApp:189 - Connection lost
2025-02-22 06:00:29,794 [INFO] WebApp:186 - Connection restablished
2025-02-22 06:13:34,566 [INFO] WebApp:189 - Connection lost
2025-02-22 06:13:34,810 [INFO] WebApp:186 - Connection restablished
2025-02-22 06:28:59,468 [INFO] WebApp:189 - Connection lost
2025-02-22 06:28:59,705 [INFO] WebApp:186 - Connection restablished
2025-02-22 06:44:24,274 [INFO] WebApp:189 - Connection lost
2025-02-22 06:44:24,613 [INFO] WebApp:186 - Connection restablished
2025-02-22 06:59:49,246 [INFO] WebApp:189 - Connection lost
2025-02-22 06:59:49,597 [INFO] WebApp:186 - Connection restablished
2025-02-22 07:14:34,701 [INFO] WebApp:189 - Connection lost
2025-02-22 07:14:34,940 [INFO] WebApp:186 - Connection restablished
2025-02-22 07:29:59,599 [INFO] WebApp:189 - Connection lost
2025-02-22 07:29:59,835 [INFO] WebApp:186 - Connection restablished
2025-02-22 07:30:00,409 [INFO] WebApp:189 - Connection lost
2025-02-22 07:30:00,538 [INFO] WebApp:186 - Connection restablished
2025-02-22 07:37:43,698 [INFO] WebApp:189 - Connection lost
2025-02-22 07:37:43,938 [INFO] WebApp:186 - Connection restablished
2025-02-22 07:53:08,855 [INFO] WebApp:189 - Connection lost
2025-02-22 07:53:09,115 [INFO] WebApp:186 - Connection restablished
2025-02-22 08:08:34,333 [INFO] WebApp:189 - Connection lost
2025-02-22 08:08:34,563 [INFO] WebApp:186 - Connection restablished
2025-02-22 08:15:34,572 [INFO] WebApp:189 - Connection lost
2025-02-22 08:15:34,828 [INFO] WebApp:186 - Connection restablished
2025-02-22 08:30:59,406 [INFO] WebApp:189 - Connection lost
2025-02-22 08:30:59,635 [INFO] WebApp:186 - Connection restablished
2025-02-22 08:31:02,228 [INFO] WebApp:189 - Connection lost
2025-02-22 08:31:02,364 [INFO] WebApp:186 - Connection restablished
2025-02-22 08:46:24,561 [INFO] WebApp:189 - Connection lost
2025-02-22 08:46:24,785 [INFO] WebApp:186 - Connection restablished
2025-02-22 09:01:49,223 [INFO] WebApp:189 - Connection lost
2025-02-22 09:01:49,549 [INFO] WebApp:186 - Connection restablished
2025-02-22 09:16:34,581 [INFO] WebApp:189 - Connection lost
2025-02-22 09:16:34,809 [INFO] WebApp:186 - Connection restablished
2025-02-22 09:31:59,350 [INFO] WebApp:189 - Connection lost
2025-02-22 09:31:59,597 [INFO] WebApp:186 - Connection restablished
2025-02-22 09:47:25,280 [INFO] WebApp:189 - Connection lost
2025-02-22 09:47:25,381 [INFO] WebApp:186 - Connection restablished
2025-02-22 10:17:34,176 [INFO] WebApp:189 - Connection lost
2025-02-22 10:17:34,428 [INFO] WebApp:186 - Connection restablished
2025-02-22 10:17:35,082 [INFO] WebApp:189 - Connection lost
2025-02-22 10:17:35,242 [INFO] WebApp:186 - Connection restablished
2025-02-22 10:34:36,981 [INFO] WebApp:189 - Connection lost
2025-02-22 10:34:37,234 [INFO] WebApp:186 - Connection restablished
2025-02-22 10:50:01,755 [INFO] WebApp:189 - Connection lost
2025-02-22 10:50:02,004 [INFO] WebApp:186 - Connection restablished
2025-02-22 11:05:27,599 [INFO] WebApp:189 - Connection lost
2025-02-22 11:05:27,791 [INFO] WebApp:186 - Connection restablished
2025-02-22 11:18:34,280 [INFO] WebApp:189 - Connection lost
2025-02-22 11:18:34,519 [INFO] WebApp:186 - Connection restablished
2025-02-22 11:33:59,039 [INFO] WebApp:189 - Connection lost
2025-02-22 11:33:59,288 [INFO] WebApp:186 - Connection restablished
2025-02-22 11:49:23,944 [INFO] WebApp:189 - Connection lost
2025-02-22 11:49:24,187 [INFO] WebApp:186 - Connection restablished
2025-02-22 12:04:48,996 [INFO] WebApp:189 - Connection lost
2025-02-22 12:04:49,247 [INFO] WebApp:186 - Connection restablished
2025-02-22 12:19:34,355 [INFO] WebApp:189 - Connection lost
2025-02-22 12:19:34,592 [INFO] WebApp:186 - Connection restablished
2025-02-22 12:35:00,173 [INFO] WebApp:189 - Connection lost
2025-02-22 12:35:00,406 [INFO] WebApp:186 - Connection restablished
2025-02-22 12:50:25,300 [INFO] WebApp:189 - Connection lost
2025-02-22 12:50:25,534 [INFO] WebApp:186 - Connection restablished
2025-02-22 13:05:51,140 [INFO] WebApp:189 - Connection lost
2025-02-22 13:05:51,394 [INFO] WebApp:186 - Connection restablished
2025-02-22 13:17:19,711 [INFO] WebApp:189 - Connection lost
2025-02-22 13:17:19,961 [INFO] WebApp:186 - Connection restablished
2025-02-22 16:01:06,683 [INFO] WebApp:189 - Connection lost
2025-02-22 16:01:07,448 [INFO] WebApp:186 - Connection restablished
2025-02-22 16:07:33,054 [INFO] WebApp:189 - Connection lost
2025-02-22 16:07:33,779 [INFO] WebApp:186 - Connection restablished
2025-02-22 16:45:36,304 [INFO] WebApp:189 - Connection lost
2025-02-22 16:45:36,919 [INFO] WebApp:186 - Connection restablished
2025-02-22 16:52:07,730 [INFO] McuFinderGlobals:63 - Set McuFinder mode to 2 (CubeIDE integrated)
2025-02-22 16:52:08,061 [INFO] MainUpdater:2873 - connection check result : 10
2025-02-22 16:52:08,063 [INFO] MainUpdater:2873 - connection check result : 10
2025-02-22 16:52:08,856 [INFO] RulesReader:64 - Compatibility file has been processed (297 Rules)
2025-02-22 16:52:08,868 [INFO] RulesReader:64 - Compatibility file has been processed (297 Rules)
2025-02-22 16:52:08,889 [INFO] MicroXplorer:468 - Change Database Path : 
2025-02-22 16:52:08,891 [INFO] MicroXplorer:498 - Change Database Version : DB.6.0.121
2025-02-22 16:52:08,903 [WARN] ThirdParty:871 - waiting for thirdparty lock release [close project]
2025-02-22 16:52:08,903 [INFO] ThirdParty:873 - entering critical section [close project]
2025-02-22 16:52:08,913 [INFO] ThirdParty:883 - exiting critical section [close project]
2025-02-22 16:52:08,926 [INFO] PinOutPanel:1561 - setPackage(No Configuration,No Configuration)
2025-02-22 16:52:08,939 [INFO] UtilMem:75 - Begin LoadConfig() Used Memory: 639646312 Bytes (1073741824)
2025-02-22 16:52:08,944 [INFO] MicroXplorer:468 - Change Database Path : 
2025-02-22 16:52:08,946 [INFO] MicroXplorer:498 - Change Database Version : DB.6.0.121
2025-02-22 16:52:08,947 [INFO] OpenFileManager:332 - Change cursor
2025-02-22 16:52:09,027 [INFO] Mcu:2032 - Initializing MCU STM32F405RGTx STM32F405RGTx STM32F405RGT6
2025-02-22 16:52:12,094 [INFO] Context:742 - Trying to add GPIOservice into a context  which must be forbidden
2025-02-22 16:52:13,763 [INFO] RtosManager:555 - Registered RTOS mode: class=CMSIS, group=RTOS, mode=CMSIS_V1, owner=FREERTOS
2025-02-22 16:52:13,770 [INFO] RtosManager:555 - Registered RTOS mode: class=CMSIS, group=RTOS2, mode=CMSIS_V2, owner=FREERTOS
2025-02-22 16:52:13,770 [INFO] RtosManager:555 - Registered RTOS mode: class=RTOS, group=Core, mode=CMSIS_V1, owner=FREERTOS
2025-02-22 16:52:13,770 [INFO] RtosManager:555 - Registered RTOS mode: class=RTOS, group=Core, mode=CMSIS_V2, owner=FREERTOS
2025-02-22 16:52:13,780 [WARN] ModelIntegratedComponent:184 - Missing modes for component STMicroelectronics:FreeRTOS:0.0.1:STMicroelectronics:RTOS:FreeRTOS:Core:::10.2.0:
2025-02-22 16:52:13,856 [WARN] ModelIntegratedComponent:63 - No mode defined for component null
2025-02-22 16:52:13,857 [WARN] ModelIntegratedComponent:63 - No mode defined for component null
2025-02-22 16:52:13,857 [WARN] ModelIntegratedComponent:63 - No mode defined for component null
2025-02-22 16:52:13,857 [WARN] ModelIntegratedComponent:63 - No mode defined for component null
2025-02-22 16:52:13,857 [WARN] ModelIntegratedComponent:63 - No mode defined for component null
2025-02-22 16:52:13,857 [WARN] ModelIntegratedComponent:63 - No mode defined for component null
2025-02-22 16:52:13,857 [WARN] ModelIntegratedComponent:63 - No mode defined for component null
2025-02-22 16:52:13,857 [WARN] ModelIntegratedComponent:63 - No mode defined for component null
2025-02-22 16:52:13,857 [WARN] ModelIntegratedComponent:63 - No mode defined for component null
2025-02-22 16:52:13,857 [WARN] ModelIntegratedComponent:63 - No mode defined for component null
2025-02-22 16:52:13,857 [WARN] ModelIntegratedComponent:63 - No mode defined for component null
2025-02-22 16:52:13,857 [WARN] ModelIntegratedComponent:63 - No mode defined for component null
2025-02-22 16:52:13,859 [WARN] ModelIntegratedComponent:63 - No mode defined for component null
2025-02-22 16:52:13,864 [WARN] ModelIntegratedComponent:63 - No mode defined for component null
2025-02-22 16:52:13,865 [WARN] ModelIntegratedComponent:63 - No mode defined for component null
2025-02-22 16:52:13,866 [WARN] ModelIntegratedComponent:63 - No mode defined for component null
2025-02-22 16:52:13,866 [WARN] ModelIntegratedComponent:63 - No mode defined for component null
2025-02-22 16:52:13,866 [WARN] ModelIntegratedComponent:63 - No mode defined for component null
2025-02-22 16:52:13,866 [WARN] ModelIntegratedComponent:63 - No mode defined for component null
2025-02-22 16:52:13,866 [WARN] ModelIntegratedComponent:63 - No mode defined for component null
2025-02-22 16:52:13,866 [WARN] ModelIntegratedComponent:63 - No mode defined for component null
2025-02-22 16:52:13,866 [WARN] ModelIntegratedComponent:63 - No mode defined for component null
2025-02-22 16:52:13,866 [WARN] ModelIntegratedComponent:63 - No mode defined for component null
2025-02-22 16:52:13,866 [WARN] ModelIntegratedComponent:63 - No mode defined for component null
2025-02-22 16:52:13,866 [WARN] ModelIntegratedComponent:63 - No mode defined for component null
2025-02-22 16:52:13,866 [WARN] ModelIntegratedComponent:63 - No mode defined for component null
2025-02-22 16:52:13,866 [WARN] ModelIntegratedComponent:63 - No mode defined for component null
2025-02-22 16:52:13,866 [WARN] ModelIntegratedComponent:63 - No mode defined for component null
2025-02-22 16:52:13,866 [WARN] ModelIntegratedComponent:63 - No mode defined for component null
2025-02-22 16:52:13,867 [WARN] ModelIntegratedComponent:63 - No mode defined for component null
2025-02-22 16:52:13,867 [WARN] ModelIntegratedComponent:63 - No mode defined for component null
2025-02-22 16:52:13,867 [WARN] ModelIntegratedComponent:63 - No mode defined for component null
2025-02-22 16:52:13,867 [WARN] ModelIntegratedComponent:63 - No mode defined for component null
2025-02-22 16:52:13,867 [WARN] ModelIntegratedComponent:63 - No mode defined for component null
2025-02-22 16:52:13,867 [WARN] ModelIntegratedComponent:63 - No mode defined for component null
2025-02-22 16:52:13,868 [WARN] ModelPack:524 - Component already loaded: STMicroelectronics:HAL Drivers:0.0.0:STMicroelectronics:Device:STMicro_Driver:XSPI:HAL::0.0.1:HAL_XSPI
2025-02-22 16:52:14,195 [INFO] ThirdPartyModel:298 - Start build external matchings
2025-02-22 16:52:14,858 [INFO] ThirdPartyModel:316 - End build external matchings
2025-02-22 16:52:14,968 [WARN] IP:2191 - I2C_Coeff_DF not found: check if there is a RefParameter without a condition.
2025-02-22 16:52:14,968 [WARN] IP:2191 - Analog_Filter not found: check if there is a RefParameter without a condition.
2025-02-22 16:52:14,979 [INFO] ImportTextPane:205 - (OptionalMessage_ERROR) IP (RCC) : Parameter (RTCHSEDivFreq_Value) has invalid value (4000000)
2025-02-22 16:52:16,501 [INFO] ApiDb:581 - Connected to CubeFinder SQLite database (/Users/apple/.stmcufinder/plugins/mcufinder/mcu/cube-finder-db.db)
2025-02-22 16:52:16,637 [INFO] ApiDb:668 - CubeFinder database Data Model version=2.1
2025-02-22 16:52:16,638 [INFO] ApiDb:669 - CubeFinder database Configuration version=3.0.39
2025-02-22 16:52:16,658 [INFO] ApiDb:670 - CubeFinder database generation date=2024-11-21 (1732182206)
2025-02-22 16:52:16,659 [INFO] ApiDb:671 - CubeFinder database FW Pack versions=[FP-ATR-ASTRA1_V2.0.0, FP-SNS-FLIGHT1_V5.0.2, FP-SNS-MOTENV1_V5.0.0, FP-SNS-MOTENVWB1_V1.4.0, FP-SNS-SMARTAG2_V1.2.0, FP-SNS-STBOX1_V2.0.0, STM32Cube_FW_C0_V1.3.0, STM32Cube_FW_F4_V1.28.1, STM32Cube_FW_F7_V1.17.2, STM32Cube_FW_G0_V1.6.2, STM32Cube_FW_G4_V1.6.1, STM32Cube_FW_H5_V1.4.0, STM32Cube_FW_H7RS_V1.1.0, STM32Cube_FW_H7_V1.12.0, STM32Cube_FW_L0_V1.12.2, STM32Cube_FW_L4_V1.18.1, STM32Cube_FW_L5_V1.5.1, STM32Cube_FW_N6_V1.0.0, STM32Cube_FW_U0_V1.2.0, STM32Cube_FW_U3_V1.0.0, STM32Cube_FW_U5_V1.7.0, STM32Cube_FW_WB0_V1.1.0, STM32Cube_FW_WBA_V1.5.0, STM32Cube_FW_WB_V1.21.0, STM32Cube_FW_WL3_V1.0.0, STM32Cube_FW_WL_V1.3.0, X-CUBE-ALGOBUILD_V1.4.0, X-CUBE-ALS_V1.0.2, X-CUBE-AZRTOS-F4_V1.1.0, X-CUBE-AZRTOS-F7_V1.1.0, X-CUBE-AZRTOS-G0_V1.1.0, X-CUBE-AZRTOS-G4_V2.0.0, X-CUBE-AZRTOS-H7RS_V1.0.0, X-CUBE-AZRTOS-H7_V3.3.0, X-CUBE-AZRTOS-L4_V2.0.0, X-CUBE-AZRTOS-L5_V2.0.0, X-CUBE-AZRTOS-WB_V2.0.0, X-CUBE-AZRTOS-WL_V2.0.0, X-CUBE-BLE1_V7.0.0, X-CUBE-BLE2_V3.3.0, X-CUBE-BLEMGR_V3.1.0, X-CUBE-EEPRMA1_V5.1.0, X-CUBE-FREERTOS_V1.2.0, X-CUBE-GNSS1_V6.0.0, X-CUBE-MEMS1_V11.0.0, X-CUBE-NFC4_V3.0.0, X-CUBE-NFC7_V1.0.1, X-CUBE-SFXS2LP1_V4.0.0, X-CUBE-SUBG2_V5.0.0, X-CUBE-TOF1_V3.4.2]
2025-02-22 16:52:16,799 [INFO] DbBoardsSqlite:226 - include board P-NUCLEO-WB55-NUCLEO as a kit item of type 'Nucleo-64'
2025-02-22 16:52:16,802 [INFO] DbBoardsSqlite:226 - include board P-NUCLEO-WB55-USBDONGLE as a kit item of type 'Nucleo USB Dongle'
2025-02-22 16:52:16,803 [INFO] DbBoardsSqlite:226 - include board STEVAL-IDP005V1 as a kit item of type 'Evaluation Board'
2025-02-22 16:52:16,804 [INFO] DbBoardsSqlite:226 - include board STEVAL-IDP005V2 as a kit item of type 'Evaluation Board'
2025-02-22 16:52:16,968 [INFO] ApiDb:240 - Found 646 in-development CPN: [B-G473E-ZEST1S, B-WB1M-WPAN1, B-WL5M-SUBG1, NUCLEO-C031C6, NUCLEO-C071RB, NUCLEO-H503RB, NUCLEO-H533RE, NUCLEO-H563ZI, NUCLEO-H7S3L8, NUCLEO-U031R8, NUCLEO-U083RC, NUCLEO-U545RE-Q, NUCLEO-U5A5ZJ-Q, NUCLEO-WB05KZ, NUCLEO-WB07CC, NUCLEO-WB09KE, NUCLEO-WBA52CG, NUCLEO-WBA55CG, STEVAL-PROTEUS1, STEVAL-SMARTAG2, STEVAL-STWINBX1, STM320518-EVAL, STM32C0116-DK, STM32C011D6Y3TR, STM32C011D6Y6TR, STM32C011F4P3, STM32C011F4P6, STM32C011F4U3, STM32C011F4U6TR, STM32C011F6P3, STM32C011F6P6, STM32C011F6U3, STM32C011F6U6TR, STM32C011J4M3, STM32C011J4M6, STM32C011J6M3, STM32C011J6M6, STM32C0316-DK, STM32C031C4T3, STM32C031C4T6, STM32C031C4U3, STM32C031C4U6, STM32C031C6T3, STM32C031C6T6, STM32C031C6U3, STM32C031C6U6, STM32C031F4P3, STM32C031F4P6, STM32C031F6P3, STM32C031F6P6, STM32C031G4U3, STM32C031G4U6, STM32C031G6U3, STM32C031G6U6, STM32C031K4T3, STM32C031K4T6, STM32C031K4U3, STM32C031K4U6, STM32C031K6T3, STM32C031K6T6, STM32C031K6U3, STM32C031K6U6, STM32C071C8T6, STM32C071C8T6N, STM32C071C8U6, STM32C071C8U6N, STM32C071CBT6, STM32C071CBT6N, STM32C071CBU6, STM32C071CBU6N, STM32C071F8P6, STM32C071F8P6N, STM32C071FBP6, STM32C071FBP6N, STM32C071FBY6TR, STM32C071G8U6, STM32C071G8U6N, STM32C071GBU6, STM32C071GBU6N, STM32C071K8T6, STM32C071K8T6N, STM32C071K8U6, STM32C071K8U6N, STM32C071KBT6, STM32C071KBT6N, STM32C071KBU6, STM32C071KBU6N, STM32C071R8T6, STM32C071R8T6N, STM32C071RBI6N, STM32C071RBT6, STM32C071RBT6N, STM32G071K8TXN, STM32G071K8UXN, STM32G081GBU6N, STM32G081KBT6N, STM32G081KBUXN, STM32G0B1CCT6N, STM32G0B1KCT6, STM32G0B1NEY6TR, STM32G0B1RCT6N, STM32G0C1CCT6, STM32G0C1CCT6N, STM32G0C1CCU6N, STM32G0C1CET6N, STM32G0C1CEU6N, STM32G0C1KCT6, STM32G0C1NEY6TR, STM32G0C1RCI6N, STM32G0C1RCT6N, STM32G0C1REI6N, STM32G0C1RET6N, STM32G0C1VCI6, STM32G0C1VEI6, STM32G411C6T3, STM32G411C6T6, STM32G411C6U3, STM32G411C6U6, STM32G411C8T3, STM32G411C8T6, STM32G411C8U3, STM32G411C8U6, STM32G411CBT3, STM32G411CBT6, STM32G411CBU3, STM32G411CBU6, STM32G411K6T3, STM32G411K6T6, STM32G411K6U3, STM32G411K6U6, STM32G411K8T3, STM32G411K8T6, STM32G411K8U3, STM32G411K8U6, STM32G411KBT3, STM32G411KBT6, STM32G411KBU3, STM32G411KBU6, STM32G411M6T3, STM32G411M6T6, STM32G411M8T3, STM32G411M8T6, STM32G411MBT3, STM32G411MBT6, STM32G411R6T3, STM32G411R6T6, STM32G411R8T3, STM32G411R8T6, STM32G411RBT3, STM32G411RBT6, STM32G414CBT3, STM32G414CBT6, STM32G414CBU3, STM32G414CBU6, STM32G414CCT3, STM32G414CCT6, STM32G414CCU3, STM32G414CCU6, STM32G414MBT3, STM32G414MBT6, STM32G414MCT3, STM32G414MCT6, STM32G414RBT3, STM32G414RBT6, STM32G414RCT3, STM32G414RCT6, STM32G414VBT3, STM32G414VBT6, STM32G414VCT3, STM32G414VCT6, STM32G431CBT3Z, STM32G431RBT3Z, STM32G471CCT6, STM32G471CCU6, STM32G471CET3, STM32G471CET6, STM32G471CEU3, STM32G471CEU6, STM32G471MCT6, STM32G471MET3, STM32G471MET6, STM32G471MEY6TR, STM32G471QCT6, STM32G471QET3, STM32G471RCT6, STM32G471RET3, STM32G471RET6, STM32G471VCH6, STM32G471VCI6, STM32G471VCT6, STM32G471VEH3, STM32G471VEH6, STM32G471VEI3, STM32G471VEI6, STM32G471VET3, STM32G471VET6, STM32G473QET3Z, STM32G473RET3Z, STM32G474CCT6, STM32G491RET3Z, STM32H503CBT6, STM32H503CBU6, STM32H503EBY6TR, STM32H503KBU6, STM32H503RBT6, STM32H523CCT6, STM32H523CCU6, STM32H523CET6, STM32H523CEU6, STM32H523HEY6TR, STM32H523RCT6, STM32H523RET6, STM32H523VCI6, STM32H523VCT6, STM32H523VEI6, STM32H523VET6, STM32H523ZCJ6, STM32H523ZCT6, STM32H523ZEJ6, STM32H523ZET6, STM32H533CET6, STM32H533CEU6, STM32H533HEY6TR, STM32H533RET6, STM32H533VEI6, STM32H533VET6, STM32H533ZEJ6, STM32H533ZET6, STM32H562AGI6, STM32H562AII6, STM32H562IGK6, STM32H562IGT6, STM32H562IIK6, STM32H562IIT6, STM32H562RGT6, STM32H562RGV6, STM32H562RIT6, STM32H562RIV6, STM32H562VGT6, STM32H562VIT6, STM32H562ZGT6, STM32H562ZIT6, STM32H563AGI6, STM32H563AII3Q, STM32H563AII6, STM32H563IGK6, STM32H563IGT6, STM32H563IIK3Q, STM32H563IIK6, STM32H563IIT3Q, STM32H563IIT6, STM32H563MIY3QTR, STM32H563RGT6, STM32H563RGV6, STM32H563RIT6, STM32H563RIV6, STM32H563VGT6, STM32H563VIT3Q, STM32H563VIT6, STM32H563ZGT6, STM32H563ZIT3Q, STM32H563ZIT6, STM32H573AII3Q, STM32H573AII6, STM32H573I-DK, STM32H573IIK3Q, STM32H573IIK6, STM32H573IIT3Q, STM32H573IIT6, STM32H573MIY3QTR, STM32H573RIT6, STM32H573RIV6, STM32H573VIT3Q, STM32H573VIT6, STM32H573ZIT3Q, STM32H573ZIT6, STM32H7R3A8I6, STM32H7R3I8K6, STM32H7R3I8T6, STM32H7R3L8H6, STM32H7R3L8H6H, STM32H7R3R8V6, STM32H7R3V8H6, STM32H7R3V8T6, STM32H7R3V8Y6TR, STM32H7R3Z8J6, STM32H7R3Z8T6, STM32H7R7A8I6, STM32H7R7I8K6, STM32H7R7I8T6, STM32H7R7L8H6, STM32H7R7L8H6H, STM32H7R7Z8J6, STM32H7S3A8I6, STM32H7S3I8K6, STM32H7S3I8T6, STM32H7S3L8H6, STM32H7S3L8H6H, STM32H7S3R8V6, STM32H7S3V8H6, STM32H7S3V8T6, STM32H7S3V8Y6TR, STM32H7S3Z8J6, STM32H7S3Z8T6, STM32H7S78-DK, STM32H7S7A8I6, STM32H7S7I8K6, STM32H7S7I8T6, STM32H7S7L8H6, STM32H7S7L8H6H, STM32H7S7Z8J6, STM32L4R5QGI6STR, STM32MP131AAE3, STM32MP131AAF3, STM32MP131AAG3, STM32MP131CAE3, STM32MP131CAF3, STM32MP131CAG3, STM32MP131DAE7, STM32MP131DAF7, STM32MP131DAG7, STM32MP131FAE7, STM32MP131FAF7, STM32MP131FAG7, STM32MP133AAE3, STM32MP133AAF3, STM32MP133AAG3, STM32MP133CAE3, STM32MP133CAF3, STM32MP133CAG3, STM32MP133DAE7, STM32MP133DAF7, STM32MP133DAG7, STM32MP133FAE7, STM32MP133FAF7, STM32MP133FAG7, STM32MP135AAE3, STM32MP135AAF3, STM32MP135AAG3, STM32MP135CAE3, STM32MP135CAF3, STM32MP135CAG3, STM32MP135DAE7, STM32MP135DAF7, STM32MP135DAG7, STM32MP135F-DK, STM32MP135FAE7, STM32MP135FAF7, STM32MP135FAF7T, STM32MP135FAF7U, STM32MP135FAG7, STM32MP251AAI3, STM32MP251AAK3, STM32MP251AAL3, STM32MP251CAI3, STM32MP251CAK3, STM32MP251CAL3, STM32MP251DAI3, STM32MP251DAK3, STM32MP251DAL3, STM32MP251FAI3, STM32MP251FAK3, STM32MP251FAL3, STM32MP253AAI3, STM32MP253AAK3, STM32MP253AAL3, STM32MP253CAI3, STM32MP253CAK3, STM32MP253CAL3, STM32MP253DAI3, STM32MP253DAK3, STM32MP253DAL3, STM32MP253FAI3, STM32MP253FAK3, STM32MP253FAL3, STM32MP255AAI3, STM32MP255AAK3, STM32MP255AAL3, STM32MP255CAI3, STM32MP255CAK3, STM32MP255CAL3, STM32MP255DAI3, STM32MP255DAK3, STM32MP255DAL3, STM32MP255FAI3, STM32MP255FAK3, STM32MP255FAL3, STM32MP257AAI3, STM32MP257AAK3, STM32MP257AAL3, STM32MP257CAI3, STM32MP257CAK3, STM32MP257CAL3, STM32MP257DAI3, STM32MP257DAK3, STM32MP257DAL3, STM32MP257F-DK, STM32MP257F-EV1, STM32MP257FAI3, STM32MP257FAK3, STM32MP257FAL3, STM32U031C6T6, STM32U031C6U6, STM32U031C8T6, STM32U031C8U6, STM32U031F4P6, STM32U031F6P6, STM32U031F8P6, STM32U031G6Y6TR, STM32U031G8Y6TR, STM32U031K4U6, STM32U031K6U6, STM32U031K8U6, STM32U031R6I6, STM32U031R6T6, STM32U031R8I6, STM32U031R8T6, STM32U073C8T6, STM32U073C8U6, STM32U073CBT6, STM32U073CBU6, STM32U073CCT6, STM32U073CCU6, STM32U073H8Y6TR, STM32U073HBY6TR, STM32U073HCY6TR, STM32U073K8U6, STM32U073KBU6, STM32U073KCU6, STM32U073M8I6, STM32U073M8T6, STM32U073MBI6, STM32U073MBT6, STM32U073MCI6, STM32U073MCT6, STM32U073R8I6, STM32U073R8T6, STM32U073RBI6, STM32U073RBT6, STM32U073RCI6, STM32U073RCT6, STM32U083C-DK, STM32U083CCT6, STM32U083CCU6, STM32U083HCY6TR, STM32U083KCU6, STM32U083MCI6, STM32U083MCT6, STM32U083RCI6, STM32U083RCT6, STM32U535CBT6, STM32U535CBT6Q, STM32U535CBU6, STM32U535CBU6Q, STM32U535CCT6, STM32U535CCT6Q, STM32U535CCU6, STM32U535CCU6Q, STM32U535CET6, STM32U535CET6Q, STM32U535CEU6, STM32U535CEU6Q, STM32U535JEY6QTR, STM32U535NCY6QTR, STM32U535NEY6QTR, STM32U535RBI6, STM32U535RBI6Q, STM32U535RBT6, STM32U535RBT6Q, STM32U535RCI6, STM32U535RCI6Q, STM32U535RCT6, STM32U535RCT6Q, STM32U535REI6, STM32U535REI6Q, STM32U535RET6, STM32U535RET6Q, STM32U535VCI6, STM32U535VCI6Q, STM32U535VCT6, STM32U535VCT6Q, STM32U535VEI6, STM32U535VEI6Q, STM32U535VET6, STM32U535VET6Q, STM32U545CET6, STM32U545CET6Q, STM32U545CEU6, STM32U545CEU6Q, STM32U545JEY6QTR, STM32U545NEY6QTR, STM32U545REI6, STM32U545REI6Q, STM32U545RET6, STM32U545RET6Q, STM32U545VEI6, STM32U545VEI6Q, STM32U545VET6, STM32U545VET6Q, STM32U595AIH6, STM32U595AIH6Q, STM32U595AJH6, STM32U595AJH6Q, STM32U595QII6, STM32U595QII6Q, STM32U595QJI6, STM32U595QJI6Q, STM32U595RIT6, STM32U595RIT6Q, STM32U595RJT6, STM32U595RJT6Q, STM32U595VIT6, STM32U595VIT6Q, STM32U595VJT6, STM32U595VJT6Q, STM32U595ZIT6, STM32U595ZIT6Q, STM32U595ZIY6QTR, STM32U595ZJT6, STM32U595ZJT6Q, STM32U595ZJY6QTR, STM32U599BJY6QTR, STM32U599NIH6Q, STM32U599NJH6Q, STM32U599VIT6Q, STM32U599VJT6, STM32U599VJT6Q, STM32U599ZIT6Q, STM32U599ZIY6QTR, STM32U599ZJT6Q, STM32U599ZJY6QTR, STM32U5A5AJH6, STM32U5A5AJH6Q, STM32U5A5QII3Q , STM32U5A5QJI6, STM32U5A5QJI6Q, STM32U5A5RJT6, STM32U5A5RJT6Q, STM32U5A5VJT6, STM32U5A5VJT6Q, STM32U5A5ZJT6, STM32U5A5ZJT6Q, STM32U5A5ZJY6QTR, STM32U5A9BJY6QTR, STM32U5A9J-DK, STM32U5A9NJH6Q, STM32U5A9VJT6Q, STM32U5A9ZJT6Q, STM32U5A9ZJY6QTR, STM32U5F7VIT6, STM32U5F7VIT6Q, STM32U5F7VJT6, STM32U5F7VJT6Q, STM32U5F9BJY6QTR, STM32U5F9NJH6Q, STM32U5F9VIT6Q, STM32U5F9VJT6Q, STM32U5F9ZIJ6QTR, STM32U5F9ZIT6Q, STM32U5F9ZJJ6QTR, STM32U5F9ZJT6Q, STM32U5G7VJT6, STM32U5G7VJT6Q, STM32U5G9BJY6QTR, STM32U5G9J-DK1, STM32U5G9J-DK2, STM32U5G9NJH6Q, STM32U5G9VJT6Q, STM32U5G9ZJJ6QTR, STM32U5G9ZJT6Q, STM32WB05KZV6TR, STM32WB05KZV7TR, STM32WB05TZF6TR, STM32WB05TZF7TR, STM32WB06CCF6TR, STM32WB06CCF7TR, STM32WB06CCV6TR, STM32WB06CCV7TR, STM32WB06KCV6TR, STM32WB06KCV7TR, STM32WB07CCF6TR, STM32WB07CCF7TR, STM32WB07CCV6TR, STM32WB07CCV7TR, STM32WB07KCV6TR, STM32WB07KCV7TR, STM32WB09KEV6TR, STM32WB09KEV7TR, STM32WB09TEF6TR, STM32WB09TEF7TR, STM32WB1MMCH6, STM32WBA50KGU6, STM32WBA50KGU6TR, STM32WBA52CEU6, STM32WBA52CEU6TR, STM32WBA52CEU7, STM32WBA52CEU7TR, STM32WBA52CGU6, STM32WBA52CGU6TR, STM32WBA52CGU6U, STM32WBA52CGU7, STM32WBA52CGU7TR, STM32WBA52KEU6, STM32WBA52KEU6TR, STM32WBA52KGU6, STM32WBA52KGU6TR, STM32WBA54CEU6, STM32WBA54CEU6TR, STM32WBA54CEU7, STM32WBA54CEU7TR, STM32WBA54CGU6, STM32WBA54CGU6TR, STM32WBA54CGU7, STM32WBA54CGU7TR, STM32WBA54KEU6, STM32WBA54KEU6TR, STM32WBA54KEU7, STM32WBA54KEU7TR, STM32WBA54KGU6, STM32WBA54KGU6TR, STM32WBA54KGU7, STM32WBA54KGU7TR, STM32WBA55CEU6, STM32WBA55CEU6TR, STM32WBA55CEU7, STM32WBA55CEU7TR, STM32WBA55CGU6, STM32WBA55CGU6TR, STM32WBA55CGU6U, STM32WBA55CGU7, STM32WBA55CGU7TR, STM32WBA55G-DK1, STM32WBA55HEF6, STM32WBA55HEF7, STM32WBA55HGF6, STM32WBA55HGF7, STM32WBA55UEI6, STM32WBA55UEI6TR, STM32WBA55UEI7, STM32WBA55UEI7TR, STM32WBA55UGI6, STM32WBA55UGI6TR, STM32WBA55UGI7, STM32WBA55UGI7TR, STM32WL5MOCH6, STM32WL5MOCH6TR]
2025-02-22 16:52:16,974 [INFO] ApiDb:668 - CubeFinder database Data Model version=2.1
2025-02-22 16:52:16,975 [INFO] ApiDb:669 - CubeFinder database Configuration version=3.0.39
2025-02-22 16:52:16,975 [INFO] ApiDb:670 - CubeFinder database generation date=2024-11-21 (1732182206)
2025-02-22 16:52:16,975 [INFO] ApiDb:671 - CubeFinder database FW Pack versions=[FP-ATR-ASTRA1_V2.0.0, FP-SNS-FLIGHT1_V5.0.2, FP-SNS-MOTENV1_V5.0.0, FP-SNS-MOTENVWB1_V1.4.0, FP-SNS-SMARTAG2_V1.2.0, FP-SNS-STBOX1_V2.0.0, STM32Cube_FW_C0_V1.3.0, STM32Cube_FW_F4_V1.28.1, STM32Cube_FW_F7_V1.17.2, STM32Cube_FW_G0_V1.6.2, STM32Cube_FW_G4_V1.6.1, STM32Cube_FW_H5_V1.4.0, STM32Cube_FW_H7RS_V1.1.0, STM32Cube_FW_H7_V1.12.0, STM32Cube_FW_L0_V1.12.2, STM32Cube_FW_L4_V1.18.1, STM32Cube_FW_L5_V1.5.1, STM32Cube_FW_N6_V1.0.0, STM32Cube_FW_U0_V1.2.0, STM32Cube_FW_U3_V1.0.0, STM32Cube_FW_U5_V1.7.0, STM32Cube_FW_WB0_V1.1.0, STM32Cube_FW_WBA_V1.5.0, STM32Cube_FW_WB_V1.21.0, STM32Cube_FW_WL3_V1.0.0, STM32Cube_FW_WL_V1.3.0, X-CUBE-ALGOBUILD_V1.4.0, X-CUBE-ALS_V1.0.2, X-CUBE-AZRTOS-F4_V1.1.0, X-CUBE-AZRTOS-F7_V1.1.0, X-CUBE-AZRTOS-G0_V1.1.0, X-CUBE-AZRTOS-G4_V2.0.0, X-CUBE-AZRTOS-H7RS_V1.0.0, X-CUBE-AZRTOS-H7_V3.3.0, X-CUBE-AZRTOS-L4_V2.0.0, X-CUBE-AZRTOS-L5_V2.0.0, X-CUBE-AZRTOS-WB_V2.0.0, X-CUBE-AZRTOS-WL_V2.0.0, X-CUBE-BLE1_V7.0.0, X-CUBE-BLE2_V3.3.0, X-CUBE-BLEMGR_V3.1.0, X-CUBE-EEPRMA1_V5.1.0, X-CUBE-FREERTOS_V1.2.0, X-CUBE-GNSS1_V6.0.0, X-CUBE-MEMS1_V11.0.0, X-CUBE-NFC4_V3.0.0, X-CUBE-NFC7_V1.0.1, X-CUBE-SFXS2LP1_V4.0.0, X-CUBE-SUBG2_V5.0.0, X-CUBE-TOF1_V3.4.2]
2025-02-22 16:52:19,410 [INFO] ApiDb:240 - Found 646 in-development CPN: [B-G473E-ZEST1S, B-WB1M-WPAN1, B-WL5M-SUBG1, NUCLEO-C031C6, NUCLEO-C071RB, NUCLEO-H503RB, NUCLEO-H533RE, NUCLEO-H563ZI, NUCLEO-H7S3L8, NUCLEO-U031R8, NUCLEO-U083RC, NUCLEO-U545RE-Q, NUCLEO-U5A5ZJ-Q, NUCLEO-WB05KZ, NUCLEO-WB07CC, NUCLEO-WB09KE, NUCLEO-WBA52CG, NUCLEO-WBA55CG, STEVAL-PROTEUS1, STEVAL-SMARTAG2, STEVAL-STWINBX1, STM320518-EVAL, STM32C0116-DK, STM32C011D6Y3TR, STM32C011D6Y6TR, STM32C011F4P3, STM32C011F4P6, STM32C011F4U3, STM32C011F4U6TR, STM32C011F6P3, STM32C011F6P6, STM32C011F6U3, STM32C011F6U6TR, STM32C011J4M3, STM32C011J4M6, STM32C011J6M3, STM32C011J6M6, STM32C0316-DK, STM32C031C4T3, STM32C031C4T6, STM32C031C4U3, STM32C031C4U6, STM32C031C6T3, STM32C031C6T6, STM32C031C6U3, STM32C031C6U6, STM32C031F4P3, STM32C031F4P6, STM32C031F6P3, STM32C031F6P6, STM32C031G4U3, STM32C031G4U6, STM32C031G6U3, STM32C031G6U6, STM32C031K4T3, STM32C031K4T6, STM32C031K4U3, STM32C031K4U6, STM32C031K6T3, STM32C031K6T6, STM32C031K6U3, STM32C031K6U6, STM32C071C8T6, STM32C071C8T6N, STM32C071C8U6, STM32C071C8U6N, STM32C071CBT6, STM32C071CBT6N, STM32C071CBU6, STM32C071CBU6N, STM32C071F8P6, STM32C071F8P6N, STM32C071FBP6, STM32C071FBP6N, STM32C071FBY6TR, STM32C071G8U6, STM32C071G8U6N, STM32C071GBU6, STM32C071GBU6N, STM32C071K8T6, STM32C071K8T6N, STM32C071K8U6, STM32C071K8U6N, STM32C071KBT6, STM32C071KBT6N, STM32C071KBU6, STM32C071KBU6N, STM32C071R8T6, STM32C071R8T6N, STM32C071RBI6N, STM32C071RBT6, STM32C071RBT6N, STM32G071K8TXN, STM32G071K8UXN, STM32G081GBU6N, STM32G081KBT6N, STM32G081KBUXN, STM32G0B1CCT6N, STM32G0B1KCT6, STM32G0B1NEY6TR, STM32G0B1RCT6N, STM32G0C1CCT6, STM32G0C1CCT6N, STM32G0C1CCU6N, STM32G0C1CET6N, STM32G0C1CEU6N, STM32G0C1KCT6, STM32G0C1NEY6TR, STM32G0C1RCI6N, STM32G0C1RCT6N, STM32G0C1REI6N, STM32G0C1RET6N, STM32G0C1VCI6, STM32G0C1VEI6, STM32G411C6T3, STM32G411C6T6, STM32G411C6U3, STM32G411C6U6, STM32G411C8T3, STM32G411C8T6, STM32G411C8U3, STM32G411C8U6, STM32G411CBT3, STM32G411CBT6, STM32G411CBU3, STM32G411CBU6, STM32G411K6T3, STM32G411K6T6, STM32G411K6U3, STM32G411K6U6, STM32G411K8T3, STM32G411K8T6, STM32G411K8U3, STM32G411K8U6, STM32G411KBT3, STM32G411KBT6, STM32G411KBU3, STM32G411KBU6, STM32G411M6T3, STM32G411M6T6, STM32G411M8T3, STM32G411M8T6, STM32G411MBT3, STM32G411MBT6, STM32G411R6T3, STM32G411R6T6, STM32G411R8T3, STM32G411R8T6, STM32G411RBT3, STM32G411RBT6, STM32G414CBT3, STM32G414CBT6, STM32G414CBU3, STM32G414CBU6, STM32G414CCT3, STM32G414CCT6, STM32G414CCU3, STM32G414CCU6, STM32G414MBT3, STM32G414MBT6, STM32G414MCT3, STM32G414MCT6, STM32G414RBT3, STM32G414RBT6, STM32G414RCT3, STM32G414RCT6, STM32G414VBT3, STM32G414VBT6, STM32G414VCT3, STM32G414VCT6, STM32G431CBT3Z, STM32G431RBT3Z, STM32G471CCT6, STM32G471CCU6, STM32G471CET3, STM32G471CET6, STM32G471CEU3, STM32G471CEU6, STM32G471MCT6, STM32G471MET3, STM32G471MET6, STM32G471MEY6TR, STM32G471QCT6, STM32G471QET3, STM32G471RCT6, STM32G471RET3, STM32G471RET6, STM32G471VCH6, STM32G471VCI6, STM32G471VCT6, STM32G471VEH3, STM32G471VEH6, STM32G471VEI3, STM32G471VEI6, STM32G471VET3, STM32G471VET6, STM32G473QET3Z, STM32G473RET3Z, STM32G474CCT6, STM32G491RET3Z, STM32H503CBT6, STM32H503CBU6, STM32H503EBY6TR, STM32H503KBU6, STM32H503RBT6, STM32H523CCT6, STM32H523CCU6, STM32H523CET6, STM32H523CEU6, STM32H523HEY6TR, STM32H523RCT6, STM32H523RET6, STM32H523VCI6, STM32H523VCT6, STM32H523VEI6, STM32H523VET6, STM32H523ZCJ6, STM32H523ZCT6, STM32H523ZEJ6, STM32H523ZET6, STM32H533CET6, STM32H533CEU6, STM32H533HEY6TR, STM32H533RET6, STM32H533VEI6, STM32H533VET6, STM32H533ZEJ6, STM32H533ZET6, STM32H562AGI6, STM32H562AII6, STM32H562IGK6, STM32H562IGT6, STM32H562IIK6, STM32H562IIT6, STM32H562RGT6, STM32H562RGV6, STM32H562RIT6, STM32H562RIV6, STM32H562VGT6, STM32H562VIT6, STM32H562ZGT6, STM32H562ZIT6, STM32H563AGI6, STM32H563AII3Q, STM32H563AII6, STM32H563IGK6, STM32H563IGT6, STM32H563IIK3Q, STM32H563IIK6, STM32H563IIT3Q, STM32H563IIT6, STM32H563MIY3QTR, STM32H563RGT6, STM32H563RGV6, STM32H563RIT6, STM32H563RIV6, STM32H563VGT6, STM32H563VIT3Q, STM32H563VIT6, STM32H563ZGT6, STM32H563ZIT3Q, STM32H563ZIT6, STM32H573AII3Q, STM32H573AII6, STM32H573I-DK, STM32H573IIK3Q, STM32H573IIK6, STM32H573IIT3Q, STM32H573IIT6, STM32H573MIY3QTR, STM32H573RIT6, STM32H573RIV6, STM32H573VIT3Q, STM32H573VIT6, STM32H573ZIT3Q, STM32H573ZIT6, STM32H7R3A8I6, STM32H7R3I8K6, STM32H7R3I8T6, STM32H7R3L8H6, STM32H7R3L8H6H, STM32H7R3R8V6, STM32H7R3V8H6, STM32H7R3V8T6, STM32H7R3V8Y6TR, STM32H7R3Z8J6, STM32H7R3Z8T6, STM32H7R7A8I6, STM32H7R7I8K6, STM32H7R7I8T6, STM32H7R7L8H6, STM32H7R7L8H6H, STM32H7R7Z8J6, STM32H7S3A8I6, STM32H7S3I8K6, STM32H7S3I8T6, STM32H7S3L8H6, STM32H7S3L8H6H, STM32H7S3R8V6, STM32H7S3V8H6, STM32H7S3V8T6, STM32H7S3V8Y6TR, STM32H7S3Z8J6, STM32H7S3Z8T6, STM32H7S78-DK, STM32H7S7A8I6, STM32H7S7I8K6, STM32H7S7I8T6, STM32H7S7L8H6, STM32H7S7L8H6H, STM32H7S7Z8J6, STM32L4R5QGI6STR, STM32MP131AAE3, STM32MP131AAF3, STM32MP131AAG3, STM32MP131CAE3, STM32MP131CAF3, STM32MP131CAG3, STM32MP131DAE7, STM32MP131DAF7, STM32MP131DAG7, STM32MP131FAE7, STM32MP131FAF7, STM32MP131FAG7, STM32MP133AAE3, STM32MP133AAF3, STM32MP133AAG3, STM32MP133CAE3, STM32MP133CAF3, STM32MP133CAG3, STM32MP133DAE7, STM32MP133DAF7, STM32MP133DAG7, STM32MP133FAE7, STM32MP133FAF7, STM32MP133FAG7, STM32MP135AAE3, STM32MP135AAF3, STM32MP135AAG3, STM32MP135CAE3, STM32MP135CAF3, STM32MP135CAG3, STM32MP135DAE7, STM32MP135DAF7, STM32MP135DAG7, STM32MP135F-DK, STM32MP135FAE7, STM32MP135FAF7, STM32MP135FAF7T, STM32MP135FAF7U, STM32MP135FAG7, STM32MP251AAI3, STM32MP251AAK3, STM32MP251AAL3, STM32MP251CAI3, STM32MP251CAK3, STM32MP251CAL3, STM32MP251DAI3, STM32MP251DAK3, STM32MP251DAL3, STM32MP251FAI3, STM32MP251FAK3, STM32MP251FAL3, STM32MP253AAI3, STM32MP253AAK3, STM32MP253AAL3, STM32MP253CAI3, STM32MP253CAK3, STM32MP253CAL3, STM32MP253DAI3, STM32MP253DAK3, STM32MP253DAL3, STM32MP253FAI3, STM32MP253FAK3, STM32MP253FAL3, STM32MP255AAI3, STM32MP255AAK3, STM32MP255AAL3, STM32MP255CAI3, STM32MP255CAK3, STM32MP255CAL3, STM32MP255DAI3, STM32MP255DAK3, STM32MP255DAL3, STM32MP255FAI3, STM32MP255FAK3, STM32MP255FAL3, STM32MP257AAI3, STM32MP257AAK3, STM32MP257AAL3, STM32MP257CAI3, STM32MP257CAK3, STM32MP257CAL3, STM32MP257DAI3, STM32MP257DAK3, STM32MP257DAL3, STM32MP257F-DK, STM32MP257F-EV1, STM32MP257FAI3, STM32MP257FAK3, STM32MP257FAL3, STM32U031C6T6, STM32U031C6U6, STM32U031C8T6, STM32U031C8U6, STM32U031F4P6, STM32U031F6P6, STM32U031F8P6, STM32U031G6Y6TR, STM32U031G8Y6TR, STM32U031K4U6, STM32U031K6U6, STM32U031K8U6, STM32U031R6I6, STM32U031R6T6, STM32U031R8I6, STM32U031R8T6, STM32U073C8T6, STM32U073C8U6, STM32U073CBT6, STM32U073CBU6, STM32U073CCT6, STM32U073CCU6, STM32U073H8Y6TR, STM32U073HBY6TR, STM32U073HCY6TR, STM32U073K8U6, STM32U073KBU6, STM32U073KCU6, STM32U073M8I6, STM32U073M8T6, STM32U073MBI6, STM32U073MBT6, STM32U073MCI6, STM32U073MCT6, STM32U073R8I6, STM32U073R8T6, STM32U073RBI6, STM32U073RBT6, STM32U073RCI6, STM32U073RCT6, STM32U083C-DK, STM32U083CCT6, STM32U083CCU6, STM32U083HCY6TR, STM32U083KCU6, STM32U083MCI6, STM32U083MCT6, STM32U083RCI6, STM32U083RCT6, STM32U535CBT6, STM32U535CBT6Q, STM32U535CBU6, STM32U535CBU6Q, STM32U535CCT6, STM32U535CCT6Q, STM32U535CCU6, STM32U535CCU6Q, STM32U535CET6, STM32U535CET6Q, STM32U535CEU6, STM32U535CEU6Q, STM32U535JEY6QTR, STM32U535NCY6QTR, STM32U535NEY6QTR, STM32U535RBI6, STM32U535RBI6Q, STM32U535RBT6, STM32U535RBT6Q, STM32U535RCI6, STM32U535RCI6Q, STM32U535RCT6, STM32U535RCT6Q, STM32U535REI6, STM32U535REI6Q, STM32U535RET6, STM32U535RET6Q, STM32U535VCI6, STM32U535VCI6Q, STM32U535VCT6, STM32U535VCT6Q, STM32U535VEI6, STM32U535VEI6Q, STM32U535VET6, STM32U535VET6Q, STM32U545CET6, STM32U545CET6Q, STM32U545CEU6, STM32U545CEU6Q, STM32U545JEY6QTR, STM32U545NEY6QTR, STM32U545REI6, STM32U545REI6Q, STM32U545RET6, STM32U545RET6Q, STM32U545VEI6, STM32U545VEI6Q, STM32U545VET6, STM32U545VET6Q, STM32U595AIH6, STM32U595AIH6Q, STM32U595AJH6, STM32U595AJH6Q, STM32U595QII6, STM32U595QII6Q, STM32U595QJI6, STM32U595QJI6Q, STM32U595RIT6, STM32U595RIT6Q, STM32U595RJT6, STM32U595RJT6Q, STM32U595VIT6, STM32U595VIT6Q, STM32U595VJT6, STM32U595VJT6Q, STM32U595ZIT6, STM32U595ZIT6Q, STM32U595ZIY6QTR, STM32U595ZJT6, STM32U595ZJT6Q, STM32U595ZJY6QTR, STM32U599BJY6QTR, STM32U599NIH6Q, STM32U599NJH6Q, STM32U599VIT6Q, STM32U599VJT6, STM32U599VJT6Q, STM32U599ZIT6Q, STM32U599ZIY6QTR, STM32U599ZJT6Q, STM32U599ZJY6QTR, STM32U5A5AJH6, STM32U5A5AJH6Q, STM32U5A5QII3Q , STM32U5A5QJI6, STM32U5A5QJI6Q, STM32U5A5RJT6, STM32U5A5RJT6Q, STM32U5A5VJT6, STM32U5A5VJT6Q, STM32U5A5ZJT6, STM32U5A5ZJT6Q, STM32U5A5ZJY6QTR, STM32U5A9BJY6QTR, STM32U5A9J-DK, STM32U5A9NJH6Q, STM32U5A9VJT6Q, STM32U5A9ZJT6Q, STM32U5A9ZJY6QTR, STM32U5F7VIT6, STM32U5F7VIT6Q, STM32U5F7VJT6, STM32U5F7VJT6Q, STM32U5F9BJY6QTR, STM32U5F9NJH6Q, STM32U5F9VIT6Q, STM32U5F9VJT6Q, STM32U5F9ZIJ6QTR, STM32U5F9ZIT6Q, STM32U5F9ZJJ6QTR, STM32U5F9ZJT6Q, STM32U5G7VJT6, STM32U5G7VJT6Q, STM32U5G9BJY6QTR, STM32U5G9J-DK1, STM32U5G9J-DK2, STM32U5G9NJH6Q, STM32U5G9VJT6Q, STM32U5G9ZJJ6QTR, STM32U5G9ZJT6Q, STM32WB05KZV6TR, STM32WB05KZV7TR, STM32WB05TZF6TR, STM32WB05TZF7TR, STM32WB06CCF6TR, STM32WB06CCF7TR, STM32WB06CCV6TR, STM32WB06CCV7TR, STM32WB06KCV6TR, STM32WB06KCV7TR, STM32WB07CCF6TR, STM32WB07CCF7TR, STM32WB07CCV6TR, STM32WB07CCV7TR, STM32WB07KCV6TR, STM32WB07KCV7TR, STM32WB09KEV6TR, STM32WB09KEV7TR, STM32WB09TEF6TR, STM32WB09TEF7TR, STM32WB1MMCH6, STM32WBA50KGU6, STM32WBA50KGU6TR, STM32WBA52CEU6, STM32WBA52CEU6TR, STM32WBA52CEU7, STM32WBA52CEU7TR, STM32WBA52CGU6, STM32WBA52CGU6TR, STM32WBA52CGU6U, STM32WBA52CGU7, STM32WBA52CGU7TR, STM32WBA52KEU6, STM32WBA52KEU6TR, STM32WBA52KGU6, STM32WBA52KGU6TR, STM32WBA54CEU6, STM32WBA54CEU6TR, STM32WBA54CEU7, STM32WBA54CEU7TR, STM32WBA54CGU6, STM32WBA54CGU6TR, STM32WBA54CGU7, STM32WBA54CGU7TR, STM32WBA54KEU6, STM32WBA54KEU6TR, STM32WBA54KEU7, STM32WBA54KEU7TR, STM32WBA54KGU6, STM32WBA54KGU6TR, STM32WBA54KGU7, STM32WBA54KGU7TR, STM32WBA55CEU6, STM32WBA55CEU6TR, STM32WBA55CEU7, STM32WBA55CEU7TR, STM32WBA55CGU6, STM32WBA55CGU6TR, STM32WBA55CGU6U, STM32WBA55CGU7, STM32WBA55CGU7TR, STM32WBA55G-DK1, STM32WBA55HEF6, STM32WBA55HEF7, STM32WBA55HGF6, STM32WBA55HGF7, STM32WBA55UEI6, STM32WBA55UEI6TR, STM32WBA55UEI7, STM32WBA55UEI7TR, STM32WBA55UGI6, STM32WBA55UGI6TR, STM32WBA55UGI7, STM32WBA55UGI7TR, STM32WL5MOCH6, STM32WL5MOCH6TR]
2025-02-22 16:52:19,420 [INFO] DbMcus:218 - Found 4389 MCUs, 4389 are supported
2025-02-22 16:52:19,423 [INFO] ApiDb:423 - Load user favorites file /Users/apple/.stm32cubeide/favorites.mcus.txt: 0 item(s)
2025-02-22 16:52:19,424 [INFO] ApiDb:427 - User favorites MCUs=[]
2025-02-22 16:52:19,424 [INFO] DbMcus:224 - Set 0 / 0 favorites MCUs
2025-02-22 16:52:20,038 [INFO] BoardInfo:889 - No configuration file found for board P-NUCLEO-WB55
2025-02-22 16:52:20,039 [INFO] DbBoards:161 - Kit is not supported: P-NUCLEO-WB55
2025-02-22 16:52:20,046 [INFO] BoardInfo:889 - No configuration file found for board STEVAL-BFA001V1B
2025-02-22 16:52:20,047 [INFO] DbBoards:161 - Kit is not supported: STEVAL-BFA001V1B
2025-02-22 16:52:20,049 [INFO] BoardInfo:889 - No configuration file found for board STEVAL-BFA001V2B
2025-02-22 16:52:20,049 [INFO] DbBoards:161 - Kit is not supported: STEVAL-BFA001V2B
2025-02-22 16:52:20,258 [INFO] DbBoards:168 - Found 201 boards, 198 are supported
2025-02-22 16:52:20,258 [INFO] DbBoards:169 - Found 201 boards, 25 of them is supported for  Bsp
2025-02-22 16:52:20,262 [INFO] ApiDb:423 - Load user favorites file /Users/apple/.stm32cubeide/favorites.boards.txt: 0 item(s)
2025-02-22 16:52:20,262 [INFO] ApiDb:427 - User favorites Boards=[]
2025-02-22 16:52:20,262 [INFO] DbBoards:198 - Set 0 / 0 favorites Boards
2025-02-22 16:52:20,387 [INFO] UtilMem:75 - End LoadConfig() Used Memory: 751877320 Bytes (1073741824)
2025-02-22 16:52:20,696 [WARN] ThirdParty:833 - waiting for thirdparty lock release [change project]
2025-02-22 16:52:20,698 [INFO] ThirdParty:835 - entering critical section [change project]
2025-02-22 16:52:20,699 [INFO] ThirdParty:1030 - CMSIS Pack Vendor :STMicroelectronics USBPD 4.1
2025-02-22 16:52:20,699 [INFO] ThirdParty:1030 - CMSIS Pack Vendor :STMicroelectronics X-CUBE-AZRTOS-H7 3.3.0
2025-02-22 16:52:20,699 [INFO] ThirdParty:1030 - CMSIS Pack Vendor :STMicroelectronics X-CUBE-NFC9 1.0.0
2025-02-22 16:52:20,699 [INFO] ThirdParty:1030 - CMSIS Pack Vendor :STMicroelectronics USB_HOST 2.0.0
2025-02-22 16:52:20,699 [INFO] ThirdParty:1030 - CMSIS Pack Vendor :STMicroelectronics FP-SNS-MOTENVWB1 1.4.0
2025-02-22 16:52:20,699 [INFO] ThirdParty:1030 - CMSIS Pack Vendor :STMicroelectronics X-CUBE-AZRTOS-F4 1.1.0
2025-02-22 16:52:20,699 [INFO] ThirdParty:1030 - CMSIS Pack Vendor :STMicroelectronics LIBJPEG 8.0.0
2025-02-22 16:52:20,699 [INFO] ThirdParty:1030 - CMSIS Pack Vendor :STMicroelectronics FP-ATR-ASTRA1 2.0.1
2025-02-22 16:52:20,699 [INFO] ThirdParty:1030 - CMSIS Pack Vendor :STMicroelectronics X-CUBE-SMBUS 2.1.0
2025-02-22 16:52:20,699 [INFO] ThirdParty:1030 - CMSIS Pack Vendor :STMicroelectronics X-CUBE-WB05N 1.1.0
2025-02-22 16:52:20,699 [INFO] ThirdParty:1030 - CMSIS Pack Vendor :STMicroelectronics USB_DEVICE 3.0.0
2025-02-22 16:52:20,699 [INFO] ThirdParty:1030 - CMSIS Pack Vendor :STMicroelectronics X-CUBE-TCPP 4.1.0
2025-02-22 16:52:20,699 [INFO] ThirdParty:1030 - CMSIS Pack Vendor :STMicroelectronics X-CUBE-ISPU 2.1.0
2025-02-22 16:52:20,699 [INFO] ThirdParty:1030 - CMSIS Pack Vendor :STMicroelectronics X-CUBE-FREERTOS 1.2.0
2025-02-22 16:52:20,699 [INFO] ThirdParty:1030 - CMSIS Pack Vendor :STMicroelectronics X-CUBE-IPS 3.0.0
2025-02-22 16:52:20,699 [INFO] ThirdParty:1030 - CMSIS Pack Vendor :STMicroelectronics X-CUBE-AZRTOS-WB 2.0.0
2025-02-22 16:52:20,699 [INFO] ThirdParty:1030 - CMSIS Pack Vendor :STMicroelectronics X-CUBE-GNSS1 7.0.0
2025-02-22 16:52:20,699 [INFO] ThirdParty:1030 - CMSIS Pack Vendor :STMicroelectronics X-CUBE-GNSS1 7.0.1
2025-02-22 16:52:20,699 [INFO] ThirdParty:1030 - CMSIS Pack Vendor :STMicroelectronics X-CUBE-AZRTOS-F7 1.1.0
2025-02-22 16:52:20,699 [INFO] ThirdParty:1030 - CMSIS Pack Vendor :STMicroelectronics X-CUBE-AZRTOS-L5 2.0.0
2025-02-22 16:52:20,700 [INFO] ThirdParty:1030 - CMSIS Pack Vendor :STMicroelectronics USB_DEVICE 2.0.0
2025-02-22 16:52:20,700 [INFO] ThirdParty:1030 - CMSIS Pack Vendor :STMicroelectronics X-CUBE-NFC6 3.1.0
2025-02-22 16:52:20,700 [INFO] ThirdParty:1030 - CMSIS Pack Vendor :STMicroelectronics FP-SNS-STBOX1 2.0.0
2025-02-22 16:52:20,700 [INFO] ThirdParty:1030 - CMSIS Pack Vendor :STMicroelectronics X-CUBE-MEMS1 11.0.0
2025-02-22 16:52:20,700 [INFO] ThirdParty:1030 - CMSIS Pack Vendor :STMicroelectronics FreeRTOS 0.0.1
2025-02-22 16:52:20,700 [INFO] ThirdParty:1030 - CMSIS Pack Vendor :STMicroelectronics X-CUBE-AZRTOS-G0 1.1.0
2025-02-22 16:52:20,700 [INFO] ThirdParty:1030 - CMSIS Pack Vendor :STMicroelectronics X-CUBE-SAFEA1 1.2.2
2025-02-22 16:52:20,700 [INFO] ThirdParty:1030 - CMSIS Pack Vendor :STMicroelectronics X-CUBE-NFC4 3.0.0
2025-02-22 16:52:20,700 [INFO] ThirdParty:1030 - CMSIS Pack Vendor :STMicroelectronics X-CUBE-DPower 1.2.0
2025-02-22 16:52:20,700 [INFO] ThirdParty:1030 - CMSIS Pack Vendor :STMicroelectronics X-CUBE-SUBG2 5.0.0
2025-02-22 16:52:20,700 [INFO] ThirdParty:1030 - CMSIS Pack Vendor :STMicroelectronics STM32_WPAN 1.0.0
2025-02-22 16:52:20,700 [INFO] ThirdParty:1030 - CMSIS Pack Vendor :EmbeddedOffice I-CUBE-FS-RTOS 1.0.1
2025-02-22 16:52:20,700 [INFO] ThirdParty:1030 - CMSIS Pack Vendor :STMicroelectronics lwIP 2.0.3
2025-02-22 16:52:20,700 [INFO] ThirdParty:1030 - CMSIS Pack Vendor :STMicroelectronics FP-SNS-FLIGHT1 5.0.2
2025-02-22 16:52:20,700 [INFO] ThirdParty:1030 - CMSIS Pack Vendor :Cesanta I-CUBE-Mongoose 7.13.0
2025-02-22 16:52:20,700 [INFO] ThirdParty:1030 - CMSIS Pack Vendor :STMicroelectronics USB_HOST 1.0.0
2025-02-22 16:52:20,700 [INFO] ThirdParty:1030 - CMSIS Pack Vendor :STMicroelectronics X-CUBE-AI 9.0.0
2025-02-22 16:52:20,700 [INFO] ThirdParty:1030 - CMSIS Pack Vendor :STMicroelectronics X-CUBE-AZRTOS-G4 2.0.0
2025-02-22 16:52:20,700 [INFO] ThirdParty:1030 - CMSIS Pack Vendor :STMicroelectronics PDM2PCM 3.1.0
2025-02-22 16:52:20,700 [INFO] ThirdParty:1030 - CMSIS Pack Vendor :STMicroelectronics PDM2PCM 3.3.0
2025-02-22 16:52:20,700 [INFO] ThirdParty:1030 - CMSIS Pack Vendor :STMicroelectronics X-CUBE-DISPLAY 3.0.0
2025-02-22 16:52:20,700 [INFO] ThirdParty:1030 - CMSIS Pack Vendor :RealThread X-CUBE-RT-Thread_Nano 4.1.1
2025-02-22 16:52:20,700 [INFO] ThirdParty:1030 - CMSIS Pack Vendor :STMicroelectronics X-CUBE-BLE1 7.0.0
2025-02-22 16:52:20,700 [INFO] ThirdParty:1030 - CMSIS Pack Vendor :STMicroelectronics FP-ATR-SIGFOX1 3.2.0
2025-02-22 16:52:20,700 [INFO] ThirdParty:1030 - CMSIS Pack Vendor :STMicroelectronics X-CUBE-NFC10 1.0.0
2025-02-22 16:52:20,700 [INFO] ThirdParty:1030 - CMSIS Pack Vendor :wolfSSL I-CUBE-wolfSSL 5.7.2
2025-02-22 16:52:20,700 [INFO] ThirdParty:1030 - CMSIS Pack Vendor :quantropi X-CUBE-qispace-sdk-base 1.9.3
2025-02-22 16:52:20,700 [INFO] ThirdParty:1030 - CMSIS Pack Vendor :STMicroelectronics X-CUBE-BLEMGR 4.0.0
2025-02-22 16:52:20,700 [INFO] ThirdParty:1030 - CMSIS Pack Vendor :STMicroelectronics X-CUBE-EEPRMA1 5.1.0
2025-02-22 16:52:20,700 [INFO] ThirdParty:1030 - CMSIS Pack Vendor :STMicroelectronics HAL Drivers 0.0.0
2025-02-22 16:52:20,700 [INFO] ThirdParty:1030 - CMSIS Pack Vendor :STMicroelectronics MBEDTLS 2.16.2
2025-02-22 16:52:20,700 [INFO] ThirdParty:1030 - CMSIS Pack Vendor :STMicroelectronics X-CUBE-ALS 1.0.2
2025-02-22 16:52:20,700 [INFO] ThirdParty:1030 - CMSIS Pack Vendor :emotas I-CUBE-CANOPEN 1.3.0
2025-02-22 16:52:20,701 [INFO] ThirdParty:1030 - CMSIS Pack Vendor :STMicroelectronics X-CUBE-FREERTOS 1.3.0
2025-02-22 16:52:20,701 [INFO] ThirdParty:1030 - CMSIS Pack Vendor :STMicroelectronics X-CUBE-NFC7 1.0.1
2025-02-22 16:52:20,701 [INFO] ThirdParty:1030 - CMSIS Pack Vendor :STMicroelectronics MBEDTLS 2.14.1
2025-02-22 16:52:20,701 [INFO] ThirdParty:1030 - CMSIS Pack Vendor :STMicroelectronics X-CUBE-TOUCHGFX 4.24.0
2025-02-22 16:52:20,701 [INFO] ThirdParty:1030 - CMSIS Pack Vendor :ITTIA_DB I-CUBE-ITTIADB 8.9.0
2025-02-22 16:52:20,701 [INFO] ThirdParty:1030 - CMSIS Pack Vendor :STMicroelectronics X-CUBE-TOUCHGFX 4.24.2
2025-02-22 16:52:20,701 [INFO] ThirdParty:1030 - CMSIS Pack Vendor :STMicroelectronics X-CUBE-TOUCHGFX 4.24.1
2025-02-22 16:52:20,701 [INFO] ThirdParty:1030 - CMSIS Pack Vendor :wolfSSL I-CUBE-wolfTPM 3.4.0
2025-02-22 16:52:20,701 [INFO] ThirdParty:1030 - CMSIS Pack Vendor :portGmbH I-Cube-SoM-uGOAL 1.1.0
2025-02-22 16:52:20,701 [INFO] ThirdParty:1030 - CMSIS Pack Vendor :STMicroelectronics X-CUBE-BLEMGR 3.1.0
2025-02-22 16:52:20,701 [INFO] ThirdParty:1030 - CMSIS Pack Vendor :STMicroelectronics X-CUBE-AI 10.0.0
2025-02-22 16:52:20,701 [INFO] ThirdParty:1030 - CMSIS Pack Vendor :STMicroelectronics ThreadX 1.0.0
2025-02-22 16:52:20,701 [INFO] ThirdParty:1030 - CMSIS Pack Vendor :STMicroelectronics FP-SNS-SMARTAG2 1.2.0
2025-02-22 16:52:20,702 [INFO] ThirdParty:1030 - CMSIS Pack Vendor :STMicroelectronics X-CUBE-MEMS1 11.1.0
2025-02-22 16:52:20,702 [INFO] ThirdParty:1030 - CMSIS Pack Vendor :STMicroelectronics X-CUBE-AZRTOS-WL 2.0.0
2025-02-22 16:52:20,702 [INFO] ThirdParty:1030 - CMSIS Pack Vendor :SEGGER I-CUBE-embOS 1.3.1
2025-02-22 16:52:20,702 [INFO] ThirdParty:1030 - CMSIS Pack Vendor :STMicroelectronics X-CUBE-ALGOBUILD 1.4.0
2025-02-22 16:52:20,702 [INFO] ThirdParty:1030 - CMSIS Pack Vendor :STMicroelectronics FP-SNS-MOTENV1 5.0.0
2025-02-22 16:52:20,702 [INFO] ThirdParty:1030 - CMSIS Pack Vendor :STMicroelectronics USB_DEVICE 1.0.0
2025-02-22 16:52:20,702 [INFO] ThirdParty:1030 - CMSIS Pack Vendor :STMicroelectronics X-CUBE-AZRTOS-H7RS 1.0.0
2025-02-22 16:52:20,702 [INFO] ThirdParty:1030 - CMSIS Pack Vendor :wolfSSL I-CUBE-wolfMQTT 1.19.0
2025-02-22 16:52:20,702 [INFO] ThirdParty:1030 - CMSIS Pack Vendor :STMicroelectronics X-CUBE-AZRTOS-L4 2.0.0
2025-02-22 16:52:20,702 [INFO] ThirdParty:1030 - CMSIS Pack Vendor :STMicroelectronics ThreadX 0.0.2
2025-02-22 16:52:20,702 [INFO] ThirdParty:1030 - CMSIS Pack Vendor :WES I-CUBE-Cesium 1.3.0
2025-02-22 16:52:20,702 [INFO] ThirdParty:1030 - CMSIS Pack Vendor :STMicroelectronics FP-ATR-ASTRA1 2.0.0
2025-02-22 16:52:20,702 [INFO] ThirdParty:1030 - CMSIS Pack Vendor :STMicroelectronics lwIP 2.1.2
2025-02-22 16:52:20,702 [INFO] ThirdParty:1030 - CMSIS Pack Vendor :STMicroelectronics X-CUBE-SFXS2LP1 4.0.0
2025-02-22 16:52:20,702 [INFO] ThirdParty:1030 - CMSIS Pack Vendor :STMicroelectronics X-CUBE-BLE2 3.3.0
2025-02-22 16:52:20,702 [INFO] ThirdParty:1030 - CMSIS Pack Vendor :STMicroelectronics X-CUBE-TOF1 3.4.2
2025-02-22 16:52:20,702 [INFO] ThirdParty:1030 - CMSIS Pack Vendor :STMicroelectronics X-CUBE-AI 9.1.0
2025-02-22 16:52:20,702 [INFO] ThirdParty:1030 - CMSIS Pack Vendor :Infineon AIROC-Wi-Fi-Bluetooth-STM32 1.6.1
2025-02-22 16:52:20,702 [INFO] ThirdParty:1030 - CMSIS Pack Vendor :STMicroelectronics PDM2PCM 3.2.0
2025-02-22 16:52:20,702 [INFO] ThirdParty:1030 - CMSIS Pack Vendor :wolfSSL I-CUBE-wolfSSH 1.4.17
2025-02-22 16:52:20,704 [INFO] ThirdParty:841 - exiting critical section [change project]
2025-02-22 16:52:21,849 [INFO] PinOutPanel:1561 - setPackage(No Configuration,No Configuration)
2025-02-22 16:52:21,858 [INFO] PinOutPanel:1561 - setPackage(STM32F405RGTx,LQFP64)
2025-02-22 16:52:23,529 [INFO] UtilMem:75 - Before build in PCC Used Memory: 659238896 Bytes (1073741824)
2025-02-22 16:52:25,212 [INFO] UtilMem:75 - After build in PCC Used Memory: 841691120 Bytes (1073741824)
2025-02-22 16:52:25,337 [INFO] IPUIPlugin:80 - create IPUIPlugin
2025-02-22 16:52:25,337 [INFO] IPUIPlugin:80 - create IPUIPlugin
2025-02-22 16:52:25,337 [INFO] IPUIPlugin:80 - create IPUIPlugin
2025-02-22 16:52:25,337 [INFO] IPUIPlugin:80 - create IPUIPlugin
2025-02-22 16:52:25,337 [INFO] IPUIPlugin:80 - create IPUIPlugin
2025-02-22 16:52:25,338 [INFO] IPUIPlugin:80 - create IPUIPlugin
2025-02-22 16:52:25,338 [INFO] IPUIPlugin:80 - create IPUIPlugin
2025-02-22 16:52:25,339 [INFO] IPUIPlugin:80 - create IPUIPlugin
2025-02-22 16:52:25,339 [INFO] IPUIPlugin:80 - create IPUIPlugin
2025-02-22 16:52:25,339 [INFO] IPUIPlugin:80 - create IPUIPlugin
2025-02-22 16:52:25,340 [INFO] IPUIPlugin:80 - create IPUIPlugin
2025-02-22 16:52:25,340 [INFO] IPUIPlugin:80 - create IPUIPlugin
2025-02-22 16:52:25,341 [INFO] IPUIPlugin:80 - create IPUIPlugin
2025-02-22 16:52:25,341 [INFO] IPUIPlugin:80 - create IPUIPlugin
2025-02-22 16:52:25,341 [INFO] IPUIPlugin:80 - create IPUIPlugin
2025-02-22 16:52:25,341 [INFO] IPUIPlugin:80 - create IPUIPlugin
2025-02-22 16:52:25,346 [INFO] IPUIPlugin:80 - create IPUIPlugin
2025-02-22 16:52:25,347 [INFO] IPUIPlugin:80 - create IPUIPlugin
2025-02-22 16:52:25,347 [INFO] IPUIPlugin:80 - create IPUIPlugin
2025-02-22 16:52:25,348 [INFO] IPUIPlugin:80 - create IPUIPlugin
2025-02-22 16:52:25,348 [INFO] IPUIPlugin:80 - create IPUIPlugin
2025-02-22 16:52:25,348 [INFO] IPUIPlugin:80 - create IPUIPlugin
2025-02-22 16:52:25,349 [INFO] IPUIPlugin:80 - create IPUIPlugin
2025-02-22 16:52:25,349 [INFO] IPUIPlugin:80 - create IPUIPlugin
2025-02-22 16:52:25,349 [INFO] IPUIPlugin:80 - create IPUIPlugin
2025-02-22 16:52:25,350 [INFO] IPUIPlugin:80 - create IPUIPlugin
2025-02-22 16:52:25,350 [INFO] IPUIPlugin:80 - create IPUIPlugin
2025-02-22 16:52:25,350 [INFO] IPUIPlugin:80 - create IPUIPlugin
2025-02-22 16:52:25,350 [INFO] IPUIPlugin:80 - create IPUIPlugin
2025-02-22 16:52:25,350 [INFO] IPUIPlugin:80 - create IPUIPlugin
2025-02-22 16:52:25,350 [INFO] IPUIPlugin:80 - create IPUIPlugin
2025-02-22 16:52:25,351 [INFO] IPUIPlugin:80 - create IPUIPlugin
2025-02-22 16:52:25,351 [INFO] IPUIPlugin:80 - create IPUIPlugin
2025-02-22 16:52:25,351 [INFO] IPUIPlugin:80 - create IPUIPlugin
2025-02-22 16:52:25,351 [INFO] IPUIPlugin:80 - create IPUIPlugin
2025-02-22 16:52:25,351 [INFO] IPUIPlugin:80 - create IPUIPlugin
2025-02-22 16:52:25,351 [INFO] IPUIPlugin:80 - create IPUIPlugin
2025-02-22 16:52:25,351 [INFO] IPUIPlugin:80 - create IPUIPlugin
2025-02-22 16:52:25,352 [INFO] IPUIPlugin:80 - create IPUIPlugin
2025-02-22 16:52:25,352 [INFO] IPUIPlugin:80 - create IPUIPlugin
2025-02-22 16:52:25,352 [INFO] IPUIPlugin:80 - create IPUIPlugin
2025-02-22 16:52:25,352 [INFO] IPUIPlugin:80 - create IPUIPlugin
2025-02-22 16:52:25,352 [INFO] IPUIPlugin:80 - create IPUIPlugin
2025-02-22 16:52:25,352 [INFO] IPUIPlugin:80 - create IPUIPlugin
2025-02-22 16:52:25,353 [INFO] IPUIPlugin:80 - create IPUIPlugin
2025-02-22 16:52:25,353 [INFO] IPUIPlugin:80 - create IPUIPlugin
2025-02-22 16:52:25,353 [INFO] IPUIPlugin:80 - create IPUIPlugin
2025-02-22 16:52:25,354 [INFO] IPUIPlugin:80 - create IPUIPlugin
2025-02-22 16:52:25,354 [INFO] IPUIPlugin:80 - create IPUIPlugin
2025-02-22 16:52:25,355 [INFO] IPUIPlugin:80 - create IPUIPlugin
2025-02-22 16:52:25,355 [INFO] IPUIPlugin:80 - create IPUIPlugin
2025-02-22 16:52:25,356 [INFO] IPUIPlugin:80 - create IPUIPlugin
2025-02-22 16:52:25,357 [INFO] IPUIPlugin:80 - create IPUIPlugin
2025-02-22 16:52:25,357 [INFO] IPUIPlugin:80 - create IPUIPlugin
2025-02-22 16:52:25,420 [INFO] ApiDbMcu:508 - Load IP Config File for PDM2PCM
2025-02-22 16:52:25,466 [WARN] IP:2191 - I2C_Coeff_DF not found: check if there is a RefParameter without a condition.
2025-02-22 16:52:25,467 [WARN] IP:2191 - Analog_Filter not found: check if there is a RefParameter without a condition.
2025-02-22 16:52:25,483 [WARN] IP:2191 - I2C_Coeff_DF not found: check if there is a RefParameter without a condition.
2025-02-22 16:52:25,483 [WARN] IP:2191 - Analog_Filter not found: check if there is a RefParameter without a condition.
2025-02-22 16:52:26,539 [INFO] CADModel:165 - CPN selected for project levelSTM32F405RGT6
2025-02-22 16:52:26,544 [INFO] CADModel:114 - Register for checkConnection events
2025-02-22 16:52:26,598 [INFO] OpenFileManager:363 - Restore cursor
2025-02-22 16:52:27,377 [WARN] IP:2191 - I2C_Coeff_DF not found: check if there is a RefParameter without a condition.
2025-02-22 16:52:27,377 [WARN] IP:2191 - Analog_Filter not found: check if there is a RefParameter without a condition.
2025-02-22 16:52:27,378 [WARN] IP:2191 - I2C_Coeff_DF not found: check if there is a RefParameter without a condition.
2025-02-22 16:52:27,378 [WARN] IP:2191 - Analog_Filter not found: check if there is a RefParameter without a condition.
2025-02-22 16:52:27,386 [WARN] IP:2191 - I2C_Coeff_DF not found: check if there is a RefParameter without a condition.
2025-02-22 16:52:27,386 [WARN] IP:2191 - Analog_Filter not found: check if there is a RefParameter without a condition.
2025-02-22 16:52:27,387 [WARN] IP:2191 - I2C_Coeff_DF not found: check if there is a RefParameter without a condition.
2025-02-22 16:52:27,387 [WARN] IP:2191 - Analog_Filter not found: check if there is a RefParameter without a condition.
2025-02-22 16:54:19,599 [INFO] UtilMem:75 - End SaveConfig() Used Memory: 613848640 Bytes (1073741824)
2025-02-22 16:54:22,897 [INFO] UtilMem:75 - End SaveConfig() Used Memory: 650310056 Bytes (1073741824)
2025-02-22 16:54:24,180 [INFO] BlockDiagram:2766 - set Specific Code input for plugin: TIM1_8
2025-02-22 16:54:24,185 [INFO] BlockDiagram:2766 - set Specific Code input for plugin: TIM1_8
2025-02-22 16:54:24,185 [INFO] BlockDiagram:2766 - set Specific Code input for plugin: TIM1_8
2025-02-22 16:54:24,185 [INFO] BlockDiagram:2766 - set Specific Code input for plugin: ADC
2025-02-22 16:54:24,185 [INFO] BlockDiagram:2766 - set Specific Code input for plugin: SYS
2025-02-22 16:54:24,185 [INFO] BlockDiagram:2766 - set Specific Code input for plugin: ADC
2025-02-22 16:54:24,185 [INFO] BlockDiagram:2766 - set Specific Code input for plugin: ADC
2025-02-22 16:54:24,185 [INFO] BlockDiagram:2766 - set Specific Code input for plugin: RCC
2025-02-22 16:54:24,185 [INFO] BlockDiagram:2766 - set Specific Code input for plugin: I2C
2025-02-22 16:54:24,185 [INFO] BlockDiagram:2766 - set Specific Code input for plugin: I2C
2025-02-22 16:54:24,185 [INFO] BlockDiagram:2766 - set Specific Code input for plugin: USB_OTG_FS
2025-02-22 16:54:24,185 [INFO] BlockDiagram:2766 - set Specific Code input for plugin: NVIC
2025-02-22 16:54:24,185 [INFO] BlockDiagram:2766 - set Specific Code input for plugin: UART
2025-02-22 16:54:24,186 [INFO] BlockDiagram:2766 - set Specific Code input for plugin: GPIO
2025-02-22 16:54:24,188 [INFO] CodeGenerator:807 - code generatio: config db path: /Applications/STM32CubeIDE.app/Contents/Eclipse/plugins/com.st.stm32cube.common.mx_6.12.1.202409122256//db/
2025-02-22 16:54:24,264 [WARN] IP:2191 - I2C_Coeff_DF not found: check if there is a RefParameter without a condition.
2025-02-22 16:54:24,265 [WARN] IP:2191 - Analog_Filter not found: check if there is a RefParameter without a condition.
2025-02-22 16:54:24,269 [WARN] IP:2191 - I2C_Coeff_DF not found: check if there is a RefParameter without a condition.
2025-02-22 16:54:24,269 [WARN] IP:2191 - Analog_Filter not found: check if there is a RefParameter without a condition.
2025-02-22 16:54:24,682 [INFO] CodeEngine:255 - oldGeneratedFile, /Users/apple/STM32CubeIDE/workspace_1.16.1/STM32F405_EPS/MXTmpFiles/license.tmp_save
2025-02-22 16:54:25,621 [INFO] CodeEngine:279 - Generated code: /Users/apple/STM32CubeIDE/workspace_1.16.1/STM32F405_EPS/MXTmpFiles/license.tmp
2025-02-22 16:54:26,017 [INFO] CodeEngine:255 - oldGeneratedFile, /Users/apple/STM32CubeIDE/workspace_1.16.1/STM32F405_EPS/Core/Src/gpio.c_save
2025-02-22 16:54:26,435 [INFO] CodeEngine:279 - Generated code: /Users/apple/STM32CubeIDE/workspace_1.16.1/STM32F405_EPS/Core/Src/gpio.c
2025-02-22 16:54:26,447 [INFO] CodeEngine:255 - oldGeneratedFile, /Users/apple/STM32CubeIDE/workspace_1.16.1/STM32F405_EPS/Core/Inc/gpio.h_save
2025-02-22 16:54:26,587 [INFO] CodeEngine:279 - Generated code: /Users/apple/STM32CubeIDE/workspace_1.16.1/STM32F405_EPS/Core/Inc/gpio.h
2025-02-22 16:54:28,180 [WARN] IPConfigManager:3005 - Warning: the RefConfig PWREx_EnableUSBVoltageDetector is not available in your config.xml file
2025-02-22 16:54:28,215 [INFO] CodeEngine:255 - oldGeneratedFile, /Users/apple/STM32CubeIDE/workspace_1.16.1/STM32F405_EPS/Core/Src/adc.c_save
2025-02-22 16:54:28,628 [INFO] CodeEngine:279 - Generated code: /Users/apple/STM32CubeIDE/workspace_1.16.1/STM32F405_EPS/Core/Src/adc.c
2025-02-22 16:54:28,634 [INFO] CodeEngine:255 - oldGeneratedFile, /Users/apple/STM32CubeIDE/workspace_1.16.1/STM32F405_EPS/Core/Inc/adc.h_save
2025-02-22 16:54:28,758 [INFO] CodeEngine:279 - Generated code: /Users/apple/STM32CubeIDE/workspace_1.16.1/STM32F405_EPS/Core/Inc/adc.h
2025-02-22 16:54:28,766 [INFO] CodeEngine:255 - oldGeneratedFile, /Users/apple/STM32CubeIDE/workspace_1.16.1/STM32F405_EPS/Core/Src/i2c.c_save
2025-02-22 16:54:28,922 [INFO] CodeEngine:279 - Generated code: /Users/apple/STM32CubeIDE/workspace_1.16.1/STM32F405_EPS/Core/Src/i2c.c
2025-02-22 16:54:28,927 [INFO] CodeEngine:255 - oldGeneratedFile, /Users/apple/STM32CubeIDE/workspace_1.16.1/STM32F405_EPS/Core/Inc/i2c.h_save
2025-02-22 16:54:29,033 [INFO] CodeEngine:279 - Generated code: /Users/apple/STM32CubeIDE/workspace_1.16.1/STM32F405_EPS/Core/Inc/i2c.h
2025-02-22 16:54:29,041 [INFO] CodeEngine:255 - oldGeneratedFile, /Users/apple/STM32CubeIDE/workspace_1.16.1/STM32F405_EPS/Core/Src/tim.c_save
2025-02-22 16:54:29,206 [INFO] CodeEngine:279 - Generated code: /Users/apple/STM32CubeIDE/workspace_1.16.1/STM32F405_EPS/Core/Src/tim.c
2025-02-22 16:54:29,210 [INFO] CodeEngine:255 - oldGeneratedFile, /Users/apple/STM32CubeIDE/workspace_1.16.1/STM32F405_EPS/Core/Inc/tim.h_save
2025-02-22 16:54:29,310 [INFO] CodeEngine:279 - Generated code: /Users/apple/STM32CubeIDE/workspace_1.16.1/STM32F405_EPS/Core/Inc/tim.h
2025-02-22 16:54:29,319 [INFO] CodeEngine:255 - oldGeneratedFile, /Users/apple/STM32CubeIDE/workspace_1.16.1/STM32F405_EPS/Core/Src/usart.c_save
2025-02-22 16:54:29,487 [INFO] CodeEngine:279 - Generated code: /Users/apple/STM32CubeIDE/workspace_1.16.1/STM32F405_EPS/Core/Src/usart.c
2025-02-22 16:54:29,489 [INFO] CodeEngine:255 - oldGeneratedFile, /Users/apple/STM32CubeIDE/workspace_1.16.1/STM32F405_EPS/Core/Inc/usart.h_save
2025-02-22 16:54:29,609 [INFO] CodeEngine:279 - Generated code: /Users/apple/STM32CubeIDE/workspace_1.16.1/STM32F405_EPS/Core/Inc/usart.h
2025-02-22 16:54:29,618 [INFO] CodeEngine:255 - oldGeneratedFile, /Users/apple/STM32CubeIDE/workspace_1.16.1/STM32F405_EPS/Core/Src/usb_otg.c_save
2025-02-22 16:54:29,759 [INFO] CodeEngine:279 - Generated code: /Users/apple/STM32CubeIDE/workspace_1.16.1/STM32F405_EPS/Core/Src/usb_otg.c
2025-02-22 16:54:29,761 [INFO] CodeEngine:255 - oldGeneratedFile, /Users/apple/STM32CubeIDE/workspace_1.16.1/STM32F405_EPS/Core/Inc/usb_otg.h_save
2025-02-22 16:54:29,893 [INFO] CodeEngine:279 - Generated code: /Users/apple/STM32CubeIDE/workspace_1.16.1/STM32F405_EPS/Core/Inc/usb_otg.h
2025-02-22 16:54:29,935 [INFO] CodeEngine:255 - oldGeneratedFile, /Users/apple/STM32CubeIDE/workspace_1.16.1/STM32F405_EPS/Core/Src/stm32f4xx_it.c_save
2025-02-22 16:54:30,184 [INFO] CodeEngine:279 - Generated code: /Users/apple/STM32CubeIDE/workspace_1.16.1/STM32F405_EPS/Core/Src/stm32f4xx_it.c
2025-02-22 16:54:30,199 [INFO] CodeEngine:255 - oldGeneratedFile, /Users/apple/STM32CubeIDE/workspace_1.16.1/STM32F405_EPS/Core/Inc/stm32f4xx_it.h_save
2025-02-22 16:54:30,355 [INFO] CodeEngine:279 - Generated code: /Users/apple/STM32CubeIDE/workspace_1.16.1/STM32F405_EPS/Core/Inc/stm32f4xx_it.h
2025-02-22 16:54:30,387 [INFO] CodeEngine:255 - oldGeneratedFile, /Users/apple/STM32CubeIDE/workspace_1.16.1/STM32F405_EPS/Core/Src/stm32f4xx_hal_msp.c_save
2025-02-22 16:54:30,944 [INFO] CodeEngine:279 - Generated code: /Users/apple/STM32CubeIDE/workspace_1.16.1/STM32F405_EPS/Core/Src/stm32f4xx_hal_msp.c
2025-02-22 16:54:30,987 [INFO] CodeEngine:255 - oldGeneratedFile, /Users/apple/STM32CubeIDE/workspace_1.16.1/STM32F405_EPS/MXTmpFiles/system.tmp_save
2025-02-22 16:54:31,120 [INFO] CodeEngine:279 - Generated code: /Users/apple/STM32CubeIDE/workspace_1.16.1/STM32F405_EPS/MXTmpFiles/system.tmp
2025-02-22 16:54:31,161 [INFO] CodeEngine:311 - oldGeneratedFile, /Users/apple/STM32CubeIDE/workspace_1.16.1/STM32F405_EPS/Core/Inc/stm32f4xx_hal_conf.h_save
2025-02-22 16:54:31,276 [INFO] CodeEngine:335 - Generated code: /Users/apple/STM32CubeIDE/workspace_1.16.1/STM32F405_EPS/Core/Inc/stm32f4xx_hal_conf.h
2025-02-22 16:54:31,434 [INFO] CodeEngine:255 - oldGeneratedFile, /Users/apple/STM32CubeIDE/workspace_1.16.1/STM32F405_EPS/Core/Inc/main.h_save
2025-02-22 16:54:31,605 [INFO] CodeEngine:279 - Generated code: /Users/apple/STM32CubeIDE/workspace_1.16.1/STM32F405_EPS/Core/Inc/main.h
2025-02-22 16:54:31,610 [INFO] CodeEngine:255 - oldGeneratedFile, /Users/apple/STM32CubeIDE/workspace_1.16.1/STM32F405_EPS/Core/Src/main.c_save
2025-02-22 16:54:32,049 [INFO] CodeEngine:279 - Generated code: /Users/apple/STM32CubeIDE/workspace_1.16.1/STM32F405_EPS/Core/Src/main.c
2025-02-22 16:54:32,448 [INFO] ProjectBuilder:3249 - Time for Copy HAL[2] : 1mS.
2025-02-22 16:54:32,463 [INFO] ProjectBuilder:4828 - Project Generator version: 4.5.0-B34
2025-02-22 16:54:32,658 [INFO] ConfigFileManager:1531 - The Die is : DIE413
2025-02-22 16:54:32,680 [INFO] ApiDbMcu:508 - Load IP Config File for FATFS
2025-02-22 16:54:32,696 [INFO] ApiDbMcu:508 - Load IP Config File for FREERTOS
2025-02-22 16:54:32,699 [INFO] ApiDbMcu:508 - Load IP Config File for LIBJPEG
2025-02-22 16:54:32,711 [INFO] ApiDbMcu:508 - Load IP Config File for MBEDTLS
2025-02-22 16:54:32,729 [INFO] ApiDbMcu:508 - Load IP Config File for USB_DEVICE
2025-02-22 16:54:32,735 [INFO] ApiDbMcu:508 - Load IP Config File for USB_HOST
2025-02-22 16:54:37,452 [INFO] ProjectBuilder:5097 - Time for Generating toolchain IDE Files: 4904mS.
2025-02-22 16:54:37,465 [INFO] ProjectBuilder:3107 - Time for Copy CMSIS : 1mS.
2025-02-22 16:54:37,472 [INFO] ProjectBuilder:3107 - Time for Copy CMSIS : 0mS.
2025-02-22 16:54:59,009 [WARN] IP:2191 - I2C_Coeff_DF not found: check if there is a RefParameter without a condition.
2025-02-22 16:54:59,015 [WARN] IP:2191 - Analog_Filter not found: check if there is a RefParameter without a condition.
2025-02-22 16:55:10,424 [INFO] NvicIntPanel:101 - NVIC parent = com.st.microxplorer.plugins.ip.nvic.MultiNvicIntPanel[,0,0,751x178,layout=javax.swing.BoxLayout,alignmentX=0.0,alignmentY=0.0,border=,flags=9,maximumSize=,minimumSize=,preferredSize=]
2025-02-22 16:55:12,843 [WARN] IP:2191 - I2C_Coeff_DF not found: check if there is a RefParameter without a condition.
2025-02-22 16:55:12,849 [WARN] IP:2191 - Analog_Filter not found: check if there is a RefParameter without a condition.
2025-02-22 16:55:50,616 [WARN] IP:2191 - I2C_Coeff_DF not found: check if there is a RefParameter without a condition.
2025-02-22 16:55:50,624 [WARN] IP:2191 - Analog_Filter not found: check if there is a RefParameter without a condition.
2025-02-22 16:55:59,205 [INFO] UtilMem:75 - End SaveConfig() Used Memory: 661413184 Bytes (1073741824)
2025-02-22 16:56:01,350 [INFO] UtilMem:75 - End SaveConfig() Used Memory: 707133640 Bytes (1073741824)
2025-02-22 16:56:01,819 [INFO] BlockDiagram:2766 - set Specific Code input for plugin: TIM1_8
2025-02-22 16:56:01,819 [INFO] BlockDiagram:2766 - set Specific Code input for plugin: TIM1_8
2025-02-22 16:56:01,820 [INFO] BlockDiagram:2766 - set Specific Code input for plugin: TIM1_8
2025-02-22 16:56:01,820 [INFO] BlockDiagram:2766 - set Specific Code input for plugin: ADC
2025-02-22 16:56:01,820 [INFO] BlockDiagram:2766 - set Specific Code input for plugin: SYS
2025-02-22 16:56:01,820 [INFO] BlockDiagram:2766 - set Specific Code input for plugin: ADC
2025-02-22 16:56:01,820 [INFO] BlockDiagram:2766 - set Specific Code input for plugin: ADC
2025-02-22 16:56:01,820 [INFO] BlockDiagram:2766 - set Specific Code input for plugin: RCC
2025-02-22 16:56:01,820 [INFO] BlockDiagram:2766 - set Specific Code input for plugin: I2C
2025-02-22 16:56:01,820 [INFO] BlockDiagram:2766 - set Specific Code input for plugin: I2C
2025-02-22 16:56:01,820 [INFO] BlockDiagram:2766 - set Specific Code input for plugin: USB_OTG_FS
2025-02-22 16:56:01,820 [INFO] BlockDiagram:2766 - set Specific Code input for plugin: NVIC
2025-02-22 16:56:01,820 [INFO] BlockDiagram:2766 - set Specific Code input for plugin: UART
2025-02-22 16:56:01,821 [INFO] BlockDiagram:2766 - set Specific Code input for plugin: GPIO
2025-02-22 16:56:01,822 [INFO] CodeGenerator:807 - code generatio: config db path: /Applications/STM32CubeIDE.app/Contents/Eclipse/plugins/com.st.stm32cube.common.mx_6.12.1.202409122256//db/
2025-02-22 16:56:01,929 [WARN] IP:2191 - I2C_Coeff_DF not found: check if there is a RefParameter without a condition.
2025-02-22 16:56:01,929 [WARN] IP:2191 - Analog_Filter not found: check if there is a RefParameter without a condition.
2025-02-22 16:56:01,934 [WARN] IP:2191 - I2C_Coeff_DF not found: check if there is a RefParameter without a condition.
2025-02-22 16:56:01,935 [WARN] IP:2191 - Analog_Filter not found: check if there is a RefParameter without a condition.
2025-02-22 16:56:02,177 [INFO] CodeEngine:255 - oldGeneratedFile, /Users/apple/STM32CubeIDE/workspace_1.16.1/STM32F405_EPS/MXTmpFiles/license.tmp_save
2025-02-22 16:56:02,672 [INFO] CodeEngine:279 - Generated code: /Users/apple/STM32CubeIDE/workspace_1.16.1/STM32F405_EPS/MXTmpFiles/license.tmp
2025-02-22 16:56:02,833 [INFO] CodeEngine:255 - oldGeneratedFile, /Users/apple/STM32CubeIDE/workspace_1.16.1/STM32F405_EPS/Core/Src/gpio.c_save
2025-02-22 16:56:03,045 [INFO] CodeEngine:279 - Generated code: /Users/apple/STM32CubeIDE/workspace_1.16.1/STM32F405_EPS/Core/Src/gpio.c
2025-02-22 16:56:03,048 [INFO] CodeEngine:255 - oldGeneratedFile, /Users/apple/STM32CubeIDE/workspace_1.16.1/STM32F405_EPS/Core/Inc/gpio.h_save
2025-02-22 16:56:03,172 [INFO] CodeEngine:279 - Generated code: /Users/apple/STM32CubeIDE/workspace_1.16.1/STM32F405_EPS/Core/Inc/gpio.h
2025-02-22 16:56:03,820 [WARN] IPConfigManager:3005 - Warning: the RefConfig PWREx_EnableUSBVoltageDetector is not available in your config.xml file
2025-02-22 16:56:03,833 [INFO] CodeEngine:255 - oldGeneratedFile, /Users/apple/STM32CubeIDE/workspace_1.16.1/STM32F405_EPS/Core/Src/adc.c_save
2025-02-22 16:56:04,048 [INFO] CodeEngine:279 - Generated code: /Users/apple/STM32CubeIDE/workspace_1.16.1/STM32F405_EPS/Core/Src/adc.c
2025-02-22 16:56:04,051 [INFO] CodeEngine:255 - oldGeneratedFile, /Users/apple/STM32CubeIDE/workspace_1.16.1/STM32F405_EPS/Core/Inc/adc.h_save
2025-02-22 16:56:04,131 [INFO] CodeEngine:279 - Generated code: /Users/apple/STM32CubeIDE/workspace_1.16.1/STM32F405_EPS/Core/Inc/adc.h
2025-02-22 16:56:04,136 [INFO] CodeEngine:255 - oldGeneratedFile, /Users/apple/STM32CubeIDE/workspace_1.16.1/STM32F405_EPS/Core/Src/i2c.c_save
2025-02-22 16:56:04,263 [INFO] CodeEngine:279 - Generated code: /Users/apple/STM32CubeIDE/workspace_1.16.1/STM32F405_EPS/Core/Src/i2c.c
2025-02-22 16:56:04,267 [INFO] CodeEngine:255 - oldGeneratedFile, /Users/apple/STM32CubeIDE/workspace_1.16.1/STM32F405_EPS/Core/Inc/i2c.h_save
2025-02-22 16:56:04,348 [INFO] CodeEngine:279 - Generated code: /Users/apple/STM32CubeIDE/workspace_1.16.1/STM32F405_EPS/Core/Inc/i2c.h
2025-02-22 16:56:04,376 [INFO] CodeEngine:255 - oldGeneratedFile, /Users/apple/STM32CubeIDE/workspace_1.16.1/STM32F405_EPS/Core/Src/tim.c_save
2025-02-22 16:56:04,584 [INFO] CodeEngine:279 - Generated code: /Users/apple/STM32CubeIDE/workspace_1.16.1/STM32F405_EPS/Core/Src/tim.c
2025-02-22 16:56:04,614 [INFO] CodeEngine:255 - oldGeneratedFile, /Users/apple/STM32CubeIDE/workspace_1.16.1/STM32F405_EPS/Core/Inc/tim.h_save
2025-02-22 16:56:04,707 [INFO] CodeEngine:279 - Generated code: /Users/apple/STM32CubeIDE/workspace_1.16.1/STM32F405_EPS/Core/Inc/tim.h
2025-02-22 16:56:04,721 [INFO] CodeEngine:255 - oldGeneratedFile, /Users/apple/STM32CubeIDE/workspace_1.16.1/STM32F405_EPS/Core/Src/usart.c_save
2025-02-22 16:56:04,860 [INFO] CodeEngine:279 - Generated code: /Users/apple/STM32CubeIDE/workspace_1.16.1/STM32F405_EPS/Core/Src/usart.c
2025-02-22 16:56:04,862 [INFO] CodeEngine:255 - oldGeneratedFile, /Users/apple/STM32CubeIDE/workspace_1.16.1/STM32F405_EPS/Core/Inc/usart.h_save
2025-02-22 16:56:04,956 [INFO] CodeEngine:279 - Generated code: /Users/apple/STM32CubeIDE/workspace_1.16.1/STM32F405_EPS/Core/Inc/usart.h
2025-02-22 16:56:04,967 [INFO] CodeEngine:255 - oldGeneratedFile, /Users/apple/STM32CubeIDE/workspace_1.16.1/STM32F405_EPS/Core/Src/usb_otg.c_save
2025-02-22 16:56:05,156 [INFO] CodeEngine:279 - Generated code: /Users/apple/STM32CubeIDE/workspace_1.16.1/STM32F405_EPS/Core/Src/usb_otg.c
2025-02-22 16:56:05,184 [INFO] CodeEngine:255 - oldGeneratedFile, /Users/apple/STM32CubeIDE/workspace_1.16.1/STM32F405_EPS/Core/Inc/usb_otg.h_save
2025-02-22 16:56:05,294 [INFO] CodeEngine:279 - Generated code: /Users/apple/STM32CubeIDE/workspace_1.16.1/STM32F405_EPS/Core/Inc/usb_otg.h
2025-02-22 16:56:05,313 [INFO] CodeEngine:255 - oldGeneratedFile, /Users/apple/STM32CubeIDE/workspace_1.16.1/STM32F405_EPS/Core/Src/stm32f4xx_it.c_save
2025-02-22 16:56:05,439 [INFO] CodeEngine:279 - Generated code: /Users/apple/STM32CubeIDE/workspace_1.16.1/STM32F405_EPS/Core/Src/stm32f4xx_it.c
2025-02-22 16:56:05,441 [INFO] CodeEngine:255 - oldGeneratedFile, /Users/apple/STM32CubeIDE/workspace_1.16.1/STM32F405_EPS/Core/Inc/stm32f4xx_it.h_save
2025-02-22 16:56:05,542 [INFO] CodeEngine:279 - Generated code: /Users/apple/STM32CubeIDE/workspace_1.16.1/STM32F405_EPS/Core/Inc/stm32f4xx_it.h
2025-02-22 16:56:05,555 [INFO] CodeEngine:255 - oldGeneratedFile, /Users/apple/STM32CubeIDE/workspace_1.16.1/STM32F405_EPS/Core/Src/stm32f4xx_hal_msp.c_save
2025-02-22 16:56:05,684 [INFO] CodeEngine:279 - Generated code: /Users/apple/STM32CubeIDE/workspace_1.16.1/STM32F405_EPS/Core/Src/stm32f4xx_hal_msp.c
2025-02-22 16:56:05,687 [INFO] CodeEngine:255 - oldGeneratedFile, /Users/apple/STM32CubeIDE/workspace_1.16.1/STM32F405_EPS/MXTmpFiles/system.tmp_save
2025-02-22 16:56:05,762 [INFO] CodeEngine:279 - Generated code: /Users/apple/STM32CubeIDE/workspace_1.16.1/STM32F405_EPS/MXTmpFiles/system.tmp
2025-02-22 16:56:05,774 [INFO] CodeEngine:311 - oldGeneratedFile, /Users/apple/STM32CubeIDE/workspace_1.16.1/STM32F405_EPS/Core/Inc/stm32f4xx_hal_conf.h_save
2025-02-22 16:56:05,870 [INFO] CodeEngine:335 - Generated code: /Users/apple/STM32CubeIDE/workspace_1.16.1/STM32F405_EPS/Core/Inc/stm32f4xx_hal_conf.h
2025-02-22 16:56:05,921 [INFO] CodeEngine:255 - oldGeneratedFile, /Users/apple/STM32CubeIDE/workspace_1.16.1/STM32F405_EPS/Core/Inc/main.h_save
2025-02-22 16:56:06,033 [INFO] CodeEngine:279 - Generated code: /Users/apple/STM32CubeIDE/workspace_1.16.1/STM32F405_EPS/Core/Inc/main.h
2025-02-22 16:56:06,035 [INFO] CodeEngine:255 - oldGeneratedFile, /Users/apple/STM32CubeIDE/workspace_1.16.1/STM32F405_EPS/Core/Src/main.c_save
2025-02-22 16:56:06,189 [INFO] CodeEngine:279 - Generated code: /Users/apple/STM32CubeIDE/workspace_1.16.1/STM32F405_EPS/Core/Src/main.c
2025-02-22 16:56:06,578 [INFO] ProjectBuilder:3249 - Time for Copy HAL[2] : 0mS.
2025-02-22 16:56:06,587 [INFO] ProjectBuilder:4828 - Project Generator version: 4.5.0-B34
2025-02-22 16:56:06,791 [INFO] ConfigFileManager:1531 - The Die is : DIE413
2025-02-22 16:56:09,584 [INFO] ProjectBuilder:5097 - Time for Generating toolchain IDE Files: 2995mS.
2025-02-22 16:56:09,585 [INFO] ProjectBuilder:3107 - Time for Copy CMSIS : 0mS.
2025-02-22 16:56:09,614 [INFO] ProjectBuilder:3107 - Time for Copy CMSIS : 0mS.
2025-02-22 16:56:32,893 [INFO] UtilMem:75 - End SaveConfig() Used Memory: 861971944 Bytes (1073741824)
2025-02-22 16:56:33,462 [INFO] BlockDiagram:2766 - set Specific Code input for plugin: TIM1_8
2025-02-22 16:56:33,462 [INFO] BlockDiagram:2766 - set Specific Code input for plugin: TIM1_8
2025-02-22 16:56:33,462 [INFO] BlockDiagram:2766 - set Specific Code input for plugin: TIM1_8
2025-02-22 16:56:33,462 [INFO] BlockDiagram:2766 - set Specific Code input for plugin: ADC
2025-02-22 16:56:33,462 [INFO] BlockDiagram:2766 - set Specific Code input for plugin: SYS
2025-02-22 16:56:33,462 [INFO] BlockDiagram:2766 - set Specific Code input for plugin: ADC
2025-02-22 16:56:33,462 [INFO] BlockDiagram:2766 - set Specific Code input for plugin: ADC
2025-02-22 16:56:33,462 [INFO] BlockDiagram:2766 - set Specific Code input for plugin: RCC
2025-02-22 16:56:33,462 [INFO] BlockDiagram:2766 - set Specific Code input for plugin: I2C
2025-02-22 16:56:33,462 [INFO] BlockDiagram:2766 - set Specific Code input for plugin: I2C
2025-02-22 16:56:33,462 [INFO] BlockDiagram:2766 - set Specific Code input for plugin: USB_OTG_FS
2025-02-22 16:56:33,462 [INFO] BlockDiagram:2766 - set Specific Code input for plugin: NVIC
2025-02-22 16:56:33,462 [INFO] BlockDiagram:2766 - set Specific Code input for plugin: UART
2025-02-22 16:56:33,463 [INFO] BlockDiagram:2766 - set Specific Code input for plugin: GPIO
2025-02-22 16:56:33,464 [INFO] CodeGenerator:807 - code generatio: config db path: /Applications/STM32CubeIDE.app/Contents/Eclipse/plugins/com.st.stm32cube.common.mx_6.12.1.202409122256//db/
2025-02-22 16:56:33,558 [WARN] IP:2191 - I2C_Coeff_DF not found: check if there is a RefParameter without a condition.
2025-02-22 16:56:33,558 [WARN] IP:2191 - Analog_Filter not found: check if there is a RefParameter without a condition.
2025-02-22 16:56:33,562 [WARN] IP:2191 - I2C_Coeff_DF not found: check if there is a RefParameter without a condition.
2025-02-22 16:56:33,562 [WARN] IP:2191 - Analog_Filter not found: check if there is a RefParameter without a condition.
2025-02-22 16:56:33,737 [INFO] CodeEngine:255 - oldGeneratedFile, /Users/apple/STM32CubeIDE/workspace_1.16.1/STM32F405_EPS/MXTmpFiles/license.tmp_save
2025-02-22 16:56:34,069 [INFO] CodeEngine:279 - Generated code: /Users/apple/STM32CubeIDE/workspace_1.16.1/STM32F405_EPS/MXTmpFiles/license.tmp
2025-02-22 16:56:34,267 [INFO] CodeEngine:255 - oldGeneratedFile, /Users/apple/STM32CubeIDE/workspace_1.16.1/STM32F405_EPS/Core/Src/gpio.c_save
2025-02-22 16:56:34,495 [INFO] CodeEngine:279 - Generated code: /Users/apple/STM32CubeIDE/workspace_1.16.1/STM32F405_EPS/Core/Src/gpio.c
2025-02-22 16:56:34,499 [INFO] CodeEngine:255 - oldGeneratedFile, /Users/apple/STM32CubeIDE/workspace_1.16.1/STM32F405_EPS/Core/Inc/gpio.h_save
2025-02-22 16:56:34,594 [INFO] CodeEngine:279 - Generated code: /Users/apple/STM32CubeIDE/workspace_1.16.1/STM32F405_EPS/Core/Inc/gpio.h
2025-02-22 16:56:35,183 [WARN] IPConfigManager:3005 - Warning: the RefConfig PWREx_EnableUSBVoltageDetector is not available in your config.xml file
2025-02-22 16:56:35,197 [INFO] CodeEngine:255 - oldGeneratedFile, /Users/apple/STM32CubeIDE/workspace_1.16.1/STM32F405_EPS/Core/Src/adc.c_save
2025-02-22 16:56:35,382 [INFO] CodeEngine:279 - Generated code: /Users/apple/STM32CubeIDE/workspace_1.16.1/STM32F405_EPS/Core/Src/adc.c
2025-02-22 16:56:35,385 [INFO] CodeEngine:255 - oldGeneratedFile, /Users/apple/STM32CubeIDE/workspace_1.16.1/STM32F405_EPS/Core/Inc/adc.h_save
2025-02-22 16:56:35,474 [INFO] CodeEngine:279 - Generated code: /Users/apple/STM32CubeIDE/workspace_1.16.1/STM32F405_EPS/Core/Inc/adc.h
2025-02-22 16:56:35,478 [INFO] CodeEngine:255 - oldGeneratedFile, /Users/apple/STM32CubeIDE/workspace_1.16.1/STM32F405_EPS/Core/Src/i2c.c_save
2025-02-22 16:56:35,603 [INFO] CodeEngine:279 - Generated code: /Users/apple/STM32CubeIDE/workspace_1.16.1/STM32F405_EPS/Core/Src/i2c.c
2025-02-22 16:56:35,605 [INFO] CodeEngine:255 - oldGeneratedFile, /Users/apple/STM32CubeIDE/workspace_1.16.1/STM32F405_EPS/Core/Inc/i2c.h_save
2025-02-22 16:56:35,682 [INFO] CodeEngine:279 - Generated code: /Users/apple/STM32CubeIDE/workspace_1.16.1/STM32F405_EPS/Core/Inc/i2c.h
2025-02-22 16:56:35,688 [INFO] CodeEngine:255 - oldGeneratedFile, /Users/apple/STM32CubeIDE/workspace_1.16.1/STM32F405_EPS/Core/Src/tim.c_save
2025-02-22 16:56:35,810 [INFO] CodeEngine:279 - Generated code: /Users/apple/STM32CubeIDE/workspace_1.16.1/STM32F405_EPS/Core/Src/tim.c
2025-02-22 16:56:35,818 [INFO] CodeEngine:255 - oldGeneratedFile, /Users/apple/STM32CubeIDE/workspace_1.16.1/STM32F405_EPS/Core/Inc/tim.h_save
2025-02-22 16:56:35,899 [INFO] CodeEngine:279 - Generated code: /Users/apple/STM32CubeIDE/workspace_1.16.1/STM32F405_EPS/Core/Inc/tim.h
2025-02-22 16:56:35,907 [INFO] CodeEngine:255 - oldGeneratedFile, /Users/apple/STM32CubeIDE/workspace_1.16.1/STM32F405_EPS/Core/Src/usart.c_save
2025-02-22 16:56:36,013 [INFO] CodeEngine:279 - Generated code: /Users/apple/STM32CubeIDE/workspace_1.16.1/STM32F405_EPS/Core/Src/usart.c
2025-02-22 16:56:36,017 [INFO] CodeEngine:255 - oldGeneratedFile, /Users/apple/STM32CubeIDE/workspace_1.16.1/STM32F405_EPS/Core/Inc/usart.h_save
2025-02-22 16:56:36,092 [INFO] CodeEngine:279 - Generated code: /Users/apple/STM32CubeIDE/workspace_1.16.1/STM32F405_EPS/Core/Inc/usart.h
2025-02-22 16:56:36,096 [INFO] CodeEngine:255 - oldGeneratedFile, /Users/apple/STM32CubeIDE/workspace_1.16.1/STM32F405_EPS/Core/Src/usb_otg.c_save
2025-02-22 16:56:36,212 [INFO] CodeEngine:279 - Generated code: /Users/apple/STM32CubeIDE/workspace_1.16.1/STM32F405_EPS/Core/Src/usb_otg.c
2025-02-22 16:56:36,215 [INFO] CodeEngine:255 - oldGeneratedFile, /Users/apple/STM32CubeIDE/workspace_1.16.1/STM32F405_EPS/Core/Inc/usb_otg.h_save
2025-02-22 16:56:36,291 [INFO] CodeEngine:279 - Generated code: /Users/apple/STM32CubeIDE/workspace_1.16.1/STM32F405_EPS/Core/Inc/usb_otg.h
2025-02-22 16:56:36,298 [INFO] CodeEngine:255 - oldGeneratedFile, /Users/apple/STM32CubeIDE/workspace_1.16.1/STM32F405_EPS/Core/Src/stm32f4xx_it.c_save
2025-02-22 16:56:36,408 [INFO] CodeEngine:279 - Generated code: /Users/apple/STM32CubeIDE/workspace_1.16.1/STM32F405_EPS/Core/Src/stm32f4xx_it.c
2025-02-22 16:56:36,410 [INFO] CodeEngine:255 - oldGeneratedFile, /Users/apple/STM32CubeIDE/workspace_1.16.1/STM32F405_EPS/Core/Inc/stm32f4xx_it.h_save
2025-02-22 16:56:36,489 [INFO] CodeEngine:279 - Generated code: /Users/apple/STM32CubeIDE/workspace_1.16.1/STM32F405_EPS/Core/Inc/stm32f4xx_it.h
2025-02-22 16:56:36,499 [INFO] CodeEngine:255 - oldGeneratedFile, /Users/apple/STM32CubeIDE/workspace_1.16.1/STM32F405_EPS/Core/Src/stm32f4xx_hal_msp.c_save
2025-02-22 16:56:36,612 [INFO] CodeEngine:279 - Generated code: /Users/apple/STM32CubeIDE/workspace_1.16.1/STM32F405_EPS/Core/Src/stm32f4xx_hal_msp.c
2025-02-22 16:56:36,614 [INFO] CodeEngine:255 - oldGeneratedFile, /Users/apple/STM32CubeIDE/workspace_1.16.1/STM32F405_EPS/MXTmpFiles/system.tmp_save
2025-02-22 16:56:36,691 [INFO] CodeEngine:279 - Generated code: /Users/apple/STM32CubeIDE/workspace_1.16.1/STM32F405_EPS/MXTmpFiles/system.tmp
2025-02-22 16:56:36,696 [INFO] CodeEngine:311 - oldGeneratedFile, /Users/apple/STM32CubeIDE/workspace_1.16.1/STM32F405_EPS/Core/Inc/stm32f4xx_hal_conf.h_save
2025-02-22 16:56:36,788 [INFO] CodeEngine:335 - Generated code: /Users/apple/STM32CubeIDE/workspace_1.16.1/STM32F405_EPS/Core/Inc/stm32f4xx_hal_conf.h
2025-02-22 16:56:36,823 [INFO] CodeEngine:255 - oldGeneratedFile, /Users/apple/STM32CubeIDE/workspace_1.16.1/STM32F405_EPS/Core/Inc/main.h_save
2025-02-22 16:56:36,915 [INFO] CodeEngine:279 - Generated code: /Users/apple/STM32CubeIDE/workspace_1.16.1/STM32F405_EPS/Core/Inc/main.h
2025-02-22 16:56:36,918 [INFO] CodeEngine:255 - oldGeneratedFile, /Users/apple/STM32CubeIDE/workspace_1.16.1/STM32F405_EPS/Core/Src/main.c_save
2025-02-22 16:56:37,050 [INFO] CodeEngine:279 - Generated code: /Users/apple/STM32CubeIDE/workspace_1.16.1/STM32F405_EPS/Core/Src/main.c
2025-02-22 16:56:37,528 [INFO] ProjectBuilder:3249 - Time for Copy HAL[2] : 0mS.
2025-02-22 16:56:37,549 [INFO] ProjectBuilder:4828 - Project Generator version: 4.5.0-B34
2025-02-22 16:56:37,730 [INFO] ConfigFileManager:1531 - The Die is : DIE413
2025-02-22 16:56:40,353 [INFO] ProjectBuilder:5097 - Time for Generating toolchain IDE Files: 2795mS.
2025-02-22 16:56:40,375 [INFO] ProjectBuilder:3107 - Time for Copy CMSIS : 0mS.
2025-02-22 16:56:40,384 [INFO] ProjectBuilder:3107 - Time for Copy CMSIS : 0mS.
2025-02-22 17:49:39,539 [INFO] WebApp:189 - Connection lost
2025-02-22 17:49:40,236 [INFO] WebApp:186 - Connection restablished
2025-02-22 18:05:42,205 [INFO] WebApp:189 - Connection lost
2025-02-22 18:05:43,079 [INFO] WebApp:186 - Connection restablished
2025-02-22 18:22:22,832 [INFO] WebApp:189 - Connection lost
2025-02-22 18:22:23,375 [INFO] WebApp:186 - Connection restablished
2025-02-22 18:53:14,619 [INFO] WebApp:189 - Connection lost
2025-02-22 18:53:15,074 [INFO] WebApp:186 - Connection restablished
2025-02-22 19:24:07,309 [INFO] WebApp:189 - Connection lost
2025-02-22 19:24:07,698 [INFO] WebApp:186 - Connection restablished
2025-02-22 20:34:16,294 [INFO] WebApp:189 - Connection lost
2025-02-22 20:34:16,628 [INFO] WebApp:186 - Connection restablished
2025-02-22 20:49:42,587 [INFO] WebApp:189 - Connection lost
2025-02-22 20:49:42,936 [INFO] WebApp:186 - Connection restablished
2025-02-22 21:04:23,108 [INFO] WebApp:189 - Connection lost
2025-02-22 21:04:23,655 [INFO] WebApp:186 - Connection restablished
2025-02-22 21:19:49,301 [INFO] WebApp:189 - Connection lost
2025-02-22 21:19:49,747 [INFO] WebApp:186 - Connection restablished
2025-02-22 21:50:41,563 [INFO] WebApp:189 - Connection lost
2025-02-22 21:50:41,934 [INFO] WebApp:186 - Connection restablished
2025-02-22 22:05:24,108 [INFO] WebApp:189 - Connection lost
2025-02-22 22:05:24,450 [INFO] WebApp:186 - Connection restablished
2025-02-22 22:20:50,390 [INFO] WebApp:189 - Connection lost
2025-02-22 22:20:50,746 [INFO] WebApp:186 - Connection restablished
2025-02-22 22:36:16,440 [INFO] WebApp:189 - Connection lost
2025-02-22 22:36:16,919 [INFO] WebApp:186 - Connection restablished
2025-02-22 22:51:42,669 [INFO] WebApp:189 - Connection lost
2025-02-22 22:51:43,057 [INFO] WebApp:186 - Connection restablished
2025-02-22 23:06:25,064 [INFO] WebApp:189 - Connection lost
2025-02-22 23:06:25,407 [INFO] WebApp:186 - Connection restablished
2025-02-22 23:21:51,489 [INFO] WebApp:189 - Connection lost
2025-02-22 23:21:51,842 [INFO] WebApp:186 - Connection restablished
2025-02-22 23:37:23,769 [INFO] WebApp:189 - Connection lost
2025-02-22 23:37:24,316 [INFO] WebApp:186 - Connection restablished
2025-02-22 23:52:49,933 [INFO] WebApp:189 - Connection lost
2025-02-22 23:52:50,311 [INFO] WebApp:186 - Connection restablished
2025-02-22 23:52:51,141 [INFO] WebApp:189 - Connection lost
2025-02-22 23:52:51,288 [INFO] WebApp:186 - Connection restablished
