2024-12-05 18:15:38,656 [INFO] Activator:176 - 


2024-12-05 18:15:38,666 [INFO] Activator:177 - !SESSION log4j initialized
2024-12-05 18:15:39,263 [INFO] LogOutputStream:77 - [STDOUT_REDIRECT] 
2024-12-05 18:15:41,611 [ERROR] ApiDbMcu:1678 - Can't use Application install path:
2024-12-05 18:15:41,615 [WARN] RulesReader:66 - Compatibility file://mcu/compatibility.xml not found
2024-12-05 18:15:47,320 [ERROR] LogOutputStream:75 - [STDERR_REDIRECT] 
2024-12-05 18:15:51,838 [INFO] LogOutputStream:77 - [STDOUT_REDIRECT] 
2024-12-05 18:15:54,928 [INFO] ApplicationProperties:184 - Using Application install path: /Applications/STM32CubeIDE.app/Contents/Eclipse/plugins/com.st.stm32cube.common.mx_6.12.1.202409122256
2024-12-05 18:15:54,942 [INFO] DbMcusXml:78 - Set database path to: /Applications/STM32CubeIDE.app/Contents/Eclipse/plugins/com.st.stm32cube.common.mx_6.12.1.202409122256//db//mcu/
2024-12-05 18:15:54,943 [INFO] ApiDb:274 - Set plugin database path to: /Applications/STM32CubeIDE.app/Contents/Eclipse/plugins/com.st.stm32cube.common.mx_6.12.1.202409122256//db//plugins/boardmanager/
2024-12-05 18:15:54,943 [WARN] ApiDb:259 - Overriding images path with different value:  => /Applications/STM32CubeIDE.app/Contents/Eclipse/plugins/com.st.stm32cube.common.mx_6.12.1.202409122256//db//plugins/mcufinder/images/
2024-12-05 18:15:54,953 [INFO] ApiDb:250 - Set database path to: /Users/apple/.stmcufinder/plugins/mcufinder//mcu/
2024-12-05 18:15:54,955 [INFO] DbMcusAds:125 - Set database path to: /Users/apple/.stmcufinder/plugins/mcufinder//mcu/
2024-12-05 18:15:54,960 [INFO] CrossReferenceDbSqlite:203 - Set database path to: /Users/apple/.stmcufinder/plugins/mcufinder//mcu/cs/
2024-12-05 18:15:55,052 [INFO] DbMcusXml:78 - Set database path to: /Applications/STM32CubeIDE.app/Contents/Eclipse/plugins/com.st.stm32cube.common.mx_6.12.1.202409122256//db//mcu/
2024-12-05 18:15:55,052 [INFO] ApiDb:274 - Set plugin database path to: /Applications/STM32CubeIDE.app/Contents/Eclipse/plugins/com.st.stm32cube.common.mx_6.12.1.202409122256//db//plugins/boardmanager/
2024-12-05 18:15:55,052 [INFO] ApiDb:261 - Set plugin images path to: /Applications/STM32CubeIDE.app/Contents/Eclipse/plugins/com.st.stm32cube.common.mx_6.12.1.202409122256//db//plugins/mcufinder/images/
2024-12-05 18:15:55,053 [WARN] DbFile:41 - Overriding database path with different value: /Users/apple/.stmcufinder/plugins/mcufinder/ => /Users/apple/.stmcufinder/plugins/mcufinder
2024-12-05 18:15:55,053 [INFO] ApiDb:250 - Set database path to: /Users/apple/.stmcufinder/plugins/mcufinder//mcu/
2024-12-05 18:15:55,053 [WARN] DbFile:41 - Overriding database path with different value: /Users/apple/.stmcufinder/plugins/mcufinder/ => /Users/apple/.stmcufinder/plugins/mcufinder
2024-12-05 18:15:55,053 [INFO] DbMcusAds:125 - Set database path to: /Users/apple/.stmcufinder/plugins/mcufinder//mcu/
2024-12-05 18:15:55,053 [WARN] DbFile:41 - Overriding database path with different value: /Users/apple/.stmcufinder/plugins/mcufinder/ => /Users/apple/.stmcufinder/plugins/mcufinder
2024-12-05 18:15:55,054 [WARN] DbFile:41 - Overriding database path with different value: /Users/apple/.stmcufinder/plugins/mcufinder/ => /Users/apple/.stmcufinder/plugins/mcufinder
2024-12-05 18:15:55,054 [INFO] CrossReferenceDbSqlite:203 - Set database path to: /Users/apple/.stmcufinder/plugins/mcufinder//mcu/cs/
2024-12-05 18:15:55,217 [INFO] MainPanel:268 - HeapMemory: 268435456
2024-12-05 18:15:56,245 [INFO] DbMcusXml:78 - Set database path to: /Applications/STM32CubeIDE.app/Contents/Eclipse/plugins/com.st.stm32cube.common.mx_6.12.1.202409122256//db//mcu/
2024-12-05 18:15:56,245 [INFO] ApiDb:274 - Set plugin database path to: /Applications/STM32CubeIDE.app/Contents/Eclipse/plugins/com.st.stm32cube.common.mx_6.12.1.202409122256//db//plugins/boardmanager/
2024-12-05 18:15:56,245 [INFO] ApiDb:261 - Set plugin images path to: /Applications/STM32CubeIDE.app/Contents/Eclipse/plugins/com.st.stm32cube.common.mx_6.12.1.202409122256//db//plugins/mcufinder/images/
2024-12-05 18:15:56,247 [WARN] DbFile:41 - Overriding database path with different value: /Users/apple/.stmcufinder/plugins/mcufinder/ => /Users/apple/.stmcufinder/plugins/mcufinder
2024-12-05 18:15:56,247 [INFO] ApiDb:250 - Set database path to: /Users/apple/.stmcufinder/plugins/mcufinder//mcu/
2024-12-05 18:15:56,248 [WARN] DbFile:41 - Overriding database path with different value: /Users/apple/.stmcufinder/plugins/mcufinder/ => /Users/apple/.stmcufinder/plugins/mcufinder
2024-12-05 18:15:56,248 [INFO] DbMcusAds:125 - Set database path to: /Users/apple/.stmcufinder/plugins/mcufinder//mcu/
2024-12-05 18:15:56,248 [WARN] DbFile:41 - Overriding database path with different value: /Users/apple/.stmcufinder/plugins/mcufinder/ => /Users/apple/.stmcufinder/plugins/mcufinder
2024-12-05 18:15:56,248 [WARN] DbFile:41 - Overriding database path with different value: /Users/apple/.stmcufinder/plugins/mcufinder/ => /Users/apple/.stmcufinder/plugins/mcufinder
2024-12-05 18:15:56,248 [INFO] CrossReferenceDbSqlite:203 - Set database path to: /Users/apple/.stmcufinder/plugins/mcufinder//mcu/cs/
2024-12-05 18:15:56,341 [INFO] ApplicationProperties:184 - Using Application install path: /Applications/STM32CubeIDE.app/Contents/Eclipse/plugins/com.st.stm32cube.common.mx_6.12.1.202409122256
2024-12-05 18:15:56,350 [INFO] PluginManage:196 - Search for loadable plugins [exclusion list=, ]
2024-12-05 18:15:56,350 [ERROR] LogOutputStream:75 - [STDERR_REDIRECT] [Fatal Error] :2:10: DOCTYPE is disallowed when the feature "http://apache.org/xml/features/disallow-doctype-decl" set to true.
2024-12-05 18:15:56,365 [ERROR] LogOutputStream:75 - [STDERR_REDIRECT] 
2024-12-05 18:15:56,366 [INFO] PluginManage:310 - Check plugin analytics
2024-12-05 18:15:56,789 [INFO] AnalyticsPlugin:253 - Accepted Software Licenses: 
2024-12-05 18:15:56,789 [INFO] AnalyticsPlugin:255 - Accepted CMSIS Pack Licenses: 
2024-12-05 18:15:56,789 [INFO] AnalyticsPlugin:257 - Accepted Firmware Licenses: FW.F4.1.28.0
2024-12-05 18:15:56,790 [INFO] PluginManage:359 - Loaded plugin analytics (category:tool,tabindex:-1)
2024-12-05 18:15:56,793 [INFO] PluginManage:310 - Check plugin cadmodel
2024-12-05 18:15:56,823 [INFO] CADModel:105 - Init CAD model plugin
2024-12-05 18:15:56,823 [INFO] PluginManage:359 - Loaded plugin cadmodel (category:power,tabindex:5)
2024-12-05 18:15:56,824 [INFO] PluginManage:310 - Check plugin clock
2024-12-05 18:15:56,839 [INFO] PluginManage:359 - Loaded plugin clock (category:base,tabindex:2)
2024-12-05 18:15:56,840 [INFO] PluginManage:310 - Check plugin ddr
2024-12-05 18:15:56,845 [INFO] PluginManage:359 - Loaded plugin ddr (category:tool,tabindex:6)
2024-12-05 18:15:56,845 [INFO] PluginManage:310 - Check plugin filemanager
2024-12-05 18:15:57,428 [INFO] PluginManage:359 - Loaded plugin filemanager (category:base,tabindex:10)
2024-12-05 18:15:57,430 [INFO] PluginManage:310 - Check plugin ipmanager
2024-12-05 18:15:57,474 [INFO] PluginManage:359 - Loaded plugin ipmanager (category:base,tabindex:5)
2024-12-05 18:15:57,476 [INFO] PluginManage:310 - Check plugin lpbam
2024-12-05 18:15:57,499 [INFO] PluginManage:359 - Loaded plugin lpbam (category:base,tabindex:0)
2024-12-05 18:15:57,499 [INFO] PluginManage:310 - Check plugin memorymap
2024-12-05 18:15:57,517 [INFO] PluginManage:359 - Loaded plugin memorymap (category:base,tabindex:4)
2024-12-05 18:15:57,518 [INFO] PluginManage:310 - Check plugin pinoutandconfiguration
2024-12-05 18:15:57,546 [INFO] PluginManage:359 - Loaded plugin pinoutandconfiguration (category:base,tabindex:1)
2024-12-05 18:15:57,546 [INFO] PluginManage:310 - Check plugin pinoutconfig
2024-12-05 18:15:57,868 [WARN] SupportedApi:132 - Cannot load RTOS API schema: s4s-elt-must-match.1: The content of 'definitions' must match (annotation?, (simpleType | complexType)?, (unique | key | keyref)*)). A problem was found starting at: attribute.
2024-12-05 18:15:58,200 [INFO] PluginManage:359 - Loaded plugin pinoutconfig (category:base,tabindex:0)
2024-12-05 18:15:58,201 [INFO] PluginManage:310 - Check plugin power
2024-12-05 18:15:58,221 [INFO] PluginManage:359 - Loaded plugin power (category:power,tabindex:4)
2024-12-05 18:15:58,222 [INFO] PluginManage:310 - Check plugin projectmanager
2024-12-05 18:15:58,299 [INFO] PluginManage:359 - Loaded plugin projectmanager (category:projectmanager,tabindex:4)
2024-12-05 18:15:58,300 [INFO] PluginManage:310 - Check plugin rif
2024-12-05 18:15:58,314 [INFO] PluginManage:359 - Loaded plugin rif (category:base,tabindex:3)
2024-12-05 18:15:58,315 [INFO] PluginManage:310 - Check plugin thirdparty
2024-12-05 18:15:58,768 [INFO] PluginManage:359 - Loaded plugin thirdparty (category:base,tabindex:-1)
2024-12-05 18:15:58,768 [WARN] IntegrityCheckThread:84 - waiting for thirdparty lock release [integrity check]
2024-12-05 18:15:58,774 [INFO] IntegrityCheckThread:86 - entering critical section [integrity check]
2024-12-05 18:15:58,775 [INFO] PluginManage:310 - Check plugin tools
2024-12-05 18:15:58,775 [INFO] ThirdPartyUpdaterWithRetryManager:70 - Updater plugin not ready yet. [1/15]
2024-12-05 18:15:58,785 [INFO] PluginManage:359 - Loaded plugin tools (category:base,tabindex:7)
2024-12-05 18:15:58,786 [INFO] PluginManage:310 - Check plugin tutovideos
2024-12-05 18:15:59,254 [INFO] PluginManage:359 - Loaded plugin tutovideos (category:base,tabindex:-1)
2024-12-05 18:15:59,255 [INFO] PluginManage:310 - Check plugin updater
2024-12-05 18:15:59,318 [INFO] PluginManage:359 - Loaded plugin updater (category:base,tabindex:12)
2024-12-05 18:15:59,319 [INFO] PluginManage:310 - Check plugin userauth
2024-12-05 18:15:59,333 [INFO] UserAuth:113 - Init User Auth plugin
2024-12-05 18:15:59,333 [INFO] PluginManage:359 - Loaded plugin userauth (category:base,tabindex:14)
2024-12-05 18:15:59,335 [INFO] PluginManage:283 - PluginManage : Loaded plugins [18]
2024-12-05 18:16:00,059 [INFO] PinOutPanel:1561 - setPackage(No Configuration,No Configuration)
2024-12-05 18:16:00,198 [INFO] CADModel:165 - CPN selected for project level
2024-12-05 18:16:00,198 [INFO] CADModel:114 - Register for checkConnection events
2024-12-05 18:16:00,227 [INFO] IPUIPlugin:80 - create IPUIPlugin
2024-12-05 18:16:00,227 [INFO] PluginManager:220 - loadIPPluginJar : add mdma
2024-12-05 18:16:00,238 [INFO] IPUIPlugin:80 - create IPUIPlugin
2024-12-05 18:16:00,238 [INFO] PluginManager:220 - loadIPPluginJar : add freertos
2024-12-05 18:16:00,244 [INFO] IPUIPlugin:80 - create IPUIPlugin
2024-12-05 18:16:00,245 [INFO] PluginManager:220 - loadIPPluginJar : add gic
2024-12-05 18:16:00,256 [INFO] IPUIPlugin:80 - create IPUIPlugin
2024-12-05 18:16:00,256 [INFO] PluginManager:220 - loadIPPluginJar : add adc
2024-12-05 18:16:00,259 [INFO] IPUIPlugin:80 - create IPUIPlugin
2024-12-05 18:16:00,260 [INFO] PluginManager:220 - loadIPPluginJar : add gtzc
2024-12-05 18:16:00,261 [INFO] IPUIPlugin:80 - create IPUIPlugin
2024-12-05 18:16:00,261 [INFO] PluginManager:220 - loadIPPluginJar : add quadspi
2024-12-05 18:16:00,264 [INFO] IPUIPlugin:80 - create IPUIPlugin
2024-12-05 18:16:00,264 [INFO] PluginManager:220 - loadIPPluginJar : add aes
2024-12-05 18:16:00,266 [INFO] IPUIPlugin:80 - create IPUIPlugin
2024-12-05 18:16:00,266 [INFO] PluginManager:220 - loadIPPluginJar : add pdm2pcm
2024-12-05 18:16:00,270 [INFO] IPUIPlugin:80 - create IPUIPlugin
2024-12-05 18:16:00,270 [INFO] PluginManager:220 - loadIPPluginJar : add hash
2024-12-05 18:16:00,272 [INFO] IPUIPlugin:80 - create IPUIPlugin
2024-12-05 18:16:00,272 [INFO] PluginManager:220 - loadIPPluginJar : add tim
2024-12-05 18:16:00,273 [INFO] IPUIPlugin:80 - create IPUIPlugin
2024-12-05 18:16:00,273 [INFO] PluginManager:220 - loadIPPluginJar : add tsc
2024-12-05 18:16:00,276 [INFO] IPUIPlugin:80 - create IPUIPlugin
2024-12-05 18:16:00,276 [INFO] PluginManager:220 - loadIPPluginJar : add extmemmanager
2024-12-05 18:16:00,277 [INFO] IPUIPlugin:80 - create IPUIPlugin
2024-12-05 18:16:00,277 [INFO] PluginManager:220 - loadIPPluginJar : add ts
2024-12-05 18:16:00,279 [INFO] IPUIPlugin:80 - create IPUIPlugin
2024-12-05 18:16:00,280 [INFO] PluginManager:220 - loadIPPluginJar : add radio
2024-12-05 18:16:00,283 [INFO] IPUIPlugin:80 - create IPUIPlugin
2024-12-05 18:16:00,283 [INFO] PluginManager:220 - loadIPPluginJar : add can
2024-12-05 18:16:00,287 [INFO] IPUIPlugin:80 - create IPUIPlugin
2024-12-05 18:16:00,287 [INFO] PluginManager:220 - loadIPPluginJar : add dma3
2024-12-05 18:16:00,291 [INFO] IPUIPlugin:80 - create IPUIPlugin
2024-12-05 18:16:00,292 [INFO] PluginManager:220 - loadIPPluginJar : add dfsdm
2024-12-05 18:16:00,294 [INFO] IPUIPlugin:80 - create IPUIPlugin
2024-12-05 18:16:00,296 [INFO] PluginManager:220 - loadIPPluginJar : add spi
2024-12-05 18:16:00,299 [INFO] IPUIPlugin:80 - create IPUIPlugin
2024-12-05 18:16:00,299 [INFO] PluginManager:220 - loadIPPluginJar : add gfxmmu
2024-12-05 18:16:00,301 [INFO] IPUIPlugin:80 - create IPUIPlugin
2024-12-05 18:16:00,302 [INFO] PluginManager:220 - loadIPPluginJar : add genericplugin
2024-12-05 18:16:00,304 [INFO] IPUIPlugin:80 - create IPUIPlugin
2024-12-05 18:16:00,305 [INFO] PluginManager:220 - loadIPPluginJar : add cryp
2024-12-05 18:16:00,309 [INFO] IPUIPlugin:80 - create IPUIPlugin
2024-12-05 18:16:00,310 [INFO] PluginManager:220 - loadIPPluginJar : add gpio
2024-12-05 18:16:00,313 [INFO] IPUIPlugin:80 - create IPUIPlugin
2024-12-05 18:16:00,314 [INFO] PluginManager:220 - loadIPPluginJar : add ddr_ctrl_phy
2024-12-05 18:16:00,316 [INFO] IPUIPlugin:80 - create IPUIPlugin
2024-12-05 18:16:00,316 [INFO] PluginManager:220 - loadIPPluginJar : add comp
2024-12-05 18:16:00,319 [INFO] IPUIPlugin:80 - create IPUIPlugin
2024-12-05 18:16:00,320 [INFO] PluginManager:220 - loadIPPluginJar : add tracer_emb
2024-12-05 18:16:00,323 [INFO] IPUIPlugin:80 - create IPUIPlugin
2024-12-05 18:16:00,324 [INFO] PluginManager:220 - loadIPPluginJar : add openamp
2024-12-05 18:16:00,331 [INFO] IPUIPlugin:80 - create IPUIPlugin
2024-12-05 18:16:00,331 [INFO] PluginManager:220 - loadIPPluginJar : add stm32_wpan
2024-12-05 18:16:00,338 [INFO] IPUIPlugin:80 - create IPUIPlugin
2024-12-05 18:16:00,343 [INFO] PluginManager:220 - loadIPPluginJar : add plateformsettings
2024-12-05 18:16:00,347 [INFO] IPUIPlugin:80 - create IPUIPlugin
2024-12-05 18:16:00,347 [INFO] PluginManager:220 - loadIPPluginJar : add ipddr
2024-12-05 18:16:00,350 [INFO] IPUIPlugin:80 - create IPUIPlugin
2024-12-05 18:16:00,350 [INFO] PluginManager:220 - loadIPPluginJar : add usart
2024-12-05 18:16:00,352 [INFO] IPUIPlugin:80 - create IPUIPlugin
2024-12-05 18:16:00,352 [INFO] PluginManager:220 - loadIPPluginJar : add ltdc
2024-12-05 18:16:00,356 [INFO] IPUIPlugin:80 - create IPUIPlugin
2024-12-05 18:16:00,356 [INFO] PluginManager:220 - loadIPPluginJar : add nvic
2024-12-05 18:16:00,358 [INFO] IPUIPlugin:80 - create IPUIPlugin
2024-12-05 18:16:00,358 [INFO] PluginManager:220 - loadIPPluginJar : add fatfs
2024-12-05 18:16:00,368 [INFO] IPUIPlugin:80 - create IPUIPlugin
2024-12-05 18:16:00,369 [INFO] PluginManager:220 - loadIPPluginJar : add linkedlist
2024-12-05 18:16:00,376 [INFO] IPUIPlugin:80 - create IPUIPlugin
2024-12-05 18:16:00,376 [INFO] PluginManager:220 - loadIPPluginJar : add dma
2024-12-05 18:16:00,381 [INFO] IPUIPlugin:80 - create IPUIPlugin
2024-12-05 18:16:00,381 [INFO] PluginManager:220 - loadIPPluginJar : add fmc
2024-12-05 18:16:00,383 [INFO] IPUIPlugin:80 - create IPUIPlugin
2024-12-05 18:16:00,384 [INFO] PluginManager:220 - loadIPPluginJar : add i2s
2024-12-05 18:16:00,386 [INFO] IPUIPlugin:80 - create IPUIPlugin
2024-12-05 18:16:00,386 [INFO] PluginManager:220 - loadIPPluginJar : add ucpd
2024-12-05 18:16:00,402 [INFO] IPUIPlugin:80 - create IPUIPlugin
2024-12-05 18:16:00,402 [INFO] PluginManager:220 - loadIPPluginJar : add lorawan
2024-12-05 18:16:00,412 [INFO] IPUIPlugin:80 - create IPUIPlugin
2024-12-05 18:16:00,412 [INFO] PluginManager:220 - loadIPPluginJar : add opamp
2024-12-05 18:16:00,420 [INFO] IPUIPlugin:80 - create IPUIPlugin
2024-12-05 18:16:00,420 [INFO] PluginManager:220 - loadIPPluginJar : add i3c
2024-12-05 18:16:00,425 [INFO] IPUIPlugin:80 - create IPUIPlugin
2024-12-05 18:16:00,425 [INFO] PluginManager:220 - loadIPPluginJar : add touchsensing
2024-12-05 18:16:00,427 [INFO] IPUIPlugin:80 - create IPUIPlugin
2024-12-05 18:16:00,427 [INFO] PluginManager:220 - loadIPPluginJar : add i2c
2024-12-05 18:16:00,431 [INFO] IPUIPlugin:80 - create IPUIPlugin
2024-12-05 18:16:00,431 [INFO] PluginManager:220 - loadIPPluginJar : add resmgrutility
2024-12-05 18:16:00,434 [INFO] IPUIPlugin:80 - create IPUIPlugin
2024-12-05 18:16:00,434 [INFO] PluginManager:220 - loadIPPluginJar : add sai
2024-12-05 18:16:00,437 [INFO] IPUIPlugin:80 - create IPUIPlugin
2024-12-05 18:16:00,437 [INFO] PluginManager:220 - loadIPPluginJar : add usbx
2024-12-05 18:16:00,592 [INFO] CADModel:165 - CPN selected for project level
2024-12-05 18:16:00,593 [INFO] CADModel:114 - Register for checkConnection events
2024-12-05 18:16:00,593 [FATAL] Updater:334 - Updater called before beeing initialized
2024-12-05 18:16:00,593 [ERROR] CADModel:125 - Updater not yet initialized, retry later 
2024-12-05 18:16:00,924 [INFO] CADModel:165 - CPN selected for project level
2024-12-05 18:16:00,924 [INFO] CADModel:114 - Register for checkConnection events
2024-12-05 18:16:00,924 [FATAL] Updater:334 - Updater called before beeing initialized
2024-12-05 18:16:00,924 [ERROR] CADModel:125 - Updater not yet initialized, retry later 
2024-12-05 18:16:00,928 [FATAL] Updater:334 - Updater called before beeing initialized
2024-12-05 18:16:01,173 [FATAL] Updater:334 - Updater called before beeing initialized
2024-12-05 18:16:01,184 [INFO] DbMcusAds:53 - JSON generation date=Fri Sep 20 10:04:38 ART 2024 (1726837478367)
2024-12-05 18:16:01,184 [FATAL] Updater:334 - Updater called before beeing initialized
2024-12-05 18:16:01,782 [INFO] ThirdPartyUpdaterWithRetryManager:70 - Updater plugin not ready yet. [2/15]
2024-12-05 18:16:01,867 [WARN] DetailPanel:346 - Failed to get advertising image, set to default
2024-12-05 18:16:02,028 [FATAL] Updater:334 - Updater called before beeing initialized
2024-12-05 18:16:02,035 [FATAL] Updater:334 - Updater called before beeing initialized
2024-12-05 18:16:02,036 [FATAL] Updater:334 - Updater called before beeing initialized
2024-12-05 18:16:02,036 [WARN] DetailPanel:346 - Failed to get advertising image, set to default
2024-12-05 18:16:02,039 [FATAL] Updater:334 - Updater called before beeing initialized
2024-12-05 18:16:02,271 [ERROR] Updater:1164 - MainUpdater not yet initialized. External WinMGr cannot be set.
2024-12-05 18:16:02,291 [INFO] Updater:1100 - Updater Version found : 6.12.1
2024-12-05 18:16:02,316 [INFO] ApplicationProperties:184 - Using Application install path: /Applications/STM32CubeIDE.app/Contents/Eclipse/plugins/com.st.stm32cube.common.mx_6.12.1.202409122256
2024-12-05 18:16:02,850 [INFO] MainUpdater:2873 - connection check result : 10
2024-12-05 18:16:02,851 [INFO] MainUpdater:290 - Updater Check For Update Now.
2024-12-05 18:16:02,851 [INFO] MicroXplorer:498 - Change Database Version : DB.6.0.121
2024-12-05 18:16:02,867 [INFO] McuFinderGlobals:63 - Set McuFinder mode to 2 (CubeIDE integrated)
2024-12-05 18:16:02,869 [INFO] UserAuth:417 - Internet connection configuration mode: 1
2024-12-05 18:16:02,884 [INFO] JxBrowserEngine:152 - Initiate JxBrowser Engine with user profile folder
2024-12-05 18:16:03,216 [INFO] CheckServerUpdateThread:120 - End of CheckServer Thread
2024-12-05 18:16:05,061 [WARN] PackLoader:240 - Cannot read IP mode file for STMicroelectronics.FP-SNS-MOTENVWB1.1.4.0
2024-12-05 18:16:05,102 [WARN] PackLoader:240 - Cannot read IP mode file for STMicroelectronics.FP-ATR-ASTRA1.2.0.1
2024-12-05 18:16:05,135 [WARN] PackLoader:240 - Cannot read IP mode file for STMicroelectronics.X-CUBE-SMBUS.2.1.0
2024-12-05 18:16:05,151 [WARN] PackLoader:240 - Cannot read IP mode file for STMicroelectronics.X-CUBE-WB05N.1.1.0
2024-12-05 18:16:05,228 [WARN] PackLoader:240 - Cannot read IP mode file for STMicroelectronics.X-CUBE-AZRTOS-F7.1.1.0
2024-12-05 18:16:05,426 [WARN] PackLoader:240 - Cannot read IP mode file for STMicroelectronics.X-CUBE-MEMS1.11.0.0
2024-12-05 18:16:05,802 [WARN] PackLoader:240 - Cannot read IP mode file for STMicroelectronics.FP-SNS-FLIGHT1.5.0.2
2024-12-05 18:16:05,830 [WARN] PackLoader:240 - Cannot read IP mode file for STMicroelectronics.X-CUBE-DISPLAY.3.0.0
2024-12-05 18:16:05,859 [WARN] PackLoader:240 - Cannot read IP mode file for STMicroelectronics.X-CUBE-BLE1.7.0.0
2024-12-05 18:16:05,899 [WARN] PackLoader:240 - Cannot read IP mode file for STMicroelectronics.X-CUBE-NFC10.1.0.0
2024-12-05 18:16:05,931 [WARN] PackLoader:240 - Cannot read IP mode file for emotas.I-CUBE-CANOPEN.1.3.0
2024-12-05 18:16:05,989 [WARN] PackLoader:240 - Cannot read IP mode file for STMicroelectronics.X-CUBE-BLEMGR.3.1.0
2024-12-05 18:16:06,014 [WARN] PackLoader:240 - Cannot read IP mode file for STMicroelectronics.FP-SNS-SMARTAG2.1.2.0
2024-12-05 18:16:06,039 [INFO] LogOutputStream:77 - [STDOUT_REDIRECT] 1 : Invalid condition id : UX_CORESTACK_Condition cause : null
2024-12-05 18:16:06,041 [INFO] LogOutputStream:77 - [STDOUT_REDIRECT] 1 : Invalid condition id : UX_CORESTACK_Condition cause : null
2024-12-05 18:16:06,042 [INFO] LogOutputStream:77 - [STDOUT_REDIRECT] 1 : Invalid condition id : UX_CORESTACK_Condition cause : null
2024-12-05 18:16:06,043 [INFO] LogOutputStream:77 - [STDOUT_REDIRECT] 1 : Invalid condition id : UX_CORESTACK_Condition cause : null
2024-12-05 18:16:06,044 [INFO] LogOutputStream:77 - [STDOUT_REDIRECT] 1 : Invalid condition id : UX_CORESTACK_Condition cause : null
2024-12-05 18:16:06,057 [WARN] PackLoader:240 - Cannot read IP mode file for STMicroelectronics.X-CUBE-AZRTOS-WL.2.0.0
2024-12-05 18:16:06,085 [WARN] PackLoader:240 - Cannot read IP mode file for STMicroelectronics.FP-SNS-MOTENV1.5.0.0
2024-12-05 18:16:06,092 [WARN] PackLoader:240 - Cannot read IP mode file for wolfSSL.I-CUBE-wolfMQTT.1.19.0
2024-12-05 18:16:06,114 [WARN] PackLoader:240 - Cannot read IP mode file for WES.I-CUBE-Cesium.1.3.0
2024-12-05 18:16:06,133 [WARN] PackLoader:240 - Cannot read IP mode file for STMicroelectronics.X-CUBE-BLE2.3.3.0
2024-12-05 18:16:06,147 [WARN] PackLoader:240 - Cannot read IP mode file for STMicroelectronics.X-CUBE-NFC9.1.0.0
2024-12-05 18:16:06,170 [WARN] PackLoader:240 - Cannot read IP mode file for STMicroelectronics.X-CUBE-TCPP.4.1.0
2024-12-05 18:16:06,218 [WARN] PackLoader:240 - Cannot read IP mode file for STMicroelectronics.X-CUBE-AZRTOS-G0.1.1.0
2024-12-05 18:16:06,242 [WARN] PackLoader:240 - Cannot read IP mode file for STMicroelectronics.X-CUBE-SAFEA1.1.2.2
2024-12-05 18:16:06,281 [WARN] PackLoader:240 - Cannot read IP mode file for STMicroelectronics.X-CUBE-NFC4.3.0.0
2024-12-05 18:16:06,311 [WARN] PackLoader:240 - Cannot read IP mode file for EmbeddedOffice.I-CUBE-FS-RTOS.1.0.1
2024-12-05 18:16:06,313 [ERROR] ConditionMgr:805 - Attr not supported : Dmpu
2024-12-05 18:16:06,315 [ERROR] ConditionMgr:805 - Attr not supported : Dmpu
2024-12-05 18:16:06,316 [ERROR] ConditionMgr:805 - Attr not supported : Dmpu
2024-12-05 18:16:06,316 [ERROR] ConditionMgr:805 - Attr not supported : Dmpu
2024-12-05 18:16:06,316 [ERROR] ConditionMgr:805 - Attr not supported : Dmpu
2024-12-05 18:16:06,316 [ERROR] ConditionMgr:805 - Attr not supported : Dmpu
2024-12-05 18:16:06,316 [ERROR] ConditionMgr:805 - Attr not supported : Dmpu
2024-12-05 18:16:06,316 [ERROR] ConditionMgr:805 - Attr not supported : Dmpu
2024-12-05 18:16:06,316 [ERROR] ConditionMgr:805 - Attr not supported : Dmpu
2024-12-05 18:16:06,316 [ERROR] ConditionMgr:805 - Attr not supported : Dmpu
2024-12-05 18:16:06,316 [ERROR] ConditionMgr:805 - Attr not supported : Dmpu
2024-12-05 18:16:06,316 [ERROR] ConditionMgr:805 - Attr not supported : Dmpu
2024-12-05 18:16:06,316 [ERROR] ConditionMgr:805 - Attr not supported : Dmpu
2024-12-05 18:16:06,316 [ERROR] ConditionMgr:805 - Attr not supported : Dmpu
2024-12-05 18:16:06,317 [ERROR] ConditionMgr:805 - Attr not supported : Dmpu
2024-12-05 18:16:06,317 [ERROR] ConditionMgr:805 - Attr not supported : Dmpu
2024-12-05 18:16:06,317 [ERROR] ConditionMgr:805 - Attr not supported : Dmpu
2024-12-05 18:16:06,317 [ERROR] ConditionMgr:805 - Attr not supported : Dmpu
2024-12-05 18:16:06,317 [ERROR] ConditionMgr:805 - Attr not supported : Dmpu
2024-12-05 18:16:06,317 [ERROR] ConditionMgr:805 - Attr not supported : Dmpu
2024-12-05 18:16:06,318 [ERROR] ConditionMgr:805 - Attr not supported : Dmpu
2024-12-05 18:16:06,318 [ERROR] ConditionMgr:805 - Attr not supported : Dmpu
2024-12-05 18:16:06,319 [ERROR] ConditionMgr:805 - Attr not supported : Dmpu
2024-12-05 18:16:06,319 [ERROR] ConditionMgr:805 - Attr not supported : Dmpu
2024-12-05 18:16:06,319 [ERROR] ConditionMgr:805 - Attr not supported : Dmpu
2024-12-05 18:16:06,319 [ERROR] ConditionMgr:805 - Attr not supported : Dmpu
2024-12-05 18:16:06,319 [ERROR] ConditionMgr:805 - Attr not supported : Dmpu
2024-12-05 18:16:06,319 [ERROR] ConditionMgr:805 - Attr not supported : Dmpu
2024-12-05 18:16:06,319 [ERROR] ConditionMgr:805 - Attr not supported : Dmpu
2024-12-05 18:16:06,319 [ERROR] ConditionMgr:805 - Attr not supported : Dmpu
2024-12-05 18:16:06,319 [ERROR] ConditionMgr:805 - Attr not supported : Dmpu
2024-12-05 18:16:06,319 [ERROR] ConditionMgr:805 - Attr not supported : Dmpu
2024-12-05 18:16:06,319 [ERROR] ConditionMgr:805 - Attr not supported : Dmpu
2024-12-05 18:16:06,320 [ERROR] ConditionMgr:805 - Attr not supported : Dmpu
2024-12-05 18:16:06,320 [ERROR] ConditionMgr:805 - Attr not supported : Dmpu
2024-12-05 18:16:06,320 [ERROR] ConditionMgr:805 - Attr not supported : Dmpu
2024-12-05 18:16:06,322 [ERROR] ConditionMgr:805 - Attr not supported : Dmpu
2024-12-05 18:16:06,323 [ERROR] ConditionMgr:805 - Attr not supported : Dmpu
2024-12-05 18:16:06,330 [ERROR] ConditionMgr:805 - Attr not supported : Dmpu
2024-12-05 18:16:06,332 [ERROR] ConditionMgr:805 - Attr not supported : Dmpu
2024-12-05 18:16:06,333 [ERROR] ConditionMgr:805 - Attr not supported : Dmpu
2024-12-05 18:16:06,333 [ERROR] ConditionMgr:805 - Attr not supported : Dmpu
2024-12-05 18:16:06,333 [ERROR] ConditionMgr:805 - Attr not supported : Dmpu
2024-12-05 18:16:06,333 [ERROR] ConditionMgr:805 - Attr not supported : Dmpu
2024-12-05 18:16:06,333 [ERROR] ConditionMgr:805 - Attr not supported : Dmpu
2024-12-05 18:16:06,333 [ERROR] ConditionMgr:805 - Attr not supported : Dmpu
2024-12-05 18:16:06,333 [ERROR] ConditionMgr:805 - Attr not supported : Dmpu
2024-12-05 18:16:06,333 [ERROR] ConditionMgr:805 - Attr not supported : Dmpu
2024-12-05 18:16:06,333 [ERROR] ConditionMgr:805 - Attr not supported : Dmpu
2024-12-05 18:16:06,333 [ERROR] ConditionMgr:805 - Attr not supported : Dmpu
2024-12-05 18:16:06,333 [ERROR] ConditionMgr:805 - Attr not supported : Dmpu
2024-12-05 18:16:06,334 [ERROR] ConditionMgr:805 - Attr not supported : Dmpu
2024-12-05 18:16:06,334 [ERROR] ConditionMgr:805 - Attr not supported : Dmpu
2024-12-05 18:16:06,334 [ERROR] ConditionMgr:805 - Attr not supported : Dmpu
2024-12-05 18:16:06,334 [ERROR] ConditionMgr:805 - Attr not supported : Dmpu
2024-12-05 18:16:06,334 [ERROR] ConditionMgr:805 - Attr not supported : Dmpu
2024-12-05 18:16:06,334 [ERROR] ConditionMgr:805 - Attr not supported : Dmpu
2024-12-05 18:16:06,334 [ERROR] ConditionMgr:805 - Attr not supported : Dmpu
2024-12-05 18:16:06,334 [ERROR] ConditionMgr:805 - Attr not supported : Dmpu
2024-12-05 18:16:06,334 [ERROR] ConditionMgr:805 - Attr not supported : Dmpu
2024-12-05 18:16:06,334 [ERROR] ConditionMgr:805 - Attr not supported : Dmpu
2024-12-05 18:16:06,334 [ERROR] ConditionMgr:805 - Attr not supported : Dmpu
2024-12-05 18:16:06,334 [ERROR] ConditionMgr:805 - Attr not supported : Dmpu
2024-12-05 18:16:06,334 [ERROR] ConditionMgr:805 - Attr not supported : Dmpu
2024-12-05 18:16:06,341 [WARN] PackLoader:240 - Cannot read IP mode file for RealThread.X-CUBE-RT-Thread_Nano.4.1.1
2024-12-05 18:16:06,351 [WARN] PackLoader:240 - Cannot read IP mode file for STMicroelectronics.FP-ATR-SIGFOX1.3.2.0
2024-12-05 18:16:06,362 [WARN] PackLoader:240 - Cannot read IP mode file for wolfSSL.I-CUBE-wolfSSL.5.7.2
2024-12-05 18:16:06,368 [WARN] ConditionMgr:438 - getConditionDescription Invalid condition id : Cortex-A Device cause : null
2024-12-05 18:16:06,398 [WARN] ConditionMgr:1039 - genDependencies : Invalid condition id : Cortex-A Device cause : null
2024-12-05 18:16:06,399 [WARN] ConditionMgr:1039 - genDependencies : Invalid condition id : Cortex-A Device cause : null
2024-12-05 18:16:06,400 [WARN] ConditionMgr:1039 - genDependencies : Invalid condition id : Cortex-A Device cause : null
2024-12-05 18:16:06,409 [WARN] PackLoader:240 - Cannot read IP mode file for STMicroelectronics.X-CUBE-EEPRMA1.5.1.0
2024-12-05 18:16:06,421 [WARN] PackLoader:240 - Cannot read IP mode file for ITTIA_DB.I-CUBE-ITTIADB.8.9.0
2024-12-05 18:16:06,540 [WARN] PackLoader:240 - Cannot read IP mode file for SEGGER.I-CUBE-embOS.1.3.1
2024-12-05 18:16:06,928 [WARN] PackLoader:240 - Cannot read IP mode file for STMicroelectronics.X-CUBE-ALGOBUILD.1.4.0
2024-12-05 18:16:06,966 [WARN] PackLoader:240 - Cannot read IP mode file for STMicroelectronics.X-CUBE-AI.9.1.0
2024-12-05 18:16:07,039 [WARN] PackLoader:240 - Cannot read IP mode file for STMicroelectronics.X-CUBE-AZRTOS-F4.1.1.0
2024-12-05 18:16:07,149 [WARN] PackLoader:240 - Cannot read IP mode file for STMicroelectronics.X-CUBE-ISPU.2.1.0
2024-12-05 18:16:07,234 [WARN] PackLoader:240 - Cannot read IP mode file for STMicroelectronics.X-CUBE-FREERTOS.1.2.0
2024-12-05 18:16:07,344 [WARN] PackLoader:240 - Cannot read IP mode file for STMicroelectronics.X-CUBE-AZRTOS-L5.2.0.0
2024-12-05 18:16:07,428 [WARN] PackLoader:240 - Cannot read IP mode file for STMicroelectronics.X-CUBE-NFC6.3.1.0
2024-12-05 18:16:07,513 [WARN] PackLoader:240 - Cannot read IP mode file for STMicroelectronics.X-CUBE-DPower.1.2.0
2024-12-05 18:16:07,519 [WARN] PackLoader:240 - Cannot read IP mode file for STMicroelectronics.X-CUBE-AI.9.0.0
2024-12-05 18:16:07,528 [WARN] PackLoader:240 - Cannot read IP mode file for STMicroelectronics.X-CUBE-NFC7.1.0.1
2024-12-05 18:16:07,574 [WARN] ConditionMgr:438 - getConditionDescription Invalid condition id : LAN8742 Phy interface Condition cause : null
2024-12-05 18:16:07,576 [WARN] PackLoader:240 - Cannot read IP mode file for STMicroelectronics.X-CUBE-AZRTOS-L4.2.0.0
2024-12-05 18:16:07,580 [WARN] ConditionMgr:1039 - genDependencies : Invalid condition id : LAN8742 Phy interface Condition cause : null
2024-12-05 18:16:07,581 [WARN] ConditionMgr:1039 - genDependencies : Invalid condition id : LAN8742 Phy interface Condition cause : null
2024-12-05 18:16:07,582 [WARN] ConditionMgr:1039 - genDependencies : Invalid condition id : LAN8742 Phy interface Condition cause : null
2024-12-05 18:16:07,603 [WARN] PackLoader:240 - Cannot read IP mode file for STMicroelectronics.X-CUBE-SFXS2LP1.4.0.0
2024-12-05 18:16:07,651 [WARN] PackLoader:240 - Cannot read IP mode file for STMicroelectronics.X-CUBE-AZRTOS-H7.3.3.0
2024-12-05 18:16:07,680 [WARN] PackLoader:240 - Cannot read IP mode file for STMicroelectronics.X-CUBE-IPS.3.0.0
2024-12-05 18:16:07,712 [WARN] ConditionMgr:438 - getConditionDescription Invalid condition id : UX DEVICE CLASS RTOS Condition cause : null
2024-12-05 18:16:07,712 [WARN] ConditionMgr:438 - getConditionDescription Invalid condition id : UX DEVICE CLASS RTOS Condition cause : null
2024-12-05 18:16:07,719 [WARN] PackLoader:240 - Cannot read IP mode file for STMicroelectronics.X-CUBE-AZRTOS-WB.2.0.0
2024-12-05 18:16:07,721 [WARN] ConditionMgr:1039 - genDependencies : Invalid condition id : UX DEVICE CLASS RTOS Condition cause : null
2024-12-05 18:16:07,721 [WARN] ConditionMgr:1039 - genDependencies : Invalid condition id : UX DEVICE CLASS RTOS Condition cause : null
2024-12-05 18:16:07,722 [WARN] ConditionMgr:1039 - genDependencies : Invalid condition id : UX DEVICE CLASS RTOS Condition cause : null
2024-12-05 18:16:07,723 [WARN] ConditionMgr:1039 - genDependencies : Invalid condition id : UX DEVICE CLASS RTOS Condition cause : null
2024-12-05 18:16:07,723 [WARN] ConditionMgr:1039 - genDependencies : Invalid condition id : UX DEVICE CLASS RTOS Condition cause : null
2024-12-05 18:16:07,737 [WARN] PackLoader:240 - Cannot read IP mode file for STMicroelectronics.X-CUBE-GNSS1.7.0.0
2024-12-05 18:16:07,754 [WARN] PackLoader:240 - Cannot read IP mode file for STMicroelectronics.FP-SNS-STBOX1.2.0.0
2024-12-05 18:16:07,795 [WARN] PackLoader:240 - Cannot read IP mode file for STMicroelectronics.X-CUBE-SUBG2.5.0.0
2024-12-05 18:16:07,808 [WARN] PackLoader:240 - Cannot read IP mode file for Cesanta.I-CUBE-Mongoose.7.13.0
2024-12-05 18:16:07,837 [WARN] PackLoader:240 - Cannot read IP mode file for STMicroelectronics.X-CUBE-AZRTOS-G4.2.0.0
2024-12-05 18:16:07,847 [WARN] PackLoader:240 - Cannot read IP mode file for STMicroelectronics.X-CUBE-ALS.1.0.2
2024-12-05 18:16:07,863 [WARN] PackLoader:240 - Cannot read IP mode file for STMicroelectronics.X-CUBE-TOUCHGFX.4.24.0
2024-12-05 18:16:07,871 [WARN] PackLoader:240 - Cannot read IP mode file for STMicroelectronics.X-CUBE-TOUCHGFX.4.24.1
2024-12-05 18:16:07,874 [WARN] PackLoader:240 - Cannot read IP mode file for wolfSSL.I-CUBE-wolfTPM.3.4.0
2024-12-05 18:16:07,884 [WARN] PackLoader:240 - Cannot read IP mode file for portGmbH.I-Cube-SoM-uGOAL.1.1.0
2024-12-05 18:16:07,937 [WARN] PackLoader:240 - Cannot read IP mode file for STMicroelectronics.X-CUBE-AZRTOS-H7RS.1.0.0
2024-12-05 18:16:07,960 [WARN] PackLoader:240 - Cannot read IP mode file for STMicroelectronics.FP-ATR-ASTRA1.2.0.0
2024-12-05 18:16:07,982 [WARN] PackLoader:240 - Cannot read IP mode file for STMicroelectronics.X-CUBE-TOF1.3.4.2
2024-12-05 18:16:08,047 [WARN] PackLoader:240 - Cannot read IP mode file for Infineon.AIROC-Wi-Fi-Bluetooth-STM32.1.6.1
2024-12-05 18:16:08,073 [WARN] PackLoader:240 - Cannot read IP mode file for wolfSSL.I-CUBE-wolfSSH.1.4.17
2024-12-05 18:16:08,083 [INFO] ThirdParty:978 - Integrity check success = true
2024-12-05 18:16:08,083 [INFO] IntegrityCheckThread:100 - exiting critical section [integrity check]
2024-12-05 18:16:08,084 [INFO] IntegrityCheckThread:103 - End integrity checks thread
2024-12-05 18:17:18,817 [INFO] WebApp:167 - Instantiating new browser for Auth
2024-12-05 18:17:21,738 [INFO] WebApp:448 - Apply proxy settings
2024-12-05 18:17:21,770 [INFO] WebApp:493 - Chromium authenticates against Manually configured proxy
2024-12-05 18:17:21,805 [INFO] WebApp:501 - Username used for proxy authentication: 
2024-12-05 18:17:21,905 [INFO] WebApp:869 - Register for checkConnection events
2024-12-05 18:17:21,906 [INFO] WebApp:448 - Apply proxy settings
2024-12-05 18:17:21,910 [INFO] WebApp:493 - Chromium authenticates against Manually configured proxy
2024-12-05 18:17:21,911 [INFO] WebApp:501 - Username used for proxy authentication: 
2024-12-05 18:17:22,287 [INFO] WebApp:220 - Starting web application
2024-12-05 18:17:22,287 [INFO] WebApp:578 - Web application path used /Applications/STM32CubeIDE.app/Contents/Eclipse/plugins/com.st.stm32cube.common.mx_6.12.1.202409122256/db/plugins/mcufinder/reactClient1/index.html
2024-12-05 18:17:22,991 [INFO] WebApp:186 - Connection restablished
2024-12-05 18:17:23,504 [INFO] UserAuth:417 - Internet connection configuration mode: 1
2024-12-05 18:43:17,138 [INFO] WebApp:189 - Connection lost
2024-12-05 18:43:17,865 [INFO] WebApp:186 - Connection restablished
2024-12-05 19:00:52,663 [INFO] WebApp:189 - Connection lost
2024-12-05 19:00:52,879 [INFO] WebApp:186 - Connection restablished
2024-12-05 19:35:26,282 [INFO] LogOutputStream:77 - [STDOUT_REDIRECT] ***WARNING: Display must be created on main thread due to Cocoa restrictions. Use vmarg -XstartOnFirstThread
2024-12-05 19:35:26,299 [ERROR] LogOutputStream:75 - [STDERR_REDIRECT] Exception in thread "Thread-24" org.eclipse.swt.SWTException: Invalid thread access
2024-12-05 19:35:26,301 [ERROR] LogOutputStream:75 - [STDERR_REDIRECT] 	at org.eclipse.swt.SWT.error(SWT.java:4918)
2024-12-05 19:35:26,302 [ERROR] LogOutputStream:75 - [STDERR_REDIRECT] 	at org.eclipse.swt.SWT.error(SWT.java:4833)
2024-12-05 19:35:26,302 [ERROR] LogOutputStream:75 - [STDERR_REDIRECT] 	at org.eclipse.swt.SWT.error(SWT.java:4804)
2024-12-05 19:35:26,302 [ERROR] LogOutputStream:75 - [STDERR_REDIRECT] 	at org.eclipse.swt.widgets.Display.error(Display.java:1209)
2024-12-05 19:35:26,302 [ERROR] LogOutputStream:75 - [STDERR_REDIRECT] 	at org.eclipse.swt.widgets.Display.createDisplay(Display.java:960)
2024-12-05 19:35:26,304 [ERROR] LogOutputStream:75 - [STDERR_REDIRECT] 	at org.eclipse.swt.widgets.Display.create(Display.java:944)
2024-12-05 19:35:26,304 [ERROR] LogOutputStream:75 - [STDERR_REDIRECT] 	at org.eclipse.swt.graphics.Device.<init>(Device.java:132)
2024-12-05 19:35:26,304 [ERROR] LogOutputStream:75 - [STDERR_REDIRECT] 	at org.eclipse.swt.widgets.Display.<init>(Display.java:798)
2024-12-05 19:35:26,304 [ERROR] LogOutputStream:75 - [STDERR_REDIRECT] 	at org.eclipse.swt.widgets.Display.<init>(Display.java:789)
2024-12-05 19:35:26,304 [ERROR] LogOutputStream:75 - [STDERR_REDIRECT] 	at org.eclipse.swt.widgets.Display.getDefault(Display.java:1543)
2024-12-05 19:35:26,304 [ERROR] LogOutputStream:75 - [STDERR_REDIRECT] 	at com.st.stm32cube.ide.common.utils.ThreadHelper.runInUiThreadSync(ThreadHelper.java:34)
2024-12-05 19:35:26,305 [ERROR] LogOutputStream:75 - [STDERR_REDIRECT] 	at com.st.stm32cube.ide.mcu.cyclomaticcomplexity.CyclomaticView.clearView(CyclomaticView.java:719)
2024-12-05 19:35:26,309 [ERROR] LogOutputStream:75 - [STDERR_REDIRECT] 	at com.st.stm32cube.ide.mcu.cyclomaticcomplexity.CyclomaticView.lambda$3(CyclomaticView.java:518)
2024-12-05 19:35:26,314 [ERROR] LogOutputStream:75 - [STDERR_REDIRECT] 	at java.base/java.lang.Thread.run(Thread.java:840)
2024-12-05 19:35:26,630 [ERROR] LogOutputStream:75 - [STDERR_REDIRECT] 
2024-12-05 19:36:42,408 [INFO] Activator:176 - 


2024-12-05 19:36:42,412 [INFO] Activator:177 - !SESSION log4j initialized
2024-12-05 19:36:48,211 [INFO] LogOutputStream:77 - [STDOUT_REDIRECT] 
2024-12-05 19:36:48,743 [ERROR] LogOutputStream:75 - [STDERR_REDIRECT] 
2024-12-05 19:36:52,119 [INFO] LogOutputStream:77 - [STDOUT_REDIRECT] 
2024-12-05 19:36:54,016 [INFO] ApplicationProperties:184 - Using Application install path: /Applications/STM32CubeIDE.app/Contents/Eclipse/plugins/com.st.stm32cube.common.mx_6.12.1.202409122256
2024-12-05 19:36:54,045 [INFO] DbMcusXml:78 - Set database path to: /Applications/STM32CubeIDE.app/Contents/Eclipse/plugins/com.st.stm32cube.common.mx_6.12.1.202409122256//db//mcu/
2024-12-05 19:36:54,046 [INFO] ApiDb:274 - Set plugin database path to: /Applications/STM32CubeIDE.app/Contents/Eclipse/plugins/com.st.stm32cube.common.mx_6.12.1.202409122256//db//plugins/boardmanager/
2024-12-05 19:36:54,046 [WARN] ApiDb:259 - Overriding images path with different value:  => /Applications/STM32CubeIDE.app/Contents/Eclipse/plugins/com.st.stm32cube.common.mx_6.12.1.202409122256//db//plugins/mcufinder/images/
2024-12-05 19:36:54,101 [INFO] ApiDb:250 - Set database path to: /Users/apple/.stmcufinder/plugins/mcufinder//mcu/
2024-12-05 19:36:54,103 [INFO] DbMcusAds:125 - Set database path to: /Users/apple/.stmcufinder/plugins/mcufinder//mcu/
2024-12-05 19:36:54,107 [INFO] CrossReferenceDbSqlite:203 - Set database path to: /Users/apple/.stmcufinder/plugins/mcufinder//mcu/cs/
2024-12-05 19:36:54,331 [INFO] RulesReader:64 - Compatibility file has been processed (297 Rules)
2024-12-05 19:36:54,435 [INFO] DbMcusXml:78 - Set database path to: /Applications/STM32CubeIDE.app/Contents/Eclipse/plugins/com.st.stm32cube.common.mx_6.12.1.202409122256//db//mcu/
2024-12-05 19:36:54,436 [INFO] ApiDb:274 - Set plugin database path to: /Applications/STM32CubeIDE.app/Contents/Eclipse/plugins/com.st.stm32cube.common.mx_6.12.1.202409122256//db//plugins/boardmanager/
2024-12-05 19:36:54,437 [INFO] ApiDb:261 - Set plugin images path to: /Applications/STM32CubeIDE.app/Contents/Eclipse/plugins/com.st.stm32cube.common.mx_6.12.1.202409122256//db//plugins/mcufinder/images/
2024-12-05 19:36:54,437 [WARN] DbFile:41 - Overriding database path with different value: /Users/apple/.stmcufinder/plugins/mcufinder/ => /Users/apple/.stmcufinder/plugins/mcufinder
2024-12-05 19:36:54,437 [INFO] ApiDb:250 - Set database path to: /Users/apple/.stmcufinder/plugins/mcufinder//mcu/
2024-12-05 19:36:54,438 [WARN] DbFile:41 - Overriding database path with different value: /Users/apple/.stmcufinder/plugins/mcufinder/ => /Users/apple/.stmcufinder/plugins/mcufinder
2024-12-05 19:36:54,438 [INFO] DbMcusAds:125 - Set database path to: /Users/apple/.stmcufinder/plugins/mcufinder//mcu/
2024-12-05 19:36:54,438 [WARN] DbFile:41 - Overriding database path with different value: /Users/apple/.stmcufinder/plugins/mcufinder/ => /Users/apple/.stmcufinder/plugins/mcufinder
2024-12-05 19:36:54,438 [WARN] DbFile:41 - Overriding database path with different value: /Users/apple/.stmcufinder/plugins/mcufinder/ => /Users/apple/.stmcufinder/plugins/mcufinder
2024-12-05 19:36:54,438 [INFO] CrossReferenceDbSqlite:203 - Set database path to: /Users/apple/.stmcufinder/plugins/mcufinder//mcu/cs/
2024-12-05 19:36:54,600 [INFO] MainPanel:268 - HeapMemory: 268435456
2024-12-05 19:36:55,247 [INFO] DbMcusXml:78 - Set database path to: /Applications/STM32CubeIDE.app/Contents/Eclipse/plugins/com.st.stm32cube.common.mx_6.12.1.202409122256//db//mcu/
2024-12-05 19:36:55,247 [INFO] ApiDb:274 - Set plugin database path to: /Applications/STM32CubeIDE.app/Contents/Eclipse/plugins/com.st.stm32cube.common.mx_6.12.1.202409122256//db//plugins/boardmanager/
2024-12-05 19:36:55,247 [INFO] ApiDb:261 - Set plugin images path to: /Applications/STM32CubeIDE.app/Contents/Eclipse/plugins/com.st.stm32cube.common.mx_6.12.1.202409122256//db//plugins/mcufinder/images/
2024-12-05 19:36:55,248 [WARN] DbFile:41 - Overriding database path with different value: /Users/apple/.stmcufinder/plugins/mcufinder/ => /Users/apple/.stmcufinder/plugins/mcufinder
2024-12-05 19:36:55,248 [INFO] ApiDb:250 - Set database path to: /Users/apple/.stmcufinder/plugins/mcufinder//mcu/
2024-12-05 19:36:55,248 [WARN] DbFile:41 - Overriding database path with different value: /Users/apple/.stmcufinder/plugins/mcufinder/ => /Users/apple/.stmcufinder/plugins/mcufinder
2024-12-05 19:36:55,248 [INFO] DbMcusAds:125 - Set database path to: /Users/apple/.stmcufinder/plugins/mcufinder//mcu/
2024-12-05 19:36:55,248 [WARN] DbFile:41 - Overriding database path with different value: /Users/apple/.stmcufinder/plugins/mcufinder/ => /Users/apple/.stmcufinder/plugins/mcufinder
2024-12-05 19:36:55,248 [WARN] DbFile:41 - Overriding database path with different value: /Users/apple/.stmcufinder/plugins/mcufinder/ => /Users/apple/.stmcufinder/plugins/mcufinder
2024-12-05 19:36:55,248 [INFO] CrossReferenceDbSqlite:203 - Set database path to: /Users/apple/.stmcufinder/plugins/mcufinder//mcu/cs/
2024-12-05 19:36:55,278 [INFO] ApplicationProperties:184 - Using Application install path: /Applications/STM32CubeIDE.app/Contents/Eclipse/plugins/com.st.stm32cube.common.mx_6.12.1.202409122256
2024-12-05 19:36:55,280 [INFO] PluginManage:196 - Search for loadable plugins [exclusion list=, ]
2024-12-05 19:36:55,282 [INFO] PluginManage:310 - Check plugin analytics
2024-12-05 19:36:55,584 [INFO] AnalyticsPlugin:253 - Accepted Software Licenses: 
2024-12-05 19:36:55,585 [INFO] AnalyticsPlugin:255 - Accepted CMSIS Pack Licenses: 
2024-12-05 19:36:55,585 [INFO] AnalyticsPlugin:257 - Accepted Firmware Licenses: FW.F4.1.28.0
2024-12-05 19:36:55,600 [INFO] PluginManage:359 - Loaded plugin analytics (category:tool,tabindex:-1)
2024-12-05 19:36:55,602 [INFO] PluginManage:310 - Check plugin cadmodel
2024-12-05 19:36:55,620 [INFO] CADModel:105 - Init CAD model plugin
2024-12-05 19:36:55,620 [INFO] PluginManage:359 - Loaded plugin cadmodel (category:power,tabindex:5)
2024-12-05 19:36:55,621 [INFO] PluginManage:310 - Check plugin clock
2024-12-05 19:36:55,643 [INFO] PluginManage:359 - Loaded plugin clock (category:base,tabindex:2)
2024-12-05 19:36:55,644 [INFO] PluginManage:310 - Check plugin ddr
2024-12-05 19:36:55,647 [INFO] PluginManage:359 - Loaded plugin ddr (category:tool,tabindex:6)
2024-12-05 19:36:55,647 [INFO] PluginManage:310 - Check plugin filemanager
2024-12-05 19:36:56,193 [INFO] PluginManage:359 - Loaded plugin filemanager (category:base,tabindex:10)
2024-12-05 19:36:56,197 [INFO] PluginManage:310 - Check plugin ipmanager
2024-12-05 19:36:56,227 [INFO] PluginManage:359 - Loaded plugin ipmanager (category:base,tabindex:5)
2024-12-05 19:36:56,228 [INFO] PluginManage:310 - Check plugin lpbam
2024-12-05 19:36:56,245 [INFO] PluginManage:359 - Loaded plugin lpbam (category:base,tabindex:0)
2024-12-05 19:36:56,246 [INFO] PluginManage:310 - Check plugin memorymap
2024-12-05 19:36:56,262 [INFO] PluginManage:359 - Loaded plugin memorymap (category:base,tabindex:4)
2024-12-05 19:36:56,263 [INFO] PluginManage:310 - Check plugin pinoutandconfiguration
2024-12-05 19:36:56,273 [INFO] PluginManage:359 - Loaded plugin pinoutandconfiguration (category:base,tabindex:1)
2024-12-05 19:36:56,273 [INFO] PluginManage:310 - Check plugin pinoutconfig
2024-12-05 19:36:56,454 [WARN] SupportedApi:132 - Cannot load RTOS API schema: s4s-elt-must-match.1: The content of 'definitions' must match (annotation?, (simpleType | complexType)?, (unique | key | keyref)*)). A problem was found starting at: attribute.
2024-12-05 19:36:56,704 [INFO] PluginManage:359 - Loaded plugin pinoutconfig (category:base,tabindex:0)
2024-12-05 19:36:56,704 [INFO] PluginManage:310 - Check plugin power
2024-12-05 19:36:56,717 [INFO] PluginManage:359 - Loaded plugin power (category:power,tabindex:4)
2024-12-05 19:36:56,717 [INFO] PluginManage:310 - Check plugin projectmanager
2024-12-05 19:36:56,768 [INFO] PluginManage:359 - Loaded plugin projectmanager (category:projectmanager,tabindex:4)
2024-12-05 19:36:56,769 [INFO] PluginManage:310 - Check plugin rif
2024-12-05 19:36:56,777 [INFO] PluginManage:359 - Loaded plugin rif (category:base,tabindex:3)
2024-12-05 19:36:56,777 [INFO] PluginManage:310 - Check plugin thirdparty
2024-12-05 19:36:57,026 [INFO] PluginManage:359 - Loaded plugin thirdparty (category:base,tabindex:-1)
2024-12-05 19:36:57,026 [INFO] PluginManage:310 - Check plugin tools
2024-12-05 19:36:57,026 [WARN] IntegrityCheckThread:84 - waiting for thirdparty lock release [integrity check]
2024-12-05 19:36:57,029 [INFO] IntegrityCheckThread:86 - entering critical section [integrity check]
2024-12-05 19:36:57,030 [INFO] ThirdPartyUpdaterWithRetryManager:70 - Updater plugin not ready yet. [1/15]
2024-12-05 19:36:57,034 [INFO] PluginManage:359 - Loaded plugin tools (category:base,tabindex:7)
2024-12-05 19:36:57,034 [INFO] PluginManage:310 - Check plugin tutovideos
2024-12-05 19:36:57,332 [INFO] PluginManage:359 - Loaded plugin tutovideos (category:base,tabindex:-1)
2024-12-05 19:36:57,333 [INFO] PluginManage:310 - Check plugin updater
2024-12-05 19:36:57,376 [INFO] PluginManage:359 - Loaded plugin updater (category:base,tabindex:12)
2024-12-05 19:36:57,376 [INFO] PluginManage:310 - Check plugin userauth
2024-12-05 19:36:57,386 [INFO] UserAuth:113 - Init User Auth plugin
2024-12-05 19:36:57,386 [INFO] PluginManage:359 - Loaded plugin userauth (category:base,tabindex:14)
2024-12-05 19:36:57,388 [INFO] PluginManage:283 - PluginManage : Loaded plugins [18]
2024-12-05 19:36:58,231 [INFO] PinOutPanel:1561 - setPackage(No Configuration,No Configuration)
2024-12-05 19:36:58,252 [ERROR] LogOutputStream:75 - [STDERR_REDIRECT] [Fatal Error] :2:10: DOCTYPE is disallowed when the feature "http://apache.org/xml/features/disallow-doctype-decl" set to true.
2024-12-05 19:36:58,258 [ERROR] LogOutputStream:75 - [STDERR_REDIRECT] 
2024-12-05 19:36:58,386 [INFO] CADModel:165 - CPN selected for project level
2024-12-05 19:36:58,387 [INFO] CADModel:114 - Register for checkConnection events
2024-12-05 19:36:58,404 [INFO] IPUIPlugin:80 - create IPUIPlugin
2024-12-05 19:36:58,405 [INFO] PluginManager:220 - loadIPPluginJar : add mdma
2024-12-05 19:36:58,411 [INFO] IPUIPlugin:80 - create IPUIPlugin
2024-12-05 19:36:58,412 [INFO] PluginManager:220 - loadIPPluginJar : add freertos
2024-12-05 19:36:58,418 [INFO] IPUIPlugin:80 - create IPUIPlugin
2024-12-05 19:36:58,418 [INFO] PluginManager:220 - loadIPPluginJar : add gic
2024-12-05 19:36:58,434 [INFO] IPUIPlugin:80 - create IPUIPlugin
2024-12-05 19:36:58,434 [INFO] PluginManager:220 - loadIPPluginJar : add adc
2024-12-05 19:36:58,437 [INFO] IPUIPlugin:80 - create IPUIPlugin
2024-12-05 19:36:58,437 [INFO] PluginManager:220 - loadIPPluginJar : add gtzc
2024-12-05 19:36:58,438 [INFO] IPUIPlugin:80 - create IPUIPlugin
2024-12-05 19:36:58,438 [INFO] PluginManager:220 - loadIPPluginJar : add quadspi
2024-12-05 19:36:58,440 [INFO] IPUIPlugin:80 - create IPUIPlugin
2024-12-05 19:36:58,440 [INFO] PluginManager:220 - loadIPPluginJar : add aes
2024-12-05 19:36:58,442 [INFO] IPUIPlugin:80 - create IPUIPlugin
2024-12-05 19:36:58,442 [INFO] PluginManager:220 - loadIPPluginJar : add pdm2pcm
2024-12-05 19:36:58,445 [INFO] IPUIPlugin:80 - create IPUIPlugin
2024-12-05 19:36:58,445 [INFO] PluginManager:220 - loadIPPluginJar : add hash
2024-12-05 19:36:58,446 [INFO] IPUIPlugin:80 - create IPUIPlugin
2024-12-05 19:36:58,446 [INFO] PluginManager:220 - loadIPPluginJar : add tim
2024-12-05 19:36:58,447 [INFO] IPUIPlugin:80 - create IPUIPlugin
2024-12-05 19:36:58,447 [INFO] PluginManager:220 - loadIPPluginJar : add tsc
2024-12-05 19:36:58,450 [INFO] IPUIPlugin:80 - create IPUIPlugin
2024-12-05 19:36:58,450 [INFO] PluginManager:220 - loadIPPluginJar : add extmemmanager
2024-12-05 19:36:58,453 [INFO] IPUIPlugin:80 - create IPUIPlugin
2024-12-05 19:36:58,453 [INFO] PluginManager:220 - loadIPPluginJar : add ts
2024-12-05 19:36:58,455 [INFO] IPUIPlugin:80 - create IPUIPlugin
2024-12-05 19:36:58,455 [INFO] PluginManager:220 - loadIPPluginJar : add radio
2024-12-05 19:36:58,457 [INFO] IPUIPlugin:80 - create IPUIPlugin
2024-12-05 19:36:58,457 [INFO] PluginManager:220 - loadIPPluginJar : add can
2024-12-05 19:36:58,464 [INFO] IPUIPlugin:80 - create IPUIPlugin
2024-12-05 19:36:58,464 [INFO] PluginManager:220 - loadIPPluginJar : add dma3
2024-12-05 19:36:58,467 [INFO] IPUIPlugin:80 - create IPUIPlugin
2024-12-05 19:36:58,467 [INFO] PluginManager:220 - loadIPPluginJar : add dfsdm
2024-12-05 19:36:58,469 [INFO] IPUIPlugin:80 - create IPUIPlugin
2024-12-05 19:36:58,469 [INFO] PluginManager:220 - loadIPPluginJar : add spi
2024-12-05 19:36:58,472 [INFO] IPUIPlugin:80 - create IPUIPlugin
2024-12-05 19:36:58,473 [INFO] PluginManager:220 - loadIPPluginJar : add gfxmmu
2024-12-05 19:36:58,475 [INFO] IPUIPlugin:80 - create IPUIPlugin
2024-12-05 19:36:58,475 [INFO] PluginManager:220 - loadIPPluginJar : add genericplugin
2024-12-05 19:36:58,478 [INFO] IPUIPlugin:80 - create IPUIPlugin
2024-12-05 19:36:58,478 [INFO] PluginManager:220 - loadIPPluginJar : add cryp
2024-12-05 19:36:58,485 [INFO] IPUIPlugin:80 - create IPUIPlugin
2024-12-05 19:36:58,486 [INFO] PluginManager:220 - loadIPPluginJar : add gpio
2024-12-05 19:36:58,496 [INFO] IPUIPlugin:80 - create IPUIPlugin
2024-12-05 19:36:58,496 [INFO] PluginManager:220 - loadIPPluginJar : add ddr_ctrl_phy
2024-12-05 19:36:58,499 [INFO] IPUIPlugin:80 - create IPUIPlugin
2024-12-05 19:36:58,499 [INFO] PluginManager:220 - loadIPPluginJar : add comp
2024-12-05 19:36:58,504 [INFO] IPUIPlugin:80 - create IPUIPlugin
2024-12-05 19:36:58,504 [INFO] PluginManager:220 - loadIPPluginJar : add tracer_emb
2024-12-05 19:36:58,508 [INFO] IPUIPlugin:80 - create IPUIPlugin
2024-12-05 19:36:58,509 [INFO] PluginManager:220 - loadIPPluginJar : add openamp
2024-12-05 19:36:58,514 [INFO] IPUIPlugin:80 - create IPUIPlugin
2024-12-05 19:36:58,514 [INFO] PluginManager:220 - loadIPPluginJar : add stm32_wpan
2024-12-05 19:36:58,519 [INFO] IPUIPlugin:80 - create IPUIPlugin
2024-12-05 19:36:58,529 [INFO] PluginManager:220 - loadIPPluginJar : add plateformsettings
2024-12-05 19:36:58,533 [INFO] IPUIPlugin:80 - create IPUIPlugin
2024-12-05 19:36:58,533 [INFO] PluginManager:220 - loadIPPluginJar : add ipddr
2024-12-05 19:36:58,535 [INFO] IPUIPlugin:80 - create IPUIPlugin
2024-12-05 19:36:58,535 [INFO] PluginManager:220 - loadIPPluginJar : add usart
2024-12-05 19:36:58,537 [INFO] IPUIPlugin:80 - create IPUIPlugin
2024-12-05 19:36:58,538 [INFO] PluginManager:220 - loadIPPluginJar : add ltdc
2024-12-05 19:36:58,542 [INFO] IPUIPlugin:80 - create IPUIPlugin
2024-12-05 19:36:58,543 [INFO] PluginManager:220 - loadIPPluginJar : add nvic
2024-12-05 19:36:58,544 [INFO] IPUIPlugin:80 - create IPUIPlugin
2024-12-05 19:36:58,544 [INFO] PluginManager:220 - loadIPPluginJar : add fatfs
2024-12-05 19:36:58,551 [INFO] IPUIPlugin:80 - create IPUIPlugin
2024-12-05 19:36:58,551 [INFO] PluginManager:220 - loadIPPluginJar : add linkedlist
2024-12-05 19:36:58,557 [INFO] IPUIPlugin:80 - create IPUIPlugin
2024-12-05 19:36:58,557 [INFO] PluginManager:220 - loadIPPluginJar : add dma
2024-12-05 19:36:58,561 [INFO] IPUIPlugin:80 - create IPUIPlugin
2024-12-05 19:36:58,561 [INFO] PluginManager:220 - loadIPPluginJar : add fmc
2024-12-05 19:36:58,563 [INFO] IPUIPlugin:80 - create IPUIPlugin
2024-12-05 19:36:58,563 [INFO] PluginManager:220 - loadIPPluginJar : add i2s
2024-12-05 19:36:58,565 [INFO] IPUIPlugin:80 - create IPUIPlugin
2024-12-05 19:36:58,565 [INFO] PluginManager:220 - loadIPPluginJar : add ucpd
2024-12-05 19:36:58,568 [INFO] IPUIPlugin:80 - create IPUIPlugin
2024-12-05 19:36:58,569 [INFO] PluginManager:220 - loadIPPluginJar : add lorawan
2024-12-05 19:36:58,574 [INFO] IPUIPlugin:80 - create IPUIPlugin
2024-12-05 19:36:58,574 [INFO] PluginManager:220 - loadIPPluginJar : add opamp
2024-12-05 19:36:58,576 [INFO] IPUIPlugin:80 - create IPUIPlugin
2024-12-05 19:36:58,576 [INFO] PluginManager:220 - loadIPPluginJar : add i3c
2024-12-05 19:36:58,581 [INFO] IPUIPlugin:80 - create IPUIPlugin
2024-12-05 19:36:58,581 [INFO] PluginManager:220 - loadIPPluginJar : add touchsensing
2024-12-05 19:36:58,586 [INFO] IPUIPlugin:80 - create IPUIPlugin
2024-12-05 19:36:58,586 [INFO] PluginManager:220 - loadIPPluginJar : add i2c
2024-12-05 19:36:58,591 [INFO] IPUIPlugin:80 - create IPUIPlugin
2024-12-05 19:36:58,591 [INFO] PluginManager:220 - loadIPPluginJar : add resmgrutility
2024-12-05 19:36:58,593 [INFO] IPUIPlugin:80 - create IPUIPlugin
2024-12-05 19:36:58,593 [INFO] PluginManager:220 - loadIPPluginJar : add sai
2024-12-05 19:36:58,598 [INFO] IPUIPlugin:80 - create IPUIPlugin
2024-12-05 19:36:58,599 [INFO] PluginManager:220 - loadIPPluginJar : add usbx
2024-12-05 19:36:58,742 [INFO] CADModel:165 - CPN selected for project level
2024-12-05 19:36:58,743 [INFO] CADModel:114 - Register for checkConnection events
2024-12-05 19:36:58,743 [FATAL] Updater:334 - Updater called before beeing initialized
2024-12-05 19:36:58,744 [ERROR] CADModel:125 - Updater not yet initialized, retry later 
2024-12-05 19:36:59,163 [INFO] CADModel:165 - CPN selected for project level
2024-12-05 19:36:59,165 [INFO] CADModel:114 - Register for checkConnection events
2024-12-05 19:36:59,165 [FATAL] Updater:334 - Updater called before beeing initialized
2024-12-05 19:36:59,165 [ERROR] CADModel:125 - Updater not yet initialized, retry later 
2024-12-05 19:36:59,169 [FATAL] Updater:334 - Updater called before beeing initialized
2024-12-05 19:36:59,449 [FATAL] Updater:334 - Updater called before beeing initialized
2024-12-05 19:36:59,458 [INFO] DbMcusAds:53 - JSON generation date=Fri Sep 20 10:04:38 ART 2024 (1726837478367)
2024-12-05 19:36:59,459 [FATAL] Updater:334 - Updater called before beeing initialized
2024-12-05 19:36:59,621 [WARN] DetailPanel:346 - Failed to get advertising image, set to default
2024-12-05 19:36:59,792 [FATAL] Updater:334 - Updater called before beeing initialized
2024-12-05 19:36:59,798 [FATAL] Updater:334 - Updater called before beeing initialized
2024-12-05 19:36:59,799 [FATAL] Updater:334 - Updater called before beeing initialized
2024-12-05 19:36:59,799 [WARN] DetailPanel:346 - Failed to get advertising image, set to default
2024-12-05 19:36:59,800 [FATAL] Updater:334 - Updater called before beeing initialized
2024-12-05 19:36:59,937 [ERROR] Updater:1164 - MainUpdater not yet initialized. External WinMGr cannot be set.
2024-12-05 19:36:59,949 [INFO] Updater:1100 - Updater Version found : 6.12.1
2024-12-05 19:36:59,969 [INFO] ApplicationProperties:184 - Using Application install path: /Applications/STM32CubeIDE.app/Contents/Eclipse/plugins/com.st.stm32cube.common.mx_6.12.1.202409122256
2024-12-05 19:37:00,036 [INFO] ThirdPartyUpdaterWithRetryManager:70 - Updater plugin not ready yet. [2/15]
2024-12-05 19:37:00,541 [INFO] MainUpdater:2873 - connection check result : 10
2024-12-05 19:37:00,542 [INFO] MainUpdater:290 - Updater Check For Update Now.
2024-12-05 19:37:00,542 [INFO] MicroXplorer:498 - Change Database Version : DB.6.0.121
2024-12-05 19:37:00,557 [INFO] McuFinderGlobals:63 - Set McuFinder mode to 2 (CubeIDE integrated)
2024-12-05 19:37:00,560 [INFO] UserAuth:417 - Internet connection configuration mode: 1
2024-12-05 19:37:00,582 [INFO] JxBrowserEngine:152 - Initiate JxBrowser Engine with user profile folder
2024-12-05 19:37:00,933 [INFO] CheckServerUpdateThread:120 - End of CheckServer Thread
2024-12-05 19:37:03,200 [WARN] PackLoader:240 - Cannot read IP mode file for STMicroelectronics.FP-SNS-MOTENVWB1.1.4.0
2024-12-05 19:37:03,263 [WARN] PackLoader:240 - Cannot read IP mode file for STMicroelectronics.FP-ATR-ASTRA1.2.0.1
2024-12-05 19:37:03,296 [WARN] PackLoader:240 - Cannot read IP mode file for STMicroelectronics.X-CUBE-SMBUS.2.1.0
2024-12-05 19:37:03,314 [WARN] PackLoader:240 - Cannot read IP mode file for STMicroelectronics.X-CUBE-WB05N.1.1.0
2024-12-05 19:37:03,405 [WARN] PackLoader:240 - Cannot read IP mode file for STMicroelectronics.X-CUBE-AZRTOS-F7.1.1.0
2024-12-05 19:37:03,640 [WARN] PackLoader:240 - Cannot read IP mode file for STMicroelectronics.X-CUBE-MEMS1.11.0.0
2024-12-05 19:37:03,993 [WARN] PackLoader:240 - Cannot read IP mode file for STMicroelectronics.FP-SNS-FLIGHT1.5.0.2
2024-12-05 19:37:04,023 [WARN] PackLoader:240 - Cannot read IP mode file for STMicroelectronics.X-CUBE-DISPLAY.3.0.0
2024-12-05 19:37:04,064 [WARN] PackLoader:240 - Cannot read IP mode file for STMicroelectronics.X-CUBE-BLE1.7.0.0
2024-12-05 19:37:04,100 [WARN] PackLoader:240 - Cannot read IP mode file for STMicroelectronics.X-CUBE-NFC10.1.0.0
2024-12-05 19:37:04,125 [WARN] PackLoader:240 - Cannot read IP mode file for emotas.I-CUBE-CANOPEN.1.3.0
2024-12-05 19:37:04,155 [WARN] PackLoader:240 - Cannot read IP mode file for STMicroelectronics.X-CUBE-BLEMGR.3.1.0
2024-12-05 19:37:04,194 [WARN] PackLoader:240 - Cannot read IP mode file for STMicroelectronics.FP-SNS-SMARTAG2.1.2.0
2024-12-05 19:37:04,212 [INFO] LogOutputStream:77 - [STDOUT_REDIRECT] 1 : Invalid condition id : UX_CORESTACK_Condition cause : null
2024-12-05 19:37:04,213 [INFO] LogOutputStream:77 - [STDOUT_REDIRECT] 1 : Invalid condition id : UX_CORESTACK_Condition cause : null
2024-12-05 19:37:04,215 [INFO] LogOutputStream:77 - [STDOUT_REDIRECT] 1 : Invalid condition id : UX_CORESTACK_Condition cause : null
2024-12-05 19:37:04,217 [INFO] LogOutputStream:77 - [STDOUT_REDIRECT] 1 : Invalid condition id : UX_CORESTACK_Condition cause : null
2024-12-05 19:37:04,217 [INFO] LogOutputStream:77 - [STDOUT_REDIRECT] 1 : Invalid condition id : UX_CORESTACK_Condition cause : null
2024-12-05 19:37:04,228 [WARN] PackLoader:240 - Cannot read IP mode file for STMicroelectronics.X-CUBE-AZRTOS-WL.2.0.0
2024-12-05 19:37:04,241 [WARN] PackLoader:240 - Cannot read IP mode file for STMicroelectronics.FP-SNS-MOTENV1.5.0.0
2024-12-05 19:37:04,251 [WARN] PackLoader:240 - Cannot read IP mode file for wolfSSL.I-CUBE-wolfMQTT.1.19.0
2024-12-05 19:37:04,266 [WARN] PackLoader:240 - Cannot read IP mode file for WES.I-CUBE-Cesium.1.3.0
2024-12-05 19:37:04,278 [WARN] PackLoader:240 - Cannot read IP mode file for STMicroelectronics.X-CUBE-BLE2.3.3.0
2024-12-05 19:37:04,291 [WARN] PackLoader:240 - Cannot read IP mode file for STMicroelectronics.X-CUBE-NFC9.1.0.0
2024-12-05 19:37:04,335 [WARN] PackLoader:240 - Cannot read IP mode file for STMicroelectronics.X-CUBE-TCPP.4.1.0
2024-12-05 19:37:04,495 [WARN] PackLoader:240 - Cannot read IP mode file for STMicroelectronics.X-CUBE-AZRTOS-G0.1.1.0
2024-12-05 19:37:04,554 [WARN] PackLoader:240 - Cannot read IP mode file for STMicroelectronics.X-CUBE-SAFEA1.1.2.2
2024-12-05 19:37:04,575 [WARN] PackLoader:240 - Cannot read IP mode file for STMicroelectronics.X-CUBE-NFC4.3.0.0
2024-12-05 19:37:04,608 [WARN] PackLoader:240 - Cannot read IP mode file for EmbeddedOffice.I-CUBE-FS-RTOS.1.0.1
2024-12-05 19:37:04,611 [ERROR] ConditionMgr:805 - Attr not supported : Dmpu
2024-12-05 19:37:04,613 [ERROR] ConditionMgr:805 - Attr not supported : Dmpu
2024-12-05 19:37:04,615 [ERROR] ConditionMgr:805 - Attr not supported : Dmpu
2024-12-05 19:37:04,615 [ERROR] ConditionMgr:805 - Attr not supported : Dmpu
2024-12-05 19:37:04,616 [ERROR] ConditionMgr:805 - Attr not supported : Dmpu
2024-12-05 19:37:04,616 [ERROR] ConditionMgr:805 - Attr not supported : Dmpu
2024-12-05 19:37:04,616 [ERROR] ConditionMgr:805 - Attr not supported : Dmpu
2024-12-05 19:37:04,616 [ERROR] ConditionMgr:805 - Attr not supported : Dmpu
2024-12-05 19:37:04,616 [ERROR] ConditionMgr:805 - Attr not supported : Dmpu
2024-12-05 19:37:04,616 [ERROR] ConditionMgr:805 - Attr not supported : Dmpu
2024-12-05 19:37:04,616 [ERROR] ConditionMgr:805 - Attr not supported : Dmpu
2024-12-05 19:37:04,616 [ERROR] ConditionMgr:805 - Attr not supported : Dmpu
2024-12-05 19:37:04,618 [ERROR] ConditionMgr:805 - Attr not supported : Dmpu
2024-12-05 19:37:04,618 [ERROR] ConditionMgr:805 - Attr not supported : Dmpu
2024-12-05 19:37:04,618 [ERROR] ConditionMgr:805 - Attr not supported : Dmpu
2024-12-05 19:37:04,618 [ERROR] ConditionMgr:805 - Attr not supported : Dmpu
2024-12-05 19:37:04,618 [ERROR] ConditionMgr:805 - Attr not supported : Dmpu
2024-12-05 19:37:04,618 [ERROR] ConditionMgr:805 - Attr not supported : Dmpu
2024-12-05 19:37:04,618 [ERROR] ConditionMgr:805 - Attr not supported : Dmpu
2024-12-05 19:37:04,618 [ERROR] ConditionMgr:805 - Attr not supported : Dmpu
2024-12-05 19:37:04,619 [ERROR] ConditionMgr:805 - Attr not supported : Dmpu
2024-12-05 19:37:04,619 [ERROR] ConditionMgr:805 - Attr not supported : Dmpu
2024-12-05 19:37:04,619 [ERROR] ConditionMgr:805 - Attr not supported : Dmpu
2024-12-05 19:37:04,619 [ERROR] ConditionMgr:805 - Attr not supported : Dmpu
2024-12-05 19:37:04,619 [ERROR] ConditionMgr:805 - Attr not supported : Dmpu
2024-12-05 19:37:04,619 [ERROR] ConditionMgr:805 - Attr not supported : Dmpu
2024-12-05 19:37:04,619 [ERROR] ConditionMgr:805 - Attr not supported : Dmpu
2024-12-05 19:37:04,620 [ERROR] ConditionMgr:805 - Attr not supported : Dmpu
2024-12-05 19:37:04,620 [ERROR] ConditionMgr:805 - Attr not supported : Dmpu
2024-12-05 19:37:04,621 [ERROR] ConditionMgr:805 - Attr not supported : Dmpu
2024-12-05 19:37:04,621 [ERROR] ConditionMgr:805 - Attr not supported : Dmpu
2024-12-05 19:37:04,622 [ERROR] ConditionMgr:805 - Attr not supported : Dmpu
2024-12-05 19:37:04,622 [ERROR] ConditionMgr:805 - Attr not supported : Dmpu
2024-12-05 19:37:04,623 [ERROR] ConditionMgr:805 - Attr not supported : Dmpu
2024-12-05 19:37:04,624 [ERROR] ConditionMgr:805 - Attr not supported : Dmpu
2024-12-05 19:37:04,624 [ERROR] ConditionMgr:805 - Attr not supported : Dmpu
2024-12-05 19:37:04,626 [ERROR] ConditionMgr:805 - Attr not supported : Dmpu
2024-12-05 19:37:04,628 [ERROR] ConditionMgr:805 - Attr not supported : Dmpu
2024-12-05 19:37:04,632 [ERROR] ConditionMgr:805 - Attr not supported : Dmpu
2024-12-05 19:37:04,632 [ERROR] ConditionMgr:805 - Attr not supported : Dmpu
2024-12-05 19:37:04,633 [ERROR] ConditionMgr:805 - Attr not supported : Dmpu
2024-12-05 19:37:04,633 [ERROR] ConditionMgr:805 - Attr not supported : Dmpu
2024-12-05 19:37:04,633 [ERROR] ConditionMgr:805 - Attr not supported : Dmpu
2024-12-05 19:37:04,633 [ERROR] ConditionMgr:805 - Attr not supported : Dmpu
2024-12-05 19:37:04,633 [ERROR] ConditionMgr:805 - Attr not supported : Dmpu
2024-12-05 19:37:04,633 [ERROR] ConditionMgr:805 - Attr not supported : Dmpu
2024-12-05 19:37:04,633 [ERROR] ConditionMgr:805 - Attr not supported : Dmpu
2024-12-05 19:37:04,633 [ERROR] ConditionMgr:805 - Attr not supported : Dmpu
2024-12-05 19:37:04,634 [ERROR] ConditionMgr:805 - Attr not supported : Dmpu
2024-12-05 19:37:04,634 [ERROR] ConditionMgr:805 - Attr not supported : Dmpu
2024-12-05 19:37:04,634 [ERROR] ConditionMgr:805 - Attr not supported : Dmpu
2024-12-05 19:37:04,634 [ERROR] ConditionMgr:805 - Attr not supported : Dmpu
2024-12-05 19:37:04,634 [ERROR] ConditionMgr:805 - Attr not supported : Dmpu
2024-12-05 19:37:04,634 [ERROR] ConditionMgr:805 - Attr not supported : Dmpu
2024-12-05 19:37:04,634 [ERROR] ConditionMgr:805 - Attr not supported : Dmpu
2024-12-05 19:37:04,634 [ERROR] ConditionMgr:805 - Attr not supported : Dmpu
2024-12-05 19:37:04,634 [ERROR] ConditionMgr:805 - Attr not supported : Dmpu
2024-12-05 19:37:04,634 [ERROR] ConditionMgr:805 - Attr not supported : Dmpu
2024-12-05 19:37:04,634 [ERROR] ConditionMgr:805 - Attr not supported : Dmpu
2024-12-05 19:37:04,634 [ERROR] ConditionMgr:805 - Attr not supported : Dmpu
2024-12-05 19:37:04,634 [ERROR] ConditionMgr:805 - Attr not supported : Dmpu
2024-12-05 19:37:04,634 [ERROR] ConditionMgr:805 - Attr not supported : Dmpu
2024-12-05 19:37:04,634 [ERROR] ConditionMgr:805 - Attr not supported : Dmpu
2024-12-05 19:37:04,634 [ERROR] ConditionMgr:805 - Attr not supported : Dmpu
2024-12-05 19:37:04,657 [WARN] PackLoader:240 - Cannot read IP mode file for RealThread.X-CUBE-RT-Thread_Nano.4.1.1
2024-12-05 19:37:04,673 [WARN] PackLoader:240 - Cannot read IP mode file for STMicroelectronics.FP-ATR-SIGFOX1.3.2.0
2024-12-05 19:37:04,684 [WARN] PackLoader:240 - Cannot read IP mode file for wolfSSL.I-CUBE-wolfSSL.5.7.2
2024-12-05 19:37:04,692 [WARN] ConditionMgr:438 - getConditionDescription Invalid condition id : Cortex-A Device cause : null
2024-12-05 19:37:04,723 [WARN] ConditionMgr:1039 - genDependencies : Invalid condition id : Cortex-A Device cause : null
2024-12-05 19:37:04,724 [WARN] ConditionMgr:1039 - genDependencies : Invalid condition id : Cortex-A Device cause : null
2024-12-05 19:37:04,726 [WARN] ConditionMgr:1039 - genDependencies : Invalid condition id : Cortex-A Device cause : null
2024-12-05 19:37:04,742 [WARN] PackLoader:240 - Cannot read IP mode file for STMicroelectronics.X-CUBE-EEPRMA1.5.1.0
2024-12-05 19:37:04,789 [WARN] PackLoader:240 - Cannot read IP mode file for ITTIA_DB.I-CUBE-ITTIADB.8.9.0
2024-12-05 19:37:04,932 [WARN] PackLoader:240 - Cannot read IP mode file for SEGGER.I-CUBE-embOS.1.3.1
2024-12-05 19:37:05,205 [WARN] PackLoader:240 - Cannot read IP mode file for STMicroelectronics.X-CUBE-ALGOBUILD.1.4.0
2024-12-05 19:37:05,238 [WARN] PackLoader:240 - Cannot read IP mode file for STMicroelectronics.X-CUBE-AI.9.1.0
2024-12-05 19:37:05,314 [WARN] PackLoader:240 - Cannot read IP mode file for STMicroelectronics.X-CUBE-AZRTOS-F4.1.1.0
2024-12-05 19:37:05,387 [WARN] PackLoader:240 - Cannot read IP mode file for STMicroelectronics.X-CUBE-ISPU.2.1.0
2024-12-05 19:37:05,426 [WARN] PackLoader:240 - Cannot read IP mode file for STMicroelectronics.X-CUBE-FREERTOS.1.2.0
2024-12-05 19:37:05,468 [WARN] PackLoader:240 - Cannot read IP mode file for STMicroelectronics.X-CUBE-AZRTOS-L5.2.0.0
2024-12-05 19:37:05,507 [WARN] PackLoader:240 - Cannot read IP mode file for STMicroelectronics.X-CUBE-NFC6.3.1.0
2024-12-05 19:37:05,529 [WARN] PackLoader:240 - Cannot read IP mode file for STMicroelectronics.X-CUBE-DPower.1.2.0
2024-12-05 19:37:05,570 [WARN] PackLoader:240 - Cannot read IP mode file for STMicroelectronics.X-CUBE-AI.9.0.0
2024-12-05 19:37:05,600 [WARN] PackLoader:240 - Cannot read IP mode file for STMicroelectronics.X-CUBE-NFC7.1.0.1
2024-12-05 19:37:05,659 [WARN] ConditionMgr:438 - getConditionDescription Invalid condition id : LAN8742 Phy interface Condition cause : null
2024-12-05 19:37:05,661 [WARN] PackLoader:240 - Cannot read IP mode file for STMicroelectronics.X-CUBE-AZRTOS-L4.2.0.0
2024-12-05 19:37:05,665 [WARN] ConditionMgr:1039 - genDependencies : Invalid condition id : LAN8742 Phy interface Condition cause : null
2024-12-05 19:37:05,665 [WARN] ConditionMgr:1039 - genDependencies : Invalid condition id : LAN8742 Phy interface Condition cause : null
2024-12-05 19:37:05,668 [WARN] ConditionMgr:1039 - genDependencies : Invalid condition id : LAN8742 Phy interface Condition cause : null
2024-12-05 19:37:05,694 [WARN] PackLoader:240 - Cannot read IP mode file for STMicroelectronics.X-CUBE-SFXS2LP1.4.0.0
2024-12-05 19:37:05,751 [WARN] PackLoader:240 - Cannot read IP mode file for STMicroelectronics.X-CUBE-AZRTOS-H7.3.3.0
2024-12-05 19:37:05,890 [WARN] PackLoader:240 - Cannot read IP mode file for STMicroelectronics.X-CUBE-IPS.3.0.0
2024-12-05 19:37:06,045 [WARN] ConditionMgr:438 - getConditionDescription Invalid condition id : UX DEVICE CLASS RTOS Condition cause : null
2024-12-05 19:37:06,047 [WARN] ConditionMgr:438 - getConditionDescription Invalid condition id : UX DEVICE CLASS RTOS Condition cause : null
2024-12-05 19:37:06,054 [WARN] PackLoader:240 - Cannot read IP mode file for STMicroelectronics.X-CUBE-AZRTOS-WB.2.0.0
2024-12-05 19:37:06,064 [WARN] ConditionMgr:1039 - genDependencies : Invalid condition id : UX DEVICE CLASS RTOS Condition cause : null
2024-12-05 19:37:06,064 [WARN] ConditionMgr:1039 - genDependencies : Invalid condition id : UX DEVICE CLASS RTOS Condition cause : null
2024-12-05 19:37:06,066 [WARN] ConditionMgr:1039 - genDependencies : Invalid condition id : UX DEVICE CLASS RTOS Condition cause : null
2024-12-05 19:37:06,066 [WARN] ConditionMgr:1039 - genDependencies : Invalid condition id : UX DEVICE CLASS RTOS Condition cause : null
2024-12-05 19:37:06,067 [WARN] ConditionMgr:1039 - genDependencies : Invalid condition id : UX DEVICE CLASS RTOS Condition cause : null
2024-12-05 19:37:06,101 [WARN] PackLoader:240 - Cannot read IP mode file for STMicroelectronics.X-CUBE-GNSS1.7.0.0
2024-12-05 19:37:06,136 [WARN] PackLoader:240 - Cannot read IP mode file for STMicroelectronics.FP-SNS-STBOX1.2.0.0
2024-12-05 19:37:06,169 [WARN] PackLoader:240 - Cannot read IP mode file for STMicroelectronics.X-CUBE-SUBG2.5.0.0
2024-12-05 19:37:06,188 [WARN] PackLoader:240 - Cannot read IP mode file for Cesanta.I-CUBE-Mongoose.7.13.0
2024-12-05 19:37:06,217 [WARN] PackLoader:240 - Cannot read IP mode file for STMicroelectronics.X-CUBE-AZRTOS-G4.2.0.0
2024-12-05 19:37:06,240 [WARN] PackLoader:240 - Cannot read IP mode file for STMicroelectronics.X-CUBE-ALS.1.0.2
2024-12-05 19:37:06,257 [WARN] PackLoader:240 - Cannot read IP mode file for STMicroelectronics.X-CUBE-TOUCHGFX.4.24.0
2024-12-05 19:37:06,261 [WARN] PackLoader:240 - Cannot read IP mode file for STMicroelectronics.X-CUBE-TOUCHGFX.4.24.1
2024-12-05 19:37:06,276 [WARN] PackLoader:240 - Cannot read IP mode file for wolfSSL.I-CUBE-wolfTPM.3.4.0
2024-12-05 19:37:06,294 [WARN] PackLoader:240 - Cannot read IP mode file for portGmbH.I-Cube-SoM-uGOAL.1.1.0
2024-12-05 19:37:06,330 [WARN] PackLoader:240 - Cannot read IP mode file for STMicroelectronics.X-CUBE-AZRTOS-H7RS.1.0.0
2024-12-05 19:37:06,346 [WARN] PackLoader:240 - Cannot read IP mode file for STMicroelectronics.FP-ATR-ASTRA1.2.0.0
2024-12-05 19:37:06,374 [WARN] PackLoader:240 - Cannot read IP mode file for STMicroelectronics.X-CUBE-TOF1.3.4.2
2024-12-05 19:37:06,437 [WARN] PackLoader:240 - Cannot read IP mode file for Infineon.AIROC-Wi-Fi-Bluetooth-STM32.1.6.1
2024-12-05 19:37:06,452 [WARN] PackLoader:240 - Cannot read IP mode file for wolfSSL.I-CUBE-wolfSSH.1.4.17
2024-12-05 19:37:06,460 [INFO] ThirdParty:978 - Integrity check success = true
2024-12-05 19:37:06,462 [INFO] IntegrityCheckThread:100 - exiting critical section [integrity check]
2024-12-05 19:37:06,462 [INFO] IntegrityCheckThread:103 - End integrity checks thread
2024-12-05 19:37:06,609 [INFO] WebApp:167 - Instantiating new browser for Auth
2024-12-05 19:37:09,487 [INFO] WebApp:448 - Apply proxy settings
2024-12-05 19:37:09,501 [INFO] WebApp:493 - Chromium authenticates against Manually configured proxy
2024-12-05 19:37:09,536 [INFO] WebApp:501 - Username used for proxy authentication: 
2024-12-05 19:37:09,640 [INFO] WebApp:869 - Register for checkConnection events
2024-12-05 19:37:09,641 [INFO] WebApp:448 - Apply proxy settings
2024-12-05 19:37:09,644 [INFO] WebApp:493 - Chromium authenticates against Manually configured proxy
2024-12-05 19:37:09,645 [INFO] WebApp:501 - Username used for proxy authentication: 
2024-12-05 19:37:09,900 [INFO] WebApp:220 - Starting web application
2024-12-05 19:37:09,900 [INFO] WebApp:578 - Web application path used /Applications/STM32CubeIDE.app/Contents/Eclipse/plugins/com.st.stm32cube.common.mx_6.12.1.202409122256/db/plugins/mcufinder/reactClient1/index.html
2024-12-05 19:37:10,732 [INFO] WebApp:186 - Connection restablished
2024-12-05 19:37:10,842 [INFO] UserAuth:417 - Internet connection configuration mode: 1
