2024-11-14 14:32:36,246 [INFO] Activator:176 - 


2024-11-14 14:32:36,248 [INFO] Activator:177 - !SESSION log4j initialized
2024-11-14 14:32:38,331 [ERROR] LogOutputStream:75 - [STDERR_REDIRECT] 
2024-11-14 14:32:41,225 [INFO] LogOutputStream:77 - [STDOUT_REDIRECT] 
2024-11-14 14:32:45,359 [INFO] ApplicationProperties:184 - Using Application install path: /Applications/STM32CubeIDE.app/Contents/Eclipse/plugins/com.st.stm32cube.common.mx_6.12.1.202409122256
2024-11-14 14:32:45,385 [INFO] DbMcusXml:78 - Set database path to: /Applications/STM32CubeIDE.app/Contents/Eclipse/plugins/com.st.stm32cube.common.mx_6.12.1.202409122256//db//mcu/
2024-11-14 14:32:45,385 [INFO] ApiDb:274 - Set plugin database path to: /Applications/STM32CubeIDE.app/Contents/Eclipse/plugins/com.st.stm32cube.common.mx_6.12.1.202409122256//db//plugins/boardmanager/
2024-11-14 14:32:45,386 [WARN] ApiDb:259 - Overriding images path with different value:  => /Applications/STM32CubeIDE.app/Contents/Eclipse/plugins/com.st.stm32cube.common.mx_6.12.1.202409122256//db//plugins/mcufinder/images/
2024-11-14 14:32:45,394 [INFO] ApiDb:250 - Set database path to: /Users/apple/.stmcufinder/plugins/mcufinder//mcu/
2024-11-14 14:32:45,396 [INFO] DbMcusAds:125 - Set database path to: /Users/apple/.stmcufinder/plugins/mcufinder//mcu/
2024-11-14 14:32:45,399 [INFO] CrossReferenceDbSqlite:203 - Set database path to: /Users/apple/.stmcufinder/plugins/mcufinder//mcu/cs/
2024-11-14 14:32:45,634 [INFO] RulesReader:64 - Compatibility file has been processed (297 Rules)
2024-11-14 14:32:45,737 [INFO] DbMcusXml:78 - Set database path to: /Applications/STM32CubeIDE.app/Contents/Eclipse/plugins/com.st.stm32cube.common.mx_6.12.1.202409122256//db//mcu/
2024-11-14 14:32:45,738 [INFO] ApiDb:274 - Set plugin database path to: /Applications/STM32CubeIDE.app/Contents/Eclipse/plugins/com.st.stm32cube.common.mx_6.12.1.202409122256//db//plugins/boardmanager/
2024-11-14 14:32:45,738 [INFO] ApiDb:261 - Set plugin images path to: /Applications/STM32CubeIDE.app/Contents/Eclipse/plugins/com.st.stm32cube.common.mx_6.12.1.202409122256//db//plugins/mcufinder/images/
2024-11-14 14:32:45,738 [WARN] DbFile:41 - Overriding database path with different value: /Users/apple/.stmcufinder/plugins/mcufinder/ => /Users/apple/.stmcufinder/plugins/mcufinder
2024-11-14 14:32:45,738 [INFO] ApiDb:250 - Set database path to: /Users/apple/.stmcufinder/plugins/mcufinder//mcu/
2024-11-14 14:32:45,739 [WARN] DbFile:41 - Overriding database path with different value: /Users/apple/.stmcufinder/plugins/mcufinder/ => /Users/apple/.stmcufinder/plugins/mcufinder
2024-11-14 14:32:45,739 [INFO] DbMcusAds:125 - Set database path to: /Users/apple/.stmcufinder/plugins/mcufinder//mcu/
2024-11-14 14:32:45,739 [WARN] DbFile:41 - Overriding database path with different value: /Users/apple/.stmcufinder/plugins/mcufinder/ => /Users/apple/.stmcufinder/plugins/mcufinder
2024-11-14 14:32:45,739 [WARN] DbFile:41 - Overriding database path with different value: /Users/apple/.stmcufinder/plugins/mcufinder/ => /Users/apple/.stmcufinder/plugins/mcufinder
2024-11-14 14:32:45,739 [INFO] CrossReferenceDbSqlite:203 - Set database path to: /Users/apple/.stmcufinder/plugins/mcufinder//mcu/cs/
2024-11-14 14:32:45,864 [INFO] MainPanel:268 - HeapMemory: 268435456
2024-11-14 14:32:46,535 [ERROR] LogOutputStream:75 - [STDERR_REDIRECT] [Fatal Error] :2:10: DOCTYPE is disallowed when the feature "http://apache.org/xml/features/disallow-doctype-decl" set to true.
2024-11-14 14:32:46,536 [ERROR] LogOutputStream:75 - [STDERR_REDIRECT] 
2024-11-14 14:32:46,594 [INFO] DbMcusXml:78 - Set database path to: /Applications/STM32CubeIDE.app/Contents/Eclipse/plugins/com.st.stm32cube.common.mx_6.12.1.202409122256//db//mcu/
2024-11-14 14:32:46,594 [INFO] ApiDb:274 - Set plugin database path to: /Applications/STM32CubeIDE.app/Contents/Eclipse/plugins/com.st.stm32cube.common.mx_6.12.1.202409122256//db//plugins/boardmanager/
2024-11-14 14:32:46,594 [INFO] ApiDb:261 - Set plugin images path to: /Applications/STM32CubeIDE.app/Contents/Eclipse/plugins/com.st.stm32cube.common.mx_6.12.1.202409122256//db//plugins/mcufinder/images/
2024-11-14 14:32:46,595 [WARN] DbFile:41 - Overriding database path with different value: /Users/apple/.stmcufinder/plugins/mcufinder/ => /Users/apple/.stmcufinder/plugins/mcufinder
2024-11-14 14:32:46,595 [INFO] ApiDb:250 - Set database path to: /Users/apple/.stmcufinder/plugins/mcufinder//mcu/
2024-11-14 14:32:46,595 [WARN] DbFile:41 - Overriding database path with different value: /Users/apple/.stmcufinder/plugins/mcufinder/ => /Users/apple/.stmcufinder/plugins/mcufinder
2024-11-14 14:32:46,595 [INFO] DbMcusAds:125 - Set database path to: /Users/apple/.stmcufinder/plugins/mcufinder//mcu/
2024-11-14 14:32:46,595 [WARN] DbFile:41 - Overriding database path with different value: /Users/apple/.stmcufinder/plugins/mcufinder/ => /Users/apple/.stmcufinder/plugins/mcufinder
2024-11-14 14:32:46,595 [WARN] DbFile:41 - Overriding database path with different value: /Users/apple/.stmcufinder/plugins/mcufinder/ => /Users/apple/.stmcufinder/plugins/mcufinder
2024-11-14 14:32:46,596 [INFO] CrossReferenceDbSqlite:203 - Set database path to: /Users/apple/.stmcufinder/plugins/mcufinder//mcu/cs/
2024-11-14 14:32:46,630 [INFO] ApplicationProperties:184 - Using Application install path: /Applications/STM32CubeIDE.app/Contents/Eclipse/plugins/com.st.stm32cube.common.mx_6.12.1.202409122256
2024-11-14 14:32:46,632 [INFO] PluginManage:196 - Search for loadable plugins [exclusion list=, ]
2024-11-14 14:32:46,636 [INFO] PluginManage:310 - Check plugin analytics
2024-11-14 14:32:46,910 [INFO] AnalyticsPlugin:253 - Accepted Software Licenses: 
2024-11-14 14:32:46,911 [INFO] AnalyticsPlugin:255 - Accepted CMSIS Pack Licenses: 
2024-11-14 14:32:46,911 [INFO] AnalyticsPlugin:257 - Accepted Firmware Licenses: 
2024-11-14 14:32:46,978 [INFO] PluginManage:359 - Loaded plugin analytics (category:tool,tabindex:-1)
2024-11-14 14:32:46,979 [INFO] PluginManage:310 - Check plugin cadmodel
2024-11-14 14:32:46,995 [INFO] CADModel:105 - Init CAD model plugin
2024-11-14 14:32:46,996 [INFO] PluginManage:359 - Loaded plugin cadmodel (category:power,tabindex:5)
2024-11-14 14:32:46,996 [INFO] PluginManage:310 - Check plugin clock
2024-11-14 14:32:47,008 [INFO] PluginManage:359 - Loaded plugin clock (category:base,tabindex:2)
2024-11-14 14:32:47,009 [INFO] PluginManage:310 - Check plugin ddr
2024-11-14 14:32:47,011 [INFO] PluginManage:359 - Loaded plugin ddr (category:tool,tabindex:6)
2024-11-14 14:32:47,011 [INFO] PluginManage:310 - Check plugin filemanager
2024-11-14 14:32:47,301 [INFO] PluginManage:359 - Loaded plugin filemanager (category:base,tabindex:10)
2024-11-14 14:32:47,303 [INFO] PluginManage:310 - Check plugin ipmanager
2024-11-14 14:32:47,316 [INFO] PluginManage:359 - Loaded plugin ipmanager (category:base,tabindex:5)
2024-11-14 14:32:47,316 [INFO] PluginManage:310 - Check plugin lpbam
2024-11-14 14:32:47,335 [INFO] PluginManage:359 - Loaded plugin lpbam (category:base,tabindex:0)
2024-11-14 14:32:47,336 [INFO] PluginManage:310 - Check plugin memorymap
2024-11-14 14:32:47,351 [INFO] PluginManage:359 - Loaded plugin memorymap (category:base,tabindex:4)
2024-11-14 14:32:47,351 [INFO] PluginManage:310 - Check plugin pinoutandconfiguration
2024-11-14 14:32:47,361 [INFO] PluginManage:359 - Loaded plugin pinoutandconfiguration (category:base,tabindex:1)
2024-11-14 14:32:47,361 [INFO] PluginManage:310 - Check plugin pinoutconfig
2024-11-14 14:32:47,499 [WARN] SupportedApi:132 - Cannot load RTOS API schema: s4s-elt-must-match.1: The content of 'definitions' must match (annotation?, (simpleType | complexType)?, (unique | key | keyref)*)). A problem was found starting at: attribute.
2024-11-14 14:32:47,894 [INFO] PluginManage:359 - Loaded plugin pinoutconfig (category:base,tabindex:0)
2024-11-14 14:32:47,897 [INFO] PluginManage:310 - Check plugin power
2024-11-14 14:32:47,953 [INFO] PluginManage:359 - Loaded plugin power (category:power,tabindex:4)
2024-11-14 14:32:47,956 [INFO] PluginManage:310 - Check plugin projectmanager
2024-11-14 14:32:48,036 [INFO] PluginManage:359 - Loaded plugin projectmanager (category:projectmanager,tabindex:4)
2024-11-14 14:32:48,038 [INFO] PluginManage:310 - Check plugin rif
2024-11-14 14:32:48,053 [INFO] PluginManage:359 - Loaded plugin rif (category:base,tabindex:3)
2024-11-14 14:32:48,054 [INFO] PluginManage:310 - Check plugin thirdparty
2024-11-14 14:32:48,343 [INFO] PluginManage:359 - Loaded plugin thirdparty (category:base,tabindex:-1)
2024-11-14 14:32:48,344 [INFO] PluginManage:310 - Check plugin tools
2024-11-14 14:32:48,343 [WARN] IntegrityCheckThread:84 - waiting for thirdparty lock release [integrity check]
2024-11-14 14:32:48,345 [INFO] IntegrityCheckThread:86 - entering critical section [integrity check]
2024-11-14 14:32:48,346 [INFO] ThirdPartyUpdaterWithRetryManager:70 - Updater plugin not ready yet. [1/15]
2024-11-14 14:32:48,348 [INFO] PluginManage:359 - Loaded plugin tools (category:base,tabindex:7)
2024-11-14 14:32:48,348 [INFO] PluginManage:310 - Check plugin tutovideos
2024-11-14 14:32:48,661 [INFO] PluginManage:359 - Loaded plugin tutovideos (category:base,tabindex:-1)
2024-11-14 14:32:48,664 [INFO] PluginManage:310 - Check plugin updater
2024-11-14 14:32:48,762 [INFO] PluginManage:359 - Loaded plugin updater (category:base,tabindex:12)
2024-11-14 14:32:48,765 [INFO] PluginManage:310 - Check plugin userauth
2024-11-14 14:32:48,787 [INFO] UserAuth:113 - Init User Auth plugin
2024-11-14 14:32:48,787 [INFO] PluginManage:359 - Loaded plugin userauth (category:base,tabindex:14)
2024-11-14 14:32:48,791 [INFO] PluginManage:283 - PluginManage : Loaded plugins [18]
2024-11-14 14:32:49,262 [INFO] PinOutPanel:1561 - setPackage(No Configuration,No Configuration)
2024-11-14 14:32:49,442 [INFO] CADModel:165 - CPN selected for project level
2024-11-14 14:32:49,443 [INFO] CADModel:114 - Register for checkConnection events
2024-11-14 14:32:49,465 [INFO] IPUIPlugin:80 - create IPUIPlugin
2024-11-14 14:32:49,466 [INFO] PluginManager:220 - loadIPPluginJar : add mdma
2024-11-14 14:32:49,474 [INFO] IPUIPlugin:80 - create IPUIPlugin
2024-11-14 14:32:49,474 [INFO] PluginManager:220 - loadIPPluginJar : add freertos
2024-11-14 14:32:49,481 [INFO] IPUIPlugin:80 - create IPUIPlugin
2024-11-14 14:32:49,482 [INFO] PluginManager:220 - loadIPPluginJar : add gic
2024-11-14 14:32:49,494 [INFO] IPUIPlugin:80 - create IPUIPlugin
2024-11-14 14:32:49,495 [INFO] PluginManager:220 - loadIPPluginJar : add adc
2024-11-14 14:32:49,500 [INFO] IPUIPlugin:80 - create IPUIPlugin
2024-11-14 14:32:49,500 [INFO] PluginManager:220 - loadIPPluginJar : add gtzc
2024-11-14 14:32:49,502 [INFO] IPUIPlugin:80 - create IPUIPlugin
2024-11-14 14:32:49,502 [INFO] PluginManager:220 - loadIPPluginJar : add quadspi
2024-11-14 14:32:49,504 [INFO] IPUIPlugin:80 - create IPUIPlugin
2024-11-14 14:32:49,504 [INFO] PluginManager:220 - loadIPPluginJar : add aes
2024-11-14 14:32:49,507 [INFO] IPUIPlugin:80 - create IPUIPlugin
2024-11-14 14:32:49,507 [INFO] PluginManager:220 - loadIPPluginJar : add pdm2pcm
2024-11-14 14:32:49,511 [INFO] IPUIPlugin:80 - create IPUIPlugin
2024-11-14 14:32:49,511 [INFO] PluginManager:220 - loadIPPluginJar : add hash
2024-11-14 14:32:49,515 [INFO] IPUIPlugin:80 - create IPUIPlugin
2024-11-14 14:32:49,515 [INFO] PluginManager:220 - loadIPPluginJar : add tim
2024-11-14 14:32:49,517 [INFO] IPUIPlugin:80 - create IPUIPlugin
2024-11-14 14:32:49,517 [INFO] PluginManager:220 - loadIPPluginJar : add tsc
2024-11-14 14:32:49,519 [INFO] IPUIPlugin:80 - create IPUIPlugin
2024-11-14 14:32:49,520 [INFO] PluginManager:220 - loadIPPluginJar : add extmemmanager
2024-11-14 14:32:49,523 [INFO] IPUIPlugin:80 - create IPUIPlugin
2024-11-14 14:32:49,523 [INFO] PluginManager:220 - loadIPPluginJar : add ts
2024-11-14 14:32:49,525 [INFO] IPUIPlugin:80 - create IPUIPlugin
2024-11-14 14:32:49,526 [INFO] PluginManager:220 - loadIPPluginJar : add radio
2024-11-14 14:32:49,531 [INFO] IPUIPlugin:80 - create IPUIPlugin
2024-11-14 14:32:49,532 [INFO] PluginManager:220 - loadIPPluginJar : add can
2024-11-14 14:32:49,538 [INFO] IPUIPlugin:80 - create IPUIPlugin
2024-11-14 14:32:49,538 [INFO] PluginManager:220 - loadIPPluginJar : add dma3
2024-11-14 14:32:49,541 [INFO] IPUIPlugin:80 - create IPUIPlugin
2024-11-14 14:32:49,541 [INFO] PluginManager:220 - loadIPPluginJar : add dfsdm
2024-11-14 14:32:49,543 [INFO] IPUIPlugin:80 - create IPUIPlugin
2024-11-14 14:32:49,544 [INFO] PluginManager:220 - loadIPPluginJar : add spi
2024-11-14 14:32:49,546 [INFO] IPUIPlugin:80 - create IPUIPlugin
2024-11-14 14:32:49,549 [INFO] PluginManager:220 - loadIPPluginJar : add gfxmmu
2024-11-14 14:32:49,552 [INFO] IPUIPlugin:80 - create IPUIPlugin
2024-11-14 14:32:49,552 [INFO] PluginManager:220 - loadIPPluginJar : add genericplugin
2024-11-14 14:32:49,555 [INFO] IPUIPlugin:80 - create IPUIPlugin
2024-11-14 14:32:49,556 [INFO] PluginManager:220 - loadIPPluginJar : add cryp
2024-11-14 14:32:49,562 [INFO] IPUIPlugin:80 - create IPUIPlugin
2024-11-14 14:32:49,563 [INFO] PluginManager:220 - loadIPPluginJar : add gpio
2024-11-14 14:32:49,566 [INFO] IPUIPlugin:80 - create IPUIPlugin
2024-11-14 14:32:49,567 [INFO] PluginManager:220 - loadIPPluginJar : add ddr_ctrl_phy
2024-11-14 14:32:49,568 [INFO] IPUIPlugin:80 - create IPUIPlugin
2024-11-14 14:32:49,569 [INFO] PluginManager:220 - loadIPPluginJar : add comp
2024-11-14 14:32:49,571 [INFO] IPUIPlugin:80 - create IPUIPlugin
2024-11-14 14:32:49,571 [INFO] PluginManager:220 - loadIPPluginJar : add tracer_emb
2024-11-14 14:32:49,574 [INFO] IPUIPlugin:80 - create IPUIPlugin
2024-11-14 14:32:49,575 [INFO] PluginManager:220 - loadIPPluginJar : add openamp
2024-11-14 14:32:49,580 [INFO] IPUIPlugin:80 - create IPUIPlugin
2024-11-14 14:32:49,580 [INFO] PluginManager:220 - loadIPPluginJar : add stm32_wpan
2024-11-14 14:32:49,586 [INFO] IPUIPlugin:80 - create IPUIPlugin
2024-11-14 14:32:49,591 [INFO] PluginManager:220 - loadIPPluginJar : add plateformsettings
2024-11-14 14:32:49,601 [INFO] IPUIPlugin:80 - create IPUIPlugin
2024-11-14 14:32:49,601 [INFO] PluginManager:220 - loadIPPluginJar : add ipddr
2024-11-14 14:32:49,604 [INFO] IPUIPlugin:80 - create IPUIPlugin
2024-11-14 14:32:49,604 [INFO] PluginManager:220 - loadIPPluginJar : add usart
2024-11-14 14:32:49,605 [INFO] IPUIPlugin:80 - create IPUIPlugin
2024-11-14 14:32:49,605 [INFO] PluginManager:220 - loadIPPluginJar : add ltdc
2024-11-14 14:32:49,608 [INFO] IPUIPlugin:80 - create IPUIPlugin
2024-11-14 14:32:49,608 [INFO] PluginManager:220 - loadIPPluginJar : add nvic
2024-11-14 14:32:49,610 [INFO] IPUIPlugin:80 - create IPUIPlugin
2024-11-14 14:32:49,610 [INFO] PluginManager:220 - loadIPPluginJar : add fatfs
2024-11-14 14:32:49,618 [INFO] IPUIPlugin:80 - create IPUIPlugin
2024-11-14 14:32:49,618 [INFO] PluginManager:220 - loadIPPluginJar : add linkedlist
2024-11-14 14:32:49,624 [INFO] IPUIPlugin:80 - create IPUIPlugin
2024-11-14 14:32:49,625 [INFO] PluginManager:220 - loadIPPluginJar : add dma
2024-11-14 14:32:49,629 [INFO] IPUIPlugin:80 - create IPUIPlugin
2024-11-14 14:32:49,630 [INFO] PluginManager:220 - loadIPPluginJar : add fmc
2024-11-14 14:32:49,633 [INFO] IPUIPlugin:80 - create IPUIPlugin
2024-11-14 14:32:49,633 [INFO] PluginManager:220 - loadIPPluginJar : add i2s
2024-11-14 14:32:49,635 [INFO] IPUIPlugin:80 - create IPUIPlugin
2024-11-14 14:32:49,636 [INFO] PluginManager:220 - loadIPPluginJar : add ucpd
2024-11-14 14:32:49,639 [INFO] IPUIPlugin:80 - create IPUIPlugin
2024-11-14 14:32:49,639 [INFO] PluginManager:220 - loadIPPluginJar : add lorawan
2024-11-14 14:32:49,642 [INFO] IPUIPlugin:80 - create IPUIPlugin
2024-11-14 14:32:49,643 [INFO] PluginManager:220 - loadIPPluginJar : add opamp
2024-11-14 14:32:49,646 [INFO] IPUIPlugin:80 - create IPUIPlugin
2024-11-14 14:32:49,646 [INFO] PluginManager:220 - loadIPPluginJar : add i3c
2024-11-14 14:32:49,650 [INFO] IPUIPlugin:80 - create IPUIPlugin
2024-11-14 14:32:49,652 [INFO] PluginManager:220 - loadIPPluginJar : add touchsensing
2024-11-14 14:32:49,656 [INFO] IPUIPlugin:80 - create IPUIPlugin
2024-11-14 14:32:49,657 [INFO] PluginManager:220 - loadIPPluginJar : add i2c
2024-11-14 14:32:49,664 [INFO] IPUIPlugin:80 - create IPUIPlugin
2024-11-14 14:32:49,664 [INFO] PluginManager:220 - loadIPPluginJar : add resmgrutility
2024-11-14 14:32:49,667 [INFO] IPUIPlugin:80 - create IPUIPlugin
2024-11-14 14:32:49,668 [INFO] PluginManager:220 - loadIPPluginJar : add sai
2024-11-14 14:32:49,672 [INFO] IPUIPlugin:80 - create IPUIPlugin
2024-11-14 14:32:49,672 [INFO] PluginManager:220 - loadIPPluginJar : add usbx
2024-11-14 14:32:49,859 [INFO] CADModel:165 - CPN selected for project level
2024-11-14 14:32:49,860 [INFO] CADModel:114 - Register for checkConnection events
2024-11-14 14:32:49,861 [FATAL] Updater:334 - Updater called before beeing initialized
2024-11-14 14:32:49,862 [ERROR] CADModel:125 - Updater not yet initialized, retry later 
2024-11-14 14:32:50,261 [INFO] CADModel:165 - CPN selected for project level
2024-11-14 14:32:50,262 [INFO] CADModel:114 - Register for checkConnection events
2024-11-14 14:32:50,262 [FATAL] Updater:334 - Updater called before beeing initialized
2024-11-14 14:32:50,262 [ERROR] CADModel:125 - Updater not yet initialized, retry later 
2024-11-14 14:32:50,266 [FATAL] Updater:334 - Updater called before beeing initialized
2024-11-14 14:32:50,519 [FATAL] Updater:334 - Updater called before beeing initialized
2024-11-14 14:32:50,527 [INFO] DbMcusAds:53 - JSON generation date=Fri Sep 20 10:04:38 ART 2024 (1726837478367)
2024-11-14 14:32:50,528 [FATAL] Updater:334 - Updater called before beeing initialized
2024-11-14 14:32:50,625 [WARN] DetailPanel:346 - Failed to get advertising image, set to default
2024-11-14 14:32:50,744 [FATAL] Updater:334 - Updater called before beeing initialized
2024-11-14 14:32:50,747 [FATAL] Updater:334 - Updater called before beeing initialized
2024-11-14 14:32:50,747 [FATAL] Updater:334 - Updater called before beeing initialized
2024-11-14 14:32:50,747 [WARN] DetailPanel:346 - Failed to get advertising image, set to default
2024-11-14 14:32:50,750 [FATAL] Updater:334 - Updater called before beeing initialized
2024-11-14 14:32:50,839 [ERROR] Updater:1164 - MainUpdater not yet initialized. External WinMGr cannot be set.
2024-11-14 14:32:50,852 [INFO] Updater:1100 - Updater Version found : 6.12.1
2024-11-14 14:32:50,871 [INFO] ApplicationProperties:184 - Using Application install path: /Applications/STM32CubeIDE.app/Contents/Eclipse/plugins/com.st.stm32cube.common.mx_6.12.1.202409122256
2024-11-14 14:32:51,352 [INFO] ThirdPartyUpdaterWithRetryManager:70 - Updater plugin not ready yet. [2/15]
2024-11-14 14:32:51,482 [INFO] MainUpdater:2873 - connection check result : 10
2024-11-14 14:32:51,483 [INFO] MainUpdater:3567 - Updater definition file requires update
2024-11-14 14:32:51,483 [INFO] MainUpdater:290 - Updater Check For Update Now.
2024-11-14 14:32:51,484 [INFO] MicroXplorer:498 - Change Database Version : DB.6.0.121
2024-11-14 14:32:51,493 [INFO] McuFinderGlobals:63 - Set McuFinder mode to 2 (CubeIDE integrated)
2024-11-14 14:32:51,493 [INFO] UserAuth:179 - activating auth plugin
2024-11-14 14:32:51,512 [INFO] UserAuth:417 - Internet connection configuration mode: 1
2024-11-14 14:32:51,525 [INFO] JxBrowserEngine:152 - Initiate JxBrowser Engine with user profile folder
2024-11-14 14:32:51,798 [INFO] ServerAccessManage:473 - Download File updaters.zip
2024-11-14 14:32:52,341 [INFO] FileExtend:240 - Unzip File : updaters.zip
2024-11-14 14:32:52,343 [INFO] FileExtend:255 - Standard Zip Deflate
2024-11-14 14:32:52,716 [INFO] ServerAccessManage:473 - Download File PacksControlFlags.xml
2024-11-14 14:32:53,056 [INFO] ServerAccessManage:473 - Download File cubemx.pidx
2024-11-14 14:32:53,880 [INFO] ServerAccessManage:473 - Download File STMicroelectronics.FP-ATR-ASTRA1.pdsc
2024-11-14 14:32:54,361 [WARN] MainUpdater:1194 - Updater busy. Cannot search thirdparties
2024-11-14 14:32:54,363 [INFO] ThirdPartyUpdaterWithRetryManager:96 - Updater plugin is busy. [1/15]
2024-11-14 14:32:57,278 [INFO] WebApp:167 - Instantiating new browser for Auth
2024-11-14 14:32:57,368 [WARN] MainUpdater:1194 - Updater busy. Cannot search thirdparties
2024-11-14 14:32:57,369 [INFO] ThirdPartyUpdaterWithRetryManager:96 - Updater plugin is busy. [2/15]
2024-11-14 14:32:58,122 [INFO] ServerAccessManage:473 - Download File quantropi.X-CUBE-qispace-sdk-base.pdsc
2024-11-14 14:32:58,719 [WARN] PackLoader:240 - Cannot read IP mode file for STMicroelectronics.FP-ATR-ASTRA1.2.0.1
2024-11-14 14:32:58,802 [WARN] ConditionMgr:438 - getConditionDescription Invalid condition id : Cortex-A Device cause : null
2024-11-14 14:32:58,907 [WARN] ConditionMgr:1039 - genDependencies : Invalid condition id : Cortex-A Device cause : null
2024-11-14 14:32:58,907 [WARN] ConditionMgr:1039 - genDependencies : Invalid condition id : Cortex-A Device cause : null
2024-11-14 14:32:58,907 [WARN] ConditionMgr:1039 - genDependencies : Invalid condition id : Cortex-A Device cause : null
2024-11-14 14:32:58,911 [INFO] PopulateThirdPartyThread:66 - Ending populate Thread
2024-11-14 14:32:58,917 [INFO] ThirdParty:1030 - CMSIS Pack Vendor :STMicroelectronics FP-ATR-ASTRA1 2.0.1
2024-11-14 14:32:58,917 [INFO] ThirdParty:1030 - CMSIS Pack Vendor :quantropi X-CUBE-qispace-sdk-base 1.9.3
2024-11-14 14:32:58,917 [INFO] LoadServerUpdatesThread:375 - End of LoadServerUpdate Thread
2024-11-14 14:32:59,019 [INFO] CheckServerUpdateThread:120 - End of CheckServer Thread
2024-11-14 14:32:59,876 [INFO] WebApp:448 - Apply proxy settings
2024-11-14 14:32:59,885 [INFO] WebApp:493 - Chromium authenticates against Manually configured proxy
2024-11-14 14:32:59,916 [INFO] WebApp:501 - Username used for proxy authentication: 
2024-11-14 14:33:00,015 [INFO] WebApp:869 - Register for checkConnection events
2024-11-14 14:33:00,016 [INFO] WebApp:448 - Apply proxy settings
2024-11-14 14:33:00,020 [INFO] WebApp:493 - Chromium authenticates against Manually configured proxy
2024-11-14 14:33:00,020 [INFO] WebApp:501 - Username used for proxy authentication: 
2024-11-14 14:33:00,265 [INFO] WebApp:220 - Starting web application
2024-11-14 14:33:00,265 [INFO] WebApp:578 - Web application path used /Applications/STM32CubeIDE.app/Contents/Eclipse/plugins/com.st.stm32cube.common.mx_6.12.1.202409122256/db/plugins/mcufinder/reactClient1/index.html
2024-11-14 14:33:00,774 [WARN] PackLoader:240 - Cannot read IP mode file for STMicroelectronics.FP-SNS-MOTENVWB1.1.4.0
2024-11-14 14:33:00,798 [WARN] PackLoader:240 - Cannot read IP mode file for STMicroelectronics.FP-ATR-ASTRA1.2.0.1
2024-11-14 14:33:00,833 [WARN] PackLoader:240 - Cannot read IP mode file for STMicroelectronics.X-CUBE-SMBUS.2.1.0
2024-11-14 14:33:00,851 [WARN] PackLoader:240 - Cannot read IP mode file for STMicroelectronics.X-CUBE-WB05N.1.1.0
2024-11-14 14:33:00,970 [WARN] PackLoader:240 - Cannot read IP mode file for STMicroelectronics.X-CUBE-AZRTOS-F7.1.1.0
2024-11-14 14:33:01,324 [WARN] PackLoader:240 - Cannot read IP mode file for STMicroelectronics.X-CUBE-MEMS1.11.0.0
2024-11-14 14:33:01,356 [INFO] WebApp:186 - Connection restablished
2024-11-14 14:33:02,225 [WARN] PackLoader:240 - Cannot read IP mode file for STMicroelectronics.FP-SNS-FLIGHT1.5.0.2
2024-11-14 14:33:02,349 [WARN] PackLoader:240 - Cannot read IP mode file for STMicroelectronics.X-CUBE-DISPLAY.3.0.0
2024-11-14 14:33:02,397 [WARN] PackLoader:240 - Cannot read IP mode file for STMicroelectronics.X-CUBE-BLE1.7.0.0
2024-11-14 14:33:02,493 [WARN] PackLoader:240 - Cannot read IP mode file for STMicroelectronics.X-CUBE-NFC10.1.0.0
2024-11-14 14:33:02,561 [WARN] PackLoader:240 - Cannot read IP mode file for emotas.I-CUBE-CANOPEN.1.3.0
2024-11-14 14:33:02,647 [WARN] PackLoader:240 - Cannot read IP mode file for STMicroelectronics.X-CUBE-BLEMGR.3.1.0
2024-11-14 14:33:02,686 [WARN] PackLoader:240 - Cannot read IP mode file for STMicroelectronics.FP-SNS-SMARTAG2.1.2.0
2024-11-14 14:33:02,725 [INFO] LogOutputStream:77 - [STDOUT_REDIRECT] 1 : Invalid condition id : UX_CORESTACK_Condition cause : null
2024-11-14 14:33:02,729 [INFO] LogOutputStream:77 - [STDOUT_REDIRECT] 1 : Invalid condition id : UX_CORESTACK_Condition cause : null
2024-11-14 14:33:02,729 [INFO] LogOutputStream:77 - [STDOUT_REDIRECT] 1 : Invalid condition id : UX_CORESTACK_Condition cause : null
2024-11-14 14:33:02,731 [INFO] LogOutputStream:77 - [STDOUT_REDIRECT] 1 : Invalid condition id : UX_CORESTACK_Condition cause : null
2024-11-14 14:33:02,732 [INFO] LogOutputStream:77 - [STDOUT_REDIRECT] 1 : Invalid condition id : UX_CORESTACK_Condition cause : null
2024-11-14 14:33:02,765 [WARN] PackLoader:240 - Cannot read IP mode file for STMicroelectronics.X-CUBE-AZRTOS-WL.2.0.0
2024-11-14 14:33:02,841 [WARN] PackLoader:240 - Cannot read IP mode file for STMicroelectronics.FP-SNS-MOTENV1.5.0.0
2024-11-14 14:33:02,881 [WARN] PackLoader:240 - Cannot read IP mode file for wolfSSL.I-CUBE-wolfMQTT.1.19.0
2024-11-14 14:33:02,917 [WARN] PackLoader:240 - Cannot read IP mode file for WES.I-CUBE-Cesium.1.3.0
2024-11-14 14:33:02,955 [WARN] PackLoader:240 - Cannot read IP mode file for STMicroelectronics.X-CUBE-BLE2.3.3.0
2024-11-14 14:33:02,991 [WARN] PackLoader:240 - Cannot read IP mode file for STMicroelectronics.X-CUBE-NFC9.1.0.0
2024-11-14 14:33:03,032 [WARN] PackLoader:240 - Cannot read IP mode file for STMicroelectronics.X-CUBE-TCPP.4.1.0
2024-11-14 14:33:03,173 [WARN] PackLoader:240 - Cannot read IP mode file for STMicroelectronics.X-CUBE-AZRTOS-G0.1.1.0
2024-11-14 14:33:03,352 [WARN] PackLoader:240 - Cannot read IP mode file for STMicroelectronics.X-CUBE-SAFEA1.1.2.2
2024-11-14 14:33:03,445 [WARN] PackLoader:240 - Cannot read IP mode file for STMicroelectronics.X-CUBE-NFC4.3.0.0
2024-11-14 14:33:03,522 [WARN] PackLoader:240 - Cannot read IP mode file for EmbeddedOffice.I-CUBE-FS-RTOS.1.0.1
2024-11-14 14:33:03,534 [ERROR] ConditionMgr:805 - Attr not supported : Dmpu
2024-11-14 14:33:03,537 [ERROR] ConditionMgr:805 - Attr not supported : Dmpu
2024-11-14 14:33:03,538 [ERROR] ConditionMgr:805 - Attr not supported : Dmpu
2024-11-14 14:33:03,539 [ERROR] ConditionMgr:805 - Attr not supported : Dmpu
2024-11-14 14:33:03,539 [ERROR] ConditionMgr:805 - Attr not supported : Dmpu
2024-11-14 14:33:03,539 [ERROR] ConditionMgr:805 - Attr not supported : Dmpu
2024-11-14 14:33:03,539 [ERROR] ConditionMgr:805 - Attr not supported : Dmpu
2024-11-14 14:33:03,539 [ERROR] ConditionMgr:805 - Attr not supported : Dmpu
2024-11-14 14:33:03,539 [ERROR] ConditionMgr:805 - Attr not supported : Dmpu
2024-11-14 14:33:03,539 [ERROR] ConditionMgr:805 - Attr not supported : Dmpu
2024-11-14 14:33:03,539 [ERROR] ConditionMgr:805 - Attr not supported : Dmpu
2024-11-14 14:33:03,540 [ERROR] ConditionMgr:805 - Attr not supported : Dmpu
2024-11-14 14:33:03,540 [ERROR] ConditionMgr:805 - Attr not supported : Dmpu
2024-11-14 14:33:03,540 [ERROR] ConditionMgr:805 - Attr not supported : Dmpu
2024-11-14 14:33:03,540 [ERROR] ConditionMgr:805 - Attr not supported : Dmpu
2024-11-14 14:33:03,540 [ERROR] ConditionMgr:805 - Attr not supported : Dmpu
2024-11-14 14:33:03,540 [ERROR] ConditionMgr:805 - Attr not supported : Dmpu
2024-11-14 14:33:03,540 [ERROR] ConditionMgr:805 - Attr not supported : Dmpu
2024-11-14 14:33:03,540 [ERROR] ConditionMgr:805 - Attr not supported : Dmpu
2024-11-14 14:33:03,540 [ERROR] ConditionMgr:805 - Attr not supported : Dmpu
2024-11-14 14:33:03,540 [ERROR] ConditionMgr:805 - Attr not supported : Dmpu
2024-11-14 14:33:03,540 [ERROR] ConditionMgr:805 - Attr not supported : Dmpu
2024-11-14 14:33:03,540 [ERROR] ConditionMgr:805 - Attr not supported : Dmpu
2024-11-14 14:33:03,541 [ERROR] ConditionMgr:805 - Attr not supported : Dmpu
2024-11-14 14:33:03,541 [ERROR] ConditionMgr:805 - Attr not supported : Dmpu
2024-11-14 14:33:03,541 [ERROR] ConditionMgr:805 - Attr not supported : Dmpu
2024-11-14 14:33:03,541 [ERROR] ConditionMgr:805 - Attr not supported : Dmpu
2024-11-14 14:33:03,541 [ERROR] ConditionMgr:805 - Attr not supported : Dmpu
2024-11-14 14:33:03,541 [ERROR] ConditionMgr:805 - Attr not supported : Dmpu
2024-11-14 14:33:03,541 [ERROR] ConditionMgr:805 - Attr not supported : Dmpu
2024-11-14 14:33:03,541 [ERROR] ConditionMgr:805 - Attr not supported : Dmpu
2024-11-14 14:33:03,541 [ERROR] ConditionMgr:805 - Attr not supported : Dmpu
2024-11-14 14:33:03,541 [ERROR] ConditionMgr:805 - Attr not supported : Dmpu
2024-11-14 14:33:03,541 [ERROR] ConditionMgr:805 - Attr not supported : Dmpu
2024-11-14 14:33:03,541 [ERROR] ConditionMgr:805 - Attr not supported : Dmpu
2024-11-14 14:33:03,541 [ERROR] ConditionMgr:805 - Attr not supported : Dmpu
2024-11-14 14:33:03,541 [ERROR] ConditionMgr:805 - Attr not supported : Dmpu
2024-11-14 14:33:03,542 [ERROR] ConditionMgr:805 - Attr not supported : Dmpu
2024-11-14 14:33:03,542 [ERROR] ConditionMgr:805 - Attr not supported : Dmpu
2024-11-14 14:33:03,542 [ERROR] ConditionMgr:805 - Attr not supported : Dmpu
2024-11-14 14:33:03,542 [ERROR] ConditionMgr:805 - Attr not supported : Dmpu
2024-11-14 14:33:03,542 [ERROR] ConditionMgr:805 - Attr not supported : Dmpu
2024-11-14 14:33:03,542 [ERROR] ConditionMgr:805 - Attr not supported : Dmpu
2024-11-14 14:33:03,542 [ERROR] ConditionMgr:805 - Attr not supported : Dmpu
2024-11-14 14:33:03,542 [ERROR] ConditionMgr:805 - Attr not supported : Dmpu
2024-11-14 14:33:03,542 [ERROR] ConditionMgr:805 - Attr not supported : Dmpu
2024-11-14 14:33:03,542 [ERROR] ConditionMgr:805 - Attr not supported : Dmpu
2024-11-14 14:33:03,543 [ERROR] ConditionMgr:805 - Attr not supported : Dmpu
2024-11-14 14:33:03,543 [ERROR] ConditionMgr:805 - Attr not supported : Dmpu
2024-11-14 14:33:03,543 [ERROR] ConditionMgr:805 - Attr not supported : Dmpu
2024-11-14 14:33:03,543 [ERROR] ConditionMgr:805 - Attr not supported : Dmpu
2024-11-14 14:33:03,543 [ERROR] ConditionMgr:805 - Attr not supported : Dmpu
2024-11-14 14:33:03,543 [ERROR] ConditionMgr:805 - Attr not supported : Dmpu
2024-11-14 14:33:03,543 [ERROR] ConditionMgr:805 - Attr not supported : Dmpu
2024-11-14 14:33:03,543 [ERROR] ConditionMgr:805 - Attr not supported : Dmpu
2024-11-14 14:33:03,543 [ERROR] ConditionMgr:805 - Attr not supported : Dmpu
2024-11-14 14:33:03,544 [ERROR] ConditionMgr:805 - Attr not supported : Dmpu
2024-11-14 14:33:03,544 [ERROR] ConditionMgr:805 - Attr not supported : Dmpu
2024-11-14 14:33:03,544 [ERROR] ConditionMgr:805 - Attr not supported : Dmpu
2024-11-14 14:33:03,544 [ERROR] ConditionMgr:805 - Attr not supported : Dmpu
2024-11-14 14:33:03,544 [ERROR] ConditionMgr:805 - Attr not supported : Dmpu
2024-11-14 14:33:03,544 [ERROR] ConditionMgr:805 - Attr not supported : Dmpu
2024-11-14 14:33:03,544 [ERROR] ConditionMgr:805 - Attr not supported : Dmpu
2024-11-14 14:33:03,544 [ERROR] ConditionMgr:805 - Attr not supported : Dmpu
2024-11-14 14:33:03,560 [WARN] PackLoader:240 - Cannot read IP mode file for RealThread.X-CUBE-RT-Thread_Nano.4.1.1
2024-11-14 14:33:03,585 [WARN] PackLoader:240 - Cannot read IP mode file for STMicroelectronics.FP-ATR-SIGFOX1.3.2.0
2024-11-14 14:33:03,596 [WARN] PackLoader:240 - Cannot read IP mode file for wolfSSL.I-CUBE-wolfSSL.5.7.2
2024-11-14 14:33:03,609 [WARN] ConditionMgr:438 - getConditionDescription Invalid condition id : Cortex-A Device cause : null
2024-11-14 14:33:03,701 [WARN] ConditionMgr:1039 - genDependencies : Invalid condition id : Cortex-A Device cause : null
2024-11-14 14:33:03,703 [WARN] ConditionMgr:1039 - genDependencies : Invalid condition id : Cortex-A Device cause : null
2024-11-14 14:33:03,706 [WARN] ConditionMgr:1039 - genDependencies : Invalid condition id : Cortex-A Device cause : null
2024-11-14 14:33:03,725 [WARN] PackLoader:240 - Cannot read IP mode file for STMicroelectronics.X-CUBE-EEPRMA1.5.1.0
2024-11-14 14:33:03,768 [WARN] PackLoader:240 - Cannot read IP mode file for ITTIA_DB.I-CUBE-ITTIADB.8.9.0
2024-11-14 14:33:03,992 [WARN] PackLoader:240 - Cannot read IP mode file for SEGGER.I-CUBE-embOS.1.3.1
2024-11-14 14:33:04,265 [WARN] PackLoader:240 - Cannot read IP mode file for STMicroelectronics.X-CUBE-ALGOBUILD.1.4.0
2024-11-14 14:33:04,286 [WARN] PackLoader:240 - Cannot read IP mode file for STMicroelectronics.X-CUBE-AI.9.1.0
2024-11-14 14:33:04,341 [WARN] PackLoader:240 - Cannot read IP mode file for STMicroelectronics.X-CUBE-AZRTOS-F4.1.1.0
2024-11-14 14:33:04,367 [WARN] PackLoader:240 - Cannot read IP mode file for STMicroelectronics.X-CUBE-ISPU.2.1.0
2024-11-14 14:33:04,395 [WARN] PackLoader:240 - Cannot read IP mode file for STMicroelectronics.X-CUBE-FREERTOS.1.2.0
2024-11-14 14:33:04,460 [WARN] PackLoader:240 - Cannot read IP mode file for STMicroelectronics.X-CUBE-AZRTOS-L5.2.0.0
2024-11-14 14:33:04,494 [WARN] PackLoader:240 - Cannot read IP mode file for STMicroelectronics.X-CUBE-NFC6.3.1.0
2024-11-14 14:33:04,523 [WARN] PackLoader:240 - Cannot read IP mode file for STMicroelectronics.X-CUBE-DPower.1.2.0
2024-11-14 14:33:04,535 [WARN] PackLoader:240 - Cannot read IP mode file for STMicroelectronics.X-CUBE-AI.9.0.0
2024-11-14 14:33:04,550 [WARN] PackLoader:240 - Cannot read IP mode file for STMicroelectronics.X-CUBE-NFC7.1.0.1
2024-11-14 14:33:04,625 [WARN] ConditionMgr:438 - getConditionDescription Invalid condition id : LAN8742 Phy interface Condition cause : null
2024-11-14 14:33:04,628 [WARN] PackLoader:240 - Cannot read IP mode file for STMicroelectronics.X-CUBE-AZRTOS-L4.2.0.0
2024-11-14 14:33:04,636 [WARN] ConditionMgr:1039 - genDependencies : Invalid condition id : LAN8742 Phy interface Condition cause : null
2024-11-14 14:33:04,637 [WARN] ConditionMgr:1039 - genDependencies : Invalid condition id : LAN8742 Phy interface Condition cause : null
2024-11-14 14:33:04,640 [WARN] ConditionMgr:1039 - genDependencies : Invalid condition id : LAN8742 Phy interface Condition cause : null
2024-11-14 14:33:04,673 [WARN] PackLoader:240 - Cannot read IP mode file for STMicroelectronics.X-CUBE-SFXS2LP1.4.0.0
2024-11-14 14:33:04,750 [WARN] PackLoader:240 - Cannot read IP mode file for STMicroelectronics.X-CUBE-AZRTOS-H7.3.3.0
2024-11-14 14:33:04,801 [WARN] PackLoader:240 - Cannot read IP mode file for STMicroelectronics.X-CUBE-IPS.3.0.0
2024-11-14 14:33:04,855 [WARN] ConditionMgr:438 - getConditionDescription Invalid condition id : UX DEVICE CLASS RTOS Condition cause : null
2024-11-14 14:33:04,858 [WARN] ConditionMgr:438 - getConditionDescription Invalid condition id : UX DEVICE CLASS RTOS Condition cause : null
2024-11-14 14:33:04,871 [WARN] PackLoader:240 - Cannot read IP mode file for STMicroelectronics.X-CUBE-AZRTOS-WB.2.0.0
2024-11-14 14:33:04,874 [WARN] ConditionMgr:1039 - genDependencies : Invalid condition id : UX DEVICE CLASS RTOS Condition cause : null
2024-11-14 14:33:04,875 [WARN] ConditionMgr:1039 - genDependencies : Invalid condition id : UX DEVICE CLASS RTOS Condition cause : null
2024-11-14 14:33:04,876 [WARN] ConditionMgr:1039 - genDependencies : Invalid condition id : UX DEVICE CLASS RTOS Condition cause : null
2024-11-14 14:33:04,877 [WARN] ConditionMgr:1039 - genDependencies : Invalid condition id : UX DEVICE CLASS RTOS Condition cause : null
2024-11-14 14:33:04,877 [WARN] ConditionMgr:1039 - genDependencies : Invalid condition id : UX DEVICE CLASS RTOS Condition cause : null
2024-11-14 14:33:04,937 [WARN] PackLoader:240 - Cannot read IP mode file for STMicroelectronics.X-CUBE-GNSS1.7.0.0
2024-11-14 14:33:04,967 [WARN] PackLoader:240 - Cannot read IP mode file for STMicroelectronics.FP-SNS-STBOX1.2.0.0
2024-11-14 14:33:05,005 [WARN] PackLoader:240 - Cannot read IP mode file for STMicroelectronics.X-CUBE-SUBG2.5.0.0
2024-11-14 14:33:05,031 [WARN] PackLoader:240 - Cannot read IP mode file for Cesanta.I-CUBE-Mongoose.7.13.0
2024-11-14 14:33:05,074 [WARN] PackLoader:240 - Cannot read IP mode file for STMicroelectronics.X-CUBE-AZRTOS-G4.2.0.0
2024-11-14 14:33:05,090 [WARN] PackLoader:240 - Cannot read IP mode file for STMicroelectronics.X-CUBE-ALS.1.0.2
2024-11-14 14:33:05,101 [WARN] PackLoader:240 - Cannot read IP mode file for STMicroelectronics.X-CUBE-TOUCHGFX.4.24.0
2024-11-14 14:33:05,108 [WARN] PackLoader:240 - Cannot read IP mode file for STMicroelectronics.X-CUBE-TOUCHGFX.4.24.1
2024-11-14 14:33:05,115 [WARN] PackLoader:240 - Cannot read IP mode file for wolfSSL.I-CUBE-wolfTPM.3.4.0
2024-11-14 14:33:05,136 [WARN] PackLoader:240 - Cannot read IP mode file for portGmbH.I-Cube-SoM-uGOAL.1.1.0
2024-11-14 14:33:05,206 [WARN] PackLoader:240 - Cannot read IP mode file for STMicroelectronics.X-CUBE-AZRTOS-H7RS.1.0.0
2024-11-14 14:33:05,243 [WARN] PackLoader:240 - Cannot read IP mode file for STMicroelectronics.FP-ATR-ASTRA1.2.0.0
2024-11-14 14:33:05,289 [WARN] PackLoader:240 - Cannot read IP mode file for STMicroelectronics.X-CUBE-TOF1.3.4.2
2024-11-14 14:33:05,405 [WARN] PackLoader:240 - Cannot read IP mode file for Infineon.AIROC-Wi-Fi-Bluetooth-STM32.1.6.1
2024-11-14 14:33:05,455 [WARN] PackLoader:240 - Cannot read IP mode file for wolfSSL.I-CUBE-wolfSSH.1.4.17
2024-11-14 14:33:05,464 [INFO] ThirdParty:978 - Integrity check success = true
2024-11-14 14:33:05,465 [INFO] IntegrityCheckThread:100 - exiting critical section [integrity check]
2024-11-14 14:33:05,465 [INFO] IntegrityCheckThread:103 - End integrity checks thread
2024-11-14 14:37:29,233 [INFO] WebApp:189 - Connection lost
2024-11-14 14:38:56,385 [INFO] WebApp:186 - Connection restablished
2024-11-14 14:49:00,459 [ERROR] LogOutputStream:75 - [STDERR_REDIRECT] 
