2024-11-07 00:14:57,964 [INFO] WebApp:189 - Connection lost
2024-11-07 00:14:58,665 [INFO] WebApp:186 - Connection restablished
2024-11-07 00:15:03,033 [INFO] WebApp:189 - Connection lost
2024-11-07 00:15:03,169 [INFO] WebApp:186 - Connection restablished
2024-11-07 00:37:39,121 [INFO] WebApp:189 - Connection lost
2024-11-07 00:37:39,255 [INFO] WebApp:186 - Connection restablished
2024-11-07 00:52:47,838 [INFO] WebApp:189 - Connection lost
2024-11-07 00:52:47,993 [INFO] WebApp:186 - Connection restablished
2024-11-07 01:08:01,273 [INFO] WebApp:189 - Connection lost
2024-11-07 01:08:01,547 [INFO] WebApp:186 - Connection restablished
2024-11-07 01:08:06,144 [INFO] WebApp:189 - Connection lost
2024-11-07 01:08:06,340 [INFO] WebApp:186 - Connection restablished
2024-11-07 01:23:09,717 [INFO] WebApp:189 - Connection lost
2024-11-07 01:23:09,942 [INFO] WebApp:186 - Connection restablished
2024-11-07 01:23:13,910 [INFO] WebApp:189 - Connection lost
2024-11-07 01:23:14,044 [INFO] WebApp:186 - Connection restablished
2024-11-07 01:38:19,222 [INFO] WebApp:189 - Connection lost
2024-11-07 01:38:19,373 [INFO] WebApp:186 - Connection restablished
2024-11-07 01:53:26,971 [INFO] WebApp:189 - Connection lost
2024-11-07 01:53:27,245 [INFO] WebApp:186 - Connection restablished
2024-11-07 01:53:30,781 [INFO] WebApp:189 - Connection lost
2024-11-07 01:53:30,894 [INFO] WebApp:186 - Connection restablished
2024-11-07 02:08:35,361 [INFO] WebApp:189 - Connection lost
2024-11-07 02:08:35,502 [INFO] WebApp:186 - Connection restablished
2024-11-07 02:23:43,979 [INFO] WebApp:189 - Connection lost
2024-11-07 02:23:44,119 [INFO] WebApp:186 - Connection restablished
2024-11-07 02:23:48,154 [INFO] WebApp:189 - Connection lost
2024-11-07 02:23:48,261 [INFO] WebApp:186 - Connection restablished
2024-11-07 02:38:53,940 [INFO] WebApp:189 - Connection lost
2024-11-07 02:38:54,085 [INFO] WebApp:186 - Connection restablished
2024-11-07 02:38:54,631 [INFO] WebApp:189 - Connection lost
2024-11-07 02:38:54,745 [INFO] WebApp:186 - Connection restablished
2024-11-07 02:54:01,808 [INFO] WebApp:189 - Connection lost
2024-11-07 02:54:02,051 [INFO] WebApp:186 - Connection restablished
2024-11-07 02:54:05,578 [INFO] WebApp:189 - Connection lost
2024-11-07 02:54:05,699 [INFO] WebApp:186 - Connection restablished
2024-11-07 03:09:09,227 [INFO] WebApp:189 - Connection lost
2024-11-07 03:09:09,513 [INFO] WebApp:186 - Connection restablished
2024-11-07 03:09:13,575 [INFO] WebApp:189 - Connection lost
2024-11-07 03:09:13,693 [INFO] WebApp:186 - Connection restablished
2024-11-07 03:24:17,312 [INFO] WebApp:189 - Connection lost
2024-11-07 03:24:17,473 [INFO] WebApp:186 - Connection restablished
2024-11-07 03:24:20,655 [INFO] WebApp:189 - Connection lost
2024-11-07 03:24:20,773 [INFO] WebApp:186 - Connection restablished
2024-11-07 03:39:26,205 [INFO] WebApp:189 - Connection lost
2024-11-07 03:39:26,345 [INFO] WebApp:186 - Connection restablished
2024-11-07 03:54:34,212 [INFO] WebApp:189 - Connection lost
2024-11-07 03:54:34,455 [INFO] WebApp:186 - Connection restablished
2024-11-07 03:54:34,837 [INFO] WebApp:189 - Connection lost
2024-11-07 03:54:34,946 [INFO] WebApp:186 - Connection restablished
2024-11-07 04:09:41,784 [INFO] WebApp:189 - Connection lost
2024-11-07 04:09:42,059 [INFO] WebApp:186 - Connection restablished
2024-11-07 04:09:46,171 [INFO] WebApp:189 - Connection lost
2024-11-07 04:09:46,293 [INFO] WebApp:186 - Connection restablished
2024-11-07 04:28:35,762 [INFO] WebApp:189 - Connection lost
2024-11-07 04:28:36,050 [INFO] WebApp:186 - Connection restablished
2024-11-07 04:28:40,014 [INFO] WebApp:189 - Connection lost
2024-11-07 04:28:40,132 [INFO] WebApp:186 - Connection restablished
2024-11-07 04:44:01,204 [INFO] WebApp:189 - Connection lost
2024-11-07 04:44:01,417 [INFO] WebApp:186 - Connection restablished
2024-11-07 04:44:05,946 [INFO] WebApp:189 - Connection lost
2024-11-07 04:44:06,058 [INFO] WebApp:186 - Connection restablished
2024-11-07 04:59:27,222 [INFO] WebApp:189 - Connection lost
2024-11-07 04:59:27,461 [INFO] WebApp:186 - Connection restablished
2024-11-07 04:59:32,185 [INFO] WebApp:189 - Connection lost
2024-11-07 04:59:32,300 [INFO] WebApp:186 - Connection restablished
2024-11-07 05:14:53,090 [INFO] WebApp:189 - Connection lost
2024-11-07 05:14:53,340 [INFO] WebApp:186 - Connection restablished
2024-11-07 05:14:57,962 [INFO] WebApp:189 - Connection lost
2024-11-07 05:14:58,130 [INFO] WebApp:186 - Connection restablished
2024-11-07 05:30:20,153 [INFO] WebApp:189 - Connection lost
2024-11-07 05:30:20,370 [INFO] WebApp:186 - Connection restablished
2024-11-07 05:30:24,763 [INFO] WebApp:189 - Connection lost
2024-11-07 05:30:24,886 [INFO] WebApp:186 - Connection restablished
2024-11-07 05:45:46,250 [INFO] WebApp:189 - Connection lost
2024-11-07 05:45:46,498 [INFO] WebApp:186 - Connection restablished
2024-11-07 05:45:50,334 [INFO] WebApp:189 - Connection lost
2024-11-07 05:45:50,440 [INFO] WebApp:186 - Connection restablished
2024-11-07 06:01:12,623 [INFO] WebApp:189 - Connection lost
2024-11-07 06:01:12,777 [INFO] WebApp:186 - Connection restablished
2024-11-07 06:29:52,612 [INFO] WebApp:189 - Connection lost
2024-11-07 06:29:52,842 [INFO] WebApp:186 - Connection restablished
2024-11-07 06:29:56,909 [INFO] WebApp:189 - Connection lost
2024-11-07 06:29:57,027 [INFO] WebApp:186 - Connection restablished
2024-11-07 06:45:19,372 [INFO] WebApp:189 - Connection lost
2024-11-07 06:45:19,742 [INFO] WebApp:186 - Connection restablished
2024-11-07 06:45:24,154 [INFO] WebApp:189 - Connection lost
2024-11-07 06:45:24,273 [INFO] WebApp:186 - Connection restablished
2024-11-07 07:00:45,617 [INFO] WebApp:189 - Connection lost
2024-11-07 07:00:45,766 [INFO] WebApp:186 - Connection restablished
2024-11-07 07:00:49,752 [INFO] WebApp:189 - Connection lost
2024-11-07 07:00:49,869 [INFO] WebApp:186 - Connection restablished
2024-11-07 07:30:52,943 [INFO] WebApp:189 - Connection lost
2024-11-07 07:30:53,279 [INFO] WebApp:186 - Connection restablished
2024-11-07 07:30:57,749 [INFO] WebApp:189 - Connection lost
2024-11-07 07:30:57,864 [INFO] WebApp:186 - Connection restablished
2024-11-07 07:46:18,917 [INFO] WebApp:189 - Connection lost
2024-11-07 07:46:19,315 [INFO] WebApp:186 - Connection restablished
2024-11-07 07:46:23,448 [INFO] WebApp:189 - Connection lost
2024-11-07 07:46:23,571 [INFO] WebApp:186 - Connection restablished
2024-11-07 08:01:50,372 [INFO] WebApp:189 - Connection lost
2024-11-07 08:01:50,525 [INFO] WebApp:186 - Connection restablished
2024-11-07 08:31:34,985 [INFO] WebApp:189 - Connection lost
2024-11-07 08:31:35,284 [INFO] WebApp:186 - Connection restablished
2024-11-07 08:31:39,233 [INFO] WebApp:189 - Connection lost
2024-11-07 08:31:39,358 [INFO] WebApp:186 - Connection restablished
2024-11-07 08:47:01,040 [INFO] WebApp:189 - Connection lost
2024-11-07 08:47:01,292 [INFO] WebApp:186 - Connection restablished
2024-11-07 08:47:05,946 [INFO] WebApp:189 - Connection lost
2024-11-07 08:47:06,079 [INFO] WebApp:186 - Connection restablished
2024-11-07 09:02:27,289 [INFO] WebApp:189 - Connection lost
2024-11-07 09:02:27,443 [INFO] WebApp:186 - Connection restablished
2024-11-07 09:32:53,084 [INFO] WebApp:189 - Connection lost
2024-11-07 09:32:53,301 [INFO] WebApp:186 - Connection restablished
2024-11-07 09:48:19,286 [INFO] WebApp:189 - Connection lost
2024-11-07 09:48:19,474 [INFO] WebApp:186 - Connection restablished
2024-11-07 09:48:23,399 [INFO] WebApp:189 - Connection lost
2024-11-07 09:48:23,534 [INFO] WebApp:186 - Connection restablished
2024-11-07 10:03:45,709 [INFO] WebApp:189 - Connection lost
2024-11-07 10:03:45,862 [INFO] WebApp:186 - Connection restablished
2024-11-07 10:33:52,839 [INFO] WebApp:189 - Connection lost
2024-11-07 10:33:52,984 [INFO] WebApp:186 - Connection restablished
2024-11-07 10:49:18,519 [INFO] WebApp:189 - Connection lost
2024-11-07 10:49:18,745 [INFO] WebApp:186 - Connection restablished
2024-11-07 10:49:23,307 [INFO] WebApp:189 - Connection lost
2024-11-07 10:49:23,441 [INFO] WebApp:186 - Connection restablished
2024-11-07 11:04:44,794 [INFO] WebApp:189 - Connection lost
2024-11-07 11:04:45,068 [INFO] WebApp:186 - Connection restablished
2024-11-07 11:04:48,952 [INFO] WebApp:189 - Connection lost
2024-11-07 11:04:49,077 [INFO] WebApp:186 - Connection restablished
2024-11-07 11:34:53,735 [INFO] WebApp:189 - Connection lost
2024-11-07 11:34:53,912 [INFO] WebApp:186 - Connection restablished
2024-11-07 11:50:21,539 [INFO] WebApp:189 - Connection lost
2024-11-07 11:50:21,697 [INFO] WebApp:186 - Connection restablished
2024-11-07 12:05:47,436 [INFO] WebApp:189 - Connection lost
2024-11-07 12:05:47,599 [INFO] WebApp:186 - Connection restablished
2024-11-07 12:35:52,739 [INFO] WebApp:189 - Connection lost
2024-11-07 12:35:53,019 [INFO] WebApp:186 - Connection restablished
2024-11-07 12:51:19,402 [INFO] WebApp:189 - Connection lost
2024-11-07 12:51:19,586 [INFO] WebApp:186 - Connection restablished
2024-11-07 12:51:24,159 [INFO] WebApp:189 - Connection lost
2024-11-07 12:51:24,286 [INFO] WebApp:186 - Connection restablished
2024-11-07 13:06:45,391 [INFO] WebApp:189 - Connection lost
2024-11-07 13:06:45,619 [INFO] WebApp:186 - Connection restablished
2024-11-07 13:06:49,992 [INFO] WebApp:189 - Connection lost
2024-11-07 13:06:50,122 [INFO] WebApp:186 - Connection restablished
2024-11-07 13:36:53,541 [INFO] WebApp:189 - Connection lost
2024-11-07 13:36:53,726 [INFO] WebApp:186 - Connection restablished
2024-11-07 13:52:20,424 [INFO] WebApp:189 - Connection lost
2024-11-07 13:52:20,573 [INFO] WebApp:186 - Connection restablished
2024-11-07 14:07:47,279 [INFO] WebApp:189 - Connection lost
2024-11-07 14:07:47,436 [INFO] WebApp:186 - Connection restablished
2024-11-07 14:36:28,485 [INFO] WebApp:189 - Connection lost
2024-11-07 14:36:28,726 [INFO] WebApp:186 - Connection restablished
2024-11-07 14:59:59,046 [INFO] WebApp:189 - Connection lost
2024-11-07 14:59:59,453 [INFO] WebApp:186 - Connection restablished
2024-11-07 15:24:32,384 [INFO] WebApp:189 - Connection lost
2024-11-07 15:24:32,697 [INFO] WebApp:186 - Connection restablished
2024-11-07 15:24:36,581 [INFO] WebApp:189 - Connection lost
2024-11-07 15:24:36,728 [INFO] WebApp:186 - Connection restablished
2024-11-07 15:33:45,578 [INFO] WebApp:189 - Connection lost
2024-11-07 15:33:54,288 [INFO] WebApp:186 - Connection restablished
2024-11-07 15:33:56,107 [INFO] WebApp:189 - Connection lost
2024-11-07 15:33:56,391 [INFO] WebApp:186 - Connection restablished
2024-11-07 15:49:03,639 [INFO] WebApp:189 - Connection lost
2024-11-07 15:49:04,265 [INFO] WebApp:186 - Connection restablished
2024-11-07 16:04:13,131 [INFO] WebApp:189 - Connection lost
2024-11-07 16:04:13,380 [INFO] WebApp:186 - Connection restablished
2024-11-07 17:30:39,238 [INFO] WebApp:189 - Connection lost
2024-11-07 17:30:47,391 [INFO] WebApp:186 - Connection restablished
2024-11-07 17:47:18,146 [INFO] WebApp:189 - Connection lost
2024-11-07 17:47:19,973 [INFO] WebApp:186 - Connection restablished
2024-11-07 18:02:40,207 [INFO] WebApp:189 - Connection lost
2024-11-07 18:02:40,523 [INFO] WebApp:186 - Connection restablished
2024-11-07 18:02:44,531 [INFO] WebApp:189 - Connection lost
2024-11-07 18:02:44,756 [INFO] WebApp:186 - Connection restablished
2024-11-07 18:17:49,332 [INFO] WebApp:189 - Connection lost
2024-11-07 18:17:49,589 [INFO] WebApp:186 - Connection restablished
2024-11-07 18:17:53,347 [INFO] WebApp:189 - Connection lost
2024-11-07 18:17:53,461 [INFO] WebApp:186 - Connection restablished
2024-11-07 18:32:58,454 [INFO] WebApp:189 - Connection lost
2024-11-07 18:32:58,710 [INFO] WebApp:186 - Connection restablished
2024-11-07 18:33:02,836 [INFO] WebApp:189 - Connection lost
2024-11-07 18:33:02,989 [INFO] WebApp:186 - Connection restablished
2024-11-07 18:48:10,056 [INFO] WebApp:189 - Connection lost
2024-11-07 18:48:10,278 [INFO] WebApp:186 - Connection restablished
2024-11-07 18:48:14,285 [INFO] WebApp:189 - Connection lost
2024-11-07 18:48:14,437 [INFO] WebApp:186 - Connection restablished
2024-11-07 19:03:17,439 [INFO] WebApp:189 - Connection lost
2024-11-07 19:03:17,739 [INFO] WebApp:186 - Connection restablished
2024-11-07 19:03:21,864 [INFO] WebApp:189 - Connection lost
2024-11-07 19:03:21,979 [INFO] WebApp:186 - Connection restablished
2024-11-07 19:18:27,957 [INFO] WebApp:189 - Connection lost
2024-11-07 19:18:28,144 [INFO] WebApp:186 - Connection restablished
2024-11-07 19:18:32,253 [INFO] WebApp:189 - Connection lost
2024-11-07 19:18:32,385 [INFO] WebApp:186 - Connection restablished
2024-11-07 19:33:36,807 [INFO] WebApp:189 - Connection lost
2024-11-07 19:33:37,090 [INFO] WebApp:186 - Connection restablished
2024-11-07 19:33:41,570 [INFO] WebApp:189 - Connection lost
2024-11-07 19:33:41,978 [INFO] WebApp:186 - Connection restablished
2024-11-07 19:48:45,021 [INFO] WebApp:189 - Connection lost
2024-11-07 19:48:45,197 [INFO] WebApp:186 - Connection restablished
2024-11-07 19:48:49,418 [INFO] WebApp:189 - Connection lost
2024-11-07 19:48:49,542 [INFO] WebApp:186 - Connection restablished
2024-11-07 20:03:52,385 [INFO] WebApp:189 - Connection lost
2024-11-07 20:03:52,712 [INFO] WebApp:186 - Connection restablished
2024-11-07 20:03:56,796 [INFO] WebApp:189 - Connection lost
2024-11-07 20:03:56,910 [INFO] WebApp:186 - Connection restablished
2024-11-07 20:13:51,750 [INFO] McuFinderGlobals:76 - Set McuFinderConnectedMode to true
2024-11-07 20:13:53,247 [INFO] ApiDb:448 - Save user favorites file /Users/apple/.stm32cubeide/favorites.mcus.txt: 0 item(s)
2024-11-07 20:13:53,247 [INFO] ApiDb:452 - User favorites MCUs=[]
2024-11-07 20:19:55,277 [INFO] MainUpdater:2873 - connection check result : 10
2024-11-07 20:19:55,285 [INFO] MainUpdater:2873 - connection check result : 10
2024-11-07 20:19:55,896 [INFO] RulesReader:64 - Compatibility file has been processed (297 Rules)
2024-11-07 20:19:55,913 [INFO] RulesReader:64 - Compatibility file has been processed (297 Rules)
2024-11-07 20:19:55,929 [INFO] MicroXplorer:468 - Change Database Path : 
2024-11-07 20:19:55,929 [INFO] MicroXplorer:498 - Change Database Version : DB.6.0.121
2024-11-07 20:19:55,937 [WARN] ThirdParty:871 - waiting for thirdparty lock release [close project]
2024-11-07 20:19:55,937 [INFO] ThirdParty:873 - entering critical section [close project]
2024-11-07 20:19:55,947 [INFO] ThirdParty:883 - exiting critical section [close project]
2024-11-07 20:19:55,955 [INFO] PinOutPanel:1561 - setPackage(No Configuration,No Configuration)
2024-11-07 20:19:55,964 [INFO] UtilMem:75 - Begin LoadConfig() Used Memory: 280607432 Bytes (455081984)
2024-11-07 20:19:55,968 [INFO] MicroXplorer:468 - Change Database Path : 
2024-11-07 20:19:55,968 [INFO] MicroXplorer:498 - Change Database Version : DB.6.0.121
2024-11-07 20:19:55,968 [INFO] OpenFileManager:332 - Change cursor
2024-11-07 20:19:56,064 [INFO] Mcu:2032 - Initializing MCU STM32F405RGTx STM32F405RGTx STM32F405RGT6
2024-11-07 20:19:59,744 [INFO] Context:742 - Trying to add GPIOservice into a context  which must be forbidden
2024-11-07 20:20:02,328 [INFO] RtosManager:555 - Registered RTOS mode: class=CMSIS, group=RTOS, mode=CMSIS_V1, owner=FREERTOS
2024-11-07 20:20:02,336 [INFO] RtosManager:555 - Registered RTOS mode: class=CMSIS, group=RTOS2, mode=CMSIS_V2, owner=FREERTOS
2024-11-07 20:20:02,336 [INFO] RtosManager:555 - Registered RTOS mode: class=RTOS, group=Core, mode=CMSIS_V1, owner=FREERTOS
2024-11-07 20:20:02,336 [INFO] RtosManager:555 - Registered RTOS mode: class=RTOS, group=Core, mode=CMSIS_V2, owner=FREERTOS
2024-11-07 20:20:02,336 [WARN] ModelIntegratedComponent:184 - Missing modes for component STMicroelectronics:FreeRTOS:0.0.1:STMicroelectronics:RTOS:FreeRTOS:Core:::10.2.0:
2024-11-07 20:20:02,409 [WARN] ModelIntegratedComponent:63 - No mode defined for component null
2024-11-07 20:20:02,409 [WARN] ModelIntegratedComponent:63 - No mode defined for component null
2024-11-07 20:20:02,409 [WARN] ModelIntegratedComponent:63 - No mode defined for component null
2024-11-07 20:20:02,409 [WARN] ModelIntegratedComponent:63 - No mode defined for component null
2024-11-07 20:20:02,409 [WARN] ModelIntegratedComponent:63 - No mode defined for component null
2024-11-07 20:20:02,409 [WARN] ModelIntegratedComponent:63 - No mode defined for component null
2024-11-07 20:20:02,409 [WARN] ModelIntegratedComponent:63 - No mode defined for component null
2024-11-07 20:20:02,409 [WARN] ModelIntegratedComponent:63 - No mode defined for component null
2024-11-07 20:20:02,409 [WARN] ModelIntegratedComponent:63 - No mode defined for component null
2024-11-07 20:20:02,410 [WARN] ModelIntegratedComponent:63 - No mode defined for component null
2024-11-07 20:20:02,410 [WARN] ModelIntegratedComponent:63 - No mode defined for component null
2024-11-07 20:20:02,410 [WARN] ModelIntegratedComponent:63 - No mode defined for component null
2024-11-07 20:20:02,410 [WARN] ModelIntegratedComponent:63 - No mode defined for component null
2024-11-07 20:20:02,410 [WARN] ModelIntegratedComponent:63 - No mode defined for component null
2024-11-07 20:20:02,410 [WARN] ModelIntegratedComponent:63 - No mode defined for component null
2024-11-07 20:20:02,410 [WARN] ModelIntegratedComponent:63 - No mode defined for component null
2024-11-07 20:20:02,410 [WARN] ModelIntegratedComponent:63 - No mode defined for component null
2024-11-07 20:20:02,410 [WARN] ModelIntegratedComponent:63 - No mode defined for component null
2024-11-07 20:20:02,410 [WARN] ModelIntegratedComponent:63 - No mode defined for component null
2024-11-07 20:20:02,410 [WARN] ModelIntegratedComponent:63 - No mode defined for component null
2024-11-07 20:20:02,410 [WARN] ModelIntegratedComponent:63 - No mode defined for component null
2024-11-07 20:20:02,410 [WARN] ModelIntegratedComponent:63 - No mode defined for component null
2024-11-07 20:20:02,410 [WARN] ModelIntegratedComponent:63 - No mode defined for component null
2024-11-07 20:20:02,410 [WARN] ModelIntegratedComponent:63 - No mode defined for component null
2024-11-07 20:20:02,411 [WARN] ModelIntegratedComponent:63 - No mode defined for component null
2024-11-07 20:20:02,411 [WARN] ModelIntegratedComponent:63 - No mode defined for component null
2024-11-07 20:20:02,411 [WARN] ModelIntegratedComponent:63 - No mode defined for component null
2024-11-07 20:20:02,411 [WARN] ModelIntegratedComponent:63 - No mode defined for component null
2024-11-07 20:20:02,411 [WARN] ModelIntegratedComponent:63 - No mode defined for component null
2024-11-07 20:20:02,411 [WARN] ModelIntegratedComponent:63 - No mode defined for component null
2024-11-07 20:20:02,411 [WARN] ModelIntegratedComponent:63 - No mode defined for component null
2024-11-07 20:20:02,411 [WARN] ModelIntegratedComponent:63 - No mode defined for component null
2024-11-07 20:20:02,411 [WARN] ModelIntegratedComponent:63 - No mode defined for component null
2024-11-07 20:20:02,411 [WARN] ModelIntegratedComponent:63 - No mode defined for component null
2024-11-07 20:20:02,411 [WARN] ModelIntegratedComponent:63 - No mode defined for component null
2024-11-07 20:20:02,412 [WARN] ModelPack:524 - Component already loaded: STMicroelectronics:HAL Drivers:0.0.0:STMicroelectronics:Device:STMicro_Driver:XSPI:HAL::0.0.1:HAL_XSPI
2024-11-07 20:20:02,527 [INFO] ThirdPartyModel:298 - Start build external matchings
2024-11-07 20:20:03,154 [INFO] ThirdPartyModel:316 - End build external matchings
2024-11-07 20:20:03,263 [INFO] ImportTextPane:205 - (OptionalMessage_ERROR) IP (RCC) : Parameter (RTCHSEDivFreq_Value) has invalid value (4000000)
2024-11-07 20:20:04,202 [INFO] UtilMem:75 - End LoadConfig() Used Memory: 309153048 Bytes (455081984)
2024-11-07 20:20:04,228 [INFO] ApiDb:581 - Connected to CubeFinder SQLite database (/Users/apple/.stmcufinder/plugins/mcufinder/mcu/cube-finder-db.db)
2024-11-07 20:20:04,456 [WARN] ThirdParty:833 - waiting for thirdparty lock release [change project]
2024-11-07 20:20:04,456 [INFO] ThirdParty:835 - entering critical section [change project]
2024-11-07 20:20:04,457 [INFO] ThirdParty:1030 - CMSIS Pack Vendor :STMicroelectronics USBPD 4.1
2024-11-07 20:20:04,457 [INFO] ThirdParty:1030 - CMSIS Pack Vendor :STMicroelectronics X-CUBE-AZRTOS-H7 3.3.0
2024-11-07 20:20:04,457 [INFO] ThirdParty:1030 - CMSIS Pack Vendor :STMicroelectronics X-CUBE-NFC9 1.0.0
2024-11-07 20:20:04,457 [INFO] ThirdParty:1030 - CMSIS Pack Vendor :STMicroelectronics USB_HOST 2.0.0
2024-11-07 20:20:04,457 [INFO] ThirdParty:1030 - CMSIS Pack Vendor :STMicroelectronics FP-SNS-MOTENVWB1 1.4.0
2024-11-07 20:20:04,457 [INFO] ThirdParty:1030 - CMSIS Pack Vendor :STMicroelectronics X-CUBE-AZRTOS-F4 1.1.0
2024-11-07 20:20:04,457 [INFO] ThirdParty:1030 - CMSIS Pack Vendor :STMicroelectronics LIBJPEG 8.0.0
2024-11-07 20:20:04,457 [INFO] ThirdParty:1030 - CMSIS Pack Vendor :STMicroelectronics X-CUBE-SMBUS 2.1.0
2024-11-07 20:20:04,457 [INFO] ThirdParty:1030 - CMSIS Pack Vendor :STMicroelectronics X-CUBE-WB05N 1.1.0
2024-11-07 20:20:04,457 [INFO] ThirdParty:1030 - CMSIS Pack Vendor :STMicroelectronics USB_DEVICE 3.0.0
2024-11-07 20:20:04,457 [INFO] ThirdParty:1030 - CMSIS Pack Vendor :STMicroelectronics X-CUBE-TCPP 4.1.0
2024-11-07 20:20:04,457 [INFO] ThirdParty:1030 - CMSIS Pack Vendor :STMicroelectronics X-CUBE-ISPU 2.1.0
2024-11-07 20:20:04,457 [INFO] ThirdParty:1030 - CMSIS Pack Vendor :STMicroelectronics X-CUBE-FREERTOS 1.2.0
2024-11-07 20:20:04,457 [INFO] ThirdParty:1030 - CMSIS Pack Vendor :STMicroelectronics X-CUBE-IPS 3.0.0
2024-11-07 20:20:04,457 [INFO] ThirdParty:1030 - CMSIS Pack Vendor :STMicroelectronics X-CUBE-AZRTOS-WB 2.0.0
2024-11-07 20:20:04,457 [INFO] ThirdParty:1030 - CMSIS Pack Vendor :STMicroelectronics X-CUBE-GNSS1 7.0.0
2024-11-07 20:20:04,457 [INFO] ThirdParty:1030 - CMSIS Pack Vendor :STMicroelectronics X-CUBE-AZRTOS-F7 1.1.0
2024-11-07 20:20:04,457 [INFO] ThirdParty:1030 - CMSIS Pack Vendor :STMicroelectronics X-CUBE-AZRTOS-L5 2.0.0
2024-11-07 20:20:04,457 [INFO] ThirdParty:1030 - CMSIS Pack Vendor :STMicroelectronics USB_DEVICE 2.0.0
2024-11-07 20:20:04,457 [INFO] ThirdParty:1030 - CMSIS Pack Vendor :STMicroelectronics X-CUBE-NFC6 3.1.0
2024-11-07 20:20:04,457 [INFO] ThirdParty:1030 - CMSIS Pack Vendor :STMicroelectronics FP-SNS-STBOX1 2.0.0
2024-11-07 20:20:04,457 [INFO] ThirdParty:1030 - CMSIS Pack Vendor :STMicroelectronics X-CUBE-MEMS1 11.0.0
2024-11-07 20:20:04,457 [INFO] ThirdParty:1030 - CMSIS Pack Vendor :STMicroelectronics FreeRTOS 0.0.1
2024-11-07 20:20:04,458 [INFO] ThirdParty:1030 - CMSIS Pack Vendor :STMicroelectronics X-CUBE-AZRTOS-G0 1.1.0
2024-11-07 20:20:04,458 [INFO] ThirdParty:1030 - CMSIS Pack Vendor :STMicroelectronics X-CUBE-SAFEA1 1.2.2
2024-11-07 20:20:04,458 [INFO] ThirdParty:1030 - CMSIS Pack Vendor :STMicroelectronics X-CUBE-NFC4 3.0.0
2024-11-07 20:20:04,458 [INFO] ThirdParty:1030 - CMSIS Pack Vendor :STMicroelectronics X-CUBE-DPower 1.2.0
2024-11-07 20:20:04,458 [INFO] ThirdParty:1030 - CMSIS Pack Vendor :STMicroelectronics X-CUBE-SUBG2 5.0.0
2024-11-07 20:20:04,458 [INFO] ThirdParty:1030 - CMSIS Pack Vendor :STMicroelectronics STM32_WPAN 1.0.0
2024-11-07 20:20:04,458 [INFO] ThirdParty:1030 - CMSIS Pack Vendor :EmbeddedOffice I-CUBE-FS-RTOS 1.0.1
2024-11-07 20:20:04,458 [INFO] ThirdParty:1030 - CMSIS Pack Vendor :STMicroelectronics lwIP 2.0.3
2024-11-07 20:20:04,458 [INFO] ThirdParty:1030 - CMSIS Pack Vendor :STMicroelectronics FP-SNS-FLIGHT1 5.0.2
2024-11-07 20:20:04,458 [INFO] ThirdParty:1030 - CMSIS Pack Vendor :Cesanta I-CUBE-Mongoose 7.13.0
2024-11-07 20:20:04,458 [INFO] ThirdParty:1030 - CMSIS Pack Vendor :STMicroelectronics USB_HOST 1.0.0
2024-11-07 20:20:04,458 [INFO] ThirdParty:1030 - CMSIS Pack Vendor :STMicroelectronics X-CUBE-AI 9.0.0
2024-11-07 20:20:04,458 [INFO] ThirdParty:1030 - CMSIS Pack Vendor :STMicroelectronics X-CUBE-AZRTOS-G4 2.0.0
2024-11-07 20:20:04,458 [INFO] ThirdParty:1030 - CMSIS Pack Vendor :STMicroelectronics PDM2PCM 3.1.0
2024-11-07 20:20:04,458 [INFO] ThirdParty:1030 - CMSIS Pack Vendor :STMicroelectronics PDM2PCM 3.3.0
2024-11-07 20:20:04,458 [INFO] ThirdParty:1030 - CMSIS Pack Vendor :STMicroelectronics X-CUBE-DISPLAY 3.0.0
2024-11-07 20:20:04,458 [INFO] ThirdParty:1030 - CMSIS Pack Vendor :RealThread X-CUBE-RT-Thread_Nano 4.1.1
2024-11-07 20:20:04,458 [INFO] ThirdParty:1030 - CMSIS Pack Vendor :STMicroelectronics X-CUBE-BLE1 7.0.0
2024-11-07 20:20:04,458 [INFO] ThirdParty:1030 - CMSIS Pack Vendor :STMicroelectronics FP-ATR-SIGFOX1 3.2.0
2024-11-07 20:20:04,458 [INFO] ThirdParty:1030 - CMSIS Pack Vendor :STMicroelectronics X-CUBE-NFC10 1.0.0
2024-11-07 20:20:04,458 [INFO] ThirdParty:1030 - CMSIS Pack Vendor :wolfSSL I-CUBE-wolfSSL 5.7.2
2024-11-07 20:20:04,458 [INFO] ThirdParty:1030 - CMSIS Pack Vendor :STMicroelectronics X-CUBE-EEPRMA1 5.1.0
2024-11-07 20:20:04,459 [INFO] ThirdParty:1030 - CMSIS Pack Vendor :STMicroelectronics HAL Drivers 0.0.0
2024-11-07 20:20:04,459 [INFO] ThirdParty:1030 - CMSIS Pack Vendor :STMicroelectronics MBEDTLS 2.16.2
2024-11-07 20:20:04,459 [INFO] ThirdParty:1030 - CMSIS Pack Vendor :STMicroelectronics X-CUBE-ALS 1.0.2
2024-11-07 20:20:04,459 [INFO] ThirdParty:1030 - CMSIS Pack Vendor :emotas I-CUBE-CANOPEN 1.3.0
2024-11-07 20:20:04,459 [INFO] ThirdParty:1030 - CMSIS Pack Vendor :STMicroelectronics X-CUBE-NFC7 1.0.1
2024-11-07 20:20:04,459 [INFO] ThirdParty:1030 - CMSIS Pack Vendor :STMicroelectronics MBEDTLS 2.14.1
2024-11-07 20:20:04,459 [INFO] ThirdParty:1030 - CMSIS Pack Vendor :STMicroelectronics X-CUBE-TOUCHGFX 4.24.0
2024-11-07 20:20:04,459 [INFO] ThirdParty:1030 - CMSIS Pack Vendor :ITTIA_DB I-CUBE-ITTIADB 8.9.0
2024-11-07 20:20:04,459 [INFO] ThirdParty:1030 - CMSIS Pack Vendor :STMicroelectronics X-CUBE-TOUCHGFX 4.24.1
2024-11-07 20:20:04,459 [INFO] ThirdParty:1030 - CMSIS Pack Vendor :wolfSSL I-CUBE-wolfTPM 3.4.0
2024-11-07 20:20:04,459 [INFO] ThirdParty:1030 - CMSIS Pack Vendor :portGmbH I-Cube-SoM-uGOAL 1.1.0
2024-11-07 20:20:04,459 [INFO] ThirdParty:1030 - CMSIS Pack Vendor :STMicroelectronics X-CUBE-BLEMGR 3.1.0
2024-11-07 20:20:04,459 [INFO] ThirdParty:1030 - CMSIS Pack Vendor :STMicroelectronics ThreadX 1.0.0
2024-11-07 20:20:04,459 [INFO] ThirdParty:1030 - CMSIS Pack Vendor :STMicroelectronics FP-SNS-SMARTAG2 1.2.0
2024-11-07 20:20:04,459 [INFO] ThirdParty:1030 - CMSIS Pack Vendor :STMicroelectronics X-CUBE-AZRTOS-WL 2.0.0
2024-11-07 20:20:04,459 [INFO] ThirdParty:1030 - CMSIS Pack Vendor :SEGGER I-CUBE-embOS 1.3.1
2024-11-07 20:20:04,459 [INFO] ThirdParty:1030 - CMSIS Pack Vendor :STMicroelectronics X-CUBE-ALGOBUILD 1.4.0
2024-11-07 20:20:04,459 [INFO] ThirdParty:1030 - CMSIS Pack Vendor :STMicroelectronics FP-SNS-MOTENV1 5.0.0
2024-11-07 20:20:04,459 [INFO] ThirdParty:1030 - CMSIS Pack Vendor :STMicroelectronics USB_DEVICE 1.0.0
2024-11-07 20:20:04,459 [INFO] ThirdParty:1030 - CMSIS Pack Vendor :STMicroelectronics X-CUBE-AZRTOS-H7RS 1.0.0
2024-11-07 20:20:04,459 [INFO] ThirdParty:1030 - CMSIS Pack Vendor :wolfSSL I-CUBE-wolfMQTT 1.19.0
2024-11-07 20:20:04,459 [INFO] ThirdParty:1030 - CMSIS Pack Vendor :STMicroelectronics X-CUBE-AZRTOS-L4 2.0.0
2024-11-07 20:20:04,459 [INFO] ThirdParty:1030 - CMSIS Pack Vendor :STMicroelectronics ThreadX 0.0.2
2024-11-07 20:20:04,459 [INFO] ThirdParty:1030 - CMSIS Pack Vendor :WES I-CUBE-Cesium 1.3.0
2024-11-07 20:20:04,460 [INFO] ThirdParty:1030 - CMSIS Pack Vendor :STMicroelectronics FP-ATR-ASTRA1 2.0.0
2024-11-07 20:20:04,461 [INFO] ThirdParty:1030 - CMSIS Pack Vendor :STMicroelectronics lwIP 2.1.2
2024-11-07 20:20:04,462 [INFO] ThirdParty:1030 - CMSIS Pack Vendor :STMicroelectronics X-CUBE-SFXS2LP1 4.0.0
2024-11-07 20:20:04,463 [INFO] ThirdParty:1030 - CMSIS Pack Vendor :STMicroelectronics X-CUBE-BLE2 3.3.0
2024-11-07 20:20:04,464 [INFO] ThirdParty:1030 - CMSIS Pack Vendor :STMicroelectronics X-CUBE-TOF1 3.4.2
2024-11-07 20:20:04,464 [INFO] ThirdParty:1030 - CMSIS Pack Vendor :STMicroelectronics X-CUBE-AI 9.1.0
2024-11-07 20:20:04,464 [INFO] ThirdParty:1030 - CMSIS Pack Vendor :Infineon AIROC-Wi-Fi-Bluetooth-STM32 1.6.1
2024-11-07 20:20:04,464 [INFO] ThirdParty:1030 - CMSIS Pack Vendor :STMicroelectronics PDM2PCM 3.2.0
2024-11-07 20:20:04,464 [INFO] ThirdParty:1030 - CMSIS Pack Vendor :wolfSSL I-CUBE-wolfSSH 1.4.17
2024-11-07 20:20:04,467 [INFO] ThirdParty:841 - exiting critical section [change project]
2024-11-07 20:20:05,739 [INFO] PinOutPanel:1561 - setPackage(No Configuration,No Configuration)
2024-11-07 20:20:05,772 [INFO] PinOutPanel:1561 - setPackage(STM32F405RGTx,LQFP64)
2024-11-07 20:20:07,457 [INFO] UtilMem:75 - Before build in PCC Used Memory: 364766096 Bytes (455081984)
2024-11-07 20:20:09,564 [INFO] UtilMem:75 - After build in PCC Used Memory: 362883408 Bytes (455081984)
2024-11-07 20:20:09,760 [INFO] IPUIPlugin:80 - create IPUIPlugin
2024-11-07 20:20:09,762 [INFO] IPUIPlugin:80 - create IPUIPlugin
2024-11-07 20:20:09,762 [INFO] IPUIPlugin:80 - create IPUIPlugin
2024-11-07 20:20:09,772 [INFO] IPUIPlugin:80 - create IPUIPlugin
2024-11-07 20:20:09,774 [INFO] IPUIPlugin:80 - create IPUIPlugin
2024-11-07 20:20:09,775 [INFO] IPUIPlugin:80 - create IPUIPlugin
2024-11-07 20:20:09,775 [INFO] IPUIPlugin:80 - create IPUIPlugin
2024-11-07 20:20:09,775 [INFO] IPUIPlugin:80 - create IPUIPlugin
2024-11-07 20:20:09,776 [INFO] IPUIPlugin:80 - create IPUIPlugin
2024-11-07 20:20:09,776 [INFO] IPUIPlugin:80 - create IPUIPlugin
2024-11-07 20:20:09,777 [INFO] IPUIPlugin:80 - create IPUIPlugin
2024-11-07 20:20:09,778 [INFO] IPUIPlugin:80 - create IPUIPlugin
2024-11-07 20:20:09,778 [INFO] IPUIPlugin:80 - create IPUIPlugin
2024-11-07 20:20:09,778 [INFO] IPUIPlugin:80 - create IPUIPlugin
2024-11-07 20:20:09,778 [INFO] IPUIPlugin:80 - create IPUIPlugin
2024-11-07 20:20:09,779 [INFO] IPUIPlugin:80 - create IPUIPlugin
2024-11-07 20:20:09,779 [INFO] IPUIPlugin:80 - create IPUIPlugin
2024-11-07 20:20:09,780 [INFO] IPUIPlugin:80 - create IPUIPlugin
2024-11-07 20:20:09,795 [INFO] IPUIPlugin:80 - create IPUIPlugin
2024-11-07 20:20:09,795 [INFO] IPUIPlugin:80 - create IPUIPlugin
2024-11-07 20:20:09,795 [INFO] IPUIPlugin:80 - create IPUIPlugin
2024-11-07 20:20:09,796 [INFO] IPUIPlugin:80 - create IPUIPlugin
2024-11-07 20:20:09,796 [INFO] IPUIPlugin:80 - create IPUIPlugin
2024-11-07 20:20:09,796 [INFO] IPUIPlugin:80 - create IPUIPlugin
2024-11-07 20:20:09,797 [INFO] IPUIPlugin:80 - create IPUIPlugin
2024-11-07 20:20:09,797 [INFO] IPUIPlugin:80 - create IPUIPlugin
2024-11-07 20:20:09,797 [INFO] IPUIPlugin:80 - create IPUIPlugin
2024-11-07 20:20:09,798 [INFO] IPUIPlugin:80 - create IPUIPlugin
2024-11-07 20:20:09,798 [INFO] IPUIPlugin:80 - create IPUIPlugin
2024-11-07 20:20:09,798 [INFO] IPUIPlugin:80 - create IPUIPlugin
2024-11-07 20:20:09,799 [INFO] IPUIPlugin:80 - create IPUIPlugin
2024-11-07 20:20:09,799 [INFO] IPUIPlugin:80 - create IPUIPlugin
2024-11-07 20:20:09,799 [INFO] IPUIPlugin:80 - create IPUIPlugin
2024-11-07 20:20:09,800 [INFO] IPUIPlugin:80 - create IPUIPlugin
2024-11-07 20:20:09,800 [INFO] IPUIPlugin:80 - create IPUIPlugin
2024-11-07 20:20:09,800 [INFO] IPUIPlugin:80 - create IPUIPlugin
2024-11-07 20:20:09,800 [INFO] IPUIPlugin:80 - create IPUIPlugin
2024-11-07 20:20:09,801 [INFO] IPUIPlugin:80 - create IPUIPlugin
2024-11-07 20:20:09,801 [INFO] IPUIPlugin:80 - create IPUIPlugin
2024-11-07 20:20:09,801 [INFO] IPUIPlugin:80 - create IPUIPlugin
2024-11-07 20:20:09,801 [INFO] IPUIPlugin:80 - create IPUIPlugin
2024-11-07 20:20:09,801 [INFO] IPUIPlugin:80 - create IPUIPlugin
2024-11-07 20:20:09,801 [INFO] IPUIPlugin:80 - create IPUIPlugin
2024-11-07 20:20:09,802 [INFO] IPUIPlugin:80 - create IPUIPlugin
2024-11-07 20:20:09,802 [INFO] IPUIPlugin:80 - create IPUIPlugin
2024-11-07 20:20:09,802 [INFO] IPUIPlugin:80 - create IPUIPlugin
2024-11-07 20:20:09,803 [INFO] IPUIPlugin:80 - create IPUIPlugin
2024-11-07 20:20:09,803 [INFO] IPUIPlugin:80 - create IPUIPlugin
2024-11-07 20:20:09,804 [INFO] IPUIPlugin:80 - create IPUIPlugin
2024-11-07 20:20:09,804 [INFO] IPUIPlugin:80 - create IPUIPlugin
2024-11-07 20:20:09,805 [INFO] IPUIPlugin:80 - create IPUIPlugin
2024-11-07 20:20:09,805 [INFO] IPUIPlugin:80 - create IPUIPlugin
2024-11-07 20:20:09,806 [INFO] IPUIPlugin:80 - create IPUIPlugin
2024-11-07 20:20:09,807 [INFO] IPUIPlugin:80 - create IPUIPlugin
2024-11-07 20:20:09,886 [INFO] ApiDbMcu:508 - Load IP Config File for PDM2PCM
2024-11-07 20:20:09,927 [WARN] IP:2191 - I2C_Coeff_DF not found: check if there is a RefParameter without a condition.
2024-11-07 20:20:09,927 [WARN] IP:2191 - Analog_Filter not found: check if there is a RefParameter without a condition.
2024-11-07 20:20:09,934 [WARN] IP:2191 - I2C_Coeff_DF not found: check if there is a RefParameter without a condition.
2024-11-07 20:20:09,934 [WARN] IP:2191 - Analog_Filter not found: check if there is a RefParameter without a condition.
2024-11-07 20:20:10,744 [INFO] CADModel:165 - CPN selected for project levelSTM32F405RGT6
2024-11-07 20:20:10,747 [INFO] CADModel:114 - Register for checkConnection events
2024-11-07 20:20:10,825 [INFO] OpenFileManager:363 - Restore cursor
2024-11-07 20:20:11,636 [WARN] IP:2191 - I2C_Coeff_DF not found: check if there is a RefParameter without a condition.
2024-11-07 20:20:11,638 [WARN] IP:2191 - Analog_Filter not found: check if there is a RefParameter without a condition.
2024-11-07 20:20:11,638 [WARN] IP:2191 - I2C_Coeff_DF not found: check if there is a RefParameter without a condition.
2024-11-07 20:20:11,638 [WARN] IP:2191 - Analog_Filter not found: check if there is a RefParameter without a condition.
2024-11-07 20:20:11,652 [WARN] IP:2191 - I2C_Coeff_DF not found: check if there is a RefParameter without a condition.
2024-11-07 20:20:11,652 [WARN] IP:2191 - Analog_Filter not found: check if there is a RefParameter without a condition.
2024-11-07 20:20:11,653 [WARN] IP:2191 - I2C_Coeff_DF not found: check if there is a RefParameter without a condition.
2024-11-07 20:20:11,653 [WARN] IP:2191 - Analog_Filter not found: check if there is a RefParameter without a condition.
