2024-12-09 00:39:17,782 [INFO] WebApp:189 - Connection lost
2024-12-09 00:39:18,694 [INFO] WebApp:186 - Connection restablished
2024-12-09 00:56:06,043 [INFO] WebApp:189 - Connection lost
2024-12-09 00:56:06,784 [INFO] WebApp:186 - Connection restablished
2024-12-09 01:03:50,466 [INFO] WebApp:189 - Connection lost
2024-12-09 01:03:51,081 [INFO] WebApp:186 - Connection restablished
2024-12-09 01:10:57,568 [INFO] WebApp:189 - Connection lost
2024-12-09 01:10:58,586 [INFO] WebApp:186 - Connection restablished
2024-12-09 01:27:30,366 [INFO] WebApp:189 - Connection lost
2024-12-09 01:27:30,846 [INFO] WebApp:186 - Connection restablished
2024-12-09 01:44:18,487 [INFO] WebApp:189 - Connection lost
2024-12-09 01:44:18,959 [INFO] WebApp:186 - Connection restablished
2024-12-09 02:00:05,920 [INFO] WebApp:189 - Connection lost
2024-12-09 02:00:06,391 [INFO] WebApp:186 - Connection restablished
2024-12-09 02:15:53,053 [INFO] WebApp:189 - Connection lost
2024-12-09 02:15:53,553 [INFO] WebApp:186 - Connection restablished
2024-12-09 02:33:27,881 [INFO] WebApp:189 - Connection lost
2024-12-09 02:33:28,386 [INFO] WebApp:186 - Connection restablished
2024-12-09 02:50:11,344 [INFO] WebApp:189 - Connection lost
2024-12-09 02:50:11,802 [INFO] WebApp:186 - Connection restablished
2024-12-09 03:06:14,963 [INFO] WebApp:189 - Connection lost
2024-12-09 03:06:15,406 [INFO] WebApp:186 - Connection restablished
2024-12-09 03:22:02,097 [INFO] WebApp:189 - Connection lost
2024-12-09 03:22:02,471 [INFO] WebApp:186 - Connection restablished
2024-12-09 03:22:04,506 [INFO] WebApp:189 - Connection lost
2024-12-09 03:22:04,733 [INFO] WebApp:186 - Connection restablished
2024-12-09 03:38:02,128 [INFO] WebApp:189 - Connection lost
2024-12-09 03:38:02,723 [INFO] WebApp:186 - Connection restablished
2024-12-09 03:56:52,350 [INFO] WebApp:189 - Connection lost
2024-12-09 03:56:52,884 [INFO] WebApp:186 - Connection restablished
2024-12-09 04:14:16,347 [INFO] WebApp:189 - Connection lost
2024-12-09 04:14:16,790 [INFO] WebApp:186 - Connection restablished
2024-12-09 04:30:00,430 [INFO] WebApp:189 - Connection lost
2024-12-09 04:30:00,980 [INFO] WebApp:186 - Connection restablished
2024-12-09 05:03:15,348 [INFO] WebApp:189 - Connection lost
2024-12-09 05:03:15,862 [INFO] WebApp:186 - Connection restablished
2024-12-09 05:19:09,924 [INFO] WebApp:189 - Connection lost
2024-12-09 05:19:10,371 [INFO] WebApp:186 - Connection restablished
2024-12-09 05:36:52,812 [INFO] WebApp:189 - Connection lost
2024-12-09 05:36:53,250 [INFO] WebApp:186 - Connection restablished
2024-12-09 05:54:43,909 [INFO] WebApp:189 - Connection lost
2024-12-09 05:54:44,537 [INFO] WebApp:186 - Connection restablished
2024-12-09 06:11:59,985 [INFO] WebApp:189 - Connection lost
2024-12-09 06:12:00,451 [INFO] WebApp:186 - Connection restablished
2024-12-09 06:29:52,226 [INFO] WebApp:189 - Connection lost
2024-12-09 06:29:52,567 [INFO] WebApp:186 - Connection restablished
2024-12-09 06:47:18,517 [INFO] WebApp:189 - Connection lost
2024-12-09 06:47:19,067 [INFO] WebApp:186 - Connection restablished
2024-12-09 07:04:39,707 [INFO] WebApp:189 - Connection lost
2024-12-09 07:04:40,343 [INFO] WebApp:186 - Connection restablished
2024-12-09 07:22:05,780 [INFO] WebApp:189 - Connection lost
2024-12-09 07:22:06,285 [INFO] WebApp:186 - Connection restablished
2024-12-09 07:39:58,414 [INFO] WebApp:189 - Connection lost
2024-12-09 07:39:58,843 [INFO] WebApp:186 - Connection restablished
2024-12-09 07:57:43,847 [INFO] WebApp:189 - Connection lost
2024-12-09 07:57:44,259 [INFO] WebApp:186 - Connection restablished
2024-12-09 08:15:04,162 [INFO] WebApp:189 - Connection lost
2024-12-09 08:15:04,732 [INFO] WebApp:186 - Connection restablished
2024-12-09 08:15:06,398 [INFO] WebApp:189 - Connection lost
2024-12-09 08:15:06,623 [INFO] WebApp:186 - Connection restablished
2024-12-09 08:27:58,517 [INFO] WebApp:189 - Connection lost
2024-12-09 08:27:58,957 [INFO] WebApp:186 - Connection restablished
2024-12-09 08:28:00,735 [INFO] WebApp:189 - Connection lost
2024-12-09 08:28:00,874 [INFO] WebApp:186 - Connection restablished
2024-12-09 08:36:51,921 [INFO] WebApp:189 - Connection lost
2024-12-09 08:36:52,443 [INFO] WebApp:186 - Connection restablished
2024-12-09 08:36:56,283 [INFO] WebApp:189 - Connection lost
2024-12-09 08:36:56,495 [INFO] WebApp:186 - Connection restablished
2024-12-09 08:52:18,187 [INFO] WebApp:189 - Connection lost
2024-12-09 08:52:18,662 [INFO] WebApp:186 - Connection restablished
2024-12-09 09:04:39,193 [INFO] WebApp:189 - Connection lost
2024-12-09 09:04:39,887 [INFO] WebApp:186 - Connection restablished
2024-12-09 09:08:12,653 [INFO] WebApp:189 - Connection lost
2024-12-09 09:08:13,228 [INFO] WebApp:186 - Connection restablished
2024-12-09 09:23:19,457 [INFO] WebApp:189 - Connection lost
2024-12-09 09:23:19,908 [INFO] WebApp:186 - Connection restablished
2024-12-09 09:38:45,108 [INFO] WebApp:189 - Connection lost
2024-12-09 09:38:45,642 [INFO] WebApp:186 - Connection restablished
2024-12-09 09:54:11,962 [INFO] WebApp:189 - Connection lost
2024-12-09 09:54:12,425 [INFO] WebApp:186 - Connection restablished
2024-12-09 10:09:36,808 [INFO] WebApp:189 - Connection lost
2024-12-09 10:09:37,288 [INFO] WebApp:186 - Connection restablished
2024-12-09 10:25:01,922 [INFO] WebApp:189 - Connection lost
2024-12-09 10:25:02,363 [INFO] WebApp:186 - Connection restablished
2024-12-09 10:40:26,923 [INFO] WebApp:189 - Connection lost
2024-12-09 10:40:27,452 [INFO] WebApp:186 - Connection restablished
2024-12-09 10:55:51,909 [INFO] WebApp:189 - Connection lost
2024-12-09 10:55:52,441 [INFO] WebApp:186 - Connection restablished
2024-12-09 11:05:57,034 [INFO] WebApp:189 - Connection lost
2024-12-09 11:05:57,556 [INFO] WebApp:186 - Connection restablished
2024-12-09 11:21:22,235 [INFO] WebApp:189 - Connection lost
2024-12-09 11:21:22,703 [INFO] WebApp:186 - Connection restablished
2024-12-09 11:36:47,281 [INFO] WebApp:189 - Connection lost
2024-12-09 11:36:47,669 [INFO] WebApp:186 - Connection restablished
2024-12-09 11:36:49,681 [INFO] WebApp:189 - Connection lost
2024-12-09 11:36:49,811 [INFO] WebApp:186 - Connection restablished
2024-12-09 11:52:12,323 [INFO] WebApp:189 - Connection lost
2024-12-09 11:52:12,864 [INFO] WebApp:186 - Connection restablished
2024-12-09 12:06:57,995 [INFO] WebApp:189 - Connection lost
2024-12-09 12:06:58,497 [INFO] WebApp:186 - Connection restablished
2024-12-09 12:22:22,873 [INFO] WebApp:189 - Connection lost
2024-12-09 12:22:23,347 [INFO] WebApp:186 - Connection restablished
2024-12-09 12:37:48,027 [INFO] WebApp:189 - Connection lost
2024-12-09 12:37:48,526 [INFO] WebApp:186 - Connection restablished
2024-12-09 12:53:13,690 [INFO] WebApp:189 - Connection lost
2024-12-09 12:53:14,161 [INFO] WebApp:186 - Connection restablished
2024-12-09 13:07:58,951 [INFO] WebApp:189 - Connection lost
2024-12-09 13:07:59,393 [INFO] WebApp:186 - Connection restablished
2024-12-09 13:23:23,972 [INFO] WebApp:189 - Connection lost
2024-12-09 13:23:24,537 [INFO] WebApp:186 - Connection restablished
2024-12-09 13:38:49,291 [INFO] WebApp:189 - Connection lost
2024-12-09 13:38:49,776 [INFO] WebApp:186 - Connection restablished
2024-12-09 13:54:14,071 [INFO] WebApp:189 - Connection lost
2024-12-09 13:54:14,527 [INFO] WebApp:186 - Connection restablished
2024-12-09 15:01:56,586 [INFO] WebApp:189 - Connection lost
2024-12-09 15:01:57,426 [INFO] WebApp:186 - Connection restablished
2024-12-09 15:13:38,648 [INFO] WebApp:189 - Connection lost
2024-12-09 15:13:39,159 [INFO] WebApp:186 - Connection restablished
2024-12-09 16:52:19,824 [INFO] UtilMem:75 - End SaveConfig() Used Memory: 693472344 Bytes (1073741824)
2024-12-09 16:52:21,339 [INFO] BlockDiagram:2766 - set Specific Code input for plugin: NVIC
2024-12-09 16:52:21,339 [INFO] BlockDiagram:2766 - set Specific Code input for plugin: USART
2024-12-09 16:52:21,340 [INFO] BlockDiagram:2766 - set Specific Code input for plugin: TIM1_8F1
2024-12-09 16:52:21,340 [INFO] BlockDiagram:2766 - set Specific Code input for plugin: SYS
2024-12-09 16:52:21,340 [INFO] BlockDiagram:2766 - set Specific Code input for plugin: GPIO
2024-12-09 16:52:21,340 [INFO] BlockDiagram:2766 - set Specific Code input for plugin: ADC
2024-12-09 16:52:21,340 [INFO] BlockDiagram:2766 - set Specific Code input for plugin: RCC
2024-12-09 16:52:21,343 [INFO] CodeGenerator:807 - code generatio: config db path: /Applications/STM32CubeIDE.app/Contents/Eclipse/plugins/com.st.stm32cube.common.mx_6.12.1.202409122256//db/
2024-12-09 16:52:22,414 [INFO] CodeEngine:255 - oldGeneratedFile, /Users/apple/STM32CubeIDE/bluepill/BLUEPILL/MXTmpFiles/license.tmp_save
2024-12-09 16:52:23,484 [INFO] CodeEngine:279 - Generated code: /Users/apple/STM32CubeIDE/bluepill/BLUEPILL/MXTmpFiles/license.tmp
2024-12-09 16:52:23,755 [INFO] CodeEngine:255 - oldGeneratedFile, /Users/apple/STM32CubeIDE/bluepill/BLUEPILL/Core/Src/gpio.c_save
2024-12-09 16:52:24,140 [INFO] CodeEngine:279 - Generated code: /Users/apple/STM32CubeIDE/bluepill/BLUEPILL/Core/Src/gpio.c
2024-12-09 16:52:24,144 [INFO] CodeEngine:255 - oldGeneratedFile, /Users/apple/STM32CubeIDE/bluepill/BLUEPILL/Core/Inc/gpio.h_save
2024-12-09 16:52:24,326 [INFO] CodeEngine:279 - Generated code: /Users/apple/STM32CubeIDE/bluepill/BLUEPILL/Core/Inc/gpio.h
2024-12-09 16:52:25,155 [INFO] CodeEngine:255 - oldGeneratedFile, /Users/apple/STM32CubeIDE/bluepill/BLUEPILL/Core/Src/adc.c_save
2024-12-09 16:52:25,456 [INFO] CodeEngine:279 - Generated code: /Users/apple/STM32CubeIDE/bluepill/BLUEPILL/Core/Src/adc.c
2024-12-09 16:52:25,460 [INFO] CodeEngine:255 - oldGeneratedFile, /Users/apple/STM32CubeIDE/bluepill/BLUEPILL/Core/Inc/adc.h_save
2024-12-09 16:52:25,580 [INFO] CodeEngine:279 - Generated code: /Users/apple/STM32CubeIDE/bluepill/BLUEPILL/Core/Inc/adc.h
2024-12-09 16:52:25,585 [INFO] CodeEngine:255 - oldGeneratedFile, /Users/apple/STM32CubeIDE/bluepill/BLUEPILL/Core/Src/tim.c_save
2024-12-09 16:52:25,777 [INFO] CodeEngine:279 - Generated code: /Users/apple/STM32CubeIDE/bluepill/BLUEPILL/Core/Src/tim.c
2024-12-09 16:52:25,779 [INFO] CodeEngine:255 - oldGeneratedFile, /Users/apple/STM32CubeIDE/bluepill/BLUEPILL/Core/Inc/tim.h_save
2024-12-09 16:52:25,887 [INFO] CodeEngine:279 - Generated code: /Users/apple/STM32CubeIDE/bluepill/BLUEPILL/Core/Inc/tim.h
2024-12-09 16:52:25,899 [INFO] CodeEngine:255 - oldGeneratedFile, /Users/apple/STM32CubeIDE/bluepill/BLUEPILL/Core/Src/usart.c_save
2024-12-09 16:52:26,154 [INFO] CodeEngine:279 - Generated code: /Users/apple/STM32CubeIDE/bluepill/BLUEPILL/Core/Src/usart.c
2024-12-09 16:52:26,166 [INFO] CodeEngine:255 - oldGeneratedFile, /Users/apple/STM32CubeIDE/bluepill/BLUEPILL/Core/Inc/usart.h_save
2024-12-09 16:52:26,353 [INFO] CodeEngine:279 - Generated code: /Users/apple/STM32CubeIDE/bluepill/BLUEPILL/Core/Inc/usart.h
2024-12-09 16:52:26,382 [INFO] CodeEngine:255 - oldGeneratedFile, /Users/apple/STM32CubeIDE/bluepill/BLUEPILL/Core/Src/stm32f1xx_it.c_save
2024-12-09 16:52:26,675 [INFO] CodeEngine:279 - Generated code: /Users/apple/STM32CubeIDE/bluepill/BLUEPILL/Core/Src/stm32f1xx_it.c
2024-12-09 16:52:26,678 [INFO] CodeEngine:255 - oldGeneratedFile, /Users/apple/STM32CubeIDE/bluepill/BLUEPILL/Core/Inc/stm32f1xx_it.h_save
2024-12-09 16:52:26,801 [INFO] CodeEngine:279 - Generated code: /Users/apple/STM32CubeIDE/bluepill/BLUEPILL/Core/Inc/stm32f1xx_it.h
2024-12-09 16:52:26,821 [INFO] CodeEngine:255 - oldGeneratedFile, /Users/apple/STM32CubeIDE/bluepill/BLUEPILL/Core/Src/stm32f1xx_hal_msp.c_save
2024-12-09 16:52:27,025 [INFO] CodeEngine:279 - Generated code: /Users/apple/STM32CubeIDE/bluepill/BLUEPILL/Core/Src/stm32f1xx_hal_msp.c
2024-12-09 16:52:27,028 [INFO] CodeEngine:255 - oldGeneratedFile, /Users/apple/STM32CubeIDE/bluepill/BLUEPILL/MXTmpFiles/system.tmp_save
2024-12-09 16:52:27,154 [INFO] CodeEngine:279 - Generated code: /Users/apple/STM32CubeIDE/bluepill/BLUEPILL/MXTmpFiles/system.tmp
2024-12-09 16:52:27,169 [INFO] CodeEngine:311 - oldGeneratedFile, /Users/apple/STM32CubeIDE/bluepill/BLUEPILL/Core/Inc/stm32f1xx_hal_conf.h_save
2024-12-09 16:52:27,285 [INFO] CodeEngine:335 - Generated code: /Users/apple/STM32CubeIDE/bluepill/BLUEPILL/Core/Inc/stm32f1xx_hal_conf.h
2024-12-09 16:52:27,436 [INFO] CodeEngine:255 - oldGeneratedFile, /Users/apple/STM32CubeIDE/bluepill/BLUEPILL/Core/Inc/main.h_save
2024-12-09 16:52:27,619 [INFO] CodeEngine:279 - Generated code: /Users/apple/STM32CubeIDE/bluepill/BLUEPILL/Core/Inc/main.h
2024-12-09 16:52:27,624 [INFO] CodeEngine:255 - oldGeneratedFile, /Users/apple/STM32CubeIDE/bluepill/BLUEPILL/Core/Src/main.c_save
2024-12-09 16:52:28,037 [INFO] CodeEngine:279 - Generated code: /Users/apple/STM32CubeIDE/bluepill/BLUEPILL/Core/Src/main.c
2024-12-09 16:52:28,767 [INFO] ProjectBuilder:3249 - Time for Copy HAL[1] : 140mS.
2024-12-09 16:52:28,792 [INFO] ProjectBuilder:4828 - Project Generator version: 4.5.0-B34
2024-12-09 16:52:29,138 [INFO] ConfigFileManager:1531 - The Die is : DIE410
2024-12-09 16:52:29,502 [INFO] ApiDbMcu:508 - Load IP Config File for FATFS
2024-12-09 16:52:30,081 [INFO] ApiDbMcu:508 - Load IP Config File for FREERTOS
2024-12-09 16:52:30,626 [INFO] ApiDbMcu:508 - Load IP Config File for USB_DEVICE
2024-12-09 16:52:36,318 [INFO] ProjectBuilder:5097 - Time for Generating toolchain IDE Files: 7507mS.
2024-12-09 16:52:36,335 [INFO] ProjectBuilder:3107 - Time for Copy CMSIS : 4mS.
2024-12-09 16:52:36,338 [INFO] ProjectBuilder:3107 - Time for Copy CMSIS : 1mS.
2024-12-09 17:01:28,652 [INFO] UtilMem:75 - End SaveConfig() Used Memory: 826884712 Bytes (1073741824)
2024-12-09 17:01:29,133 [INFO] BlockDiagram:2766 - set Specific Code input for plugin: NVIC
2024-12-09 17:01:29,135 [INFO] BlockDiagram:2766 - set Specific Code input for plugin: USART
2024-12-09 17:01:29,136 [INFO] BlockDiagram:2766 - set Specific Code input for plugin: TIM1_8F1
2024-12-09 17:01:29,136 [INFO] BlockDiagram:2766 - set Specific Code input for plugin: SYS
2024-12-09 17:01:29,137 [INFO] BlockDiagram:2766 - set Specific Code input for plugin: GPIO
2024-12-09 17:01:29,137 [INFO] BlockDiagram:2766 - set Specific Code input for plugin: ADC
2024-12-09 17:01:29,137 [INFO] BlockDiagram:2766 - set Specific Code input for plugin: RCC
2024-12-09 17:01:29,140 [INFO] CodeGenerator:807 - code generatio: config db path: /Applications/STM32CubeIDE.app/Contents/Eclipse/plugins/com.st.stm32cube.common.mx_6.12.1.202409122256//db/
2024-12-09 17:01:29,520 [INFO] CodeEngine:255 - oldGeneratedFile, /Users/apple/STM32CubeIDE/bluepill/BLUEPILL/MXTmpFiles/license.tmp_save
2024-12-09 17:01:30,302 [INFO] CodeEngine:279 - Generated code: /Users/apple/STM32CubeIDE/bluepill/BLUEPILL/MXTmpFiles/license.tmp
2024-12-09 17:01:30,560 [INFO] CodeEngine:255 - oldGeneratedFile, /Users/apple/STM32CubeIDE/bluepill/BLUEPILL/Core/Src/gpio.c_save
2024-12-09 17:01:30,769 [INFO] CodeEngine:279 - Generated code: /Users/apple/STM32CubeIDE/bluepill/BLUEPILL/Core/Src/gpio.c
2024-12-09 17:01:30,771 [INFO] CodeEngine:255 - oldGeneratedFile, /Users/apple/STM32CubeIDE/bluepill/BLUEPILL/Core/Inc/gpio.h_save
2024-12-09 17:01:30,864 [INFO] CodeEngine:279 - Generated code: /Users/apple/STM32CubeIDE/bluepill/BLUEPILL/Core/Inc/gpio.h
2024-12-09 17:01:31,666 [INFO] CodeEngine:255 - oldGeneratedFile, /Users/apple/STM32CubeIDE/bluepill/BLUEPILL/Core/Src/adc.c_save
2024-12-09 17:01:31,908 [INFO] CodeEngine:279 - Generated code: /Users/apple/STM32CubeIDE/bluepill/BLUEPILL/Core/Src/adc.c
2024-12-09 17:01:31,910 [INFO] CodeEngine:255 - oldGeneratedFile, /Users/apple/STM32CubeIDE/bluepill/BLUEPILL/Core/Inc/adc.h_save
2024-12-09 17:01:31,998 [INFO] CodeEngine:279 - Generated code: /Users/apple/STM32CubeIDE/bluepill/BLUEPILL/Core/Inc/adc.h
2024-12-09 17:01:32,003 [INFO] CodeEngine:255 - oldGeneratedFile, /Users/apple/STM32CubeIDE/bluepill/BLUEPILL/Core/Src/tim.c_save
2024-12-09 17:01:32,133 [INFO] CodeEngine:279 - Generated code: /Users/apple/STM32CubeIDE/bluepill/BLUEPILL/Core/Src/tim.c
2024-12-09 17:01:32,137 [INFO] CodeEngine:255 - oldGeneratedFile, /Users/apple/STM32CubeIDE/bluepill/BLUEPILL/Core/Inc/tim.h_save
2024-12-09 17:01:32,226 [INFO] CodeEngine:279 - Generated code: /Users/apple/STM32CubeIDE/bluepill/BLUEPILL/Core/Inc/tim.h
2024-12-09 17:01:32,232 [INFO] CodeEngine:255 - oldGeneratedFile, /Users/apple/STM32CubeIDE/bluepill/BLUEPILL/Core/Src/usart.c_save
2024-12-09 17:01:32,363 [INFO] CodeEngine:279 - Generated code: /Users/apple/STM32CubeIDE/bluepill/BLUEPILL/Core/Src/usart.c
2024-12-09 17:01:32,365 [INFO] CodeEngine:255 - oldGeneratedFile, /Users/apple/STM32CubeIDE/bluepill/BLUEPILL/Core/Inc/usart.h_save
2024-12-09 17:01:32,458 [INFO] CodeEngine:279 - Generated code: /Users/apple/STM32CubeIDE/bluepill/BLUEPILL/Core/Inc/usart.h
2024-12-09 17:01:32,466 [INFO] CodeEngine:255 - oldGeneratedFile, /Users/apple/STM32CubeIDE/bluepill/BLUEPILL/Core/Src/stm32f1xx_it.c_save
2024-12-09 17:01:32,878 [INFO] CodeEngine:279 - Generated code: /Users/apple/STM32CubeIDE/bluepill/BLUEPILL/Core/Src/stm32f1xx_it.c
2024-12-09 17:01:32,882 [INFO] CodeEngine:255 - oldGeneratedFile, /Users/apple/STM32CubeIDE/bluepill/BLUEPILL/Core/Inc/stm32f1xx_it.h_save
2024-12-09 17:01:32,973 [INFO] CodeEngine:279 - Generated code: /Users/apple/STM32CubeIDE/bluepill/BLUEPILL/Core/Inc/stm32f1xx_it.h
2024-12-09 17:01:32,988 [INFO] CodeEngine:255 - oldGeneratedFile, /Users/apple/STM32CubeIDE/bluepill/BLUEPILL/Core/Src/stm32f1xx_hal_msp.c_save
2024-12-09 17:01:33,122 [INFO] CodeEngine:279 - Generated code: /Users/apple/STM32CubeIDE/bluepill/BLUEPILL/Core/Src/stm32f1xx_hal_msp.c
2024-12-09 17:01:33,124 [INFO] CodeEngine:255 - oldGeneratedFile, /Users/apple/STM32CubeIDE/bluepill/BLUEPILL/MXTmpFiles/system.tmp_save
2024-12-09 17:01:33,198 [INFO] CodeEngine:279 - Generated code: /Users/apple/STM32CubeIDE/bluepill/BLUEPILL/MXTmpFiles/system.tmp
2024-12-09 17:01:33,207 [INFO] CodeEngine:311 - oldGeneratedFile, /Users/apple/STM32CubeIDE/bluepill/BLUEPILL/Core/Inc/stm32f1xx_hal_conf.h_save
2024-12-09 17:01:33,298 [INFO] CodeEngine:335 - Generated code: /Users/apple/STM32CubeIDE/bluepill/BLUEPILL/Core/Inc/stm32f1xx_hal_conf.h
2024-12-09 17:01:33,372 [INFO] CodeEngine:255 - oldGeneratedFile, /Users/apple/STM32CubeIDE/bluepill/BLUEPILL/Core/Inc/main.h_save
2024-12-09 17:01:33,582 [INFO] CodeEngine:279 - Generated code: /Users/apple/STM32CubeIDE/bluepill/BLUEPILL/Core/Inc/main.h
2024-12-09 17:01:33,585 [INFO] CodeEngine:255 - oldGeneratedFile, /Users/apple/STM32CubeIDE/bluepill/BLUEPILL/Core/Src/main.c_save
2024-12-09 17:01:33,736 [INFO] CodeEngine:279 - Generated code: /Users/apple/STM32CubeIDE/bluepill/BLUEPILL/Core/Src/main.c
2024-12-09 17:01:34,347 [INFO] ProjectBuilder:3249 - Time for Copy HAL[1] : 174mS.
2024-12-09 17:01:34,364 [INFO] ProjectBuilder:4828 - Project Generator version: 4.5.0-B34
2024-12-09 17:01:34,594 [INFO] ConfigFileManager:1531 - The Die is : DIE410
2024-12-09 17:01:37,482 [INFO] ProjectBuilder:5097 - Time for Generating toolchain IDE Files: 3107mS.
2024-12-09 17:01:37,497 [INFO] ProjectBuilder:3107 - Time for Copy CMSIS : 1mS.
2024-12-09 17:01:37,502 [INFO] ProjectBuilder:3107 - Time for Copy CMSIS : 0mS.
2024-12-09 17:12:17,107 [INFO] MainUpdater:2873 - connection check result : 10
2024-12-09 17:12:17,116 [INFO] MainUpdater:2873 - connection check result : 10
2024-12-09 17:12:17,425 [INFO] MicroXplorer:468 - Change Database Path : 
2024-12-09 17:12:17,428 [INFO] MicroXplorer:498 - Change Database Version : DB.6.0.121
2024-12-09 17:12:17,498 [ERROR] ProjectManagerView:394 - 
java.lang.NullPointerException: Cannot invoke "javax.swing.JTextField.getText()" because the return value of "java.util.List.get(int)" is null
	at com.st.microxplorer.plugins.projectmanager.gui.ProjectChoiceTab$10.caretUpdate(ProjectChoiceTab.java:2622) ~[filemanager.jar:?]
	at javax.swing.text.JTextComponent.fireCaretUpdate(JTextComponent.java:412) ~[?:?]
	at javax.swing.text.JTextComponent$MutableCaretEvent.fire(JTextComponent.java:4491) ~[?:?]
	at javax.swing.text.JTextComponent$MutableCaretEvent.stateChanged(JTextComponent.java:4513) ~[?:?]
	at javax.swing.text.DefaultCaret.fireStateChanged(DefaultCaret.java:842) ~[?:?]
	at javax.swing.text.DefaultCaret.changeCaretPosition(DefaultCaret.java:1313) ~[?:?]
	at javax.swing.text.DefaultCaret.handleSetDot(DefaultCaret.java:1212) ~[?:?]
	at javax.swing.text.DefaultCaret.setDot(DefaultCaret.java:1193) ~[?:?]
	at javax.swing.text.DefaultCaret$Handler.insertUpdate(DefaultCaret.java:1789) ~[?:?]
	at javax.swing.text.AbstractDocument.fireInsertUpdate(AbstractDocument.java:226) ~[?:?]
	at javax.swing.text.AbstractDocument.handleInsertString(AbstractDocument.java:780) ~[?:?]
	at javax.swing.text.AbstractDocument.insertString(AbstractDocument.java:739) ~[?:?]
	at javax.swing.text.PlainDocument.insertString(PlainDocument.java:131) ~[?:?]
	at javax.swing.text.AbstractDocument.replace(AbstractDocument.java:698) ~[?:?]
	at javax.swing.text.JTextComponent.setText(JTextComponent.java:1729) ~[?:?]
	at com.st.microxplorer.plugins.projectmanager.gui.ProjectChoiceTab.createHeapStackFields(ProjectChoiceTab.java:972) ~[filemanager.jar:?]
	at com.st.microxplorer.plugins.projectmanager.gui.ProjectChoiceTab.buildLinkSettingsPanel(ProjectChoiceTab.java:3597) ~[filemanager.jar:?]
	at com.st.microxplorer.plugins.projectmanager.gui.ProjectChoiceTab.defineWindowsFields(ProjectChoiceTab.java:1940) ~[filemanager.jar:?]
	at com.st.microxplorer.plugins.projectmanager.gui.ProjectChoiceTab.updateSettings(ProjectChoiceTab.java:550) ~[filemanager.jar:?]
	at com.st.microxplorer.plugins.projectmanager.gui.ProjectSettingsPanel.UpdateDialog(ProjectSettingsPanel.java:245) ~[filemanager.jar:?]
	at com.st.microxplorer.plugins.projectmanager.ProjectManagerView.propertyChange(ProjectManagerView.java:391) ~[filemanager.jar:?]
	at java.beans.PropertyChangeSupport.fire(PropertyChangeSupport.java:343) ~[?:?]
	at java.beans.PropertyChangeSupport.firePropertyChange(PropertyChangeSupport.java:335) ~[?:?]
	at java.beans.PropertyChangeSupport.firePropertyChange(PropertyChangeSupport.java:268) ~[?:?]
	at com.st.microxplorer.util.MXPropertyChangeSupport.firePropertyChange(MXPropertyChangeSupport.java:54) ~[STM32CubeMX.jar:?]
	at com.st.microxplorer.mxsystem.MxSystem.closeConfig(MxSystem.java:900) ~[STM32CubeMX.jar:?]
	at com.st.microxplorer.maingui.MainPanel.closeConfig(MainPanel.java:781) ~[STM32CubeMX.jar:?]
	at com.st.microxplorer.plugins.filemanager.engine.OpenFileManager.loadConfigurationFile(OpenFileManager.java:265) ~[filemanager.jar:?]
	at com.st.microxplorer.plugins.filemanager.engine.MainFileManager.userLoadConfig(MainFileManager.java:352) ~[filemanager.jar:?]
	at com.st.microxplorer.plugins.filemanager.engine.MainFileManager.userLoadConfig(MainFileManager.java:330) ~[filemanager.jar:?]
	at com.st.microxplorer.plugins.filemanager.FileManagerView.getSpecificTask(FileManagerView.java:246) ~[filemanager.jar:?]
	at com.st.stm32cube.common.mx.editor.CubeMxEditor.getMxTabbedPaneInstance(CubeMxEditor.java:1198) ~[com.st.stm32cube.common.mx_6.12.1.202409122256/:?]
	at com.st.stm32cube.common.mx.editor.CubeMxEditor$12$1.createSwingComponent(CubeMxEditor.java:1068) ~[com.st.stm32cube.common.mx_6.12.1.202409122256/:?]
	at com.st.stm32cube.common.mx.oss.core.awtswtbridge.EmbeddedSwingComposite.doComponentCreation(EmbeddedSwingComposite.java:492) ~[com.st.stm32cube.common.mx.oss_6.12.1.202409122256/:?]
	at com.st.stm32cube.common.mx.oss.core.awtswtbridge.EmbeddedSwingComposite$4.run(EmbeddedSwingComposite.java:291) ~[com.st.stm32cube.common.mx.oss_6.12.1.202409122256/:?]
	at com.st.stm32cube.common.mx.oss.core.awtswtbridge.AwtEnvironment$2.run(AwtEnvironment.java:166) ~[com.st.stm32cube.common.mx.oss_6.12.1.202409122256/:?]
	at java.awt.event.InvocationEvent.dispatch(InvocationEvent.java:318) ~[?:?]
	at java.awt.EventQueue.dispatchEventImpl(EventQueue.java:773) ~[?:?]
	at java.awt.EventQueue$4.run(EventQueue.java:720) ~[?:?]
	at java.awt.EventQueue$4.run(EventQueue.java:714) ~[?:?]
	at java.security.AccessController.doPrivileged(AccessController.java:399) ~[?:?]
	at java.security.ProtectionDomain$JavaSecurityAccessImpl.doIntersectionPrivilege(ProtectionDomain.java:86) ~[?:?]
	at java.awt.EventQueue.dispatchEvent(EventQueue.java:742) ~[?:?]
	at java.awt.EventDispatchThread.pumpOneEventForFilters(EventDispatchThread.java:203) ~[?:?]
	at java.awt.EventDispatchThread.pumpEventsForFilter(EventDispatchThread.java:124) ~[?:?]
	at java.awt.EventDispatchThread.pumpEventsForHierarchy(EventDispatchThread.java:113) ~[?:?]
	at java.awt.EventDispatchThread.pumpEvents(EventDispatchThread.java:109) ~[?:?]
	at java.awt.EventDispatchThread.pumpEvents(EventDispatchThread.java:101) ~[?:?]
	at java.awt.EventDispatchThread.run(EventDispatchThread.java:90) ~[?:?]
2024-12-09 17:12:17,518 [WARN] ThirdParty:871 - waiting for thirdparty lock release [close project]
2024-12-09 17:12:17,518 [INFO] ThirdParty:873 - entering critical section [close project]
2024-12-09 17:12:17,518 [INFO] ThirdParty:883 - exiting critical section [close project]
2024-12-09 17:12:17,526 [INFO] PinOutPanel:1561 - setPackage(No Configuration,No Configuration)
2024-12-09 17:12:17,556 [INFO] UtilMem:75 - Begin LoadConfig() Used Memory: 748457440 Bytes (1073741824)
2024-12-09 17:12:17,559 [INFO] MicroXplorer:468 - Change Database Path : 
2024-12-09 17:12:17,561 [INFO] MicroXplorer:498 - Change Database Version : DB.6.0.121
2024-12-09 17:12:17,562 [INFO] OpenFileManager:332 - Change cursor
2024-12-09 17:12:17,614 [INFO] RulesReader:64 - Compatibility file has been processed (297 Rules)
2024-12-09 17:12:17,636 [INFO] Mcu:2032 - Initializing MCU STM32F103C(8-B)Tx STM32F103C8Tx STM32F103C8T6TR
2024-12-09 17:12:18,375 [INFO] Context:742 - Trying to add GPIOservice into a context  which must be forbidden
2024-12-09 17:12:18,793 [INFO] RtosManager:555 - Registered RTOS mode: class=CMSIS, group=RTOS, mode=CMSIS_V1, owner=FREERTOS
2024-12-09 17:12:18,793 [INFO] RtosManager:555 - Registered RTOS mode: class=CMSIS, group=RTOS2, mode=CMSIS_V2, owner=FREERTOS
2024-12-09 17:12:18,793 [INFO] RtosManager:555 - Registered RTOS mode: class=RTOS, group=Core, mode=CMSIS_V1, owner=FREERTOS
2024-12-09 17:12:18,793 [INFO] RtosManager:555 - Registered RTOS mode: class=RTOS, group=Core, mode=CMSIS_V2, owner=FREERTOS
2024-12-09 17:12:18,793 [WARN] ModelIntegratedComponent:184 - Missing modes for component STMicroelectronics:FreeRTOS:0.0.1:STMicroelectronics:RTOS:FreeRTOS:Core:::10.2.0:
2024-12-09 17:12:18,800 [WARN] ModelIntegratedComponent:63 - No mode defined for component null
2024-12-09 17:12:18,801 [WARN] ModelIntegratedComponent:63 - No mode defined for component null
2024-12-09 17:12:18,801 [WARN] ModelIntegratedComponent:63 - No mode defined for component null
2024-12-09 17:12:18,801 [WARN] ModelIntegratedComponent:63 - No mode defined for component null
2024-12-09 17:12:18,801 [WARN] ModelIntegratedComponent:63 - No mode defined for component null
2024-12-09 17:12:18,801 [WARN] ModelIntegratedComponent:63 - No mode defined for component null
2024-12-09 17:12:18,801 [WARN] ModelIntegratedComponent:63 - No mode defined for component null
2024-12-09 17:12:18,801 [WARN] ModelIntegratedComponent:63 - No mode defined for component null
2024-12-09 17:12:18,801 [WARN] ModelIntegratedComponent:63 - No mode defined for component null
2024-12-09 17:12:18,801 [WARN] ModelIntegratedComponent:63 - No mode defined for component null
2024-12-09 17:12:18,801 [WARN] ModelIntegratedComponent:63 - No mode defined for component null
2024-12-09 17:12:18,801 [WARN] ModelIntegratedComponent:63 - No mode defined for component null
2024-12-09 17:12:18,801 [WARN] ModelIntegratedComponent:63 - No mode defined for component null
2024-12-09 17:12:18,801 [WARN] ModelIntegratedComponent:63 - No mode defined for component null
2024-12-09 17:12:18,801 [WARN] ModelIntegratedComponent:63 - No mode defined for component null
2024-12-09 17:12:18,801 [WARN] ModelIntegratedComponent:63 - No mode defined for component null
2024-12-09 17:12:18,801 [WARN] ModelIntegratedComponent:63 - No mode defined for component null
2024-12-09 17:12:18,801 [WARN] ModelIntegratedComponent:63 - No mode defined for component null
2024-12-09 17:12:18,801 [WARN] ModelIntegratedComponent:63 - No mode defined for component null
2024-12-09 17:12:18,801 [WARN] ModelIntegratedComponent:63 - No mode defined for component null
2024-12-09 17:12:18,801 [WARN] ModelIntegratedComponent:63 - No mode defined for component null
2024-12-09 17:12:18,801 [WARN] ModelIntegratedComponent:63 - No mode defined for component null
2024-12-09 17:12:18,801 [WARN] ModelIntegratedComponent:63 - No mode defined for component null
2024-12-09 17:12:18,801 [WARN] ModelIntegratedComponent:63 - No mode defined for component null
2024-12-09 17:12:18,801 [WARN] ModelIntegratedComponent:63 - No mode defined for component null
2024-12-09 17:12:18,801 [WARN] ModelIntegratedComponent:63 - No mode defined for component null
2024-12-09 17:12:18,802 [WARN] ModelIntegratedComponent:63 - No mode defined for component null
2024-12-09 17:12:18,802 [WARN] ModelIntegratedComponent:63 - No mode defined for component null
2024-12-09 17:12:18,802 [WARN] ModelIntegratedComponent:63 - No mode defined for component null
2024-12-09 17:12:18,802 [WARN] ModelIntegratedComponent:63 - No mode defined for component null
2024-12-09 17:12:18,802 [WARN] ModelIntegratedComponent:63 - No mode defined for component null
2024-12-09 17:12:18,802 [WARN] ModelIntegratedComponent:63 - No mode defined for component null
2024-12-09 17:12:18,802 [WARN] ModelIntegratedComponent:63 - No mode defined for component null
2024-12-09 17:12:18,802 [WARN] ModelIntegratedComponent:63 - No mode defined for component null
2024-12-09 17:12:18,802 [WARN] ModelIntegratedComponent:63 - No mode defined for component null
2024-12-09 17:12:18,802 [WARN] ModelPack:524 - Component already loaded: STMicroelectronics:HAL Drivers:0.0.0:STMicroelectronics:Device:STMicro_Driver:XSPI:HAL::0.0.1:HAL_XSPI
2024-12-09 17:12:18,840 [INFO] ThirdPartyModel:298 - Start build external matchings
2024-12-09 17:12:19,178 [INFO] ThirdPartyModel:316 - End build external matchings
2024-12-09 17:12:19,204 [INFO] ImportTextPane:205 - (OptionalMessage_ERROR) IP (RCC) : Invalid parameter (FamilyName)
2024-12-09 17:12:19,204 [INFO] ImportTextPane:205 - (OptionalMessage_ERROR) IP (RCC) : Parameter (MCOFreq_Value) has invalid value (72000000)
2024-12-09 17:12:19,205 [INFO] ImportTextPane:205 - (OptionalMessage_ERROR) IP (RCC) : Parameter (USBFreq_Value) has invalid value (72000000)
2024-12-09 17:12:19,423 [INFO] UtilMem:75 - End LoadConfig() Used Memory: 682201056 Bytes (1073741824)
2024-12-09 17:12:19,512 [WARN] ThirdParty:833 - waiting for thirdparty lock release [change project]
2024-12-09 17:12:19,513 [INFO] ThirdParty:835 - entering critical section [change project]
2024-12-09 17:12:19,513 [INFO] ThirdParty:1030 - CMSIS Pack Vendor :STMicroelectronics USBPD 4.1
2024-12-09 17:12:19,513 [INFO] ThirdParty:1030 - CMSIS Pack Vendor :STMicroelectronics X-CUBE-AZRTOS-H7 3.3.0
2024-12-09 17:12:19,513 [INFO] ThirdParty:1030 - CMSIS Pack Vendor :STMicroelectronics X-CUBE-NFC9 1.0.0
2024-12-09 17:12:19,513 [INFO] ThirdParty:1030 - CMSIS Pack Vendor :STMicroelectronics USB_HOST 2.0.0
2024-12-09 17:12:19,513 [INFO] ThirdParty:1030 - CMSIS Pack Vendor :STMicroelectronics FP-SNS-MOTENVWB1 1.4.0
2024-12-09 17:12:19,513 [INFO] ThirdParty:1030 - CMSIS Pack Vendor :STMicroelectronics X-CUBE-AZRTOS-F4 1.1.0
2024-12-09 17:12:19,513 [INFO] ThirdParty:1030 - CMSIS Pack Vendor :STMicroelectronics LIBJPEG 8.0.0
2024-12-09 17:12:19,513 [INFO] ThirdParty:1030 - CMSIS Pack Vendor :STMicroelectronics FP-ATR-ASTRA1 2.0.1
2024-12-09 17:12:19,513 [INFO] ThirdParty:1030 - CMSIS Pack Vendor :STMicroelectronics X-CUBE-SMBUS 2.1.0
2024-12-09 17:12:19,513 [INFO] ThirdParty:1030 - CMSIS Pack Vendor :STMicroelectronics X-CUBE-WB05N 1.1.0
2024-12-09 17:12:19,514 [INFO] ThirdParty:1030 - CMSIS Pack Vendor :STMicroelectronics USB_DEVICE 3.0.0
2024-12-09 17:12:19,514 [INFO] ThirdParty:1030 - CMSIS Pack Vendor :STMicroelectronics X-CUBE-TCPP 4.1.0
2024-12-09 17:12:19,514 [INFO] ThirdParty:1030 - CMSIS Pack Vendor :STMicroelectronics X-CUBE-ISPU 2.1.0
2024-12-09 17:12:19,514 [INFO] ThirdParty:1030 - CMSIS Pack Vendor :STMicroelectronics X-CUBE-FREERTOS 1.2.0
2024-12-09 17:12:19,514 [INFO] ThirdParty:1030 - CMSIS Pack Vendor :STMicroelectronics X-CUBE-IPS 3.0.0
2024-12-09 17:12:19,514 [INFO] ThirdParty:1030 - CMSIS Pack Vendor :STMicroelectronics X-CUBE-AZRTOS-WB 2.0.0
2024-12-09 17:12:19,514 [INFO] ThirdParty:1030 - CMSIS Pack Vendor :STMicroelectronics X-CUBE-GNSS1 7.0.0
2024-12-09 17:12:19,514 [INFO] ThirdParty:1030 - CMSIS Pack Vendor :STMicroelectronics X-CUBE-AZRTOS-F7 1.1.0
2024-12-09 17:12:19,514 [INFO] ThirdParty:1030 - CMSIS Pack Vendor :STMicroelectronics X-CUBE-AZRTOS-L5 2.0.0
2024-12-09 17:12:19,514 [INFO] ThirdParty:1030 - CMSIS Pack Vendor :STMicroelectronics USB_DEVICE 2.0.0
2024-12-09 17:12:19,514 [INFO] ThirdParty:1030 - CMSIS Pack Vendor :STMicroelectronics X-CUBE-NFC6 3.1.0
2024-12-09 17:12:19,514 [INFO] ThirdParty:1030 - CMSIS Pack Vendor :STMicroelectronics FP-SNS-STBOX1 2.0.0
2024-12-09 17:12:19,514 [INFO] ThirdParty:1030 - CMSIS Pack Vendor :STMicroelectronics X-CUBE-MEMS1 11.0.0
2024-12-09 17:12:19,514 [INFO] ThirdParty:1030 - CMSIS Pack Vendor :STMicroelectronics FreeRTOS 0.0.1
2024-12-09 17:12:19,514 [INFO] ThirdParty:1030 - CMSIS Pack Vendor :STMicroelectronics X-CUBE-AZRTOS-G0 1.1.0
2024-12-09 17:12:19,514 [INFO] ThirdParty:1030 - CMSIS Pack Vendor :STMicroelectronics X-CUBE-SAFEA1 1.2.2
2024-12-09 17:12:19,514 [INFO] ThirdParty:1030 - CMSIS Pack Vendor :STMicroelectronics X-CUBE-NFC4 3.0.0
2024-12-09 17:12:19,514 [INFO] ThirdParty:1030 - CMSIS Pack Vendor :STMicroelectronics X-CUBE-DPower 1.2.0
2024-12-09 17:12:19,514 [INFO] ThirdParty:1030 - CMSIS Pack Vendor :STMicroelectronics X-CUBE-SUBG2 5.0.0
2024-12-09 17:12:19,514 [INFO] ThirdParty:1030 - CMSIS Pack Vendor :STMicroelectronics STM32_WPAN 1.0.0
2024-12-09 17:12:19,514 [INFO] ThirdParty:1030 - CMSIS Pack Vendor :EmbeddedOffice I-CUBE-FS-RTOS 1.0.1
2024-12-09 17:12:19,514 [INFO] ThirdParty:1030 - CMSIS Pack Vendor :STMicroelectronics lwIP 2.0.3
2024-12-09 17:12:19,514 [INFO] ThirdParty:1030 - CMSIS Pack Vendor :STMicroelectronics FP-SNS-FLIGHT1 5.0.2
2024-12-09 17:12:19,514 [INFO] ThirdParty:1030 - CMSIS Pack Vendor :Cesanta I-CUBE-Mongoose 7.13.0
2024-12-09 17:12:19,515 [INFO] ThirdParty:1030 - CMSIS Pack Vendor :STMicroelectronics USB_HOST 1.0.0
2024-12-09 17:12:19,515 [INFO] ThirdParty:1030 - CMSIS Pack Vendor :STMicroelectronics X-CUBE-AI 9.0.0
2024-12-09 17:12:19,515 [INFO] ThirdParty:1030 - CMSIS Pack Vendor :STMicroelectronics X-CUBE-AZRTOS-G4 2.0.0
2024-12-09 17:12:19,515 [INFO] ThirdParty:1030 - CMSIS Pack Vendor :STMicroelectronics PDM2PCM 3.1.0
2024-12-09 17:12:19,515 [INFO] ThirdParty:1030 - CMSIS Pack Vendor :STMicroelectronics PDM2PCM 3.3.0
2024-12-09 17:12:19,515 [INFO] ThirdParty:1030 - CMSIS Pack Vendor :STMicroelectronics X-CUBE-DISPLAY 3.0.0
2024-12-09 17:12:19,515 [INFO] ThirdParty:1030 - CMSIS Pack Vendor :RealThread X-CUBE-RT-Thread_Nano 4.1.1
2024-12-09 17:12:19,515 [INFO] ThirdParty:1030 - CMSIS Pack Vendor :STMicroelectronics X-CUBE-BLE1 7.0.0
2024-12-09 17:12:19,515 [INFO] ThirdParty:1030 - CMSIS Pack Vendor :STMicroelectronics FP-ATR-SIGFOX1 3.2.0
2024-12-09 17:12:19,515 [INFO] ThirdParty:1030 - CMSIS Pack Vendor :STMicroelectronics X-CUBE-NFC10 1.0.0
2024-12-09 17:12:19,515 [INFO] ThirdParty:1030 - CMSIS Pack Vendor :wolfSSL I-CUBE-wolfSSL 5.7.2
2024-12-09 17:12:19,515 [INFO] ThirdParty:1030 - CMSIS Pack Vendor :quantropi X-CUBE-qispace-sdk-base 1.9.3
2024-12-09 17:12:19,515 [INFO] ThirdParty:1030 - CMSIS Pack Vendor :STMicroelectronics X-CUBE-EEPRMA1 5.1.0
2024-12-09 17:12:19,515 [INFO] ThirdParty:1030 - CMSIS Pack Vendor :STMicroelectronics HAL Drivers 0.0.0
2024-12-09 17:12:19,515 [INFO] ThirdParty:1030 - CMSIS Pack Vendor :STMicroelectronics MBEDTLS 2.16.2
2024-12-09 17:12:19,515 [INFO] ThirdParty:1030 - CMSIS Pack Vendor :STMicroelectronics X-CUBE-ALS 1.0.2
2024-12-09 17:12:19,515 [INFO] ThirdParty:1030 - CMSIS Pack Vendor :emotas I-CUBE-CANOPEN 1.3.0
2024-12-09 17:12:19,515 [INFO] ThirdParty:1030 - CMSIS Pack Vendor :STMicroelectronics X-CUBE-NFC7 1.0.1
2024-12-09 17:12:19,515 [INFO] ThirdParty:1030 - CMSIS Pack Vendor :STMicroelectronics MBEDTLS 2.14.1
2024-12-09 17:12:19,515 [INFO] ThirdParty:1030 - CMSIS Pack Vendor :STMicroelectronics X-CUBE-TOUCHGFX 4.24.0
2024-12-09 17:12:19,515 [INFO] ThirdParty:1030 - CMSIS Pack Vendor :ITTIA_DB I-CUBE-ITTIADB 8.9.0
2024-12-09 17:12:19,515 [INFO] ThirdParty:1030 - CMSIS Pack Vendor :STMicroelectronics X-CUBE-TOUCHGFX 4.24.1
2024-12-09 17:12:19,515 [INFO] ThirdParty:1030 - CMSIS Pack Vendor :wolfSSL I-CUBE-wolfTPM 3.4.0
2024-12-09 17:12:19,515 [INFO] ThirdParty:1030 - CMSIS Pack Vendor :portGmbH I-Cube-SoM-uGOAL 1.1.0
2024-12-09 17:12:19,515 [INFO] ThirdParty:1030 - CMSIS Pack Vendor :STMicroelectronics X-CUBE-BLEMGR 3.1.0
2024-12-09 17:12:19,515 [INFO] ThirdParty:1030 - CMSIS Pack Vendor :STMicroelectronics ThreadX 1.0.0
2024-12-09 17:12:19,515 [INFO] ThirdParty:1030 - CMSIS Pack Vendor :STMicroelectronics FP-SNS-SMARTAG2 1.2.0
2024-12-09 17:12:19,515 [INFO] ThirdParty:1030 - CMSIS Pack Vendor :STMicroelectronics X-CUBE-AZRTOS-WL 2.0.0
2024-12-09 17:12:19,515 [INFO] ThirdParty:1030 - CMSIS Pack Vendor :SEGGER I-CUBE-embOS 1.3.1
2024-12-09 17:12:19,515 [INFO] ThirdParty:1030 - CMSIS Pack Vendor :STMicroelectronics X-CUBE-ALGOBUILD 1.4.0
2024-12-09 17:12:19,515 [INFO] ThirdParty:1030 - CMSIS Pack Vendor :STMicroelectronics FP-SNS-MOTENV1 5.0.0
2024-12-09 17:12:19,515 [INFO] ThirdParty:1030 - CMSIS Pack Vendor :STMicroelectronics USB_DEVICE 1.0.0
2024-12-09 17:12:19,515 [INFO] ThirdParty:1030 - CMSIS Pack Vendor :STMicroelectronics X-CUBE-AZRTOS-H7RS 1.0.0
2024-12-09 17:12:19,515 [INFO] ThirdParty:1030 - CMSIS Pack Vendor :wolfSSL I-CUBE-wolfMQTT 1.19.0
2024-12-09 17:12:19,515 [INFO] ThirdParty:1030 - CMSIS Pack Vendor :STMicroelectronics X-CUBE-AZRTOS-L4 2.0.0
2024-12-09 17:12:19,516 [INFO] ThirdParty:1030 - CMSIS Pack Vendor :STMicroelectronics ThreadX 0.0.2
2024-12-09 17:12:19,516 [INFO] ThirdParty:1030 - CMSIS Pack Vendor :WES I-CUBE-Cesium 1.3.0
2024-12-09 17:12:19,516 [INFO] ThirdParty:1030 - CMSIS Pack Vendor :STMicroelectronics FP-ATR-ASTRA1 2.0.0
2024-12-09 17:12:19,516 [INFO] ThirdParty:1030 - CMSIS Pack Vendor :STMicroelectronics lwIP 2.1.2
2024-12-09 17:12:19,516 [INFO] ThirdParty:1030 - CMSIS Pack Vendor :STMicroelectronics X-CUBE-SFXS2LP1 4.0.0
2024-12-09 17:12:19,516 [INFO] ThirdParty:1030 - CMSIS Pack Vendor :STMicroelectronics X-CUBE-BLE2 3.3.0
2024-12-09 17:12:19,516 [INFO] ThirdParty:1030 - CMSIS Pack Vendor :STMicroelectronics X-CUBE-TOF1 3.4.2
2024-12-09 17:12:19,516 [INFO] ThirdParty:1030 - CMSIS Pack Vendor :STMicroelectronics X-CUBE-AI 9.1.0
2024-12-09 17:12:19,516 [INFO] ThirdParty:1030 - CMSIS Pack Vendor :Infineon AIROC-Wi-Fi-Bluetooth-STM32 1.6.1
2024-12-09 17:12:19,516 [INFO] ThirdParty:1030 - CMSIS Pack Vendor :STMicroelectronics PDM2PCM 3.2.0
2024-12-09 17:12:19,516 [INFO] ThirdParty:1030 - CMSIS Pack Vendor :wolfSSL I-CUBE-wolfSSH 1.4.17
2024-12-09 17:12:19,516 [INFO] ThirdParty:841 - exiting critical section [change project]
2024-12-09 17:12:20,139 [INFO] PinOutPanel:1561 - setPackage(No Configuration,No Configuration)
2024-12-09 17:12:20,162 [INFO] PinOutPanel:1561 - setPackage(STM32F103C8Tx,LQFP48)
2024-12-09 17:12:20,652 [INFO] UtilMem:75 - Before build in PCC Used Memory: 802785248 Bytes (1073741824)
2024-12-09 17:12:21,137 [INFO] UtilMem:75 - After build in PCC Used Memory: 844704264 Bytes (1073741824)
2024-12-09 17:12:21,184 [INFO] IPUIPlugin:80 - create IPUIPlugin
2024-12-09 17:12:21,184 [INFO] IPUIPlugin:80 - create IPUIPlugin
2024-12-09 17:12:21,185 [INFO] IPUIPlugin:80 - create IPUIPlugin
2024-12-09 17:12:21,185 [INFO] IPUIPlugin:80 - create IPUIPlugin
2024-12-09 17:12:21,185 [INFO] IPUIPlugin:80 - create IPUIPlugin
2024-12-09 17:12:21,185 [INFO] IPUIPlugin:80 - create IPUIPlugin
2024-12-09 17:12:21,185 [INFO] IPUIPlugin:80 - create IPUIPlugin
2024-12-09 17:12:21,185 [INFO] IPUIPlugin:80 - create IPUIPlugin
2024-12-09 17:12:21,186 [INFO] IPUIPlugin:80 - create IPUIPlugin
2024-12-09 17:12:21,186 [INFO] IPUIPlugin:80 - create IPUIPlugin
2024-12-09 17:12:21,186 [INFO] IPUIPlugin:80 - create IPUIPlugin
2024-12-09 17:12:21,186 [INFO] IPUIPlugin:80 - create IPUIPlugin
2024-12-09 17:12:21,186 [INFO] IPUIPlugin:80 - create IPUIPlugin
2024-12-09 17:12:21,187 [INFO] IPUIPlugin:80 - create IPUIPlugin
2024-12-09 17:12:21,187 [INFO] IPUIPlugin:80 - create IPUIPlugin
2024-12-09 17:12:21,187 [INFO] IPUIPlugin:80 - create IPUIPlugin
2024-12-09 17:12:21,187 [INFO] IPUIPlugin:80 - create IPUIPlugin
2024-12-09 17:12:21,187 [INFO] IPUIPlugin:80 - create IPUIPlugin
2024-12-09 17:12:21,187 [INFO] IPUIPlugin:80 - create IPUIPlugin
2024-12-09 17:12:21,187 [INFO] IPUIPlugin:80 - create IPUIPlugin
2024-12-09 17:12:21,187 [INFO] IPUIPlugin:80 - create IPUIPlugin
2024-12-09 17:12:21,187 [INFO] IPUIPlugin:80 - create IPUIPlugin
2024-12-09 17:12:21,188 [INFO] IPUIPlugin:80 - create IPUIPlugin
2024-12-09 17:12:21,188 [INFO] IPUIPlugin:80 - create IPUIPlugin
2024-12-09 17:12:21,188 [INFO] IPUIPlugin:80 - create IPUIPlugin
2024-12-09 17:12:21,188 [INFO] IPUIPlugin:80 - create IPUIPlugin
2024-12-09 17:12:21,188 [INFO] IPUIPlugin:80 - create IPUIPlugin
2024-12-09 17:12:21,347 [INFO] CADModel:165 - CPN selected for project levelSTM32F103C8T6TR
2024-12-09 17:12:21,347 [INFO] CADModel:114 - Register for checkConnection events
2024-12-09 17:12:21,389 [INFO] OpenFileManager:363 - Restore cursor
2024-12-09 17:12:37,631 [INFO] ADCParametersView:116 -                Rank 1 : false
2024-12-09 17:12:37,790 [INFO] ADCParametersView:116 -                Rank 1 : false
2024-12-09 17:12:37,790 [INFO] ADCParametersView:116 -                Rank 1 : false
2024-12-09 17:12:37,792 [INFO] ADCParametersView:116 -                Rank 1 : false
2024-12-09 17:12:37,797 [INFO] ADCParametersView:116 -                Rank 1 : false
2024-12-09 17:12:37,798 [INFO] ADCParametersView:116 -                Rank 1 : false
2024-12-09 17:12:37,798 [INFO] ADCParametersView:116 -                Rank 1 : false
2024-12-09 17:12:37,800 [INFO] ADCParametersView:116 -                Rank 1 : false
2024-12-09 17:12:37,800 [INFO] ADCParametersView:116 -                Rank 1 : false
2024-12-09 17:12:37,800 [INFO] ADCParametersView:116 -                Rank 1 : false
2024-12-09 17:12:37,800 [INFO] ADCParametersView:116 -                Rank 1 : false
2024-12-09 17:12:37,821 [INFO] ADCParametersView:116 -                Rank 1 : false
2024-12-09 17:13:37,781 [INFO] NvicIntPanel:101 - NVIC parent = com.st.microxplorer.plugins.ip.nvic.MultiNvicIntPanel[,0,0,0x0,invalid,layout=javax.swing.BoxLayout,alignmentX=0.0,alignmentY=0.0,border=,flags=9,maximumSize=,minimumSize=,preferredSize=]
2024-12-09 17:13:37,902 [INFO] Can:71 - Can Add PropertyChangeListener com.st.microxplorer.plugins.ip.can.Can@47e7083f
2024-12-09 17:13:55,662 [INFO] UtilMem:75 - End SaveConfig() Used Memory: 711867776 Bytes (1073741824)
2024-12-09 17:13:55,987 [INFO] UtilMem:75 - End SaveConfig() Used Memory: 742547768 Bytes (1073741824)
2024-12-09 17:13:56,352 [INFO] UtilMem:75 - End SaveConfig() Used Memory: 762831840 Bytes (1073741824)
2024-12-09 17:13:56,559 [INFO] BlockDiagram:2766 - set Specific Code input for plugin: NVIC
2024-12-09 17:13:56,559 [INFO] BlockDiagram:2766 - set Specific Code input for plugin: USART
2024-12-09 17:13:56,559 [INFO] BlockDiagram:2766 - set Specific Code input for plugin: TIM1_8F1
2024-12-09 17:13:56,559 [INFO] BlockDiagram:2766 - set Specific Code input for plugin: SYS
2024-12-09 17:13:56,560 [INFO] BlockDiagram:2766 - set Specific Code input for plugin: GPIO
2024-12-09 17:13:56,560 [INFO] BlockDiagram:2766 - set Specific Code input for plugin: ADC
2024-12-09 17:13:56,560 [INFO] BlockDiagram:2766 - set Specific Code input for plugin: RCC
2024-12-09 17:13:56,561 [INFO] CodeGenerator:807 - code generatio: config db path: /Applications/STM32CubeIDE.app/Contents/Eclipse/plugins/com.st.stm32cube.common.mx_6.12.1.202409122256//db/
2024-12-09 17:13:56,780 [INFO] CodeEngine:255 - oldGeneratedFile, /Users/apple/STM32CubeIDE/bluepill/BLUEPILL/MXTmpFiles/license.tmp_save
2024-12-09 17:13:57,053 [INFO] CodeEngine:279 - Generated code: /Users/apple/STM32CubeIDE/bluepill/BLUEPILL/MXTmpFiles/license.tmp
2024-12-09 17:13:57,243 [INFO] CodeEngine:255 - oldGeneratedFile, /Users/apple/STM32CubeIDE/bluepill/BLUEPILL/Core/Src/gpio.c_save
2024-12-09 17:13:57,388 [INFO] CodeEngine:279 - Generated code: /Users/apple/STM32CubeIDE/bluepill/BLUEPILL/Core/Src/gpio.c
2024-12-09 17:13:57,390 [INFO] CodeEngine:255 - oldGeneratedFile, /Users/apple/STM32CubeIDE/bluepill/BLUEPILL/Core/Inc/gpio.h_save
2024-12-09 17:13:57,468 [INFO] CodeEngine:279 - Generated code: /Users/apple/STM32CubeIDE/bluepill/BLUEPILL/Core/Inc/gpio.h
2024-12-09 17:13:58,089 [INFO] CodeEngine:255 - oldGeneratedFile, /Users/apple/STM32CubeIDE/bluepill/BLUEPILL/Core/Src/adc.c_save
2024-12-09 17:13:58,325 [INFO] CodeEngine:279 - Generated code: /Users/apple/STM32CubeIDE/bluepill/BLUEPILL/Core/Src/adc.c
2024-12-09 17:13:58,343 [INFO] CodeEngine:255 - oldGeneratedFile, /Users/apple/STM32CubeIDE/bluepill/BLUEPILL/Core/Inc/adc.h_save
2024-12-09 17:13:58,460 [INFO] CodeEngine:279 - Generated code: /Users/apple/STM32CubeIDE/bluepill/BLUEPILL/Core/Inc/adc.h
2024-12-09 17:13:58,479 [INFO] CodeEngine:255 - oldGeneratedFile, /Users/apple/STM32CubeIDE/bluepill/BLUEPILL/Core/Src/tim.c_save
2024-12-09 17:13:58,629 [INFO] CodeEngine:279 - Generated code: /Users/apple/STM32CubeIDE/bluepill/BLUEPILL/Core/Src/tim.c
2024-12-09 17:13:58,634 [INFO] CodeEngine:255 - oldGeneratedFile, /Users/apple/STM32CubeIDE/bluepill/BLUEPILL/Core/Inc/tim.h_save
2024-12-09 17:13:58,722 [INFO] CodeEngine:279 - Generated code: /Users/apple/STM32CubeIDE/bluepill/BLUEPILL/Core/Inc/tim.h
2024-12-09 17:13:58,726 [INFO] CodeEngine:255 - oldGeneratedFile, /Users/apple/STM32CubeIDE/bluepill/BLUEPILL/Core/Src/usart.c_save
2024-12-09 17:13:58,840 [INFO] CodeEngine:279 - Generated code: /Users/apple/STM32CubeIDE/bluepill/BLUEPILL/Core/Src/usart.c
2024-12-09 17:13:58,841 [INFO] CodeEngine:255 - oldGeneratedFile, /Users/apple/STM32CubeIDE/bluepill/BLUEPILL/Core/Inc/usart.h_save
2024-12-09 17:13:58,918 [INFO] CodeEngine:279 - Generated code: /Users/apple/STM32CubeIDE/bluepill/BLUEPILL/Core/Inc/usart.h
2024-12-09 17:13:58,924 [INFO] CodeEngine:255 - oldGeneratedFile, /Users/apple/STM32CubeIDE/bluepill/BLUEPILL/Core/Src/stm32f1xx_it.c_save
2024-12-09 17:13:59,172 [INFO] CodeEngine:279 - Generated code: /Users/apple/STM32CubeIDE/bluepill/BLUEPILL/Core/Src/stm32f1xx_it.c
2024-12-09 17:13:59,175 [INFO] CodeEngine:255 - oldGeneratedFile, /Users/apple/STM32CubeIDE/bluepill/BLUEPILL/Core/Inc/stm32f1xx_it.h_save
2024-12-09 17:13:59,269 [INFO] CodeEngine:279 - Generated code: /Users/apple/STM32CubeIDE/bluepill/BLUEPILL/Core/Inc/stm32f1xx_it.h
2024-12-09 17:13:59,280 [INFO] CodeEngine:255 - oldGeneratedFile, /Users/apple/STM32CubeIDE/bluepill/BLUEPILL/Core/Src/stm32f1xx_hal_msp.c_save
2024-12-09 17:13:59,397 [INFO] CodeEngine:279 - Generated code: /Users/apple/STM32CubeIDE/bluepill/BLUEPILL/Core/Src/stm32f1xx_hal_msp.c
2024-12-09 17:13:59,401 [INFO] CodeEngine:255 - oldGeneratedFile, /Users/apple/STM32CubeIDE/bluepill/BLUEPILL/MXTmpFiles/system.tmp_save
2024-12-09 17:13:59,475 [INFO] CodeEngine:279 - Generated code: /Users/apple/STM32CubeIDE/bluepill/BLUEPILL/MXTmpFiles/system.tmp
2024-12-09 17:13:59,483 [INFO] CodeEngine:311 - oldGeneratedFile, /Users/apple/STM32CubeIDE/bluepill/BLUEPILL/Core/Inc/stm32f1xx_hal_conf.h_save
2024-12-09 17:13:59,578 [INFO] CodeEngine:335 - Generated code: /Users/apple/STM32CubeIDE/bluepill/BLUEPILL/Core/Inc/stm32f1xx_hal_conf.h
2024-12-09 17:13:59,714 [INFO] CodeEngine:255 - oldGeneratedFile, /Users/apple/STM32CubeIDE/bluepill/BLUEPILL/Core/Inc/main.h_save
2024-12-09 17:13:59,824 [INFO] CodeEngine:279 - Generated code: /Users/apple/STM32CubeIDE/bluepill/BLUEPILL/Core/Inc/main.h
2024-12-09 17:13:59,827 [INFO] CodeEngine:255 - oldGeneratedFile, /Users/apple/STM32CubeIDE/bluepill/BLUEPILL/Core/Src/main.c_save
2024-12-09 17:13:59,957 [INFO] CodeEngine:279 - Generated code: /Users/apple/STM32CubeIDE/bluepill/BLUEPILL/Core/Src/main.c
2024-12-09 17:14:00,267 [INFO] ProjectBuilder:3249 - Time for Copy HAL[1] : 73mS.
2024-12-09 17:14:00,273 [INFO] ProjectBuilder:4828 - Project Generator version: 4.5.0-B34
2024-12-09 17:14:00,369 [INFO] ConfigFileManager:1531 - The Die is : DIE410
2024-12-09 17:14:00,409 [INFO] ApiDbMcu:508 - Load IP Config File for FATFS
2024-12-09 17:14:00,599 [INFO] ApiDbMcu:508 - Load IP Config File for FREERTOS
2024-12-09 17:14:00,750 [INFO] ApiDbMcu:508 - Load IP Config File for USB_DEVICE
2024-12-09 17:14:02,370 [INFO] ProjectBuilder:5097 - Time for Generating toolchain IDE Files: 2097mS.
2024-12-09 17:14:02,371 [INFO] ProjectBuilder:3107 - Time for Copy CMSIS : 0mS.
2024-12-09 17:14:02,372 [INFO] ProjectBuilder:3107 - Time for Copy CMSIS : 0mS.
2024-12-09 17:14:44,229 [INFO] UtilMem:75 - End SaveConfig() Used Memory: 856517296 Bytes (1073741824)
2024-12-09 17:14:44,400 [INFO] UtilMem:75 - End SaveConfig() Used Memory: 870902888 Bytes (1073741824)
2024-12-09 17:14:44,826 [INFO] UtilMem:75 - End SaveConfig() Used Memory: 921622640 Bytes (1073741824)
2024-12-09 17:14:45,095 [INFO] BlockDiagram:2766 - set Specific Code input for plugin: NVIC
2024-12-09 17:14:45,095 [INFO] BlockDiagram:2766 - set Specific Code input for plugin: USART
2024-12-09 17:14:45,095 [INFO] BlockDiagram:2766 - set Specific Code input for plugin: TIM1_8F1
2024-12-09 17:14:45,095 [INFO] BlockDiagram:2766 - set Specific Code input for plugin: SYS
2024-12-09 17:14:45,095 [INFO] BlockDiagram:2766 - set Specific Code input for plugin: GPIO
2024-12-09 17:14:45,095 [INFO] BlockDiagram:2766 - set Specific Code input for plugin: ADC
2024-12-09 17:14:45,095 [INFO] BlockDiagram:2766 - set Specific Code input for plugin: RCC
2024-12-09 17:14:45,096 [INFO] CodeGenerator:807 - code generatio: config db path: /Applications/STM32CubeIDE.app/Contents/Eclipse/plugins/com.st.stm32cube.common.mx_6.12.1.202409122256//db/
2024-12-09 17:14:45,199 [INFO] CodeEngine:255 - oldGeneratedFile, /Users/apple/STM32CubeIDE/bluepill/BLUEPILL/MXTmpFiles/license.tmp_save
2024-12-09 17:14:45,327 [INFO] CodeEngine:279 - Generated code: /Users/apple/STM32CubeIDE/bluepill/BLUEPILL/MXTmpFiles/license.tmp
2024-12-09 17:14:45,385 [INFO] CodeEngine:255 - oldGeneratedFile, /Users/apple/STM32CubeIDE/bluepill/BLUEPILL/Core/Src/gpio.c_save
2024-12-09 17:14:45,501 [INFO] CodeEngine:279 - Generated code: /Users/apple/STM32CubeIDE/bluepill/BLUEPILL/Core/Src/gpio.c
2024-12-09 17:14:45,503 [INFO] CodeEngine:255 - oldGeneratedFile, /Users/apple/STM32CubeIDE/bluepill/BLUEPILL/Core/Inc/gpio.h_save
2024-12-09 17:14:45,581 [INFO] CodeEngine:279 - Generated code: /Users/apple/STM32CubeIDE/bluepill/BLUEPILL/Core/Inc/gpio.h
2024-12-09 17:14:46,371 [INFO] CodeEngine:255 - oldGeneratedFile, /Users/apple/STM32CubeIDE/bluepill/BLUEPILL/Core/Src/adc.c_save
2024-12-09 17:14:46,511 [INFO] CodeEngine:279 - Generated code: /Users/apple/STM32CubeIDE/bluepill/BLUEPILL/Core/Src/adc.c
2024-12-09 17:14:46,513 [INFO] CodeEngine:255 - oldGeneratedFile, /Users/apple/STM32CubeIDE/bluepill/BLUEPILL/Core/Inc/adc.h_save
2024-12-09 17:14:46,600 [INFO] CodeEngine:279 - Generated code: /Users/apple/STM32CubeIDE/bluepill/BLUEPILL/Core/Inc/adc.h
2024-12-09 17:14:46,605 [INFO] CodeEngine:255 - oldGeneratedFile, /Users/apple/STM32CubeIDE/bluepill/BLUEPILL/Core/Src/tim.c_save
2024-12-09 17:14:46,716 [INFO] CodeEngine:279 - Generated code: /Users/apple/STM32CubeIDE/bluepill/BLUEPILL/Core/Src/tim.c
2024-12-09 17:14:46,717 [INFO] CodeEngine:255 - oldGeneratedFile, /Users/apple/STM32CubeIDE/bluepill/BLUEPILL/Core/Inc/tim.h_save
2024-12-09 17:14:46,799 [INFO] CodeEngine:279 - Generated code: /Users/apple/STM32CubeIDE/bluepill/BLUEPILL/Core/Inc/tim.h
2024-12-09 17:14:46,803 [INFO] CodeEngine:255 - oldGeneratedFile, /Users/apple/STM32CubeIDE/bluepill/BLUEPILL/Core/Src/usart.c_save
2024-12-09 17:14:46,911 [INFO] CodeEngine:279 - Generated code: /Users/apple/STM32CubeIDE/bluepill/BLUEPILL/Core/Src/usart.c
2024-12-09 17:14:46,913 [INFO] CodeEngine:255 - oldGeneratedFile, /Users/apple/STM32CubeIDE/bluepill/BLUEPILL/Core/Inc/usart.h_save
2024-12-09 17:14:46,989 [INFO] CodeEngine:279 - Generated code: /Users/apple/STM32CubeIDE/bluepill/BLUEPILL/Core/Inc/usart.h
2024-12-09 17:14:46,996 [INFO] CodeEngine:255 - oldGeneratedFile, /Users/apple/STM32CubeIDE/bluepill/BLUEPILL/Core/Src/stm32f1xx_it.c_save
2024-12-09 17:14:47,082 [INFO] CodeEngine:279 - Generated code: /Users/apple/STM32CubeIDE/bluepill/BLUEPILL/Core/Src/stm32f1xx_it.c
2024-12-09 17:14:47,084 [INFO] CodeEngine:255 - oldGeneratedFile, /Users/apple/STM32CubeIDE/bluepill/BLUEPILL/Core/Inc/stm32f1xx_it.h_save
2024-12-09 17:14:47,159 [INFO] CodeEngine:279 - Generated code: /Users/apple/STM32CubeIDE/bluepill/BLUEPILL/Core/Inc/stm32f1xx_it.h
2024-12-09 17:14:47,163 [INFO] CodeEngine:255 - oldGeneratedFile, /Users/apple/STM32CubeIDE/bluepill/BLUEPILL/Core/Src/stm32f1xx_hal_msp.c_save
2024-12-09 17:14:47,274 [INFO] CodeEngine:279 - Generated code: /Users/apple/STM32CubeIDE/bluepill/BLUEPILL/Core/Src/stm32f1xx_hal_msp.c
2024-12-09 17:14:47,276 [INFO] CodeEngine:255 - oldGeneratedFile, /Users/apple/STM32CubeIDE/bluepill/BLUEPILL/MXTmpFiles/system.tmp_save
2024-12-09 17:14:47,350 [INFO] CodeEngine:279 - Generated code: /Users/apple/STM32CubeIDE/bluepill/BLUEPILL/MXTmpFiles/system.tmp
2024-12-09 17:14:47,357 [INFO] CodeEngine:311 - oldGeneratedFile, /Users/apple/STM32CubeIDE/bluepill/BLUEPILL/Core/Inc/stm32f1xx_hal_conf.h_save
2024-12-09 17:14:47,442 [INFO] CodeEngine:335 - Generated code: /Users/apple/STM32CubeIDE/bluepill/BLUEPILL/Core/Inc/stm32f1xx_hal_conf.h
2024-12-09 17:14:47,494 [INFO] CodeEngine:255 - oldGeneratedFile, /Users/apple/STM32CubeIDE/bluepill/BLUEPILL/Core/Inc/main.h_save
2024-12-09 17:14:47,579 [INFO] CodeEngine:279 - Generated code: /Users/apple/STM32CubeIDE/bluepill/BLUEPILL/Core/Inc/main.h
2024-12-09 17:14:47,589 [INFO] CodeEngine:255 - oldGeneratedFile, /Users/apple/STM32CubeIDE/bluepill/BLUEPILL/Core/Src/main.c_save
2024-12-09 17:14:47,711 [INFO] CodeEngine:279 - Generated code: /Users/apple/STM32CubeIDE/bluepill/BLUEPILL/Core/Src/main.c
2024-12-09 17:14:47,946 [INFO] ProjectBuilder:3249 - Time for Copy HAL[1] : 57mS.
2024-12-09 17:14:47,948 [INFO] ProjectBuilder:4828 - Project Generator version: 4.5.0-B34
2024-12-09 17:14:48,043 [INFO] ConfigFileManager:1531 - The Die is : DIE410
2024-12-09 17:14:49,185 [INFO] ProjectBuilder:5097 - Time for Generating toolchain IDE Files: 1237mS.
2024-12-09 17:14:49,185 [INFO] ProjectBuilder:3107 - Time for Copy CMSIS : 0mS.
2024-12-09 17:14:49,187 [INFO] ProjectBuilder:3107 - Time for Copy CMSIS : 1mS.
2024-12-09 17:16:02,167 [INFO] UtilMem:75 - End SaveConfig() Used Memory: 874275496 Bytes (1073741824)
2024-12-09 17:16:02,520 [INFO] BlockDiagram:2766 - set Specific Code input for plugin: NVIC
2024-12-09 17:16:02,520 [INFO] BlockDiagram:2766 - set Specific Code input for plugin: USART
2024-12-09 17:16:02,520 [INFO] BlockDiagram:2766 - set Specific Code input for plugin: TIM1_8F1
2024-12-09 17:16:02,520 [INFO] BlockDiagram:2766 - set Specific Code input for plugin: SYS
2024-12-09 17:16:02,520 [INFO] BlockDiagram:2766 - set Specific Code input for plugin: GPIO
2024-12-09 17:16:02,520 [INFO] BlockDiagram:2766 - set Specific Code input for plugin: ADC
2024-12-09 17:16:02,520 [INFO] BlockDiagram:2766 - set Specific Code input for plugin: RCC
2024-12-09 17:16:02,522 [INFO] CodeGenerator:807 - code generatio: config db path: /Applications/STM32CubeIDE.app/Contents/Eclipse/plugins/com.st.stm32cube.common.mx_6.12.1.202409122256//db/
2024-12-09 17:16:02,688 [INFO] CodeEngine:255 - oldGeneratedFile, /Users/apple/STM32CubeIDE/bluepill/BLUEPILL/MXTmpFiles/license.tmp_save
2024-12-09 17:16:02,815 [INFO] CodeEngine:279 - Generated code: /Users/apple/STM32CubeIDE/bluepill/BLUEPILL/MXTmpFiles/license.tmp
2024-12-09 17:16:02,878 [INFO] CodeEngine:255 - oldGeneratedFile, /Users/apple/STM32CubeIDE/bluepill/BLUEPILL/Core/Src/gpio.c_save
2024-12-09 17:16:02,982 [INFO] CodeEngine:279 - Generated code: /Users/apple/STM32CubeIDE/bluepill/BLUEPILL/Core/Src/gpio.c
2024-12-09 17:16:02,984 [INFO] CodeEngine:255 - oldGeneratedFile, /Users/apple/STM32CubeIDE/bluepill/BLUEPILL/Core/Inc/gpio.h_save
2024-12-09 17:16:03,091 [INFO] CodeEngine:279 - Generated code: /Users/apple/STM32CubeIDE/bluepill/BLUEPILL/Core/Inc/gpio.h
2024-12-09 17:16:03,896 [INFO] CodeEngine:255 - oldGeneratedFile, /Users/apple/STM32CubeIDE/bluepill/BLUEPILL/Core/Src/adc.c_save
2024-12-09 17:16:04,022 [INFO] CodeEngine:279 - Generated code: /Users/apple/STM32CubeIDE/bluepill/BLUEPILL/Core/Src/adc.c
2024-12-09 17:16:04,027 [INFO] CodeEngine:255 - oldGeneratedFile, /Users/apple/STM32CubeIDE/bluepill/BLUEPILL/Core/Inc/adc.h_save
2024-12-09 17:16:04,109 [INFO] CodeEngine:279 - Generated code: /Users/apple/STM32CubeIDE/bluepill/BLUEPILL/Core/Inc/adc.h
2024-12-09 17:16:04,114 [INFO] CodeEngine:255 - oldGeneratedFile, /Users/apple/STM32CubeIDE/bluepill/BLUEPILL/Core/Src/tim.c_save
2024-12-09 17:16:04,233 [INFO] CodeEngine:279 - Generated code: /Users/apple/STM32CubeIDE/bluepill/BLUEPILL/Core/Src/tim.c
2024-12-09 17:16:04,236 [INFO] CodeEngine:255 - oldGeneratedFile, /Users/apple/STM32CubeIDE/bluepill/BLUEPILL/Core/Inc/tim.h_save
2024-12-09 17:16:04,315 [INFO] CodeEngine:279 - Generated code: /Users/apple/STM32CubeIDE/bluepill/BLUEPILL/Core/Inc/tim.h
2024-12-09 17:16:04,319 [INFO] CodeEngine:255 - oldGeneratedFile, /Users/apple/STM32CubeIDE/bluepill/BLUEPILL/Core/Src/usart.c_save
2024-12-09 17:16:04,427 [INFO] CodeEngine:279 - Generated code: /Users/apple/STM32CubeIDE/bluepill/BLUEPILL/Core/Src/usart.c
2024-12-09 17:16:04,428 [INFO] CodeEngine:255 - oldGeneratedFile, /Users/apple/STM32CubeIDE/bluepill/BLUEPILL/Core/Inc/usart.h_save
2024-12-09 17:16:04,508 [INFO] CodeEngine:279 - Generated code: /Users/apple/STM32CubeIDE/bluepill/BLUEPILL/Core/Inc/usart.h
2024-12-09 17:16:04,513 [INFO] CodeEngine:255 - oldGeneratedFile, /Users/apple/STM32CubeIDE/bluepill/BLUEPILL/Core/Src/stm32f1xx_it.c_save
2024-12-09 17:16:04,602 [INFO] CodeEngine:279 - Generated code: /Users/apple/STM32CubeIDE/bluepill/BLUEPILL/Core/Src/stm32f1xx_it.c
2024-12-09 17:16:04,605 [INFO] CodeEngine:255 - oldGeneratedFile, /Users/apple/STM32CubeIDE/bluepill/BLUEPILL/Core/Inc/stm32f1xx_it.h_save
2024-12-09 17:16:04,681 [INFO] CodeEngine:279 - Generated code: /Users/apple/STM32CubeIDE/bluepill/BLUEPILL/Core/Inc/stm32f1xx_it.h
2024-12-09 17:16:04,687 [INFO] CodeEngine:255 - oldGeneratedFile, /Users/apple/STM32CubeIDE/bluepill/BLUEPILL/Core/Src/stm32f1xx_hal_msp.c_save
2024-12-09 17:16:04,797 [INFO] CodeEngine:279 - Generated code: /Users/apple/STM32CubeIDE/bluepill/BLUEPILL/Core/Src/stm32f1xx_hal_msp.c
2024-12-09 17:16:04,799 [INFO] CodeEngine:255 - oldGeneratedFile, /Users/apple/STM32CubeIDE/bluepill/BLUEPILL/MXTmpFiles/system.tmp_save
2024-12-09 17:16:04,878 [INFO] CodeEngine:279 - Generated code: /Users/apple/STM32CubeIDE/bluepill/BLUEPILL/MXTmpFiles/system.tmp
2024-12-09 17:16:04,887 [INFO] CodeEngine:311 - oldGeneratedFile, /Users/apple/STM32CubeIDE/bluepill/BLUEPILL/Core/Inc/stm32f1xx_hal_conf.h_save
2024-12-09 17:16:04,976 [INFO] CodeEngine:335 - Generated code: /Users/apple/STM32CubeIDE/bluepill/BLUEPILL/Core/Inc/stm32f1xx_hal_conf.h
2024-12-09 17:16:05,027 [INFO] CodeEngine:255 - oldGeneratedFile, /Users/apple/STM32CubeIDE/bluepill/BLUEPILL/Core/Inc/main.h_save
2024-12-09 17:16:05,130 [INFO] CodeEngine:279 - Generated code: /Users/apple/STM32CubeIDE/bluepill/BLUEPILL/Core/Inc/main.h
2024-12-09 17:16:05,133 [INFO] CodeEngine:255 - oldGeneratedFile, /Users/apple/STM32CubeIDE/bluepill/BLUEPILL/Core/Src/main.c_save
2024-12-09 17:16:05,261 [INFO] CodeEngine:279 - Generated code: /Users/apple/STM32CubeIDE/bluepill/BLUEPILL/Core/Src/main.c
2024-12-09 17:16:05,516 [INFO] ProjectBuilder:3249 - Time for Copy HAL[1] : 65mS.
2024-12-09 17:16:05,519 [INFO] ProjectBuilder:4828 - Project Generator version: 4.5.0-B34
2024-12-09 17:16:05,610 [INFO] ConfigFileManager:1531 - The Die is : DIE410
2024-12-09 17:16:08,363 [INFO] ProjectBuilder:5097 - Time for Generating toolchain IDE Files: 2835mS.
2024-12-09 17:16:08,376 [INFO] ProjectBuilder:3107 - Time for Copy CMSIS : 1mS.
2024-12-09 17:16:08,378 [INFO] ProjectBuilder:3107 - Time for Copy CMSIS : 0mS.
2024-12-09 17:22:13,889 [INFO] UtilMem:75 - End SaveConfig() Used Memory: 680092632 Bytes (1073741824)
2024-12-09 17:22:14,307 [INFO] BlockDiagram:2766 - set Specific Code input for plugin: NVIC
2024-12-09 17:22:14,308 [INFO] BlockDiagram:2766 - set Specific Code input for plugin: USART
2024-12-09 17:22:14,308 [INFO] BlockDiagram:2766 - set Specific Code input for plugin: TIM1_8F1
2024-12-09 17:22:14,308 [INFO] BlockDiagram:2766 - set Specific Code input for plugin: SYS
2024-12-09 17:22:14,308 [INFO] BlockDiagram:2766 - set Specific Code input for plugin: GPIO
2024-12-09 17:22:14,308 [INFO] BlockDiagram:2766 - set Specific Code input for plugin: ADC
2024-12-09 17:22:14,308 [INFO] BlockDiagram:2766 - set Specific Code input for plugin: RCC
2024-12-09 17:22:14,310 [INFO] CodeGenerator:807 - code generatio: config db path: /Applications/STM32CubeIDE.app/Contents/Eclipse/plugins/com.st.stm32cube.common.mx_6.12.1.202409122256//db/
2024-12-09 17:22:14,455 [INFO] CodeEngine:255 - oldGeneratedFile, /Users/apple/STM32CubeIDE/bluepill/BLUEPILL/MXTmpFiles/license.tmp_save
2024-12-09 17:22:14,593 [INFO] CodeEngine:279 - Generated code: /Users/apple/STM32CubeIDE/bluepill/BLUEPILL/MXTmpFiles/license.tmp
2024-12-09 17:22:14,674 [INFO] CodeEngine:255 - oldGeneratedFile, /Users/apple/STM32CubeIDE/bluepill/BLUEPILL/Core/Src/gpio.c_save
2024-12-09 17:22:15,152 [INFO] CodeEngine:279 - Generated code: /Users/apple/STM32CubeIDE/bluepill/BLUEPILL/Core/Src/gpio.c
2024-12-09 17:22:15,210 [INFO] CodeEngine:255 - oldGeneratedFile, /Users/apple/STM32CubeIDE/bluepill/BLUEPILL/Core/Inc/gpio.h_save
2024-12-09 17:22:15,370 [INFO] CodeEngine:279 - Generated code: /Users/apple/STM32CubeIDE/bluepill/BLUEPILL/Core/Inc/gpio.h
2024-12-09 17:22:16,320 [INFO] CodeEngine:255 - oldGeneratedFile, /Users/apple/STM32CubeIDE/bluepill/BLUEPILL/Core/Src/adc.c_save
2024-12-09 17:22:16,450 [INFO] CodeEngine:279 - Generated code: /Users/apple/STM32CubeIDE/bluepill/BLUEPILL/Core/Src/adc.c
2024-12-09 17:22:16,453 [INFO] CodeEngine:255 - oldGeneratedFile, /Users/apple/STM32CubeIDE/bluepill/BLUEPILL/Core/Inc/adc.h_save
2024-12-09 17:22:16,543 [INFO] CodeEngine:279 - Generated code: /Users/apple/STM32CubeIDE/bluepill/BLUEPILL/Core/Inc/adc.h
2024-12-09 17:22:16,546 [INFO] CodeEngine:255 - oldGeneratedFile, /Users/apple/STM32CubeIDE/bluepill/BLUEPILL/Core/Src/tim.c_save
2024-12-09 17:22:16,661 [INFO] CodeEngine:279 - Generated code: /Users/apple/STM32CubeIDE/bluepill/BLUEPILL/Core/Src/tim.c
2024-12-09 17:22:16,663 [INFO] CodeEngine:255 - oldGeneratedFile, /Users/apple/STM32CubeIDE/bluepill/BLUEPILL/Core/Inc/tim.h_save
2024-12-09 17:22:16,775 [INFO] CodeEngine:279 - Generated code: /Users/apple/STM32CubeIDE/bluepill/BLUEPILL/Core/Inc/tim.h
2024-12-09 17:22:16,796 [INFO] CodeEngine:255 - oldGeneratedFile, /Users/apple/STM32CubeIDE/bluepill/BLUEPILL/Core/Src/usart.c_save
2024-12-09 17:22:17,013 [INFO] CodeEngine:279 - Generated code: /Users/apple/STM32CubeIDE/bluepill/BLUEPILL/Core/Src/usart.c
2024-12-09 17:22:17,036 [INFO] CodeEngine:255 - oldGeneratedFile, /Users/apple/STM32CubeIDE/bluepill/BLUEPILL/Core/Inc/usart.h_save
2024-12-09 17:22:17,133 [INFO] CodeEngine:279 - Generated code: /Users/apple/STM32CubeIDE/bluepill/BLUEPILL/Core/Inc/usart.h
2024-12-09 17:22:17,142 [INFO] CodeEngine:255 - oldGeneratedFile, /Users/apple/STM32CubeIDE/bluepill/BLUEPILL/Core/Src/stm32f1xx_it.c_save
2024-12-09 17:22:17,243 [INFO] CodeEngine:279 - Generated code: /Users/apple/STM32CubeIDE/bluepill/BLUEPILL/Core/Src/stm32f1xx_it.c
2024-12-09 17:22:17,245 [INFO] CodeEngine:255 - oldGeneratedFile, /Users/apple/STM32CubeIDE/bluepill/BLUEPILL/Core/Inc/stm32f1xx_it.h_save
2024-12-09 17:22:17,325 [INFO] CodeEngine:279 - Generated code: /Users/apple/STM32CubeIDE/bluepill/BLUEPILL/Core/Inc/stm32f1xx_it.h
2024-12-09 17:22:17,334 [INFO] CodeEngine:255 - oldGeneratedFile, /Users/apple/STM32CubeIDE/bluepill/BLUEPILL/Core/Src/stm32f1xx_hal_msp.c_save
2024-12-09 17:22:17,451 [INFO] CodeEngine:279 - Generated code: /Users/apple/STM32CubeIDE/bluepill/BLUEPILL/Core/Src/stm32f1xx_hal_msp.c
2024-12-09 17:22:17,453 [INFO] CodeEngine:255 - oldGeneratedFile, /Users/apple/STM32CubeIDE/bluepill/BLUEPILL/MXTmpFiles/system.tmp_save
2024-12-09 17:22:17,603 [INFO] CodeEngine:279 - Generated code: /Users/apple/STM32CubeIDE/bluepill/BLUEPILL/MXTmpFiles/system.tmp
2024-12-09 17:22:17,615 [INFO] CodeEngine:311 - oldGeneratedFile, /Users/apple/STM32CubeIDE/bluepill/BLUEPILL/Core/Inc/stm32f1xx_hal_conf.h_save
2024-12-09 17:22:17,723 [INFO] CodeEngine:335 - Generated code: /Users/apple/STM32CubeIDE/bluepill/BLUEPILL/Core/Inc/stm32f1xx_hal_conf.h
2024-12-09 17:22:17,839 [INFO] CodeEngine:255 - oldGeneratedFile, /Users/apple/STM32CubeIDE/bluepill/BLUEPILL/Core/Inc/main.h_save
2024-12-09 17:22:17,932 [INFO] CodeEngine:279 - Generated code: /Users/apple/STM32CubeIDE/bluepill/BLUEPILL/Core/Inc/main.h
2024-12-09 17:22:17,940 [INFO] CodeEngine:255 - oldGeneratedFile, /Users/apple/STM32CubeIDE/bluepill/BLUEPILL/Core/Src/main.c_save
2024-12-09 17:22:18,067 [INFO] CodeEngine:279 - Generated code: /Users/apple/STM32CubeIDE/bluepill/BLUEPILL/Core/Src/main.c
2024-12-09 17:22:18,450 [INFO] ProjectBuilder:3249 - Time for Copy HAL[1] : 89mS.
2024-12-09 17:22:18,460 [INFO] ProjectBuilder:4828 - Project Generator version: 4.5.0-B34
2024-12-09 17:22:18,804 [INFO] ConfigFileManager:1531 - The Die is : DIE410
2024-12-09 17:22:20,342 [INFO] ProjectBuilder:5097 - Time for Generating toolchain IDE Files: 1881mS.
2024-12-09 17:22:20,344 [INFO] ProjectBuilder:3107 - Time for Copy CMSIS : 1mS.
2024-12-09 17:22:20,347 [INFO] ProjectBuilder:3107 - Time for Copy CMSIS : 0mS.
2024-12-09 17:25:12,981 [INFO] UtilMem:75 - End SaveConfig() Used Memory: 684262336 Bytes (1073741824)
2024-12-09 17:25:13,343 [INFO] BlockDiagram:2766 - set Specific Code input for plugin: NVIC
2024-12-09 17:25:13,344 [INFO] BlockDiagram:2766 - set Specific Code input for plugin: USART
2024-12-09 17:25:13,344 [INFO] BlockDiagram:2766 - set Specific Code input for plugin: TIM1_8F1
2024-12-09 17:25:13,344 [INFO] BlockDiagram:2766 - set Specific Code input for plugin: SYS
2024-12-09 17:25:13,344 [INFO] BlockDiagram:2766 - set Specific Code input for plugin: GPIO
2024-12-09 17:25:13,344 [INFO] BlockDiagram:2766 - set Specific Code input for plugin: ADC
2024-12-09 17:25:13,344 [INFO] BlockDiagram:2766 - set Specific Code input for plugin: RCC
2024-12-09 17:25:13,347 [INFO] CodeGenerator:807 - code generatio: config db path: /Applications/STM32CubeIDE.app/Contents/Eclipse/plugins/com.st.stm32cube.common.mx_6.12.1.202409122256//db/
2024-12-09 17:25:13,493 [INFO] CodeEngine:255 - oldGeneratedFile, /Users/apple/STM32CubeIDE/bluepill/BLUEPILL/MXTmpFiles/license.tmp_save
2024-12-09 17:25:13,679 [INFO] CodeEngine:279 - Generated code: /Users/apple/STM32CubeIDE/bluepill/BLUEPILL/MXTmpFiles/license.tmp
2024-12-09 17:25:13,778 [INFO] CodeEngine:255 - oldGeneratedFile, /Users/apple/STM32CubeIDE/bluepill/BLUEPILL/Core/Src/gpio.c_save
2024-12-09 17:25:14,107 [INFO] CodeEngine:279 - Generated code: /Users/apple/STM32CubeIDE/bluepill/BLUEPILL/Core/Src/gpio.c
2024-12-09 17:25:14,139 [INFO] CodeEngine:255 - oldGeneratedFile, /Users/apple/STM32CubeIDE/bluepill/BLUEPILL/Core/Inc/gpio.h_save
2024-12-09 17:25:14,231 [INFO] CodeEngine:279 - Generated code: /Users/apple/STM32CubeIDE/bluepill/BLUEPILL/Core/Inc/gpio.h
2024-12-09 17:25:15,194 [INFO] CodeEngine:255 - oldGeneratedFile, /Users/apple/STM32CubeIDE/bluepill/BLUEPILL/Core/Src/adc.c_save
2024-12-09 17:25:15,319 [INFO] CodeEngine:279 - Generated code: /Users/apple/STM32CubeIDE/bluepill/BLUEPILL/Core/Src/adc.c
2024-12-09 17:25:15,321 [INFO] CodeEngine:255 - oldGeneratedFile, /Users/apple/STM32CubeIDE/bluepill/BLUEPILL/Core/Inc/adc.h_save
2024-12-09 17:25:15,400 [INFO] CodeEngine:279 - Generated code: /Users/apple/STM32CubeIDE/bluepill/BLUEPILL/Core/Inc/adc.h
2024-12-09 17:25:15,405 [INFO] CodeEngine:255 - oldGeneratedFile, /Users/apple/STM32CubeIDE/bluepill/BLUEPILL/Core/Src/tim.c_save
2024-12-09 17:25:15,522 [INFO] CodeEngine:279 - Generated code: /Users/apple/STM32CubeIDE/bluepill/BLUEPILL/Core/Src/tim.c
2024-12-09 17:25:15,524 [INFO] CodeEngine:255 - oldGeneratedFile, /Users/apple/STM32CubeIDE/bluepill/BLUEPILL/Core/Inc/tim.h_save
2024-12-09 17:25:15,608 [INFO] CodeEngine:279 - Generated code: /Users/apple/STM32CubeIDE/bluepill/BLUEPILL/Core/Inc/tim.h
2024-12-09 17:25:15,612 [INFO] CodeEngine:255 - oldGeneratedFile, /Users/apple/STM32CubeIDE/bluepill/BLUEPILL/Core/Src/usart.c_save
2024-12-09 17:25:15,722 [INFO] CodeEngine:279 - Generated code: /Users/apple/STM32CubeIDE/bluepill/BLUEPILL/Core/Src/usart.c
2024-12-09 17:25:15,724 [INFO] CodeEngine:255 - oldGeneratedFile, /Users/apple/STM32CubeIDE/bluepill/BLUEPILL/Core/Inc/usart.h_save
2024-12-09 17:25:15,804 [INFO] CodeEngine:279 - Generated code: /Users/apple/STM32CubeIDE/bluepill/BLUEPILL/Core/Inc/usart.h
2024-12-09 17:25:15,810 [INFO] CodeEngine:255 - oldGeneratedFile, /Users/apple/STM32CubeIDE/bluepill/BLUEPILL/Core/Src/stm32f1xx_it.c_save
2024-12-09 17:25:15,898 [INFO] CodeEngine:279 - Generated code: /Users/apple/STM32CubeIDE/bluepill/BLUEPILL/Core/Src/stm32f1xx_it.c
2024-12-09 17:25:15,900 [INFO] CodeEngine:255 - oldGeneratedFile, /Users/apple/STM32CubeIDE/bluepill/BLUEPILL/Core/Inc/stm32f1xx_it.h_save
2024-12-09 17:25:15,985 [INFO] CodeEngine:279 - Generated code: /Users/apple/STM32CubeIDE/bluepill/BLUEPILL/Core/Inc/stm32f1xx_it.h
2024-12-09 17:25:15,993 [INFO] CodeEngine:255 - oldGeneratedFile, /Users/apple/STM32CubeIDE/bluepill/BLUEPILL/Core/Src/stm32f1xx_hal_msp.c_save
2024-12-09 17:25:16,113 [INFO] CodeEngine:279 - Generated code: /Users/apple/STM32CubeIDE/bluepill/BLUEPILL/Core/Src/stm32f1xx_hal_msp.c
2024-12-09 17:25:16,117 [INFO] CodeEngine:255 - oldGeneratedFile, /Users/apple/STM32CubeIDE/bluepill/BLUEPILL/MXTmpFiles/system.tmp_save
2024-12-09 17:25:16,210 [INFO] CodeEngine:279 - Generated code: /Users/apple/STM32CubeIDE/bluepill/BLUEPILL/MXTmpFiles/system.tmp
2024-12-09 17:25:16,215 [INFO] CodeEngine:311 - oldGeneratedFile, /Users/apple/STM32CubeIDE/bluepill/BLUEPILL/Core/Inc/stm32f1xx_hal_conf.h_save
2024-12-09 17:25:16,303 [INFO] CodeEngine:335 - Generated code: /Users/apple/STM32CubeIDE/bluepill/BLUEPILL/Core/Inc/stm32f1xx_hal_conf.h
2024-12-09 17:25:16,352 [INFO] CodeEngine:255 - oldGeneratedFile, /Users/apple/STM32CubeIDE/bluepill/BLUEPILL/Core/Inc/main.h_save
2024-12-09 17:25:16,434 [INFO] CodeEngine:279 - Generated code: /Users/apple/STM32CubeIDE/bluepill/BLUEPILL/Core/Inc/main.h
2024-12-09 17:25:16,437 [INFO] CodeEngine:255 - oldGeneratedFile, /Users/apple/STM32CubeIDE/bluepill/BLUEPILL/Core/Src/main.c_save
2024-12-09 17:25:16,583 [INFO] CodeEngine:279 - Generated code: /Users/apple/STM32CubeIDE/bluepill/BLUEPILL/Core/Src/main.c
2024-12-09 17:25:16,917 [INFO] ProjectBuilder:3249 - Time for Copy HAL[1] : 63mS.
2024-12-09 17:25:16,921 [INFO] ProjectBuilder:4828 - Project Generator version: 4.5.0-B34
2024-12-09 17:25:17,017 [INFO] ConfigFileManager:1531 - The Die is : DIE410
2024-12-09 17:25:19,047 [INFO] ProjectBuilder:5097 - Time for Generating toolchain IDE Files: 2112mS.
2024-12-09 17:25:19,059 [INFO] ProjectBuilder:3107 - Time for Copy CMSIS : 2mS.
2024-12-09 17:25:19,064 [INFO] ProjectBuilder:3107 - Time for Copy CMSIS : 0mS.
2024-12-09 17:38:37,972 [INFO] WebApp:189 - Connection lost
2024-12-09 17:38:38,515 [INFO] WebApp:186 - Connection restablished
2024-12-09 17:38:44,551 [INFO] WebApp:189 - Connection lost
2024-12-09 17:38:45,347 [INFO] WebApp:186 - Connection restablished
2024-12-09 17:44:47,161 [INFO] WebApp:189 - Connection lost
2024-12-09 17:44:47,659 [INFO] WebApp:186 - Connection restablished
2024-12-09 17:50:32,806 [INFO] WebApp:189 - Connection lost
2024-12-09 17:50:33,232 [INFO] WebApp:186 - Connection restablished
2024-12-09 17:54:20,653 [INFO] WebApp:189 - Connection lost
2024-12-09 17:54:21,208 [INFO] WebApp:186 - Connection restablished
2024-12-09 18:10:06,315 [INFO] WebApp:189 - Connection lost
2024-12-09 18:10:06,816 [INFO] WebApp:186 - Connection restablished
