2024-12-07 00:17:41,755 [INFO] WebApp:189 - Connection lost
2024-12-07 00:17:42,336 [INFO] WebApp:186 - Connection restablished
2024-12-07 00:17:43,496 [INFO] WebApp:189 - Connection lost
2024-12-07 00:17:44,692 [INFO] WebApp:186 - Connection restablished
2024-12-07 00:22:18,275 [INFO] WebApp:189 - Connection lost
2024-12-07 00:22:18,484 [INFO] WebApp:186 - Connection restablished
2024-12-07 00:22:22,742 [INFO] WebApp:189 - Connection lost
2024-12-07 00:22:22,877 [INFO] WebApp:186 - Connection restablished
2024-12-07 00:33:55,000 [INFO] McuFinderGlobals:63 - Set McuFinder mode to 2 (CubeIDE integrated)
2024-12-07 00:33:55,009 [INFO] MainUpdater:2873 - connection check result : 10
2024-12-07 00:33:55,010 [INFO] MainUpdater:2873 - connection check result : 10
2024-12-07 00:33:56,102 [INFO] RulesReader:64 - Compatibility file has been processed (297 Rules)
2024-12-07 00:33:56,119 [INFO] RulesReader:64 - Compatibility file has been processed (297 Rules)
2024-12-07 00:33:56,127 [INFO] MicroXplorer:468 - Change Database Path : 
2024-12-07 00:33:56,127 [INFO] MicroXplorer:498 - Change Database Version : DB.6.0.121
2024-12-07 00:33:56,137 [WARN] ThirdParty:871 - waiting for thirdparty lock release [close project]
2024-12-07 00:33:56,137 [INFO] ThirdParty:873 - entering critical section [close project]
2024-12-07 00:33:56,147 [INFO] ThirdParty:883 - exiting critical section [close project]
2024-12-07 00:33:56,153 [INFO] PinOutPanel:1561 - setPackage(No Configuration,No Configuration)
2024-12-07 00:33:56,166 [INFO] UtilMem:75 - Begin LoadConfig() Used Memory: 601077496 Bytes (1073741824)
2024-12-07 00:33:56,168 [INFO] MicroXplorer:468 - Change Database Path : 
2024-12-07 00:33:56,169 [INFO] MicroXplorer:498 - Change Database Version : DB.6.0.121
2024-12-07 00:33:56,169 [INFO] OpenFileManager:332 - Change cursor
2024-12-07 00:33:56,253 [INFO] Mcu:2032 - Initializing MCU STM32F103C(8-B)Tx STM32F103C8Tx STM32F103C8T6TR
2024-12-07 00:33:57,821 [INFO] Context:742 - Trying to add GPIOservice into a context  which must be forbidden
2024-12-07 00:33:59,018 [INFO] RtosManager:555 - Registered RTOS mode: class=CMSIS, group=RTOS, mode=CMSIS_V1, owner=FREERTOS
2024-12-07 00:33:59,024 [INFO] RtosManager:555 - Registered RTOS mode: class=CMSIS, group=RTOS2, mode=CMSIS_V2, owner=FREERTOS
2024-12-07 00:33:59,027 [INFO] RtosManager:555 - Registered RTOS mode: class=RTOS, group=Core, mode=CMSIS_V1, owner=FREERTOS
2024-12-07 00:33:59,030 [INFO] RtosManager:555 - Registered RTOS mode: class=RTOS, group=Core, mode=CMSIS_V2, owner=FREERTOS
2024-12-07 00:33:59,039 [WARN] ModelIntegratedComponent:184 - Missing modes for component STMicroelectronics:FreeRTOS:0.0.1:STMicroelectronics:RTOS:FreeRTOS:Core:::10.2.0:
2024-12-07 00:33:59,092 [WARN] ModelIntegratedComponent:63 - No mode defined for component null
2024-12-07 00:33:59,093 [WARN] ModelIntegratedComponent:63 - No mode defined for component null
2024-12-07 00:33:59,093 [WARN] ModelIntegratedComponent:63 - No mode defined for component null
2024-12-07 00:33:59,093 [WARN] ModelIntegratedComponent:63 - No mode defined for component null
2024-12-07 00:33:59,093 [WARN] ModelIntegratedComponent:63 - No mode defined for component null
2024-12-07 00:33:59,093 [WARN] ModelIntegratedComponent:63 - No mode defined for component null
2024-12-07 00:33:59,093 [WARN] ModelIntegratedComponent:63 - No mode defined for component null
2024-12-07 00:33:59,093 [WARN] ModelIntegratedComponent:63 - No mode defined for component null
2024-12-07 00:33:59,093 [WARN] ModelIntegratedComponent:63 - No mode defined for component null
2024-12-07 00:33:59,093 [WARN] ModelIntegratedComponent:63 - No mode defined for component null
2024-12-07 00:33:59,093 [WARN] ModelIntegratedComponent:63 - No mode defined for component null
2024-12-07 00:33:59,093 [WARN] ModelIntegratedComponent:63 - No mode defined for component null
2024-12-07 00:33:59,093 [WARN] ModelIntegratedComponent:63 - No mode defined for component null
2024-12-07 00:33:59,093 [WARN] ModelIntegratedComponent:63 - No mode defined for component null
2024-12-07 00:33:59,093 [WARN] ModelIntegratedComponent:63 - No mode defined for component null
2024-12-07 00:33:59,094 [WARN] ModelIntegratedComponent:63 - No mode defined for component null
2024-12-07 00:33:59,094 [WARN] ModelIntegratedComponent:63 - No mode defined for component null
2024-12-07 00:33:59,094 [WARN] ModelIntegratedComponent:63 - No mode defined for component null
2024-12-07 00:33:59,094 [WARN] ModelIntegratedComponent:63 - No mode defined for component null
2024-12-07 00:33:59,094 [WARN] ModelIntegratedComponent:63 - No mode defined for component null
2024-12-07 00:33:59,094 [WARN] ModelIntegratedComponent:63 - No mode defined for component null
2024-12-07 00:33:59,094 [WARN] ModelIntegratedComponent:63 - No mode defined for component null
2024-12-07 00:33:59,094 [WARN] ModelIntegratedComponent:63 - No mode defined for component null
2024-12-07 00:33:59,094 [WARN] ModelIntegratedComponent:63 - No mode defined for component null
2024-12-07 00:33:59,094 [WARN] ModelIntegratedComponent:63 - No mode defined for component null
2024-12-07 00:33:59,094 [WARN] ModelIntegratedComponent:63 - No mode defined for component null
2024-12-07 00:33:59,094 [WARN] ModelIntegratedComponent:63 - No mode defined for component null
2024-12-07 00:33:59,094 [WARN] ModelIntegratedComponent:63 - No mode defined for component null
2024-12-07 00:33:59,094 [WARN] ModelIntegratedComponent:63 - No mode defined for component null
2024-12-07 00:33:59,094 [WARN] ModelIntegratedComponent:63 - No mode defined for component null
2024-12-07 00:33:59,094 [WARN] ModelIntegratedComponent:63 - No mode defined for component null
2024-12-07 00:33:59,094 [WARN] ModelIntegratedComponent:63 - No mode defined for component null
2024-12-07 00:33:59,095 [WARN] ModelIntegratedComponent:63 - No mode defined for component null
2024-12-07 00:33:59,095 [WARN] ModelIntegratedComponent:63 - No mode defined for component null
2024-12-07 00:33:59,095 [WARN] ModelIntegratedComponent:63 - No mode defined for component null
2024-12-07 00:33:59,096 [WARN] ModelPack:524 - Component already loaded: STMicroelectronics:HAL Drivers:0.0.0:STMicroelectronics:Device:STMicro_Driver:XSPI:HAL::0.0.1:HAL_XSPI
2024-12-07 00:33:59,205 [INFO] ThirdPartyModel:298 - Start build external matchings
2024-12-07 00:33:59,607 [INFO] ThirdPartyModel:316 - End build external matchings
2024-12-07 00:33:59,683 [INFO] ImportTextPane:205 - (OptionalMessage_ERROR) IP (RCC) : Invalid parameter (FamilyName)
2024-12-07 00:33:59,684 [INFO] ImportTextPane:205 - (OptionalMessage_ERROR) IP (RCC) : Parameter (MCOFreq_Value) has invalid value (72000000)
2024-12-07 00:33:59,695 [INFO] ImportTextPane:205 - (OptionalMessage_ERROR) IP (RCC) : Parameter (USBFreq_Value) has invalid value (72000000)
2024-12-07 00:34:01,437 [INFO] ApiDb:581 - Connected to CubeFinder SQLite database (/Users/apple/.stmcufinder/plugins/mcufinder/mcu/cube-finder-db.db)
2024-12-07 00:34:01,548 [INFO] ApiDb:668 - CubeFinder database Data Model version=2.1
2024-12-07 00:34:01,548 [INFO] ApiDb:669 - CubeFinder database Configuration version=3.0.39
2024-12-07 00:34:01,566 [INFO] ApiDb:670 - CubeFinder database generation date=2024-10-15 (1729006872)
2024-12-07 00:34:01,566 [INFO] ApiDb:671 - CubeFinder database FW Pack versions=[FP-ATR-ASTRA1_V2.0.0, FP-SNS-FLIGHT1_V5.0.2, FP-SNS-MOTENV1_V5.0.0, FP-SNS-MOTENVWB1_V1.4.0, FP-SNS-SMARTAG2_V1.2.0, FP-SNS-STBOX1_V2.0.0, STM32Cube_FW_C0_V1.2.0, STM32Cube_FW_F4_V1.28.1, STM32Cube_FW_F7_V1.17.2, STM32Cube_FW_G0_V1.6.2, STM32Cube_FW_G4_V1.6.0, STM32Cube_FW_H5_V1.3.0, STM32Cube_FW_H7RS_V1.1.0, STM32Cube_FW_H7_V1.11.2, STM32Cube_FW_L0_V1.12.2, STM32Cube_FW_L5_V1.5.1, STM32Cube_FW_U0_V1.1.0, STM32Cube_FW_U5_V1.6.0, STM32Cube_FW_WB0_V1.0.0, STM32Cube_FW_WBA_V1.4.1, STM32Cube_FW_WB_V1.20.0, STM32Cube_FW_WL_V1.3.0, X-CUBE-ALGOBUILD_V1.4.0, X-CUBE-ALS_V1.0.2, X-CUBE-AZRTOS-F4_V1.1.0, X-CUBE-AZRTOS-F7_V1.1.0, X-CUBE-AZRTOS-G0_V1.1.0, X-CUBE-AZRTOS-G4_V2.0.0, X-CUBE-AZRTOS-H7RS_V1.0.0, X-CUBE-AZRTOS-H7_V3.3.0, X-CUBE-AZRTOS-L4_V2.0.0, X-CUBE-AZRTOS-L5_V2.0.0, X-CUBE-AZRTOS-WB_V2.0.0, X-CUBE-AZRTOS-WL_V2.0.0, X-CUBE-BLE1_V7.0.0, X-CUBE-BLE2_V3.3.0, X-CUBE-BLEMGR_V3.1.0, X-CUBE-EEPRMA1_V5.1.0, X-CUBE-FREERTOS_V1.2.0, X-CUBE-GNSS1_V6.0.0, X-CUBE-MEMS1_V11.0.0, X-CUBE-NFC4_V3.0.0, X-CUBE-NFC7_V1.0.1, X-CUBE-SFXS2LP1_V4.0.0, X-CUBE-SUBG2_V5.0.0, X-CUBE-TOF1_V3.4.2]
2024-12-07 00:34:01,711 [INFO] DbBoardsSqlite:226 - include board P-NUCLEO-WB55-NUCLEO as a kit item of type 'Nucleo-64'
2024-12-07 00:34:01,712 [INFO] DbBoardsSqlite:226 - include board P-NUCLEO-WB55-USBDONGLE as a kit item of type 'Nucleo USB Dongle'
2024-12-07 00:34:01,714 [INFO] DbBoardsSqlite:226 - include board STEVAL-IDP005V1 as a kit item of type 'Evaluation Board'
2024-12-07 00:34:01,715 [INFO] DbBoardsSqlite:226 - include board STEVAL-IDP005V2 as a kit item of type 'Evaluation Board'
2024-12-07 00:34:01,850 [INFO] ApiDb:240 - Found 646 in-development CPN: [B-G473E-ZEST1S, B-WB1M-WPAN1, B-WL5M-SUBG1, NUCLEO-C031C6, NUCLEO-C071RB, NUCLEO-H503RB, NUCLEO-H533RE, NUCLEO-H563ZI, NUCLEO-H7S3L8, NUCLEO-U031R8, NUCLEO-U083RC, NUCLEO-U545RE-Q, NUCLEO-U5A5ZJ-Q, NUCLEO-WB05KZ, NUCLEO-WB07CC, NUCLEO-WB09KE, NUCLEO-WBA52CG, NUCLEO-WBA55CG, STEVAL-PROTEUS1, STEVAL-SMARTAG2, STEVAL-STWINBX1, STM320518-EVAL, STM32C0116-DK, STM32C011D6Y3TR, STM32C011D6Y6TR, STM32C011F4P3, STM32C011F4P6, STM32C011F4U3, STM32C011F4U6TR, STM32C011F6P3, STM32C011F6P6, STM32C011F6U3, STM32C011F6U6TR, STM32C011J4M3, STM32C011J4M6, STM32C011J6M3, STM32C011J6M6, STM32C0316-DK, STM32C031C4T3, STM32C031C4T6, STM32C031C4U3, STM32C031C4U6, STM32C031C6T3, STM32C031C6T6, STM32C031C6U3, STM32C031C6U6, STM32C031F4P3, STM32C031F4P6, STM32C031F6P3, STM32C031F6P6, STM32C031G4U3, STM32C031G4U6, STM32C031G6U3, STM32C031G6U6, STM32C031K4T3, STM32C031K4T6, STM32C031K4U3, STM32C031K4U6, STM32C031K6T3, STM32C031K6T6, STM32C031K6U3, STM32C031K6U6, STM32C071C8T6, STM32C071C8T6N, STM32C071C8U6, STM32C071C8U6N, STM32C071CBT6, STM32C071CBT6N, STM32C071CBU6, STM32C071CBU6N, STM32C071F8P6, STM32C071F8P6N, STM32C071FBP6, STM32C071FBP6N, STM32C071FBY6TR, STM32C071G8U6, STM32C071G8U6N, STM32C071GBU6, STM32C071GBU6N, STM32C071K8T6, STM32C071K8T6N, STM32C071K8U6, STM32C071K8U6N, STM32C071KBT6, STM32C071KBT6N, STM32C071KBU6, STM32C071KBU6N, STM32C071R8T6, STM32C071R8T6N, STM32C071RBI6N, STM32C071RBT6, STM32C071RBT6N, STM32G071K8TXN, STM32G071K8UXN, STM32G081GBU6N, STM32G081KBT6N, STM32G081KBUXN, STM32G0B1CCT6N, STM32G0B1KCT6, STM32G0B1NEY6TR, STM32G0B1RCT6N, STM32G0C1CCT6, STM32G0C1CCT6N, STM32G0C1CCU6N, STM32G0C1CET6N, STM32G0C1CEU6N, STM32G0C1KCT6, STM32G0C1NEY6TR, STM32G0C1RCI6N, STM32G0C1RCT6N, STM32G0C1REI6N, STM32G0C1RET6N, STM32G0C1VCI6, STM32G0C1VEI6, STM32G411C6T3, STM32G411C6T6, STM32G411C6U3, STM32G411C6U6, STM32G411C8T3, STM32G411C8T6, STM32G411C8U3, STM32G411C8U6, STM32G411CBT3, STM32G411CBT6, STM32G411CBU3, STM32G411CBU6, STM32G411K6T3, STM32G411K6T6, STM32G411K6U3, STM32G411K6U6, STM32G411K8T3, STM32G411K8T6, STM32G411K8U3, STM32G411K8U6, STM32G411KBT3, STM32G411KBT6, STM32G411KBU3, STM32G411KBU6, STM32G411M6T3, STM32G411M6T6, STM32G411M8T3, STM32G411M8T6, STM32G411MBT3, STM32G411MBT6, STM32G411R6T3, STM32G411R6T6, STM32G411R8T3, STM32G411R8T6, STM32G411RBT3, STM32G411RBT6, STM32G414CBT3, STM32G414CBT6, STM32G414CBU3, STM32G414CBU6, STM32G414CCT3, STM32G414CCT6, STM32G414CCU3, STM32G414CCU6, STM32G414MBT3, STM32G414MBT6, STM32G414MCT3, STM32G414MCT6, STM32G414RBT3, STM32G414RBT6, STM32G414RCT3, STM32G414RCT6, STM32G414VBT3, STM32G414VBT6, STM32G414VCT3, STM32G414VCT6, STM32G431CBT3Z, STM32G431RBT3Z, STM32G471CCT6, STM32G471CCU6, STM32G471CET3, STM32G471CET6, STM32G471CEU3, STM32G471CEU6, STM32G471MCT6, STM32G471MET3, STM32G471MET6, STM32G471MEY6TR, STM32G471QCT6, STM32G471QET3, STM32G471RCT6, STM32G471RET3, STM32G471RET6, STM32G471VCH6, STM32G471VCI6, STM32G471VCT6, STM32G471VEH3, STM32G471VEH6, STM32G471VEI3, STM32G471VEI6, STM32G471VET3, STM32G471VET6, STM32G473QET3Z, STM32G473RET3Z, STM32G474CCT6, STM32G491RET3Z, STM32H503CBT6, STM32H503CBU6, STM32H503EBY6TR, STM32H503KBU6, STM32H503RBT6, STM32H523CCT6, STM32H523CCU6, STM32H523CET6, STM32H523CEU6, STM32H523HEY6TR, STM32H523RCT6, STM32H523RET6, STM32H523VCI6, STM32H523VCT6, STM32H523VEI6, STM32H523VET6, STM32H523ZCJ6, STM32H523ZCT6, STM32H523ZEJ6, STM32H523ZET6, STM32H533CET6, STM32H533CEU6, STM32H533HEY6TR, STM32H533RET6, STM32H533VEI6, STM32H533VET6, STM32H533ZEJ6, STM32H533ZET6, STM32H562AGI6, STM32H562AII6, STM32H562IGK6, STM32H562IGT6, STM32H562IIK6, STM32H562IIT6, STM32H562RGT6, STM32H562RGV6, STM32H562RIT6, STM32H562RIV6, STM32H562VGT6, STM32H562VIT6, STM32H562ZGT6, STM32H562ZIT6, STM32H563AGI6, STM32H563AII3Q, STM32H563AII6, STM32H563IGK6, STM32H563IGT6, STM32H563IIK3Q, STM32H563IIK6, STM32H563IIT3Q, STM32H563IIT6, STM32H563MIY3QTR, STM32H563RGT6, STM32H563RGV6, STM32H563RIT6, STM32H563RIV6, STM32H563VGT6, STM32H563VIT3Q, STM32H563VIT6, STM32H563ZGT6, STM32H563ZIT3Q, STM32H563ZIT6, STM32H573AII3Q, STM32H573AII6, STM32H573I-DK, STM32H573IIK3Q, STM32H573IIK6, STM32H573IIT3Q, STM32H573IIT6, STM32H573MIY3QTR, STM32H573RIT6, STM32H573RIV6, STM32H573VIT3Q, STM32H573VIT6, STM32H573ZIT3Q, STM32H573ZIT6, STM32H7R3A8I6, STM32H7R3I8K6, STM32H7R3I8T6, STM32H7R3L8H6, STM32H7R3L8H6H, STM32H7R3R8V6, STM32H7R3V8H6, STM32H7R3V8T6, STM32H7R3V8Y6TR, STM32H7R3Z8J6, STM32H7R3Z8T6, STM32H7R7A8I6, STM32H7R7I8K6, STM32H7R7I8T6, STM32H7R7L8H6, STM32H7R7L8H6H, STM32H7R7Z8J6, STM32H7S3A8I6, STM32H7S3I8K6, STM32H7S3I8T6, STM32H7S3L8H6, STM32H7S3L8H6H, STM32H7S3R8V6, STM32H7S3V8H6, STM32H7S3V8T6, STM32H7S3V8Y6TR, STM32H7S3Z8J6, STM32H7S3Z8T6, STM32H7S78-DK, STM32H7S7A8I6, STM32H7S7I8K6, STM32H7S7I8T6, STM32H7S7L8H6, STM32H7S7L8H6H, STM32H7S7Z8J6, STM32L4R5QGI6STR, STM32MP131AAE3, STM32MP131AAF3, STM32MP131AAG3, STM32MP131CAE3, STM32MP131CAF3, STM32MP131CAG3, STM32MP131DAE7, STM32MP131DAF7, STM32MP131DAG7, STM32MP131FAE7, STM32MP131FAF7, STM32MP131FAG7, STM32MP133AAE3, STM32MP133AAF3, STM32MP133AAG3, STM32MP133CAE3, STM32MP133CAF3, STM32MP133CAG3, STM32MP133DAE7, STM32MP133DAF7, STM32MP133DAG7, STM32MP133FAE7, STM32MP133FAF7, STM32MP133FAG7, STM32MP135AAE3, STM32MP135AAF3, STM32MP135AAG3, STM32MP135CAE3, STM32MP135CAF3, STM32MP135CAG3, STM32MP135DAE7, STM32MP135DAF7, STM32MP135DAG7, STM32MP135F-DK, STM32MP135FAE7, STM32MP135FAF7, STM32MP135FAF7T, STM32MP135FAF7U, STM32MP135FAG7, STM32MP251AAI3, STM32MP251AAK3, STM32MP251AAL3, STM32MP251CAI3, STM32MP251CAK3, STM32MP251CAL3, STM32MP251DAI3, STM32MP251DAK3, STM32MP251DAL3, STM32MP251FAI3, STM32MP251FAK3, STM32MP251FAL3, STM32MP253AAI3, STM32MP253AAK3, STM32MP253AAL3, STM32MP253CAI3, STM32MP253CAK3, STM32MP253CAL3, STM32MP253DAI3, STM32MP253DAK3, STM32MP253DAL3, STM32MP253FAI3, STM32MP253FAK3, STM32MP253FAL3, STM32MP255AAI3, STM32MP255AAK3, STM32MP255AAL3, STM32MP255CAI3, STM32MP255CAK3, STM32MP255CAL3, STM32MP255DAI3, STM32MP255DAK3, STM32MP255DAL3, STM32MP255FAI3, STM32MP255FAK3, STM32MP255FAL3, STM32MP257AAI3, STM32MP257AAK3, STM32MP257AAL3, STM32MP257CAI3, STM32MP257CAK3, STM32MP257CAL3, STM32MP257DAI3, STM32MP257DAK3, STM32MP257DAL3, STM32MP257F-DK, STM32MP257F-EV1, STM32MP257FAI3, STM32MP257FAK3, STM32MP257FAL3, STM32U031C6T6, STM32U031C6U6, STM32U031C8T6, STM32U031C8U6, STM32U031F4P6, STM32U031F6P6, STM32U031F8P6, STM32U031G6Y6TR, STM32U031G8Y6TR, STM32U031K4U6, STM32U031K6U6, STM32U031K8U6, STM32U031R6I6, STM32U031R6T6, STM32U031R8I6, STM32U031R8T6, STM32U073C8T6, STM32U073C8U6, STM32U073CBT6, STM32U073CBU6, STM32U073CCT6, STM32U073CCU6, STM32U073H8Y6TR, STM32U073HBY6TR, STM32U073HCY6TR, STM32U073K8U6, STM32U073KBU6, STM32U073KCU6, STM32U073M8I6, STM32U073M8T6, STM32U073MBI6, STM32U073MBT6, STM32U073MCI6, STM32U073MCT6, STM32U073R8I6, STM32U073R8T6, STM32U073RBI6, STM32U073RBT6, STM32U073RCI6, STM32U073RCT6, STM32U083C-DK, STM32U083CCT6, STM32U083CCU6, STM32U083HCY6TR, STM32U083KCU6, STM32U083MCI6, STM32U083MCT6, STM32U083RCI6, STM32U083RCT6, STM32U535CBT6, STM32U535CBT6Q, STM32U535CBU6, STM32U535CBU6Q, STM32U535CCT6, STM32U535CCT6Q, STM32U535CCU6, STM32U535CCU6Q, STM32U535CET6, STM32U535CET6Q, STM32U535CEU6, STM32U535CEU6Q, STM32U535JEY6QTR, STM32U535NCY6QTR, STM32U535NEY6QTR, STM32U535RBI6, STM32U535RBI6Q, STM32U535RBT6, STM32U535RBT6Q, STM32U535RCI6, STM32U535RCI6Q, STM32U535RCT6, STM32U535RCT6Q, STM32U535REI6, STM32U535REI6Q, STM32U535RET6, STM32U535RET6Q, STM32U535VCI6, STM32U535VCI6Q, STM32U535VCT6, STM32U535VCT6Q, STM32U535VEI6, STM32U535VEI6Q, STM32U535VET6, STM32U535VET6Q, STM32U545CET6, STM32U545CET6Q, STM32U545CEU6, STM32U545CEU6Q, STM32U545JEY6QTR, STM32U545NEY6QTR, STM32U545REI6, STM32U545REI6Q, STM32U545RET6, STM32U545RET6Q, STM32U545VEI6, STM32U545VEI6Q, STM32U545VET6, STM32U545VET6Q, STM32U595AIH6, STM32U595AIH6Q, STM32U595AJH6, STM32U595AJH6Q, STM32U595QII6, STM32U595QII6Q, STM32U595QJI6, STM32U595QJI6Q, STM32U595RIT6, STM32U595RIT6Q, STM32U595RJT6, STM32U595RJT6Q, STM32U595VIT6, STM32U595VIT6Q, STM32U595VJT6, STM32U595VJT6Q, STM32U595ZIT6, STM32U595ZIT6Q, STM32U595ZIY6QTR, STM32U595ZJT6, STM32U595ZJT6Q, STM32U595ZJY6QTR, STM32U599BJY6QTR, STM32U599NIH6Q, STM32U599NJH6Q, STM32U599VIT6Q, STM32U599VJT6, STM32U599VJT6Q, STM32U599ZIT6Q, STM32U599ZIY6QTR, STM32U599ZJT6Q, STM32U599ZJY6QTR, STM32U5A5AJH6, STM32U5A5AJH6Q, STM32U5A5QII3Q , STM32U5A5QJI6, STM32U5A5QJI6Q, STM32U5A5RJT6, STM32U5A5RJT6Q, STM32U5A5VJT6, STM32U5A5VJT6Q, STM32U5A5ZJT6, STM32U5A5ZJT6Q, STM32U5A5ZJY6QTR, STM32U5A9BJY6QTR, STM32U5A9J-DK, STM32U5A9NJH6Q, STM32U5A9VJT6Q, STM32U5A9ZJT6Q, STM32U5A9ZJY6QTR, STM32U5F7VIT6, STM32U5F7VIT6Q, STM32U5F7VJT6, STM32U5F7VJT6Q, STM32U5F9BJY6QTR, STM32U5F9NJH6Q, STM32U5F9VIT6Q, STM32U5F9VJT6Q, STM32U5F9ZIJ6QTR, STM32U5F9ZIT6Q, STM32U5F9ZJJ6QTR, STM32U5F9ZJT6Q, STM32U5G7VJT6, STM32U5G7VJT6Q, STM32U5G9BJY6QTR, STM32U5G9J-DK1, STM32U5G9J-DK2, STM32U5G9NJH6Q, STM32U5G9VJT6Q, STM32U5G9ZJJ6QTR, STM32U5G9ZJT6Q, STM32WB05KZV6TR, STM32WB05KZV7TR, STM32WB05TZF6TR, STM32WB05TZF7TR, STM32WB06CCF6TR, STM32WB06CCF7TR, STM32WB06CCV6TR, STM32WB06CCV7TR, STM32WB06KCV6TR, STM32WB06KCV7TR, STM32WB07CCF6TR, STM32WB07CCF7TR, STM32WB07CCV6TR, STM32WB07CCV7TR, STM32WB07KCV6TR, STM32WB07KCV7TR, STM32WB09KEV6TR, STM32WB09KEV7TR, STM32WB09TEF6TR, STM32WB09TEF7TR, STM32WB1MMCH6, STM32WBA50KGU6, STM32WBA50KGU6TR, STM32WBA52CEU6, STM32WBA52CEU6TR, STM32WBA52CEU7, STM32WBA52CEU7TR, STM32WBA52CGU6, STM32WBA52CGU6TR, STM32WBA52CGU6U, STM32WBA52CGU7, STM32WBA52CGU7TR, STM32WBA52KEU6, STM32WBA52KEU6TR, STM32WBA52KGU6, STM32WBA52KGU6TR, STM32WBA54CEU6, STM32WBA54CEU6TR, STM32WBA54CEU7, STM32WBA54CEU7TR, STM32WBA54CGU6, STM32WBA54CGU6TR, STM32WBA54CGU7, STM32WBA54CGU7TR, STM32WBA54KEU6, STM32WBA54KEU6TR, STM32WBA54KEU7, STM32WBA54KEU7TR, STM32WBA54KGU6, STM32WBA54KGU6TR, STM32WBA54KGU7, STM32WBA54KGU7TR, STM32WBA55CEU6, STM32WBA55CEU6TR, STM32WBA55CEU7, STM32WBA55CEU7TR, STM32WBA55CGU6, STM32WBA55CGU6TR, STM32WBA55CGU6U, STM32WBA55CGU7, STM32WBA55CGU7TR, STM32WBA55G-DK1, STM32WBA55HEF6, STM32WBA55HEF7, STM32WBA55HGF6, STM32WBA55HGF7, STM32WBA55UEI6, STM32WBA55UEI6TR, STM32WBA55UEI7, STM32WBA55UEI7TR, STM32WBA55UGI6, STM32WBA55UGI6TR, STM32WBA55UGI7, STM32WBA55UGI7TR, STM32WL5MOCH6, STM32WL5MOCH6TR]
2024-12-07 00:34:02,050 [INFO] BoardInfo:889 - No configuration file found for board P-NUCLEO-WB55
2024-12-07 00:34:02,051 [INFO] DbBoards:161 - Kit is not supported: P-NUCLEO-WB55
2024-12-07 00:34:02,058 [INFO] BoardInfo:889 - No configuration file found for board STEVAL-BFA001V1B
2024-12-07 00:34:02,058 [INFO] DbBoards:161 - Kit is not supported: STEVAL-BFA001V1B
2024-12-07 00:34:02,060 [INFO] BoardInfo:889 - No configuration file found for board STEVAL-BFA001V2B
2024-12-07 00:34:02,060 [INFO] DbBoards:161 - Kit is not supported: STEVAL-BFA001V2B
2024-12-07 00:34:02,263 [INFO] DbBoards:168 - Found 201 boards, 198 are supported
2024-12-07 00:34:02,264 [INFO] DbBoards:169 - Found 201 boards, 25 of them is supported for  Bsp
2024-12-07 00:34:02,269 [INFO] ApiDb:668 - CubeFinder database Data Model version=2.1
2024-12-07 00:34:02,269 [INFO] ApiDb:669 - CubeFinder database Configuration version=3.0.39
2024-12-07 00:34:02,269 [INFO] ApiDb:670 - CubeFinder database generation date=2024-10-15 (1729006872)
2024-12-07 00:34:02,269 [INFO] ApiDb:671 - CubeFinder database FW Pack versions=[FP-ATR-ASTRA1_V2.0.0, FP-SNS-FLIGHT1_V5.0.2, FP-SNS-MOTENV1_V5.0.0, FP-SNS-MOTENVWB1_V1.4.0, FP-SNS-SMARTAG2_V1.2.0, FP-SNS-STBOX1_V2.0.0, STM32Cube_FW_C0_V1.2.0, STM32Cube_FW_F4_V1.28.1, STM32Cube_FW_F7_V1.17.2, STM32Cube_FW_G0_V1.6.2, STM32Cube_FW_G4_V1.6.0, STM32Cube_FW_H5_V1.3.0, STM32Cube_FW_H7RS_V1.1.0, STM32Cube_FW_H7_V1.11.2, STM32Cube_FW_L0_V1.12.2, STM32Cube_FW_L5_V1.5.1, STM32Cube_FW_U0_V1.1.0, STM32Cube_FW_U5_V1.6.0, STM32Cube_FW_WB0_V1.0.0, STM32Cube_FW_WBA_V1.4.1, STM32Cube_FW_WB_V1.20.0, STM32Cube_FW_WL_V1.3.0, X-CUBE-ALGOBUILD_V1.4.0, X-CUBE-ALS_V1.0.2, X-CUBE-AZRTOS-F4_V1.1.0, X-CUBE-AZRTOS-F7_V1.1.0, X-CUBE-AZRTOS-G0_V1.1.0, X-CUBE-AZRTOS-G4_V2.0.0, X-CUBE-AZRTOS-H7RS_V1.0.0, X-CUBE-AZRTOS-H7_V3.3.0, X-CUBE-AZRTOS-L4_V2.0.0, X-CUBE-AZRTOS-L5_V2.0.0, X-CUBE-AZRTOS-WB_V2.0.0, X-CUBE-AZRTOS-WL_V2.0.0, X-CUBE-BLE1_V7.0.0, X-CUBE-BLE2_V3.3.0, X-CUBE-BLEMGR_V3.1.0, X-CUBE-EEPRMA1_V5.1.0, X-CUBE-FREERTOS_V1.2.0, X-CUBE-GNSS1_V6.0.0, X-CUBE-MEMS1_V11.0.0, X-CUBE-NFC4_V3.0.0, X-CUBE-NFC7_V1.0.1, X-CUBE-SFXS2LP1_V4.0.0, X-CUBE-SUBG2_V5.0.0, X-CUBE-TOF1_V3.4.2]
2024-12-07 00:34:04,419 [INFO] ApiDb:240 - Found 646 in-development CPN: [B-G473E-ZEST1S, B-WB1M-WPAN1, B-WL5M-SUBG1, NUCLEO-C031C6, NUCLEO-C071RB, NUCLEO-H503RB, NUCLEO-H533RE, NUCLEO-H563ZI, NUCLEO-H7S3L8, NUCLEO-U031R8, NUCLEO-U083RC, NUCLEO-U545RE-Q, NUCLEO-U5A5ZJ-Q, NUCLEO-WB05KZ, NUCLEO-WB07CC, NUCLEO-WB09KE, NUCLEO-WBA52CG, NUCLEO-WBA55CG, STEVAL-PROTEUS1, STEVAL-SMARTAG2, STEVAL-STWINBX1, STM320518-EVAL, STM32C0116-DK, STM32C011D6Y3TR, STM32C011D6Y6TR, STM32C011F4P3, STM32C011F4P6, STM32C011F4U3, STM32C011F4U6TR, STM32C011F6P3, STM32C011F6P6, STM32C011F6U3, STM32C011F6U6TR, STM32C011J4M3, STM32C011J4M6, STM32C011J6M3, STM32C011J6M6, STM32C0316-DK, STM32C031C4T3, STM32C031C4T6, STM32C031C4U3, STM32C031C4U6, STM32C031C6T3, STM32C031C6T6, STM32C031C6U3, STM32C031C6U6, STM32C031F4P3, STM32C031F4P6, STM32C031F6P3, STM32C031F6P6, STM32C031G4U3, STM32C031G4U6, STM32C031G6U3, STM32C031G6U6, STM32C031K4T3, STM32C031K4T6, STM32C031K4U3, STM32C031K4U6, STM32C031K6T3, STM32C031K6T6, STM32C031K6U3, STM32C031K6U6, STM32C071C8T6, STM32C071C8T6N, STM32C071C8U6, STM32C071C8U6N, STM32C071CBT6, STM32C071CBT6N, STM32C071CBU6, STM32C071CBU6N, STM32C071F8P6, STM32C071F8P6N, STM32C071FBP6, STM32C071FBP6N, STM32C071FBY6TR, STM32C071G8U6, STM32C071G8U6N, STM32C071GBU6, STM32C071GBU6N, STM32C071K8T6, STM32C071K8T6N, STM32C071K8U6, STM32C071K8U6N, STM32C071KBT6, STM32C071KBT6N, STM32C071KBU6, STM32C071KBU6N, STM32C071R8T6, STM32C071R8T6N, STM32C071RBI6N, STM32C071RBT6, STM32C071RBT6N, STM32G071K8TXN, STM32G071K8UXN, STM32G081GBU6N, STM32G081KBT6N, STM32G081KBUXN, STM32G0B1CCT6N, STM32G0B1KCT6, STM32G0B1NEY6TR, STM32G0B1RCT6N, STM32G0C1CCT6, STM32G0C1CCT6N, STM32G0C1CCU6N, STM32G0C1CET6N, STM32G0C1CEU6N, STM32G0C1KCT6, STM32G0C1NEY6TR, STM32G0C1RCI6N, STM32G0C1RCT6N, STM32G0C1REI6N, STM32G0C1RET6N, STM32G0C1VCI6, STM32G0C1VEI6, STM32G411C6T3, STM32G411C6T6, STM32G411C6U3, STM32G411C6U6, STM32G411C8T3, STM32G411C8T6, STM32G411C8U3, STM32G411C8U6, STM32G411CBT3, STM32G411CBT6, STM32G411CBU3, STM32G411CBU6, STM32G411K6T3, STM32G411K6T6, STM32G411K6U3, STM32G411K6U6, STM32G411K8T3, STM32G411K8T6, STM32G411K8U3, STM32G411K8U6, STM32G411KBT3, STM32G411KBT6, STM32G411KBU3, STM32G411KBU6, STM32G411M6T3, STM32G411M6T6, STM32G411M8T3, STM32G411M8T6, STM32G411MBT3, STM32G411MBT6, STM32G411R6T3, STM32G411R6T6, STM32G411R8T3, STM32G411R8T6, STM32G411RBT3, STM32G411RBT6, STM32G414CBT3, STM32G414CBT6, STM32G414CBU3, STM32G414CBU6, STM32G414CCT3, STM32G414CCT6, STM32G414CCU3, STM32G414CCU6, STM32G414MBT3, STM32G414MBT6, STM32G414MCT3, STM32G414MCT6, STM32G414RBT3, STM32G414RBT6, STM32G414RCT3, STM32G414RCT6, STM32G414VBT3, STM32G414VBT6, STM32G414VCT3, STM32G414VCT6, STM32G431CBT3Z, STM32G431RBT3Z, STM32G471CCT6, STM32G471CCU6, STM32G471CET3, STM32G471CET6, STM32G471CEU3, STM32G471CEU6, STM32G471MCT6, STM32G471MET3, STM32G471MET6, STM32G471MEY6TR, STM32G471QCT6, STM32G471QET3, STM32G471RCT6, STM32G471RET3, STM32G471RET6, STM32G471VCH6, STM32G471VCI6, STM32G471VCT6, STM32G471VEH3, STM32G471VEH6, STM32G471VEI3, STM32G471VEI6, STM32G471VET3, STM32G471VET6, STM32G473QET3Z, STM32G473RET3Z, STM32G474CCT6, STM32G491RET3Z, STM32H503CBT6, STM32H503CBU6, STM32H503EBY6TR, STM32H503KBU6, STM32H503RBT6, STM32H523CCT6, STM32H523CCU6, STM32H523CET6, STM32H523CEU6, STM32H523HEY6TR, STM32H523RCT6, STM32H523RET6, STM32H523VCI6, STM32H523VCT6, STM32H523VEI6, STM32H523VET6, STM32H523ZCJ6, STM32H523ZCT6, STM32H523ZEJ6, STM32H523ZET6, STM32H533CET6, STM32H533CEU6, STM32H533HEY6TR, STM32H533RET6, STM32H533VEI6, STM32H533VET6, STM32H533ZEJ6, STM32H533ZET6, STM32H562AGI6, STM32H562AII6, STM32H562IGK6, STM32H562IGT6, STM32H562IIK6, STM32H562IIT6, STM32H562RGT6, STM32H562RGV6, STM32H562RIT6, STM32H562RIV6, STM32H562VGT6, STM32H562VIT6, STM32H562ZGT6, STM32H562ZIT6, STM32H563AGI6, STM32H563AII3Q, STM32H563AII6, STM32H563IGK6, STM32H563IGT6, STM32H563IIK3Q, STM32H563IIK6, STM32H563IIT3Q, STM32H563IIT6, STM32H563MIY3QTR, STM32H563RGT6, STM32H563RGV6, STM32H563RIT6, STM32H563RIV6, STM32H563VGT6, STM32H563VIT3Q, STM32H563VIT6, STM32H563ZGT6, STM32H563ZIT3Q, STM32H563ZIT6, STM32H573AII3Q, STM32H573AII6, STM32H573I-DK, STM32H573IIK3Q, STM32H573IIK6, STM32H573IIT3Q, STM32H573IIT6, STM32H573MIY3QTR, STM32H573RIT6, STM32H573RIV6, STM32H573VIT3Q, STM32H573VIT6, STM32H573ZIT3Q, STM32H573ZIT6, STM32H7R3A8I6, STM32H7R3I8K6, STM32H7R3I8T6, STM32H7R3L8H6, STM32H7R3L8H6H, STM32H7R3R8V6, STM32H7R3V8H6, STM32H7R3V8T6, STM32H7R3V8Y6TR, STM32H7R3Z8J6, STM32H7R3Z8T6, STM32H7R7A8I6, STM32H7R7I8K6, STM32H7R7I8T6, STM32H7R7L8H6, STM32H7R7L8H6H, STM32H7R7Z8J6, STM32H7S3A8I6, STM32H7S3I8K6, STM32H7S3I8T6, STM32H7S3L8H6, STM32H7S3L8H6H, STM32H7S3R8V6, STM32H7S3V8H6, STM32H7S3V8T6, STM32H7S3V8Y6TR, STM32H7S3Z8J6, STM32H7S3Z8T6, STM32H7S78-DK, STM32H7S7A8I6, STM32H7S7I8K6, STM32H7S7I8T6, STM32H7S7L8H6, STM32H7S7L8H6H, STM32H7S7Z8J6, STM32L4R5QGI6STR, STM32MP131AAE3, STM32MP131AAF3, STM32MP131AAG3, STM32MP131CAE3, STM32MP131CAF3, STM32MP131CAG3, STM32MP131DAE7, STM32MP131DAF7, STM32MP131DAG7, STM32MP131FAE7, STM32MP131FAF7, STM32MP131FAG7, STM32MP133AAE3, STM32MP133AAF3, STM32MP133AAG3, STM32MP133CAE3, STM32MP133CAF3, STM32MP133CAG3, STM32MP133DAE7, STM32MP133DAF7, STM32MP133DAG7, STM32MP133FAE7, STM32MP133FAF7, STM32MP133FAG7, STM32MP135AAE3, STM32MP135AAF3, STM32MP135AAG3, STM32MP135CAE3, STM32MP135CAF3, STM32MP135CAG3, STM32MP135DAE7, STM32MP135DAF7, STM32MP135DAG7, STM32MP135F-DK, STM32MP135FAE7, STM32MP135FAF7, STM32MP135FAF7T, STM32MP135FAF7U, STM32MP135FAG7, STM32MP251AAI3, STM32MP251AAK3, STM32MP251AAL3, STM32MP251CAI3, STM32MP251CAK3, STM32MP251CAL3, STM32MP251DAI3, STM32MP251DAK3, STM32MP251DAL3, STM32MP251FAI3, STM32MP251FAK3, STM32MP251FAL3, STM32MP253AAI3, STM32MP253AAK3, STM32MP253AAL3, STM32MP253CAI3, STM32MP253CAK3, STM32MP253CAL3, STM32MP253DAI3, STM32MP253DAK3, STM32MP253DAL3, STM32MP253FAI3, STM32MP253FAK3, STM32MP253FAL3, STM32MP255AAI3, STM32MP255AAK3, STM32MP255AAL3, STM32MP255CAI3, STM32MP255CAK3, STM32MP255CAL3, STM32MP255DAI3, STM32MP255DAK3, STM32MP255DAL3, STM32MP255FAI3, STM32MP255FAK3, STM32MP255FAL3, STM32MP257AAI3, STM32MP257AAK3, STM32MP257AAL3, STM32MP257CAI3, STM32MP257CAK3, STM32MP257CAL3, STM32MP257DAI3, STM32MP257DAK3, STM32MP257DAL3, STM32MP257F-DK, STM32MP257F-EV1, STM32MP257FAI3, STM32MP257FAK3, STM32MP257FAL3, STM32U031C6T6, STM32U031C6U6, STM32U031C8T6, STM32U031C8U6, STM32U031F4P6, STM32U031F6P6, STM32U031F8P6, STM32U031G6Y6TR, STM32U031G8Y6TR, STM32U031K4U6, STM32U031K6U6, STM32U031K8U6, STM32U031R6I6, STM32U031R6T6, STM32U031R8I6, STM32U031R8T6, STM32U073C8T6, STM32U073C8U6, STM32U073CBT6, STM32U073CBU6, STM32U073CCT6, STM32U073CCU6, STM32U073H8Y6TR, STM32U073HBY6TR, STM32U073HCY6TR, STM32U073K8U6, STM32U073KBU6, STM32U073KCU6, STM32U073M8I6, STM32U073M8T6, STM32U073MBI6, STM32U073MBT6, STM32U073MCI6, STM32U073MCT6, STM32U073R8I6, STM32U073R8T6, STM32U073RBI6, STM32U073RBT6, STM32U073RCI6, STM32U073RCT6, STM32U083C-DK, STM32U083CCT6, STM32U083CCU6, STM32U083HCY6TR, STM32U083KCU6, STM32U083MCI6, STM32U083MCT6, STM32U083RCI6, STM32U083RCT6, STM32U535CBT6, STM32U535CBT6Q, STM32U535CBU6, STM32U535CBU6Q, STM32U535CCT6, STM32U535CCT6Q, STM32U535CCU6, STM32U535CCU6Q, STM32U535CET6, STM32U535CET6Q, STM32U535CEU6, STM32U535CEU6Q, STM32U535JEY6QTR, STM32U535NCY6QTR, STM32U535NEY6QTR, STM32U535RBI6, STM32U535RBI6Q, STM32U535RBT6, STM32U535RBT6Q, STM32U535RCI6, STM32U535RCI6Q, STM32U535RCT6, STM32U535RCT6Q, STM32U535REI6, STM32U535REI6Q, STM32U535RET6, STM32U535RET6Q, STM32U535VCI6, STM32U535VCI6Q, STM32U535VCT6, STM32U535VCT6Q, STM32U535VEI6, STM32U535VEI6Q, STM32U535VET6, STM32U535VET6Q, STM32U545CET6, STM32U545CET6Q, STM32U545CEU6, STM32U545CEU6Q, STM32U545JEY6QTR, STM32U545NEY6QTR, STM32U545REI6, STM32U545REI6Q, STM32U545RET6, STM32U545RET6Q, STM32U545VEI6, STM32U545VEI6Q, STM32U545VET6, STM32U545VET6Q, STM32U595AIH6, STM32U595AIH6Q, STM32U595AJH6, STM32U595AJH6Q, STM32U595QII6, STM32U595QII6Q, STM32U595QJI6, STM32U595QJI6Q, STM32U595RIT6, STM32U595RIT6Q, STM32U595RJT6, STM32U595RJT6Q, STM32U595VIT6, STM32U595VIT6Q, STM32U595VJT6, STM32U595VJT6Q, STM32U595ZIT6, STM32U595ZIT6Q, STM32U595ZIY6QTR, STM32U595ZJT6, STM32U595ZJT6Q, STM32U595ZJY6QTR, STM32U599BJY6QTR, STM32U599NIH6Q, STM32U599NJH6Q, STM32U599VIT6Q, STM32U599VJT6, STM32U599VJT6Q, STM32U599ZIT6Q, STM32U599ZIY6QTR, STM32U599ZJT6Q, STM32U599ZJY6QTR, STM32U5A5AJH6, STM32U5A5AJH6Q, STM32U5A5QII3Q , STM32U5A5QJI6, STM32U5A5QJI6Q, STM32U5A5RJT6, STM32U5A5RJT6Q, STM32U5A5VJT6, STM32U5A5VJT6Q, STM32U5A5ZJT6, STM32U5A5ZJT6Q, STM32U5A5ZJY6QTR, STM32U5A9BJY6QTR, STM32U5A9J-DK, STM32U5A9NJH6Q, STM32U5A9VJT6Q, STM32U5A9ZJT6Q, STM32U5A9ZJY6QTR, STM32U5F7VIT6, STM32U5F7VIT6Q, STM32U5F7VJT6, STM32U5F7VJT6Q, STM32U5F9BJY6QTR, STM32U5F9NJH6Q, STM32U5F9VIT6Q, STM32U5F9VJT6Q, STM32U5F9ZIJ6QTR, STM32U5F9ZIT6Q, STM32U5F9ZJJ6QTR, STM32U5F9ZJT6Q, STM32U5G7VJT6, STM32U5G7VJT6Q, STM32U5G9BJY6QTR, STM32U5G9J-DK1, STM32U5G9J-DK2, STM32U5G9NJH6Q, STM32U5G9VJT6Q, STM32U5G9ZJJ6QTR, STM32U5G9ZJT6Q, STM32WB05KZV6TR, STM32WB05KZV7TR, STM32WB05TZF6TR, STM32WB05TZF7TR, STM32WB06CCF6TR, STM32WB06CCF7TR, STM32WB06CCV6TR, STM32WB06CCV7TR, STM32WB06KCV6TR, STM32WB06KCV7TR, STM32WB07CCF6TR, STM32WB07CCF7TR, STM32WB07CCV6TR, STM32WB07CCV7TR, STM32WB07KCV6TR, STM32WB07KCV7TR, STM32WB09KEV6TR, STM32WB09KEV7TR, STM32WB09TEF6TR, STM32WB09TEF7TR, STM32WB1MMCH6, STM32WBA50KGU6, STM32WBA50KGU6TR, STM32WBA52CEU6, STM32WBA52CEU6TR, STM32WBA52CEU7, STM32WBA52CEU7TR, STM32WBA52CGU6, STM32WBA52CGU6TR, STM32WBA52CGU6U, STM32WBA52CGU7, STM32WBA52CGU7TR, STM32WBA52KEU6, STM32WBA52KEU6TR, STM32WBA52KGU6, STM32WBA52KGU6TR, STM32WBA54CEU6, STM32WBA54CEU6TR, STM32WBA54CEU7, STM32WBA54CEU7TR, STM32WBA54CGU6, STM32WBA54CGU6TR, STM32WBA54CGU7, STM32WBA54CGU7TR, STM32WBA54KEU6, STM32WBA54KEU6TR, STM32WBA54KEU7, STM32WBA54KEU7TR, STM32WBA54KGU6, STM32WBA54KGU6TR, STM32WBA54KGU7, STM32WBA54KGU7TR, STM32WBA55CEU6, STM32WBA55CEU6TR, STM32WBA55CEU7, STM32WBA55CEU7TR, STM32WBA55CGU6, STM32WBA55CGU6TR, STM32WBA55CGU6U, STM32WBA55CGU7, STM32WBA55CGU7TR, STM32WBA55G-DK1, STM32WBA55HEF6, STM32WBA55HEF7, STM32WBA55HGF6, STM32WBA55HGF7, STM32WBA55UEI6, STM32WBA55UEI6TR, STM32WBA55UEI7, STM32WBA55UEI7TR, STM32WBA55UGI6, STM32WBA55UGI6TR, STM32WBA55UGI7, STM32WBA55UGI7TR, STM32WL5MOCH6, STM32WL5MOCH6TR]
2024-12-07 00:34:04,426 [INFO] DbMcus:218 - Found 4252 MCUs, 4252 are supported
2024-12-07 00:34:04,428 [INFO] ApiDb:423 - Load user favorites file /Users/apple/.stm32cubeide/favorites.mcus.txt: 0 item(s)
2024-12-07 00:34:04,429 [INFO] ApiDb:427 - User favorites MCUs=[]
2024-12-07 00:34:04,429 [INFO] DbMcus:224 - Set 0 / 0 favorites MCUs
2024-12-07 00:34:04,771 [INFO] ApiDb:423 - Load user favorites file /Users/apple/.stm32cubeide/favorites.boards.txt: 0 item(s)
2024-12-07 00:34:04,771 [INFO] ApiDb:427 - User favorites Boards=[]
2024-12-07 00:34:04,772 [INFO] DbBoards:198 - Set 0 / 0 favorites Boards
2024-12-07 00:34:04,889 [INFO] UtilMem:75 - End LoadConfig() Used Memory: 657897448 Bytes (1073741824)
2024-12-07 00:34:05,247 [WARN] ThirdParty:833 - waiting for thirdparty lock release [change project]
2024-12-07 00:34:05,250 [INFO] ThirdParty:835 - entering critical section [change project]
2024-12-07 00:34:05,251 [INFO] ThirdParty:1030 - CMSIS Pack Vendor :STMicroelectronics USBPD 4.1
2024-12-07 00:34:05,251 [INFO] ThirdParty:1030 - CMSIS Pack Vendor :STMicroelectronics X-CUBE-AZRTOS-H7 3.3.0
2024-12-07 00:34:05,251 [INFO] ThirdParty:1030 - CMSIS Pack Vendor :STMicroelectronics X-CUBE-NFC9 1.0.0
2024-12-07 00:34:05,251 [INFO] ThirdParty:1030 - CMSIS Pack Vendor :STMicroelectronics USB_HOST 2.0.0
2024-12-07 00:34:05,251 [INFO] ThirdParty:1030 - CMSIS Pack Vendor :STMicroelectronics FP-SNS-MOTENVWB1 1.4.0
2024-12-07 00:34:05,251 [INFO] ThirdParty:1030 - CMSIS Pack Vendor :STMicroelectronics X-CUBE-AZRTOS-F4 1.1.0
2024-12-07 00:34:05,251 [INFO] ThirdParty:1030 - CMSIS Pack Vendor :STMicroelectronics LIBJPEG 8.0.0
2024-12-07 00:34:05,251 [INFO] ThirdParty:1030 - CMSIS Pack Vendor :STMicroelectronics FP-ATR-ASTRA1 2.0.1
2024-12-07 00:34:05,251 [INFO] ThirdParty:1030 - CMSIS Pack Vendor :STMicroelectronics X-CUBE-SMBUS 2.1.0
2024-12-07 00:34:05,251 [INFO] ThirdParty:1030 - CMSIS Pack Vendor :STMicroelectronics X-CUBE-WB05N 1.1.0
2024-12-07 00:34:05,251 [INFO] ThirdParty:1030 - CMSIS Pack Vendor :STMicroelectronics USB_DEVICE 3.0.0
2024-12-07 00:34:05,251 [INFO] ThirdParty:1030 - CMSIS Pack Vendor :STMicroelectronics X-CUBE-TCPP 4.1.0
2024-12-07 00:34:05,251 [INFO] ThirdParty:1030 - CMSIS Pack Vendor :STMicroelectronics X-CUBE-ISPU 2.1.0
2024-12-07 00:34:05,251 [INFO] ThirdParty:1030 - CMSIS Pack Vendor :STMicroelectronics X-CUBE-FREERTOS 1.2.0
2024-12-07 00:34:05,251 [INFO] ThirdParty:1030 - CMSIS Pack Vendor :STMicroelectronics X-CUBE-IPS 3.0.0
2024-12-07 00:34:05,252 [INFO] ThirdParty:1030 - CMSIS Pack Vendor :STMicroelectronics X-CUBE-AZRTOS-WB 2.0.0
2024-12-07 00:34:05,252 [INFO] ThirdParty:1030 - CMSIS Pack Vendor :STMicroelectronics X-CUBE-GNSS1 7.0.0
2024-12-07 00:34:05,252 [INFO] ThirdParty:1030 - CMSIS Pack Vendor :STMicroelectronics X-CUBE-AZRTOS-F7 1.1.0
2024-12-07 00:34:05,252 [INFO] ThirdParty:1030 - CMSIS Pack Vendor :STMicroelectronics X-CUBE-AZRTOS-L5 2.0.0
2024-12-07 00:34:05,252 [INFO] ThirdParty:1030 - CMSIS Pack Vendor :STMicroelectronics USB_DEVICE 2.0.0
2024-12-07 00:34:05,252 [INFO] ThirdParty:1030 - CMSIS Pack Vendor :STMicroelectronics X-CUBE-NFC6 3.1.0
2024-12-07 00:34:05,252 [INFO] ThirdParty:1030 - CMSIS Pack Vendor :STMicroelectronics FP-SNS-STBOX1 2.0.0
2024-12-07 00:34:05,252 [INFO] ThirdParty:1030 - CMSIS Pack Vendor :STMicroelectronics X-CUBE-MEMS1 11.0.0
2024-12-07 00:34:05,252 [INFO] ThirdParty:1030 - CMSIS Pack Vendor :STMicroelectronics FreeRTOS 0.0.1
2024-12-07 00:34:05,252 [INFO] ThirdParty:1030 - CMSIS Pack Vendor :STMicroelectronics X-CUBE-AZRTOS-G0 1.1.0
2024-12-07 00:34:05,252 [INFO] ThirdParty:1030 - CMSIS Pack Vendor :STMicroelectronics X-CUBE-SAFEA1 1.2.2
2024-12-07 00:34:05,252 [INFO] ThirdParty:1030 - CMSIS Pack Vendor :STMicroelectronics X-CUBE-NFC4 3.0.0
2024-12-07 00:34:05,252 [INFO] ThirdParty:1030 - CMSIS Pack Vendor :STMicroelectronics X-CUBE-DPower 1.2.0
2024-12-07 00:34:05,252 [INFO] ThirdParty:1030 - CMSIS Pack Vendor :STMicroelectronics X-CUBE-SUBG2 5.0.0
2024-12-07 00:34:05,252 [INFO] ThirdParty:1030 - CMSIS Pack Vendor :STMicroelectronics STM32_WPAN 1.0.0
2024-12-07 00:34:05,252 [INFO] ThirdParty:1030 - CMSIS Pack Vendor :EmbeddedOffice I-CUBE-FS-RTOS 1.0.1
2024-12-07 00:34:05,252 [INFO] ThirdParty:1030 - CMSIS Pack Vendor :STMicroelectronics lwIP 2.0.3
2024-12-07 00:34:05,252 [INFO] ThirdParty:1030 - CMSIS Pack Vendor :STMicroelectronics FP-SNS-FLIGHT1 5.0.2
2024-12-07 00:34:05,252 [INFO] ThirdParty:1030 - CMSIS Pack Vendor :Cesanta I-CUBE-Mongoose 7.13.0
2024-12-07 00:34:05,252 [INFO] ThirdParty:1030 - CMSIS Pack Vendor :STMicroelectronics USB_HOST 1.0.0
2024-12-07 00:34:05,252 [INFO] ThirdParty:1030 - CMSIS Pack Vendor :STMicroelectronics X-CUBE-AI 9.0.0
2024-12-07 00:34:05,252 [INFO] ThirdParty:1030 - CMSIS Pack Vendor :STMicroelectronics X-CUBE-AZRTOS-G4 2.0.0
2024-12-07 00:34:05,252 [INFO] ThirdParty:1030 - CMSIS Pack Vendor :STMicroelectronics PDM2PCM 3.1.0
2024-12-07 00:34:05,252 [INFO] ThirdParty:1030 - CMSIS Pack Vendor :STMicroelectronics PDM2PCM 3.3.0
2024-12-07 00:34:05,252 [INFO] ThirdParty:1030 - CMSIS Pack Vendor :STMicroelectronics X-CUBE-DISPLAY 3.0.0
2024-12-07 00:34:05,253 [INFO] ThirdParty:1030 - CMSIS Pack Vendor :RealThread X-CUBE-RT-Thread_Nano 4.1.1
2024-12-07 00:34:05,253 [INFO] ThirdParty:1030 - CMSIS Pack Vendor :STMicroelectronics X-CUBE-BLE1 7.0.0
2024-12-07 00:34:05,253 [INFO] ThirdParty:1030 - CMSIS Pack Vendor :STMicroelectronics FP-ATR-SIGFOX1 3.2.0
2024-12-07 00:34:05,253 [INFO] ThirdParty:1030 - CMSIS Pack Vendor :STMicroelectronics X-CUBE-NFC10 1.0.0
2024-12-07 00:34:05,253 [INFO] ThirdParty:1030 - CMSIS Pack Vendor :wolfSSL I-CUBE-wolfSSL 5.7.2
2024-12-07 00:34:05,253 [INFO] ThirdParty:1030 - CMSIS Pack Vendor :quantropi X-CUBE-qispace-sdk-base 1.9.3
2024-12-07 00:34:05,253 [INFO] ThirdParty:1030 - CMSIS Pack Vendor :STMicroelectronics X-CUBE-EEPRMA1 5.1.0
2024-12-07 00:34:05,253 [INFO] ThirdParty:1030 - CMSIS Pack Vendor :STMicroelectronics HAL Drivers 0.0.0
2024-12-07 00:34:05,253 [INFO] ThirdParty:1030 - CMSIS Pack Vendor :STMicroelectronics MBEDTLS 2.16.2
2024-12-07 00:34:05,253 [INFO] ThirdParty:1030 - CMSIS Pack Vendor :STMicroelectronics X-CUBE-ALS 1.0.2
2024-12-07 00:34:05,253 [INFO] ThirdParty:1030 - CMSIS Pack Vendor :emotas I-CUBE-CANOPEN 1.3.0
2024-12-07 00:34:05,254 [INFO] ThirdParty:1030 - CMSIS Pack Vendor :STMicroelectronics X-CUBE-NFC7 1.0.1
2024-12-07 00:34:05,254 [INFO] ThirdParty:1030 - CMSIS Pack Vendor :STMicroelectronics MBEDTLS 2.14.1
2024-12-07 00:34:05,254 [INFO] ThirdParty:1030 - CMSIS Pack Vendor :STMicroelectronics X-CUBE-TOUCHGFX 4.24.0
2024-12-07 00:34:05,255 [INFO] ThirdParty:1030 - CMSIS Pack Vendor :ITTIA_DB I-CUBE-ITTIADB 8.9.0
2024-12-07 00:34:05,255 [INFO] ThirdParty:1030 - CMSIS Pack Vendor :STMicroelectronics X-CUBE-TOUCHGFX 4.24.1
2024-12-07 00:34:05,255 [INFO] ThirdParty:1030 - CMSIS Pack Vendor :wolfSSL I-CUBE-wolfTPM 3.4.0
2024-12-07 00:34:05,255 [INFO] ThirdParty:1030 - CMSIS Pack Vendor :portGmbH I-Cube-SoM-uGOAL 1.1.0
2024-12-07 00:34:05,255 [INFO] ThirdParty:1030 - CMSIS Pack Vendor :STMicroelectronics X-CUBE-BLEMGR 3.1.0
2024-12-07 00:34:05,256 [INFO] ThirdParty:1030 - CMSIS Pack Vendor :STMicroelectronics ThreadX 1.0.0
2024-12-07 00:34:05,256 [INFO] ThirdParty:1030 - CMSIS Pack Vendor :STMicroelectronics FP-SNS-SMARTAG2 1.2.0
2024-12-07 00:34:05,256 [INFO] ThirdParty:1030 - CMSIS Pack Vendor :STMicroelectronics X-CUBE-AZRTOS-WL 2.0.0
2024-12-07 00:34:05,256 [INFO] ThirdParty:1030 - CMSIS Pack Vendor :SEGGER I-CUBE-embOS 1.3.1
2024-12-07 00:34:05,257 [INFO] ThirdParty:1030 - CMSIS Pack Vendor :STMicroelectronics X-CUBE-ALGOBUILD 1.4.0
2024-12-07 00:34:05,258 [INFO] ThirdParty:1030 - CMSIS Pack Vendor :STMicroelectronics FP-SNS-MOTENV1 5.0.0
2024-12-07 00:34:05,258 [INFO] ThirdParty:1030 - CMSIS Pack Vendor :STMicroelectronics USB_DEVICE 1.0.0
2024-12-07 00:34:05,259 [INFO] ThirdParty:1030 - CMSIS Pack Vendor :STMicroelectronics X-CUBE-AZRTOS-H7RS 1.0.0
2024-12-07 00:34:05,259 [INFO] ThirdParty:1030 - CMSIS Pack Vendor :wolfSSL I-CUBE-wolfMQTT 1.19.0
2024-12-07 00:34:05,259 [INFO] ThirdParty:1030 - CMSIS Pack Vendor :STMicroelectronics X-CUBE-AZRTOS-L4 2.0.0
2024-12-07 00:34:05,259 [INFO] ThirdParty:1030 - CMSIS Pack Vendor :STMicroelectronics ThreadX 0.0.2
2024-12-07 00:34:05,259 [INFO] ThirdParty:1030 - CMSIS Pack Vendor :WES I-CUBE-Cesium 1.3.0
2024-12-07 00:34:05,259 [INFO] ThirdParty:1030 - CMSIS Pack Vendor :STMicroelectronics FP-ATR-ASTRA1 2.0.0
2024-12-07 00:34:05,259 [INFO] ThirdParty:1030 - CMSIS Pack Vendor :STMicroelectronics lwIP 2.1.2
2024-12-07 00:34:05,259 [INFO] ThirdParty:1030 - CMSIS Pack Vendor :STMicroelectronics X-CUBE-SFXS2LP1 4.0.0
2024-12-07 00:34:05,259 [INFO] ThirdParty:1030 - CMSIS Pack Vendor :STMicroelectronics X-CUBE-BLE2 3.3.0
2024-12-07 00:34:05,259 [INFO] ThirdParty:1030 - CMSIS Pack Vendor :STMicroelectronics X-CUBE-TOF1 3.4.2
2024-12-07 00:34:05,259 [INFO] ThirdParty:1030 - CMSIS Pack Vendor :STMicroelectronics X-CUBE-AI 9.1.0
2024-12-07 00:34:05,259 [INFO] ThirdParty:1030 - CMSIS Pack Vendor :Infineon AIROC-Wi-Fi-Bluetooth-STM32 1.6.1
2024-12-07 00:34:05,259 [INFO] ThirdParty:1030 - CMSIS Pack Vendor :STMicroelectronics PDM2PCM 3.2.0
2024-12-07 00:34:05,259 [INFO] ThirdParty:1030 - CMSIS Pack Vendor :wolfSSL I-CUBE-wolfSSH 1.4.17
2024-12-07 00:34:05,262 [INFO] ThirdParty:841 - exiting critical section [change project]
2024-12-07 00:34:06,563 [INFO] PinOutPanel:1561 - setPackage(No Configuration,No Configuration)
2024-12-07 00:34:06,577 [INFO] PinOutPanel:1561 - setPackage(STM32F103C8Tx,LQFP48)
2024-12-07 00:34:08,367 [INFO] UtilMem:75 - Before build in PCC Used Memory: 687892960 Bytes (1073741824)
2024-12-07 00:34:10,149 [INFO] UtilMem:75 - After build in PCC Used Memory: 873490912 Bytes (1073741824)
2024-12-07 00:34:10,278 [INFO] IPUIPlugin:80 - create IPUIPlugin
2024-12-07 00:34:10,280 [INFO] IPUIPlugin:80 - create IPUIPlugin
2024-12-07 00:34:10,281 [INFO] IPUIPlugin:80 - create IPUIPlugin
2024-12-07 00:34:10,281 [INFO] IPUIPlugin:80 - create IPUIPlugin
2024-12-07 00:34:10,282 [INFO] IPUIPlugin:80 - create IPUIPlugin
2024-12-07 00:34:10,282 [INFO] IPUIPlugin:80 - create IPUIPlugin
2024-12-07 00:34:10,283 [INFO] IPUIPlugin:80 - create IPUIPlugin
2024-12-07 00:34:10,283 [INFO] IPUIPlugin:80 - create IPUIPlugin
2024-12-07 00:34:10,283 [INFO] IPUIPlugin:80 - create IPUIPlugin
2024-12-07 00:34:10,283 [INFO] IPUIPlugin:80 - create IPUIPlugin
2024-12-07 00:34:10,283 [INFO] IPUIPlugin:80 - create IPUIPlugin
2024-12-07 00:34:10,284 [INFO] IPUIPlugin:80 - create IPUIPlugin
2024-12-07 00:34:10,285 [INFO] IPUIPlugin:80 - create IPUIPlugin
2024-12-07 00:34:10,292 [INFO] IPUIPlugin:80 - create IPUIPlugin
2024-12-07 00:34:10,292 [INFO] IPUIPlugin:80 - create IPUIPlugin
2024-12-07 00:34:10,292 [INFO] IPUIPlugin:80 - create IPUIPlugin
2024-12-07 00:34:10,293 [INFO] IPUIPlugin:80 - create IPUIPlugin
2024-12-07 00:34:10,293 [INFO] IPUIPlugin:80 - create IPUIPlugin
2024-12-07 00:34:10,293 [INFO] IPUIPlugin:80 - create IPUIPlugin
2024-12-07 00:34:10,293 [INFO] IPUIPlugin:80 - create IPUIPlugin
2024-12-07 00:34:10,294 [INFO] IPUIPlugin:80 - create IPUIPlugin
2024-12-07 00:34:10,294 [INFO] IPUIPlugin:80 - create IPUIPlugin
2024-12-07 00:34:10,294 [INFO] IPUIPlugin:80 - create IPUIPlugin
2024-12-07 00:34:10,294 [INFO] IPUIPlugin:80 - create IPUIPlugin
2024-12-07 00:34:10,294 [INFO] IPUIPlugin:80 - create IPUIPlugin
2024-12-07 00:34:10,295 [INFO] IPUIPlugin:80 - create IPUIPlugin
2024-12-07 00:34:10,295 [INFO] IPUIPlugin:80 - create IPUIPlugin
2024-12-07 00:34:10,989 [INFO] CADModel:165 - CPN selected for project levelSTM32F103C8T6TR
2024-12-07 00:34:10,992 [INFO] CADModel:114 - Register for checkConnection events
2024-12-07 00:34:11,062 [INFO] OpenFileManager:363 - Restore cursor
2024-12-07 01:58:15,929 [INFO] WebApp:189 - Connection lost
2024-12-07 01:58:16,460 [INFO] WebApp:186 - Connection restablished
2024-12-07 02:13:41,538 [INFO] WebApp:189 - Connection lost
2024-12-07 02:13:41,737 [INFO] WebApp:186 - Connection restablished
2024-12-07 02:29:07,631 [INFO] WebApp:189 - Connection lost
2024-12-07 02:29:07,792 [INFO] WebApp:186 - Connection restablished
2024-12-07 02:44:33,572 [INFO] WebApp:189 - Connection lost
2024-12-07 02:44:33,734 [INFO] WebApp:186 - Connection restablished
2024-12-07 02:59:59,480 [INFO] WebApp:189 - Connection lost
2024-12-07 02:59:59,682 [INFO] WebApp:186 - Connection restablished
2024-12-07 03:00:02,157 [INFO] WebApp:189 - Connection lost
2024-12-07 03:00:02,301 [INFO] WebApp:186 - Connection restablished
2024-12-07 03:15:26,233 [INFO] WebApp:189 - Connection lost
2024-12-07 03:15:26,500 [INFO] WebApp:186 - Connection restablished
2024-12-07 03:30:52,348 [INFO] WebApp:189 - Connection lost
2024-12-07 03:30:52,525 [INFO] WebApp:186 - Connection restablished
2024-12-07 03:41:22,302 [INFO] WebApp:189 - Connection lost
2024-12-07 03:41:22,475 [INFO] WebApp:186 - Connection restablished
2024-12-07 03:41:26,120 [INFO] WebApp:189 - Connection lost
2024-12-07 03:41:26,260 [INFO] WebApp:186 - Connection restablished
2024-12-07 03:56:48,253 [INFO] WebApp:189 - Connection lost
2024-12-07 03:56:48,426 [INFO] WebApp:186 - Connection restablished
2024-12-07 04:12:14,351 [INFO] WebApp:189 - Connection lost
2024-12-07 04:12:14,504 [INFO] WebApp:186 - Connection restablished
2024-12-07 04:27:40,339 [INFO] WebApp:189 - Connection lost
2024-12-07 04:27:40,533 [INFO] WebApp:186 - Connection restablished
2024-12-07 04:43:06,862 [INFO] WebApp:189 - Connection lost
2024-12-07 04:43:07,029 [INFO] WebApp:186 - Connection restablished
2024-12-07 04:58:32,724 [INFO] WebApp:189 - Connection lost
2024-12-07 04:58:32,914 [INFO] WebApp:186 - Connection restablished
2024-12-07 05:13:58,734 [INFO] WebApp:189 - Connection lost
2024-12-07 05:13:58,901 [INFO] WebApp:186 - Connection restablished
2024-12-07 05:14:00,161 [INFO] WebApp:189 - Connection lost
2024-12-07 05:14:00,304 [INFO] WebApp:186 - Connection restablished
2024-12-07 05:29:24,910 [INFO] WebApp:189 - Connection lost
2024-12-07 05:29:25,087 [INFO] WebApp:186 - Connection restablished
2024-12-07 05:44:51,036 [INFO] WebApp:189 - Connection lost
2024-12-07 05:44:51,197 [INFO] WebApp:186 - Connection restablished
2024-12-07 06:00:17,071 [INFO] WebApp:189 - Connection lost
2024-12-07 06:00:17,241 [INFO] WebApp:186 - Connection restablished
2024-12-07 06:15:43,198 [INFO] WebApp:189 - Connection lost
2024-12-07 06:15:43,362 [INFO] WebApp:186 - Connection restablished
2024-12-07 06:31:09,067 [INFO] WebApp:189 - Connection lost
2024-12-07 06:31:09,247 [INFO] WebApp:186 - Connection restablished
2024-12-07 06:46:35,067 [INFO] WebApp:189 - Connection lost
2024-12-07 06:46:35,239 [INFO] WebApp:186 - Connection restablished
2024-12-07 06:46:39,014 [INFO] WebApp:189 - Connection lost
2024-12-07 06:46:39,147 [INFO] WebApp:186 - Connection restablished
2024-12-07 07:02:01,202 [INFO] WebApp:189 - Connection lost
2024-12-07 07:02:01,379 [INFO] WebApp:186 - Connection restablished
2024-12-07 07:17:27,130 [INFO] WebApp:189 - Connection lost
2024-12-07 07:17:27,391 [INFO] WebApp:186 - Connection restablished
2024-12-07 07:32:52,888 [INFO] WebApp:189 - Connection lost
2024-12-07 07:32:53,061 [INFO] WebApp:186 - Connection restablished
2024-12-07 07:32:55,061 [INFO] WebApp:189 - Connection lost
2024-12-07 07:32:55,198 [INFO] WebApp:186 - Connection restablished
2024-12-07 07:36:49,211 [INFO] WebApp:189 - Connection lost
2024-12-07 07:36:49,385 [INFO] WebApp:186 - Connection restablished
2024-12-07 07:51:56,381 [INFO] WebApp:189 - Connection lost
2024-12-07 07:51:56,658 [INFO] WebApp:186 - Connection restablished
2024-12-07 08:07:22,211 [INFO] WebApp:189 - Connection lost
2024-12-07 08:07:22,377 [INFO] WebApp:186 - Connection restablished
2024-12-07 08:22:48,177 [INFO] WebApp:189 - Connection lost
2024-12-07 08:22:48,387 [INFO] WebApp:186 - Connection restablished
2024-12-07 08:38:14,895 [INFO] WebApp:189 - Connection lost
2024-12-07 08:38:15,070 [INFO] WebApp:186 - Connection restablished
2024-12-07 08:53:40,846 [INFO] WebApp:189 - Connection lost
2024-12-07 08:53:41,044 [INFO] WebApp:186 - Connection restablished
2024-12-07 09:09:06,730 [INFO] WebApp:189 - Connection lost
2024-12-07 09:09:06,911 [INFO] WebApp:186 - Connection restablished
2024-12-07 09:24:32,556 [INFO] WebApp:189 - Connection lost
2024-12-07 09:24:32,738 [INFO] WebApp:186 - Connection restablished
2024-12-07 09:24:33,230 [INFO] WebApp:189 - Connection lost
2024-12-07 09:24:33,398 [INFO] WebApp:186 - Connection restablished
2024-12-07 09:37:50,125 [INFO] WebApp:189 - Connection lost
2024-12-07 09:37:50,290 [INFO] WebApp:186 - Connection restablished
2024-12-07 09:47:05,139 [INFO] WebApp:189 - Connection lost
2024-12-07 09:47:05,365 [INFO] WebApp:186 - Connection restablished
2024-12-07 10:02:31,146 [INFO] WebApp:189 - Connection lost
2024-12-07 10:02:31,327 [INFO] WebApp:186 - Connection restablished
2024-12-07 10:06:53,926 [INFO] WebApp:189 - Connection lost
2024-12-07 10:06:54,159 [INFO] WebApp:186 - Connection restablished
2024-12-07 10:18:34,311 [INFO] WebApp:189 - Connection lost
2024-12-07 10:18:34,622 [INFO] WebApp:186 - Connection restablished
2024-12-07 11:13:41,896 [INFO] WebApp:189 - Connection lost
2024-12-07 11:13:42,435 [INFO] WebApp:186 - Connection restablished
2024-12-07 11:43:50,750 [INFO] WebApp:189 - Connection lost
2024-12-07 11:43:51,352 [INFO] WebApp:186 - Connection restablished
2024-12-07 11:46:53,109 [INFO] WebApp:189 - Connection lost
2024-12-07 11:46:53,428 [INFO] WebApp:186 - Connection restablished
2024-12-07 12:03:31,599 [INFO] WebApp:189 - Connection lost
2024-12-07 12:03:31,834 [INFO] WebApp:186 - Connection restablished
2024-12-07 12:23:28,900 [INFO] WebApp:189 - Connection lost
2024-12-07 12:23:29,143 [INFO] WebApp:186 - Connection restablished
2024-12-07 12:38:55,028 [INFO] WebApp:189 - Connection lost
2024-12-07 12:38:55,195 [INFO] WebApp:186 - Connection restablished
2024-12-07 12:54:20,946 [INFO] WebApp:189 - Connection lost
2024-12-07 12:54:21,125 [INFO] WebApp:186 - Connection restablished
2024-12-07 13:11:13,657 [INFO] WebApp:189 - Connection lost
2024-12-07 13:11:13,835 [INFO] WebApp:186 - Connection restablished
2024-12-07 13:15:18,764 [INFO] WebApp:189 - Connection lost
2024-12-07 13:15:18,947 [INFO] WebApp:186 - Connection restablished
2024-12-07 13:19:59,439 [INFO] WebApp:189 - Connection lost
2024-12-07 13:19:59,633 [INFO] WebApp:186 - Connection restablished
2024-12-07 13:24:18,916 [INFO] WebApp:189 - Connection lost
2024-12-07 13:24:19,111 [INFO] WebApp:186 - Connection restablished
2024-12-07 13:39:27,432 [INFO] WebApp:189 - Connection lost
2024-12-07 13:39:27,606 [INFO] WebApp:186 - Connection restablished
2024-12-07 13:43:02,866 [INFO] WebApp:189 - Connection lost
2024-12-07 13:43:03,062 [INFO] WebApp:186 - Connection restablished
2024-12-07 13:58:09,851 [INFO] WebApp:189 - Connection lost
2024-12-07 13:58:10,051 [INFO] WebApp:186 - Connection restablished
2024-12-07 14:02:14,176 [INFO] WebApp:189 - Connection lost
2024-12-07 14:02:14,377 [INFO] WebApp:186 - Connection restablished
2024-12-07 14:09:21,841 [INFO] WebApp:189 - Connection lost
2024-12-07 14:09:22,010 [INFO] WebApp:186 - Connection restablished
2024-12-07 14:25:02,743 [INFO] WebApp:189 - Connection lost
2024-12-07 14:25:02,951 [INFO] WebApp:186 - Connection restablished
2024-12-07 14:40:10,358 [INFO] WebApp:189 - Connection lost
2024-12-07 14:40:10,539 [INFO] WebApp:186 - Connection restablished
2024-12-07 14:55:36,579 [INFO] WebApp:189 - Connection lost
2024-12-07 14:55:36,761 [INFO] WebApp:186 - Connection restablished
2024-12-07 15:10:22,819 [INFO] WebApp:189 - Connection lost
2024-12-07 15:10:22,985 [INFO] WebApp:186 - Connection restablished
2024-12-07 15:14:27,804 [INFO] WebApp:189 - Connection lost
2024-12-07 15:14:27,986 [INFO] WebApp:186 - Connection restablished
2024-12-07 15:29:35,619 [INFO] WebApp:189 - Connection lost
2024-12-07 15:29:35,808 [INFO] WebApp:186 - Connection restablished
2024-12-07 15:44:44,020 [INFO] WebApp:189 - Connection lost
2024-12-07 15:44:44,213 [INFO] WebApp:186 - Connection restablished
2024-12-07 15:59:51,678 [INFO] WebApp:189 - Connection lost
2024-12-07 15:59:51,865 [INFO] WebApp:186 - Connection restablished
2024-12-07 16:11:23,718 [INFO] WebApp:189 - Connection lost
2024-12-07 16:11:23,897 [INFO] WebApp:186 - Connection restablished
2024-12-07 16:11:25,536 [INFO] WebApp:189 - Connection lost
2024-12-07 16:11:25,697 [INFO] WebApp:186 - Connection restablished
2024-12-07 16:26:31,347 [INFO] WebApp:189 - Connection lost
2024-12-07 16:26:31,521 [INFO] WebApp:186 - Connection restablished
2024-12-07 16:30:19,435 [INFO] WebApp:189 - Connection lost
2024-12-07 16:30:19,635 [INFO] WebApp:186 - Connection restablished
2024-12-07 16:45:28,472 [INFO] WebApp:189 - Connection lost
2024-12-07 16:45:28,664 [INFO] WebApp:186 - Connection restablished
2024-12-07 17:00:36,255 [INFO] WebApp:189 - Connection lost
2024-12-07 17:00:36,485 [INFO] WebApp:186 - Connection restablished
2024-12-07 17:12:23,774 [INFO] WebApp:189 - Connection lost
2024-12-07 17:12:23,961 [INFO] WebApp:186 - Connection restablished
2024-12-07 17:27:49,850 [INFO] WebApp:189 - Connection lost
2024-12-07 17:27:50,029 [INFO] WebApp:186 - Connection restablished
2024-12-07 17:31:22,163 [INFO] WebApp:189 - Connection lost
2024-12-07 17:31:22,345 [INFO] WebApp:186 - Connection restablished
2024-12-07 17:48:19,708 [INFO] WebApp:189 - Connection lost
2024-12-07 17:48:19,887 [INFO] WebApp:186 - Connection restablished
2024-12-07 17:52:10,246 [INFO] WebApp:189 - Connection lost
2024-12-07 17:52:10,454 [INFO] WebApp:186 - Connection restablished
2024-12-07 17:57:56,876 [INFO] WebApp:189 - Connection lost
2024-12-07 17:57:57,052 [INFO] WebApp:186 - Connection restablished
2024-12-07 18:13:23,570 [INFO] WebApp:189 - Connection lost
2024-12-07 18:13:23,747 [INFO] WebApp:186 - Connection restablished
2024-12-07 18:28:50,019 [INFO] WebApp:189 - Connection lost
2024-12-07 18:28:50,209 [INFO] WebApp:186 - Connection restablished
2024-12-07 18:40:00,085 [INFO] WebApp:189 - Connection lost
2024-12-07 18:40:00,252 [INFO] WebApp:186 - Connection restablished
2024-12-07 18:40:02,145 [INFO] WebApp:189 - Connection lost
2024-12-07 18:40:02,288 [INFO] WebApp:186 - Connection restablished
2024-12-07 18:48:48,418 [INFO] WebApp:189 - Connection lost
2024-12-07 18:48:48,630 [INFO] WebApp:186 - Connection restablished
2024-12-07 18:58:25,462 [INFO] WebApp:189 - Connection lost
2024-12-07 18:58:25,666 [INFO] WebApp:186 - Connection restablished
2024-12-07 19:02:38,495 [INFO] WebApp:189 - Connection lost
2024-12-07 19:02:38,673 [INFO] WebApp:186 - Connection restablished
2024-12-07 19:17:48,562 [INFO] WebApp:189 - Connection lost
2024-12-07 19:17:48,748 [INFO] WebApp:186 - Connection restablished
2024-12-07 19:34:43,145 [INFO] WebApp:189 - Connection lost
2024-12-07 19:34:43,337 [INFO] WebApp:186 - Connection restablished
2024-12-07 19:50:09,037 [INFO] WebApp:189 - Connection lost
2024-12-07 19:50:09,224 [INFO] WebApp:186 - Connection restablished
2024-12-07 19:53:19,432 [INFO] WebApp:189 - Connection lost
2024-12-07 19:53:19,623 [INFO] WebApp:186 - Connection restablished
2024-12-07 19:56:53,238 [INFO] WebApp:189 - Connection lost
2024-12-07 19:56:53,413 [INFO] WebApp:186 - Connection restablished
2024-12-07 19:56:55,298 [INFO] WebApp:189 - Connection lost
2024-12-07 19:56:55,441 [INFO] WebApp:186 - Connection restablished
2024-12-07 20:01:24,617 [INFO] WebApp:189 - Connection lost
2024-12-07 20:01:24,784 [INFO] WebApp:186 - Connection restablished
2024-12-07 20:16:34,604 [INFO] WebApp:189 - Connection lost
2024-12-07 20:16:34,785 [INFO] WebApp:186 - Connection restablished
2024-12-07 20:32:00,486 [INFO] WebApp:189 - Connection lost
2024-12-07 20:32:00,668 [INFO] WebApp:186 - Connection restablished
2024-12-07 20:35:35,419 [INFO] WebApp:189 - Connection lost
2024-12-07 20:35:35,613 [INFO] WebApp:186 - Connection restablished
2024-12-07 20:39:18,665 [INFO] WebApp:189 - Connection lost
2024-12-07 20:39:18,872 [INFO] WebApp:186 - Connection restablished
2024-12-07 20:55:38,516 [INFO] WebApp:189 - Connection lost
2024-12-07 20:55:38,699 [INFO] WebApp:186 - Connection restablished
2024-12-07 20:59:06,077 [INFO] WebApp:189 - Connection lost
2024-12-07 20:59:06,265 [INFO] WebApp:186 - Connection restablished
2024-12-07 21:05:50,762 [INFO] WebApp:189 - Connection lost
2024-12-07 21:05:50,948 [INFO] WebApp:186 - Connection restablished
2024-12-07 21:11:45,676 [INFO] WebApp:189 - Connection lost
2024-12-07 21:11:45,858 [INFO] WebApp:186 - Connection restablished
2024-12-07 21:26:53,470 [INFO] WebApp:189 - Connection lost
2024-12-07 21:26:53,644 [INFO] WebApp:186 - Connection restablished
2024-12-07 21:26:54,895 [INFO] WebApp:189 - Connection lost
2024-12-07 21:26:55,032 [INFO] WebApp:186 - Connection restablished
2024-12-07 21:42:19,523 [INFO] WebApp:189 - Connection lost
2024-12-07 21:42:19,703 [INFO] WebApp:186 - Connection restablished
2024-12-07 21:56:38,588 [INFO] WebApp:189 - Connection lost
2024-12-07 21:56:38,760 [INFO] WebApp:186 - Connection restablished
2024-12-07 22:11:10,610 [INFO] WebApp:189 - Connection lost
2024-12-07 22:11:10,785 [INFO] WebApp:186 - Connection restablished
2024-12-07 22:18:24,597 [INFO] WebApp:189 - Connection lost
2024-12-07 22:18:24,804 [INFO] WebApp:186 - Connection restablished
2024-12-07 22:33:32,426 [INFO] WebApp:189 - Connection lost
2024-12-07 22:33:32,620 [INFO] WebApp:186 - Connection restablished
2024-12-07 22:48:58,458 [INFO] WebApp:189 - Connection lost
2024-12-07 22:48:58,630 [INFO] WebApp:186 - Connection restablished
2024-12-07 22:54:03,835 [INFO] WebApp:189 - Connection lost
2024-12-07 22:54:04,019 [INFO] WebApp:186 - Connection restablished
2024-12-07 22:54:08,106 [INFO] WebApp:189 - Connection lost
2024-12-07 22:54:08,251 [INFO] WebApp:186 - Connection restablished
2024-12-07 22:57:38,494 [INFO] WebApp:189 - Connection lost
2024-12-07 22:57:38,664 [INFO] WebApp:186 - Connection restablished
2024-12-07 23:12:46,232 [INFO] WebApp:189 - Connection lost
2024-12-07 23:12:46,405 [INFO] WebApp:186 - Connection restablished
2024-12-07 23:28:12,627 [INFO] WebApp:189 - Connection lost
2024-12-07 23:28:12,823 [INFO] WebApp:186 - Connection restablished
2024-12-07 23:28:16,835 [INFO] WebApp:189 - Connection lost
2024-12-07 23:28:16,978 [INFO] WebApp:186 - Connection restablished
2024-12-07 23:45:20,990 [INFO] WebApp:189 - Connection lost
2024-12-07 23:45:21,197 [INFO] WebApp:186 - Connection restablished
2024-12-07 23:58:38,492 [INFO] WebApp:189 - Connection lost
2024-12-07 23:58:38,663 [INFO] WebApp:186 - Connection restablished
